train sample: 269 train minibatch: 135 valid sample: 66 valid minibatch: 33
train_option SVLS_V3
ckpt name: model_best_svls_v3.pth.tar
Current svls scale factor: 1.4
epoch:0/200, loss:0.3242, best epoch:0, best loss:0.3242, dice[ET:0.0498, TC:0.0408, WT:0.7094], best dice[ET:0.0498, TC:0.0408, WT:0.7094]
Current svls scale factor: 1.4
epoch:1/200, loss:0.2216, best epoch:1, best loss:0.2216, dice[ET:0.1744, TC:0.1550, WT:0.7778], best dice[ET:0.1744, TC:0.1550, WT:0.7778]
Current svls scale factor: 1.4
epoch:2/200, loss:0.1629, best epoch:2, best loss:0.1629, dice[ET:0.5082, TC:0.5003, WT:0.7450], best dice[ET:0.5082, TC:0.5003, WT:0.7450]
Current svls scale factor: 1.4
epoch:3/200, loss:0.1324, best epoch:3, best loss:0.1324, dice[ET:0.4848, TC:0.5137, WT:0.7790], best dice[ET:0.4848, TC:0.5137, WT:0.7790]
Current svls scale factor: 1.4
epoch:4/200, loss:0.1007, best epoch:4, best loss:0.1007, dice[ET:0.6196, TC:0.6330, WT:0.8000], best dice[ET:0.6196, TC:0.6330, WT:0.8000]
Current svls scale factor: 1.4
epoch:5/200, loss:0.0852, best epoch:5, best loss:0.0852, dice[ET:0.6273, TC:0.6489, WT:0.8192], best dice[ET:0.6273, TC:0.6489, WT:0.8192]
Current svls scale factor: 1.4
epoch:6/200, loss:0.0694, best epoch:6, best loss:0.0694, dice[ET:0.6715, TC:0.7450, WT:0.8114], best dice[ET:0.6715, TC:0.7450, WT:0.8114]
Current svls scale factor: 1.4
epoch:7/200, loss:0.0606, best epoch:7, best loss:0.0606, dice[ET:0.6177, TC:0.6238, WT:0.8189], best dice[ET:0.6177, TC:0.6238, WT:0.8189]
Current svls scale factor: 1.4
epoch:8/200, loss:0.0545, best epoch:8, best loss:0.0545, dice[ET:0.6965, TC:0.7192, WT:0.8123], best dice[ET:0.6965, TC:0.7192, WT:0.8123]
Current svls scale factor: 1.4
epoch:9/200, loss:0.0474, best epoch:9, best loss:0.0474, dice[ET:0.6960, TC:0.7273, WT:0.8491], best dice[ET:0.6960, TC:0.7273, WT:0.8491]
Current svls scale factor: 1.4
epoch:10/200, loss:0.0446, best epoch:10, best loss:0.0446, dice[ET:0.7163, TC:0.7211, WT:0.8422], best dice[ET:0.7163, TC:0.7211, WT:0.8422]
Current svls scale factor: 1.4
epoch:11/200, loss:0.0395, best epoch:11, best loss:0.0395, dice[ET:0.6984, TC:0.7627, WT:0.8484], best dice[ET:0.6984, TC:0.7627, WT:0.8484]
Current svls scale factor: 1.4
epoch:12/200, loss:0.0376, best epoch:12, best loss:0.0376, dice[ET:0.7135, TC:0.7340, WT:0.8438], best dice[ET:0.7135, TC:0.7340, WT:0.8438]
Current svls scale factor: 1.4
epoch:13/200, loss:0.0375, best epoch:13, best loss:0.0375, dice[ET:0.6687, TC:0.7105, WT:0.8548], best dice[ET:0.6687, TC:0.7105, WT:0.8548]
Current svls scale factor: 1.4
epoch:14/200, loss:0.0337, best epoch:14, best loss:0.0337, dice[ET:0.7233, TC:0.7705, WT:0.8469], best dice[ET:0.7233, TC:0.7705, WT:0.8469]
Current svls scale factor: 1.4
epoch:15/200, loss:0.0349, best epoch:14, best loss:0.0337, dice[ET:0.6844, TC:0.6931, WT:0.8467], best dice[ET:0.7233, TC:0.7705, WT:0.8469]
Current svls scale factor: 1.4
epoch:16/200, loss:0.0298, best epoch:16, best loss:0.0298, dice[ET:0.7423, TC:0.7891, WT:0.8531], best dice[ET:0.7423, TC:0.7891, WT:0.8531]
Current svls scale factor: 1.4
epoch:17/200, loss:0.0288, best epoch:17, best loss:0.0288, dice[ET:0.7315, TC:0.7778, WT:0.8602], best dice[ET:0.7315, TC:0.7778, WT:0.8602]
Current svls scale factor: 1.4
epoch:18/200, loss:0.0272, best epoch:18, best loss:0.0272, dice[ET:0.7467, TC:0.7621, WT:0.8796], best dice[ET:0.7467, TC:0.7621, WT:0.8796]
Current svls scale factor: 1.4
epoch:19/200, loss:0.0256, best epoch:19, best loss:0.0256, dice[ET:0.7543, TC:0.8144, WT:0.8638], best dice[ET:0.7543, TC:0.8144, WT:0.8638]
Current svls scale factor: 1.4
epoch:20/200, loss:0.0295, best epoch:19, best loss:0.0256, dice[ET:0.7403, TC:0.7034, WT:0.8600], best dice[ET:0.7543, TC:0.8144, WT:0.8638]
Current svls scale factor: 1.4
epoch:21/200, loss:0.0258, best epoch:19, best loss:0.0256, dice[ET:0.7476, TC:0.7930, WT:0.8639], best dice[ET:0.7543, TC:0.8144, WT:0.8638]
Current svls scale factor: 1.4
epoch:22/200, loss:0.0235, best epoch:22, best loss:0.0235, dice[ET:0.7515, TC:0.8072, WT:0.8621], best dice[ET:0.7515, TC:0.8072, WT:0.8621]
Current svls scale factor: 1.4
epoch:23/200, loss:0.0253, best epoch:22, best loss:0.0235, dice[ET:0.7590, TC:0.8020, WT:0.8472], best dice[ET:0.7515, TC:0.8072, WT:0.8621]
Current svls scale factor: 1.4
epoch:24/200, loss:0.0222, best epoch:24, best loss:0.0222, dice[ET:0.7501, TC:0.8109, WT:0.8763], best dice[ET:0.7501, TC:0.8109, WT:0.8763]
Current svls scale factor: 1.4
epoch:25/200, loss:0.0220, best epoch:25, best loss:0.0220, dice[ET:0.7492, TC:0.8168, WT:0.8756], best dice[ET:0.7492, TC:0.8168, WT:0.8756]
Current svls scale factor: 1.4
epoch:26/200, loss:0.0308, best epoch:25, best loss:0.0220, dice[ET:0.6623, TC:0.6950, WT:0.7595], best dice[ET:0.7492, TC:0.8168, WT:0.8756]
Current svls scale factor: 1.4
epoch:27/200, loss:0.0216, best epoch:27, best loss:0.0216, dice[ET:0.7461, TC:0.7973, WT:0.8653], best dice[ET:0.7461, TC:0.7973, WT:0.8653]
Current svls scale factor: 1.4
epoch:28/200, loss:0.0203, best epoch:28, best loss:0.0203, dice[ET:0.7599, TC:0.8010, WT:0.8839], best dice[ET:0.7599, TC:0.8010, WT:0.8839]
Current svls scale factor: 1.4
epoch:29/200, loss:0.0234, best epoch:28, best loss:0.0203, dice[ET:0.7587, TC:0.7763, WT:0.8583], best dice[ET:0.7599, TC:0.8010, WT:0.8839]
Current svls scale factor: 1.4
epoch:30/200, loss:0.0224, best epoch:28, best loss:0.0203, dice[ET:0.7582, TC:0.7737, WT:0.8635], best dice[ET:0.7599, TC:0.8010, WT:0.8839]
Current svls scale factor: 1.4
epoch:31/200, loss:0.0198, best epoch:31, best loss:0.0198, dice[ET:0.7695, TC:0.8167, WT:0.8788], best dice[ET:0.7695, TC:0.8167, WT:0.8788]
Current svls scale factor: 1.4
epoch:32/200, loss:0.0196, best epoch:32, best loss:0.0196, dice[ET:0.7662, TC:0.8247, WT:0.8785], best dice[ET:0.7662, TC:0.8247, WT:0.8785]
Current svls scale factor: 1.4
epoch:33/200, loss:0.0199, best epoch:32, best loss:0.0196, dice[ET:0.7429, TC:0.8115, WT:0.8866], best dice[ET:0.7662, TC:0.8247, WT:0.8785]
Current svls scale factor: 1.4
epoch:34/200, loss:0.0222, best epoch:32, best loss:0.0196, dice[ET:0.7457, TC:0.7833, WT:0.8692], best dice[ET:0.7662, TC:0.8247, WT:0.8785]
Current svls scale factor: 1.4
epoch:35/200, loss:0.0216, best epoch:32, best loss:0.0196, dice[ET:0.7578, TC:0.7940, WT:0.8699], best dice[ET:0.7662, TC:0.8247, WT:0.8785]
Current svls scale factor: 1.4
epoch:36/200, loss:0.0214, best epoch:32, best loss:0.0196, dice[ET:0.7340, TC:0.7924, WT:0.8670], best dice[ET:0.7662, TC:0.8247, WT:0.8785]
Current svls scale factor: 1.4
epoch:37/200, loss:0.0200, best epoch:32, best loss:0.0196, dice[ET:0.7669, TC:0.8059, WT:0.8711], best dice[ET:0.7662, TC:0.8247, WT:0.8785]
Current svls scale factor: 1.4
epoch:38/200, loss:0.0195, best epoch:38, best loss:0.0195, dice[ET:0.7611, TC:0.8256, WT:0.8673], best dice[ET:0.7611, TC:0.8256, WT:0.8673]
Current svls scale factor: 1.4
epoch:39/200, loss:0.0196, best epoch:38, best loss:0.0195, dice[ET:0.7673, TC:0.8253, WT:0.8766], best dice[ET:0.7611, TC:0.8256, WT:0.8673]
Current svls scale factor: 1.4
epoch:40/200, loss:0.0209, best epoch:38, best loss:0.0195, dice[ET:0.7534, TC:0.7751, WT:0.8659], best dice[ET:0.7611, TC:0.8256, WT:0.8673]
Current svls scale factor: 1.4
epoch:41/200, loss:0.0189, best epoch:41, best loss:0.0189, dice[ET:0.7702, TC:0.8022, WT:0.8741], best dice[ET:0.7702, TC:0.8022, WT:0.8741]
Current svls scale factor: 1.4
epoch:42/200, loss:0.0184, best epoch:42, best loss:0.0184, dice[ET:0.7683, TC:0.8109, WT:0.8817], best dice[ET:0.7683, TC:0.8109, WT:0.8817]
Current svls scale factor: 1.4
epoch:43/200, loss:0.0193, best epoch:42, best loss:0.0184, dice[ET:0.7541, TC:0.7989, WT:0.8822], best dice[ET:0.7683, TC:0.8109, WT:0.8817]
Current svls scale factor: 1.4
epoch:44/200, loss:0.0181, best epoch:44, best loss:0.0181, dice[ET:0.7727, TC:0.8265, WT:0.8792], best dice[ET:0.7727, TC:0.8265, WT:0.8792]
Current svls scale factor: 1.4
epoch:45/200, loss:0.0205, best epoch:44, best loss:0.0181, dice[ET:0.7595, TC:0.7869, WT:0.8751], best dice[ET:0.7727, TC:0.8265, WT:0.8792]
Current svls scale factor: 1.4
epoch:46/200, loss:0.0185, best epoch:44, best loss:0.0181, dice[ET:0.7820, TC:0.8303, WT:0.8678], best dice[ET:0.7727, TC:0.8265, WT:0.8792]
Current svls scale factor: 1.4
epoch:47/200, loss:0.0182, best epoch:44, best loss:0.0181, dice[ET:0.7923, TC:0.8406, WT:0.8737], best dice[ET:0.7727, TC:0.8265, WT:0.8792]
Current svls scale factor: 1.4
epoch:48/200, loss:0.0213, best epoch:44, best loss:0.0181, dice[ET:0.7485, TC:0.8161, WT:0.8728], best dice[ET:0.7727, TC:0.8265, WT:0.8792]
Current svls scale factor: 1.4
epoch:49/200, loss:0.0179, best epoch:49, best loss:0.0179, dice[ET:0.7603, TC:0.8286, WT:0.8853], best dice[ET:0.7603, TC:0.8286, WT:0.8853]
Current svls scale factor: 1.4
epoch:50/200, loss:0.0187, best epoch:49, best loss:0.0179, dice[ET:0.7594, TC:0.8040, WT:0.8764], best dice[ET:0.7603, TC:0.8286, WT:0.8853]
Current svls scale factor: 1.4
epoch:51/200, loss:0.0189, best epoch:49, best loss:0.0179, dice[ET:0.7743, TC:0.8142, WT:0.8596], best dice[ET:0.7603, TC:0.8286, WT:0.8853]
Current svls scale factor: 1.4
epoch:52/200, loss:0.0174, best epoch:52, best loss:0.0174, dice[ET:0.7640, TC:0.8238, WT:0.8875], best dice[ET:0.7640, TC:0.8238, WT:0.8875]
Current svls scale factor: 1.4
epoch:53/200, loss:0.0172, best epoch:53, best loss:0.0172, dice[ET:0.7721, TC:0.8439, WT:0.8840], best dice[ET:0.7721, TC:0.8439, WT:0.8840]
Current svls scale factor: 1.4
epoch:54/200, loss:0.0176, best epoch:53, best loss:0.0172, dice[ET:0.7553, TC:0.8372, WT:0.8809], best dice[ET:0.7721, TC:0.8439, WT:0.8840]
Current svls scale factor: 1.4
epoch:55/200, loss:0.0180, best epoch:53, best loss:0.0172, dice[ET:0.7600, TC:0.8280, WT:0.8786], best dice[ET:0.7721, TC:0.8439, WT:0.8840]
Current svls scale factor: 1.4
epoch:56/200, loss:0.0172, best epoch:56, best loss:0.0172, dice[ET:0.7649, TC:0.8287, WT:0.8791], best dice[ET:0.7649, TC:0.8287, WT:0.8791]
Current svls scale factor: 1.4
epoch:57/200, loss:0.0169, best epoch:57, best loss:0.0169, dice[ET:0.7760, TC:0.8486, WT:0.8866], best dice[ET:0.7760, TC:0.8486, WT:0.8866]
Current svls scale factor: 1.4
epoch:58/200, loss:0.0196, best epoch:57, best loss:0.0169, dice[ET:0.7802, TC:0.8401, WT:0.8514], best dice[ET:0.7760, TC:0.8486, WT:0.8866]
Current svls scale factor: 1.4
epoch:59/200, loss:0.0171, best epoch:57, best loss:0.0169, dice[ET:0.7804, TC:0.8422, WT:0.8801], best dice[ET:0.7760, TC:0.8486, WT:0.8866]
Current svls scale factor: 1.4
epoch:60/200, loss:0.0166, best epoch:60, best loss:0.0166, dice[ET:0.7790, TC:0.8499, WT:0.8878], best dice[ET:0.7790, TC:0.8499, WT:0.8878]
Current svls scale factor: 1.4
epoch:61/200, loss:0.0174, best epoch:60, best loss:0.0166, dice[ET:0.7700, TC:0.8577, WT:0.8807], best dice[ET:0.7790, TC:0.8499, WT:0.8878]
Current svls scale factor: 1.4
epoch:62/200, loss:0.0173, best epoch:60, best loss:0.0166, dice[ET:0.7752, TC:0.8422, WT:0.8848], best dice[ET:0.7790, TC:0.8499, WT:0.8878]
Current svls scale factor: 1.4
epoch:63/200, loss:0.0172, best epoch:60, best loss:0.0166, dice[ET:0.7690, TC:0.8563, WT:0.8843], best dice[ET:0.7790, TC:0.8499, WT:0.8878]
Current svls scale factor: 1.4
epoch:64/200, loss:0.0179, best epoch:60, best loss:0.0166, dice[ET:0.7687, TC:0.8249, WT:0.8845], best dice[ET:0.7790, TC:0.8499, WT:0.8878]
Current svls scale factor: 1.4
epoch:65/200, loss:0.0172, best epoch:60, best loss:0.0166, dice[ET:0.7714, TC:0.8287, WT:0.8859], best dice[ET:0.7790, TC:0.8499, WT:0.8878]
Current svls scale factor: 1.4
epoch:66/200, loss:0.0207, best epoch:60, best loss:0.0166, dice[ET:0.7795, TC:0.8188, WT:0.8734], best dice[ET:0.7790, TC:0.8499, WT:0.8878]
Current svls scale factor: 1.4
epoch:67/200, loss:0.0174, best epoch:60, best loss:0.0166, dice[ET:0.7679, TC:0.8302, WT:0.8790], best dice[ET:0.7790, TC:0.8499, WT:0.8878]
Current svls scale factor: 1.4
epoch:68/200, loss:0.0169, best epoch:60, best loss:0.0166, dice[ET:0.7717, TC:0.8431, WT:0.8877], best dice[ET:0.7790, TC:0.8499, WT:0.8878]
Current svls scale factor: 1.4
epoch:69/200, loss:0.0164, best epoch:69, best loss:0.0164, dice[ET:0.7422, TC:0.8127, WT:0.8888], best dice[ET:0.7422, TC:0.8127, WT:0.8888]
Current svls scale factor: 1.4
epoch:70/200, loss:0.0167, best epoch:69, best loss:0.0164, dice[ET:0.7780, TC:0.8344, WT:0.8866], best dice[ET:0.7422, TC:0.8127, WT:0.8888]
Current svls scale factor: 1.4
epoch:71/200, loss:0.0174, best epoch:69, best loss:0.0164, dice[ET:0.7548, TC:0.8199, WT:0.8886], best dice[ET:0.7422, TC:0.8127, WT:0.8888]
Current svls scale factor: 1.4
epoch:72/200, loss:0.0177, best epoch:69, best loss:0.0164, dice[ET:0.7553, TC:0.8327, WT:0.8775], best dice[ET:0.7422, TC:0.8127, WT:0.8888]
Current svls scale factor: 1.4
epoch:73/200, loss:0.0174, best epoch:69, best loss:0.0164, dice[ET:0.7909, TC:0.8264, WT:0.8899], best dice[ET:0.7422, TC:0.8127, WT:0.8888]
Current svls scale factor: 1.4
epoch:74/200, loss:0.0159, best epoch:74, best loss:0.0159, dice[ET:0.7928, TC:0.8419, WT:0.8902], best dice[ET:0.7928, TC:0.8419, WT:0.8902]
Current svls scale factor: 1.4
epoch:75/200, loss:0.0175, best epoch:74, best loss:0.0159, dice[ET:0.7704, TC:0.8323, WT:0.8856], best dice[ET:0.7928, TC:0.8419, WT:0.8902]
Current svls scale factor: 1.4
epoch:76/200, loss:0.0163, best epoch:74, best loss:0.0159, dice[ET:0.7914, TC:0.8446, WT:0.8871], best dice[ET:0.7928, TC:0.8419, WT:0.8902]
Current svls scale factor: 1.4
epoch:77/200, loss:0.0185, best epoch:74, best loss:0.0159, dice[ET:0.7387, TC:0.8058, WT:0.8815], best dice[ET:0.7928, TC:0.8419, WT:0.8902]
Current svls scale factor: 1.4
epoch:78/200, loss:0.0162, best epoch:74, best loss:0.0159, dice[ET:0.7810, TC:0.8470, WT:0.8896], best dice[ET:0.7928, TC:0.8419, WT:0.8902]
Current svls scale factor: 1.4
epoch:79/200, loss:0.0184, best epoch:74, best loss:0.0159, dice[ET:0.7717, TC:0.8287, WT:0.8876], best dice[ET:0.7928, TC:0.8419, WT:0.8902]
Current svls scale factor: 1.4
epoch:80/200, loss:0.0171, best epoch:74, best loss:0.0159, dice[ET:0.7765, TC:0.8308, WT:0.8818], best dice[ET:0.7928, TC:0.8419, WT:0.8902]
Current svls scale factor: 1.4
epoch:81/200, loss:0.0160, best epoch:74, best loss:0.0159, dice[ET:0.8000, TC:0.8564, WT:0.8919], best dice[ET:0.7928, TC:0.8419, WT:0.8902]
Current svls scale factor: 1.4
epoch:82/200, loss:0.0164, best epoch:74, best loss:0.0159, dice[ET:0.7996, TC:0.8477, WT:0.8814], best dice[ET:0.7928, TC:0.8419, WT:0.8902]
Current svls scale factor: 1.4
epoch:83/200, loss:0.0164, best epoch:74, best loss:0.0159, dice[ET:0.7835, TC:0.8431, WT:0.8898], best dice[ET:0.7928, TC:0.8419, WT:0.8902]
Current svls scale factor: 1.4
epoch:84/200, loss:0.0172, best epoch:74, best loss:0.0159, dice[ET:0.7640, TC:0.8400, WT:0.8932], best dice[ET:0.7928, TC:0.8419, WT:0.8902]
Current svls scale factor: 1.4
epoch:85/200, loss:0.0157, best epoch:85, best loss:0.0157, dice[ET:0.7776, TC:0.8459, WT:0.8940], best dice[ET:0.7776, TC:0.8459, WT:0.8940]
Current svls scale factor: 1.4
epoch:86/200, loss:0.0158, best epoch:85, best loss:0.0157, dice[ET:0.7846, TC:0.8473, WT:0.8922], best dice[ET:0.7776, TC:0.8459, WT:0.8940]
Current svls scale factor: 1.4
epoch:87/200, loss:0.0210, best epoch:85, best loss:0.0157, dice[ET:0.7534, TC:0.7892, WT:0.8661], best dice[ET:0.7776, TC:0.8459, WT:0.8940]
Current svls scale factor: 1.4
epoch:88/200, loss:0.0170, best epoch:85, best loss:0.0157, dice[ET:0.7831, TC:0.8298, WT:0.8815], best dice[ET:0.7776, TC:0.8459, WT:0.8940]
Current svls scale factor: 1.4
epoch:89/200, loss:0.0171, best epoch:85, best loss:0.0157, dice[ET:0.7872, TC:0.8331, WT:0.8788], best dice[ET:0.7776, TC:0.8459, WT:0.8940]
Current svls scale factor: 1.4
epoch:90/200, loss:0.0166, best epoch:85, best loss:0.0157, dice[ET:0.7758, TC:0.8259, WT:0.8838], best dice[ET:0.7776, TC:0.8459, WT:0.8940]
Current svls scale factor: 1.4
epoch:91/200, loss:0.0176, best epoch:85, best loss:0.0157, dice[ET:0.7749, TC:0.8191, WT:0.8890], best dice[ET:0.7776, TC:0.8459, WT:0.8940]
Current svls scale factor: 1.4
epoch:92/200, loss:0.0172, best epoch:85, best loss:0.0157, dice[ET:0.7802, TC:0.8342, WT:0.8837], best dice[ET:0.7776, TC:0.8459, WT:0.8940]
Current svls scale factor: 1.4
epoch:93/200, loss:0.0167, best epoch:85, best loss:0.0157, dice[ET:0.7819, TC:0.8335, WT:0.8866], best dice[ET:0.7776, TC:0.8459, WT:0.8940]
Current svls scale factor: 1.4
epoch:94/200, loss:0.0158, best epoch:85, best loss:0.0157, dice[ET:0.7863, TC:0.8544, WT:0.8862], best dice[ET:0.7776, TC:0.8459, WT:0.8940]
Current svls scale factor: 1.4
epoch:95/200, loss:0.0160, best epoch:85, best loss:0.0157, dice[ET:0.8065, TC:0.8560, WT:0.8856], best dice[ET:0.7776, TC:0.8459, WT:0.8940]
Current svls scale factor: 1.4
epoch:96/200, loss:0.0167, best epoch:85, best loss:0.0157, dice[ET:0.7905, TC:0.8580, WT:0.8772], best dice[ET:0.7776, TC:0.8459, WT:0.8940]
Current svls scale factor: 1.4
epoch:97/200, loss:0.0156, best epoch:97, best loss:0.0156, dice[ET:0.7886, TC:0.8680, WT:0.8905], best dice[ET:0.7886, TC:0.8680, WT:0.8905]
Current svls scale factor: 1.4
epoch:98/200, loss:0.0174, best epoch:97, best loss:0.0156, dice[ET:0.8095, TC:0.8585, WT:0.8505], best dice[ET:0.7886, TC:0.8680, WT:0.8905]
Current svls scale factor: 1.4
epoch:99/200, loss:0.0160, best epoch:97, best loss:0.0156, dice[ET:0.7795, TC:0.8546, WT:0.8916], best dice[ET:0.7886, TC:0.8680, WT:0.8905]
Current svls scale factor: 1.4
epoch:100/200, loss:0.0158, best epoch:97, best loss:0.0156, dice[ET:0.7833, TC:0.8560, WT:0.8931], best dice[ET:0.7886, TC:0.8680, WT:0.8905]
Current svls scale factor: 1.4
epoch:101/200, loss:0.0163, best epoch:97, best loss:0.0156, dice[ET:0.8003, TC:0.8503, WT:0.8836], best dice[ET:0.7886, TC:0.8680, WT:0.8905]
Current svls scale factor: 1.4
epoch:102/200, loss:0.0155, best epoch:102, best loss:0.0155, dice[ET:0.7913, TC:0.8428, WT:0.8843], best dice[ET:0.7913, TC:0.8428, WT:0.8843]
Current svls scale factor: 1.4
epoch:103/200, loss:0.0154, best epoch:103, best loss:0.0154, dice[ET:0.7980, TC:0.8466, WT:0.8898], best dice[ET:0.7980, TC:0.8466, WT:0.8898]
Current svls scale factor: 1.4
epoch:104/200, loss:0.0155, best epoch:103, best loss:0.0154, dice[ET:0.7792, TC:0.8525, WT:0.8886], best dice[ET:0.7980, TC:0.8466, WT:0.8898]
Current svls scale factor: 1.4
epoch:105/200, loss:0.0157, best epoch:103, best loss:0.0154, dice[ET:0.7796, TC:0.8579, WT:0.8931], best dice[ET:0.7980, TC:0.8466, WT:0.8898]
Current svls scale factor: 1.4
epoch:106/200, loss:0.0157, best epoch:103, best loss:0.0154, dice[ET:0.7876, TC:0.8607, WT:0.8921], best dice[ET:0.7980, TC:0.8466, WT:0.8898]
Current svls scale factor: 1.4
epoch:107/200, loss:0.0156, best epoch:103, best loss:0.0154, dice[ET:0.7863, TC:0.8444, WT:0.8918], best dice[ET:0.7980, TC:0.8466, WT:0.8898]
Current svls scale factor: 1.4
epoch:108/200, loss:0.0154, best epoch:108, best loss:0.0154, dice[ET:0.7990, TC:0.8436, WT:0.8930], best dice[ET:0.7990, TC:0.8436, WT:0.8930]
Current svls scale factor: 1.4
epoch:109/200, loss:0.0160, best epoch:108, best loss:0.0154, dice[ET:0.7885, TC:0.8463, WT:0.8929], best dice[ET:0.7990, TC:0.8436, WT:0.8930]
Current svls scale factor: 1.4
epoch:110/200, loss:0.0160, best epoch:108, best loss:0.0154, dice[ET:0.8123, TC:0.8652, WT:0.8796], best dice[ET:0.7990, TC:0.8436, WT:0.8930]
Current svls scale factor: 1.4
epoch:111/200, loss:0.0158, best epoch:108, best loss:0.0154, dice[ET:0.8126, TC:0.8494, WT:0.8938], best dice[ET:0.7990, TC:0.8436, WT:0.8930]
Current svls scale factor: 1.4
epoch:112/200, loss:0.0159, best epoch:108, best loss:0.0154, dice[ET:0.7737, TC:0.8550, WT:0.8932], best dice[ET:0.7990, TC:0.8436, WT:0.8930]
Current svls scale factor: 1.4
epoch:113/200, loss:0.0159, best epoch:108, best loss:0.0154, dice[ET:0.7759, TC:0.8501, WT:0.8869], best dice[ET:0.7990, TC:0.8436, WT:0.8930]
Current svls scale factor: 1.4
epoch:114/200, loss:0.0162, best epoch:108, best loss:0.0154, dice[ET:0.7761, TC:0.8322, WT:0.8942], best dice[ET:0.7990, TC:0.8436, WT:0.8930]
Current svls scale factor: 1.4
epoch:115/200, loss:0.0157, best epoch:108, best loss:0.0154, dice[ET:0.8007, TC:0.8481, WT:0.8958], best dice[ET:0.7990, TC:0.8436, WT:0.8930]
Current svls scale factor: 1.4
epoch:116/200, loss:0.0150, best epoch:116, best loss:0.0150, dice[ET:0.8082, TC:0.8567, WT:0.8914], best dice[ET:0.8082, TC:0.8567, WT:0.8914]
Current svls scale factor: 1.4
epoch:117/200, loss:0.0163, best epoch:116, best loss:0.0150, dice[ET:0.7682, TC:0.8413, WT:0.8949], best dice[ET:0.8082, TC:0.8567, WT:0.8914]
Current svls scale factor: 1.4
epoch:118/200, loss:0.0155, best epoch:116, best loss:0.0150, dice[ET:0.7993, TC:0.8519, WT:0.8937], best dice[ET:0.8082, TC:0.8567, WT:0.8914]
Current svls scale factor: 1.4
epoch:119/200, loss:0.0153, best epoch:116, best loss:0.0150, dice[ET:0.8108, TC:0.8564, WT:0.8953], best dice[ET:0.8082, TC:0.8567, WT:0.8914]
Current svls scale factor: 1.4
epoch:120/200, loss:0.0159, best epoch:116, best loss:0.0150, dice[ET:0.7851, TC:0.8460, WT:0.8942], best dice[ET:0.8082, TC:0.8567, WT:0.8914]
Current svls scale factor: 1.4
epoch:121/200, loss:0.0160, best epoch:116, best loss:0.0150, dice[ET:0.7983, TC:0.8523, WT:0.8872], best dice[ET:0.8082, TC:0.8567, WT:0.8914]
Current svls scale factor: 1.4
epoch:122/200, loss:0.0152, best epoch:116, best loss:0.0150, dice[ET:0.7924, TC:0.8637, WT:0.8981], best dice[ET:0.8082, TC:0.8567, WT:0.8914]
Current svls scale factor: 1.4
epoch:123/200, loss:0.0203, best epoch:116, best loss:0.0150, dice[ET:0.8049, TC:0.8421, WT:0.8653], best dice[ET:0.8082, TC:0.8567, WT:0.8914]
Current svls scale factor: 1.4
epoch:124/200, loss:0.0166, best epoch:116, best loss:0.0150, dice[ET:0.7890, TC:0.8442, WT:0.8879], best dice[ET:0.8082, TC:0.8567, WT:0.8914]
Current svls scale factor: 1.4
epoch:125/200, loss:0.0155, best epoch:116, best loss:0.0150, dice[ET:0.8147, TC:0.8611, WT:0.8957], best dice[ET:0.8082, TC:0.8567, WT:0.8914]
Current svls scale factor: 1.4
epoch:126/200, loss:0.0163, best epoch:116, best loss:0.0150, dice[ET:0.7873, TC:0.8181, WT:0.8862], best dice[ET:0.8082, TC:0.8567, WT:0.8914]
Current svls scale factor: 1.4
epoch:127/200, loss:0.0154, best epoch:116, best loss:0.0150, dice[ET:0.7805, TC:0.8493, WT:0.8972], best dice[ET:0.8082, TC:0.8567, WT:0.8914]
Current svls scale factor: 1.4
epoch:128/200, loss:0.0151, best epoch:116, best loss:0.0150, dice[ET:0.8001, TC:0.8596, WT:0.8971], best dice[ET:0.8082, TC:0.8567, WT:0.8914]
Current svls scale factor: 1.4
epoch:129/200, loss:0.0162, best epoch:116, best loss:0.0150, dice[ET:0.7596, TC:0.8262, WT:0.8859], best dice[ET:0.8082, TC:0.8567, WT:0.8914]
Current svls scale factor: 1.4
epoch:130/200, loss:0.0154, best epoch:116, best loss:0.0150, dice[ET:0.8087, TC:0.8550, WT:0.8944], best dice[ET:0.8082, TC:0.8567, WT:0.8914]
Current svls scale factor: 1.4
epoch:131/200, loss:0.0152, best epoch:116, best loss:0.0150, dice[ET:0.7966, TC:0.8653, WT:0.8924], best dice[ET:0.8082, TC:0.8567, WT:0.8914]
Current svls scale factor: 1.4
epoch:132/200, loss:0.0196, best epoch:116, best loss:0.0150, dice[ET:0.7899, TC:0.8522, WT:0.8805], best dice[ET:0.8082, TC:0.8567, WT:0.8914]
Current svls scale factor: 1.4
epoch:133/200, loss:0.0157, best epoch:116, best loss:0.0150, dice[ET:0.7955, TC:0.8439, WT:0.8967], best dice[ET:0.8082, TC:0.8567, WT:0.8914]
Current svls scale factor: 1.4
epoch:134/200, loss:0.0165, best epoch:116, best loss:0.0150, dice[ET:0.7930, TC:0.8543, WT:0.8871], best dice[ET:0.8082, TC:0.8567, WT:0.8914]
Current svls scale factor: 1.4
epoch:135/200, loss:0.0158, best epoch:116, best loss:0.0150, dice[ET:0.8111, TC:0.8574, WT:0.8905], best dice[ET:0.8082, TC:0.8567, WT:0.8914]
Current svls scale factor: 1.4
epoch:136/200, loss:0.0163, best epoch:116, best loss:0.0150, dice[ET:0.7925, TC:0.8264, WT:0.8827], best dice[ET:0.8082, TC:0.8567, WT:0.8914]
Current svls scale factor: 1.4
epoch:137/200, loss:0.0155, best epoch:116, best loss:0.0150, dice[ET:0.8168, TC:0.8633, WT:0.8917], best dice[ET:0.8082, TC:0.8567, WT:0.8914]
Current svls scale factor: 1.4
epoch:138/200, loss:0.0187, best epoch:116, best loss:0.0150, dice[ET:0.7944, TC:0.8442, WT:0.8859], best dice[ET:0.8082, TC:0.8567, WT:0.8914]
Current svls scale factor: 1.4
epoch:139/200, loss:0.0150, best epoch:139, best loss:0.0150, dice[ET:0.8137, TC:0.8689, WT:0.8951], best dice[ET:0.8137, TC:0.8689, WT:0.8951]
Current svls scale factor: 1.4
epoch:140/200, loss:0.0174, best epoch:139, best loss:0.0150, dice[ET:0.8082, TC:0.8414, WT:0.8848], best dice[ET:0.8137, TC:0.8689, WT:0.8951]
Current svls scale factor: 1.4
epoch:141/200, loss:0.0193, best epoch:139, best loss:0.0150, dice[ET:0.7958, TC:0.8339, WT:0.8854], best dice[ET:0.8137, TC:0.8689, WT:0.8951]
Current svls scale factor: 1.4
epoch:142/200, loss:0.0160, best epoch:139, best loss:0.0150, dice[ET:0.8175, TC:0.8498, WT:0.8858], best dice[ET:0.8137, TC:0.8689, WT:0.8951]
Current svls scale factor: 1.4
epoch:143/200, loss:0.0168, best epoch:139, best loss:0.0150, dice[ET:0.8089, TC:0.8406, WT:0.8807], best dice[ET:0.8137, TC:0.8689, WT:0.8951]
Current svls scale factor: 1.4
epoch:144/200, loss:0.0168, best epoch:139, best loss:0.0150, dice[ET:0.8143, TC:0.8608, WT:0.8574], best dice[ET:0.8137, TC:0.8689, WT:0.8951]
Current svls scale factor: 1.4
epoch:145/200, loss:0.0175, best epoch:139, best loss:0.0150, dice[ET:0.8030, TC:0.8465, WT:0.8853], best dice[ET:0.8137, TC:0.8689, WT:0.8951]
Current svls scale factor: 1.4
epoch:146/200, loss:0.0158, best epoch:139, best loss:0.0150, dice[ET:0.8025, TC:0.8542, WT:0.8946], best dice[ET:0.8137, TC:0.8689, WT:0.8951]
Current svls scale factor: 1.4
epoch:147/200, loss:0.0166, best epoch:139, best loss:0.0150, dice[ET:0.8042, TC:0.8331, WT:0.8922], best dice[ET:0.8137, TC:0.8689, WT:0.8951]
Current svls scale factor: 1.4
epoch:148/200, loss:0.0150, best epoch:139, best loss:0.0150, dice[ET:0.8136, TC:0.8562, WT:0.8963], best dice[ET:0.8137, TC:0.8689, WT:0.8951]
Current svls scale factor: 1.4
epoch:149/200, loss:0.0152, best epoch:139, best loss:0.0150, dice[ET:0.8209, TC:0.8558, WT:0.8975], best dice[ET:0.8137, TC:0.8689, WT:0.8951]
Current svls scale factor: 1.4
epoch:150/200, loss:0.0159, best epoch:139, best loss:0.0150, dice[ET:0.8117, TC:0.8383, WT:0.8955], best dice[ET:0.8137, TC:0.8689, WT:0.8951]
Current svls scale factor: 1.4
epoch:151/200, loss:0.0164, best epoch:139, best loss:0.0150, dice[ET:0.7828, TC:0.8473, WT:0.8944], best dice[ET:0.8137, TC:0.8689, WT:0.8951]
Current svls scale factor: 1.4
epoch:152/200, loss:0.0165, best epoch:139, best loss:0.0150, dice[ET:0.8039, TC:0.8460, WT:0.8927], best dice[ET:0.8137, TC:0.8689, WT:0.8951]
Current svls scale factor: 1.4
epoch:153/200, loss:0.0158, best epoch:139, best loss:0.0150, dice[ET:0.7863, TC:0.8567, WT:0.8903], best dice[ET:0.8137, TC:0.8689, WT:0.8951]
Current svls scale factor: 1.4
epoch:154/200, loss:0.0153, best epoch:139, best loss:0.0150, dice[ET:0.8222, TC:0.8652, WT:0.8930], best dice[ET:0.8137, TC:0.8689, WT:0.8951]
Current svls scale factor: 1.4
epoch:155/200, loss:0.0161, best epoch:139, best loss:0.0150, dice[ET:0.7954, TC:0.8471, WT:0.8874], best dice[ET:0.8137, TC:0.8689, WT:0.8951]
Current svls scale factor: 1.4
epoch:156/200, loss:0.0165, best epoch:139, best loss:0.0150, dice[ET:0.7687, TC:0.8223, WT:0.8723], best dice[ET:0.8137, TC:0.8689, WT:0.8951]
Current svls scale factor: 1.4
epoch:157/200, loss:0.0150, best epoch:139, best loss:0.0150, dice[ET:0.8056, TC:0.8636, WT:0.8969], best dice[ET:0.8137, TC:0.8689, WT:0.8951]
Current svls scale factor: 1.4
epoch:158/200, loss:0.0174, best epoch:139, best loss:0.0150, dice[ET:0.7857, TC:0.8488, WT:0.8770], best dice[ET:0.8137, TC:0.8689, WT:0.8951]
Current svls scale factor: 1.4
epoch:159/200, loss:0.0173, best epoch:139, best loss:0.0150, dice[ET:0.8112, TC:0.8448, WT:0.8892], best dice[ET:0.8137, TC:0.8689, WT:0.8951]
Current svls scale factor: 1.4
epoch:160/200, loss:0.0149, best epoch:160, best loss:0.0149, dice[ET:0.8163, TC:0.8647, WT:0.8998], best dice[ET:0.8163, TC:0.8647, WT:0.8998]
Current svls scale factor: 1.4
epoch:161/200, loss:0.0153, best epoch:160, best loss:0.0149, dice[ET:0.8094, TC:0.8533, WT:0.8939], best dice[ET:0.8163, TC:0.8647, WT:0.8998]
Current svls scale factor: 1.4
epoch:162/200, loss:0.0159, best epoch:160, best loss:0.0149, dice[ET:0.8033, TC:0.8580, WT:0.8862], best dice[ET:0.8163, TC:0.8647, WT:0.8998]
Current svls scale factor: 1.4
epoch:163/200, loss:0.0154, best epoch:160, best loss:0.0149, dice[ET:0.8182, TC:0.8616, WT:0.8950], best dice[ET:0.8163, TC:0.8647, WT:0.8998]
Current svls scale factor: 1.4
epoch:164/200, loss:0.0186, best epoch:160, best loss:0.0149, dice[ET:0.8193, TC:0.8567, WT:0.8738], best dice[ET:0.8163, TC:0.8647, WT:0.8998]
Current svls scale factor: 1.4
epoch:165/200, loss:0.0158, best epoch:160, best loss:0.0149, dice[ET:0.8197, TC:0.8608, WT:0.8914], best dice[ET:0.8163, TC:0.8647, WT:0.8998]
Current svls scale factor: 1.4
epoch:166/200, loss:0.0195, best epoch:160, best loss:0.0149, dice[ET:0.8124, TC:0.8455, WT:0.8823], best dice[ET:0.8163, TC:0.8647, WT:0.8998]
Current svls scale factor: 1.4
epoch:167/200, loss:0.0153, best epoch:160, best loss:0.0149, dice[ET:0.8028, TC:0.8657, WT:0.8963], best dice[ET:0.8163, TC:0.8647, WT:0.8998]
Current svls scale factor: 1.4
epoch:168/200, loss:0.0154, best epoch:160, best loss:0.0149, dice[ET:0.8011, TC:0.8509, WT:0.8925], best dice[ET:0.8163, TC:0.8647, WT:0.8998]
Current svls scale factor: 1.4
epoch:169/200, loss:0.0182, best epoch:160, best loss:0.0149, dice[ET:0.8132, TC:0.8426, WT:0.8839], best dice[ET:0.8163, TC:0.8647, WT:0.8998]
Current svls scale factor: 1.4
epoch:170/200, loss:0.0182, best epoch:160, best loss:0.0149, dice[ET:0.8139, TC:0.8415, WT:0.8851], best dice[ET:0.8163, TC:0.8647, WT:0.8998]
Current svls scale factor: 1.4
epoch:171/200, loss:0.0154, best epoch:160, best loss:0.0149, dice[ET:0.8001, TC:0.8649, WT:0.8934], best dice[ET:0.8163, TC:0.8647, WT:0.8998]
Current svls scale factor: 1.4
epoch:172/200, loss:0.0166, best epoch:160, best loss:0.0149, dice[ET:0.8115, TC:0.8560, WT:0.8875], best dice[ET:0.8163, TC:0.8647, WT:0.8998]
Current svls scale factor: 1.4
epoch:173/200, loss:0.0163, best epoch:160, best loss:0.0149, dice[ET:0.8205, TC:0.8570, WT:0.8921], best dice[ET:0.8163, TC:0.8647, WT:0.8998]
Current svls scale factor: 1.4
epoch:174/200, loss:0.0164, best epoch:160, best loss:0.0149, dice[ET:0.8133, TC:0.8440, WT:0.8923], best dice[ET:0.8163, TC:0.8647, WT:0.8998]
Current svls scale factor: 1.4
epoch:175/200, loss:0.0172, best epoch:160, best loss:0.0149, dice[ET:0.8112, TC:0.8494, WT:0.8882], best dice[ET:0.8163, TC:0.8647, WT:0.8998]
Current svls scale factor: 1.4
epoch:176/200, loss:0.0155, best epoch:160, best loss:0.0149, dice[ET:0.8223, TC:0.8544, WT:0.8966], best dice[ET:0.8163, TC:0.8647, WT:0.8998]
Current svls scale factor: 1.4
epoch:177/200, loss:0.0182, best epoch:160, best loss:0.0149, dice[ET:0.8178, TC:0.8497, WT:0.8852], best dice[ET:0.8163, TC:0.8647, WT:0.8998]
Current svls scale factor: 1.4
epoch:178/200, loss:0.0167, best epoch:160, best loss:0.0149, dice[ET:0.8140, TC:0.8430, WT:0.8903], best dice[ET:0.8163, TC:0.8647, WT:0.8998]
Current svls scale factor: 1.4
epoch:179/200, loss:0.0164, best epoch:160, best loss:0.0149, dice[ET:0.7967, TC:0.8348, WT:0.8906], best dice[ET:0.8163, TC:0.8647, WT:0.8998]
Current svls scale factor: 1.4
epoch:180/200, loss:0.0153, best epoch:160, best loss:0.0149, dice[ET:0.8199, TC:0.8524, WT:0.8978], best dice[ET:0.8163, TC:0.8647, WT:0.8998]
Current svls scale factor: 1.4
epoch:181/200, loss:0.0177, best epoch:160, best loss:0.0149, dice[ET:0.7909, TC:0.8162, WT:0.8671], best dice[ET:0.8163, TC:0.8647, WT:0.8998]
Current svls scale factor: 1.4
epoch:182/200, loss:0.0199, best epoch:160, best loss:0.0149, dice[ET:0.8018, TC:0.8230, WT:0.8799], best dice[ET:0.8163, TC:0.8647, WT:0.8998]
Current svls scale factor: 1.4
epoch:183/200, loss:0.0217, best epoch:160, best loss:0.0149, dice[ET:0.7782, TC:0.8240, WT:0.8588], best dice[ET:0.8163, TC:0.8647, WT:0.8998]
Current svls scale factor: 1.4
epoch:184/200, loss:0.0200, best epoch:160, best loss:0.0149, dice[ET:0.8024, TC:0.8469, WT:0.8734], best dice[ET:0.8163, TC:0.8647, WT:0.8998]
Current svls scale factor: 1.4
epoch:185/200, loss:0.0172, best epoch:160, best loss:0.0149, dice[ET:0.8169, TC:0.8531, WT:0.8839], best dice[ET:0.8163, TC:0.8647, WT:0.8998]
Current svls scale factor: 1.4
epoch:186/200, loss:0.0164, best epoch:160, best loss:0.0149, dice[ET:0.8071, TC:0.8585, WT:0.8851], best dice[ET:0.8163, TC:0.8647, WT:0.8998]
Current svls scale factor: 1.4
epoch:187/200, loss:0.0155, best epoch:160, best loss:0.0149, dice[ET:0.8077, TC:0.8611, WT:0.8960], best dice[ET:0.8163, TC:0.8647, WT:0.8998]
Current svls scale factor: 1.4
epoch:188/200, loss:0.0186, best epoch:160, best loss:0.0149, dice[ET:0.8127, TC:0.8474, WT:0.8845], best dice[ET:0.8163, TC:0.8647, WT:0.8998]
Current svls scale factor: 1.4
epoch:189/200, loss:0.0191, best epoch:160, best loss:0.0149, dice[ET:0.8052, TC:0.8393, WT:0.8824], best dice[ET:0.8163, TC:0.8647, WT:0.8998]
Current svls scale factor: 1.4
epoch:190/200, loss:0.0197, best epoch:160, best loss:0.0149, dice[ET:0.8079, TC:0.8368, WT:0.8814], best dice[ET:0.8163, TC:0.8647, WT:0.8998]
Current svls scale factor: 1.4
epoch:191/200, loss:0.0176, best epoch:160, best loss:0.0149, dice[ET:0.7961, TC:0.8428, WT:0.8791], best dice[ET:0.8163, TC:0.8647, WT:0.8998]
Current svls scale factor: 1.4
epoch:192/200, loss:0.0181, best epoch:160, best loss:0.0149, dice[ET:0.8100, TC:0.8444, WT:0.8867], best dice[ET:0.8163, TC:0.8647, WT:0.8998]
Current svls scale factor: 1.4
epoch:193/200, loss:0.0156, best epoch:160, best loss:0.0149, dice[ET:0.8101, TC:0.8611, WT:0.8929], best dice[ET:0.8163, TC:0.8647, WT:0.8998]
Current svls scale factor: 1.4
epoch:194/200, loss:0.0159, best epoch:160, best loss:0.0149, dice[ET:0.8080, TC:0.8491, WT:0.8909], best dice[ET:0.8163, TC:0.8647, WT:0.8998]
Current svls scale factor: 1.4
epoch:195/200, loss:0.0186, best epoch:160, best loss:0.0149, dice[ET:0.8149, TC:0.8407, WT:0.8844], best dice[ET:0.8163, TC:0.8647, WT:0.8998]
Current svls scale factor: 1.4
epoch:196/200, loss:0.0162, best epoch:160, best loss:0.0149, dice[ET:0.8224, TC:0.8505, WT:0.8896], best dice[ET:0.8163, TC:0.8647, WT:0.8998]
Current svls scale factor: 1.4
epoch:197/200, loss:0.0164, best epoch:160, best loss:0.0149, dice[ET:0.8191, TC:0.8459, WT:0.8946], best dice[ET:0.8163, TC:0.8647, WT:0.8998]
Current svls scale factor: 1.4
epoch:198/200, loss:0.0163, best epoch:160, best loss:0.0149, dice[ET:0.8193, TC:0.8585, WT:0.8924], best dice[ET:0.8163, TC:0.8647, WT:0.8998]
Current svls scale factor: 1.4
epoch:199/200, loss:0.0173, best epoch:160, best loss:0.0149, dice[ET:0.8177, TC:0.8468, WT:0.8866], best dice[ET:0.8163, TC:0.8647, WT:0.8998]
