train sample: 269 train minibatch: 135 valid sample: 66 valid minibatch: 33
train_option SVLS_V3
ckpt name: model_best_svls_v3.pth.tar
Current svls scale factor: 1.4
epoch:0/200, loss:0.6214, best epoch:0, best loss:0.6214, dice[ET:0.2276, TC:0.3317, WT:0.6522], best dice[ET:0.2276, TC:0.3317, WT:0.6522]
Current svls scale factor: 1.4
epoch:1/200, loss:0.4284, best epoch:1, best loss:0.4284, dice[ET:0.3297, TC:0.4551, WT:0.7698], best dice[ET:0.3297, TC:0.4551, WT:0.7698]
Current svls scale factor: 1.4
epoch:2/200, loss:0.3114, best epoch:2, best loss:0.3114, dice[ET:0.3569, TC:0.4658, WT:0.7805], best dice[ET:0.3569, TC:0.4658, WT:0.7805]
Current svls scale factor: 1.4
epoch:3/200, loss:0.2359, best epoch:3, best loss:0.2359, dice[ET:0.3435, TC:0.4797, WT:0.7925], best dice[ET:0.3435, TC:0.4797, WT:0.7925]
Current svls scale factor: 1.4
epoch:4/200, loss:0.1842, best epoch:4, best loss:0.1842, dice[ET:0.3636, TC:0.4807, WT:0.8023], best dice[ET:0.3636, TC:0.4807, WT:0.8023]
Current svls scale factor: 1.4
epoch:5/200, loss:0.1496, best epoch:5, best loss:0.1496, dice[ET:0.3413, TC:0.4129, WT:0.7921], best dice[ET:0.3413, TC:0.4129, WT:0.7921]
Current svls scale factor: 1.4
epoch:6/200, loss:0.1220, best epoch:6, best loss:0.1220, dice[ET:0.5505, TC:0.6384, WT:0.8124], best dice[ET:0.5505, TC:0.6384, WT:0.8124]
Current svls scale factor: 1.4
epoch:7/200, loss:0.1054, best epoch:7, best loss:0.1054, dice[ET:0.5939, TC:0.6453, WT:0.7539], best dice[ET:0.5939, TC:0.6453, WT:0.7539]
Current svls scale factor: 1.4
epoch:8/200, loss:0.0878, best epoch:8, best loss:0.0878, dice[ET:0.6203, TC:0.6509, WT:0.8357], best dice[ET:0.6203, TC:0.6509, WT:0.8357]
Current svls scale factor: 1.4
epoch:9/200, loss:0.0773, best epoch:9, best loss:0.0773, dice[ET:0.6553, TC:0.6976, WT:0.8395], best dice[ET:0.6553, TC:0.6976, WT:0.8395]
Current svls scale factor: 1.4
epoch:10/200, loss:0.0716, best epoch:10, best loss:0.0716, dice[ET:0.6828, TC:0.7306, WT:0.7808], best dice[ET:0.6828, TC:0.7306, WT:0.7808]
Current svls scale factor: 1.4
epoch:11/200, loss:0.0623, best epoch:11, best loss:0.0623, dice[ET:0.7066, TC:0.7650, WT:0.8085], best dice[ET:0.7066, TC:0.7650, WT:0.8085]
Current svls scale factor: 1.4
epoch:12/200, loss:0.0551, best epoch:12, best loss:0.0551, dice[ET:0.7058, TC:0.7402, WT:0.8381], best dice[ET:0.7058, TC:0.7402, WT:0.8381]
Current svls scale factor: 1.4
epoch:13/200, loss:0.0504, best epoch:13, best loss:0.0504, dice[ET:0.7146, TC:0.7389, WT:0.8540], best dice[ET:0.7146, TC:0.7389, WT:0.8540]
Current svls scale factor: 1.4
epoch:14/200, loss:0.0471, best epoch:14, best loss:0.0471, dice[ET:0.7137, TC:0.7317, WT:0.8602], best dice[ET:0.7137, TC:0.7317, WT:0.8602]
Current svls scale factor: 1.4
epoch:15/200, loss:0.0431, best epoch:15, best loss:0.0431, dice[ET:0.7198, TC:0.7569, WT:0.8504], best dice[ET:0.7198, TC:0.7569, WT:0.8504]
Current svls scale factor: 1.4
epoch:16/200, loss:0.0422, best epoch:16, best loss:0.0422, dice[ET:0.6349, TC:0.6636, WT:0.8360], best dice[ET:0.6349, TC:0.6636, WT:0.8360]
Current svls scale factor: 1.4
epoch:17/200, loss:0.0384, best epoch:17, best loss:0.0384, dice[ET:0.7383, TC:0.7790, WT:0.8516], best dice[ET:0.7383, TC:0.7790, WT:0.8516]
Current svls scale factor: 1.4
epoch:18/200, loss:0.0355, best epoch:18, best loss:0.0355, dice[ET:0.7199, TC:0.7743, WT:0.8657], best dice[ET:0.7199, TC:0.7743, WT:0.8657]
Current svls scale factor: 1.4
epoch:19/200, loss:0.0347, best epoch:19, best loss:0.0347, dice[ET:0.7200, TC:0.7799, WT:0.8528], best dice[ET:0.7200, TC:0.7799, WT:0.8528]
Current svls scale factor: 1.4
epoch:20/200, loss:0.0322, best epoch:20, best loss:0.0322, dice[ET:0.7348, TC:0.7860, WT:0.8643], best dice[ET:0.7348, TC:0.7860, WT:0.8643]
Current svls scale factor: 1.4
epoch:21/200, loss:0.0322, best epoch:20, best loss:0.0322, dice[ET:0.7277, TC:0.7793, WT:0.8601], best dice[ET:0.7348, TC:0.7860, WT:0.8643]
Current svls scale factor: 1.4
epoch:22/200, loss:0.0327, best epoch:20, best loss:0.0322, dice[ET:0.7101, TC:0.7711, WT:0.8656], best dice[ET:0.7348, TC:0.7860, WT:0.8643]
Current svls scale factor: 1.4
epoch:23/200, loss:0.0321, best epoch:23, best loss:0.0321, dice[ET:0.6956, TC:0.7111, WT:0.8668], best dice[ET:0.6956, TC:0.7111, WT:0.8668]
Current svls scale factor: 1.4
epoch:24/200, loss:0.0287, best epoch:24, best loss:0.0287, dice[ET:0.7320, TC:0.7866, WT:0.8573], best dice[ET:0.7320, TC:0.7866, WT:0.8573]
Current svls scale factor: 1.4
epoch:25/200, loss:0.0288, best epoch:24, best loss:0.0287, dice[ET:0.7303, TC:0.7463, WT:0.8649], best dice[ET:0.7320, TC:0.7866, WT:0.8573]
Current svls scale factor: 1.4
epoch:26/200, loss:0.0279, best epoch:26, best loss:0.0279, dice[ET:0.7572, TC:0.7898, WT:0.8551], best dice[ET:0.7572, TC:0.7898, WT:0.8551]
Current svls scale factor: 1.4
epoch:27/200, loss:0.0272, best epoch:27, best loss:0.0272, dice[ET:0.7305, TC:0.7916, WT:0.8669], best dice[ET:0.7305, TC:0.7916, WT:0.8669]
Current svls scale factor: 1.4
epoch:28/200, loss:0.0297, best epoch:27, best loss:0.0272, dice[ET:0.7104, TC:0.7811, WT:0.8313], best dice[ET:0.7305, TC:0.7916, WT:0.8669]
Current svls scale factor: 1.4
epoch:29/200, loss:0.0252, best epoch:29, best loss:0.0252, dice[ET:0.7418, TC:0.8248, WT:0.8725], best dice[ET:0.7418, TC:0.8248, WT:0.8725]
Current svls scale factor: 1.4
epoch:30/200, loss:0.0244, best epoch:30, best loss:0.0244, dice[ET:0.7500, TC:0.8056, WT:0.8605], best dice[ET:0.7500, TC:0.8056, WT:0.8605]
Current svls scale factor: 1.4
epoch:31/200, loss:0.0250, best epoch:30, best loss:0.0244, dice[ET:0.7295, TC:0.7762, WT:0.8500], best dice[ET:0.7500, TC:0.8056, WT:0.8605]
Current svls scale factor: 1.4
epoch:32/200, loss:0.0246, best epoch:30, best loss:0.0244, dice[ET:0.7628, TC:0.7873, WT:0.8754], best dice[ET:0.7500, TC:0.8056, WT:0.8605]
Current svls scale factor: 1.4
epoch:33/200, loss:0.0252, best epoch:30, best loss:0.0244, dice[ET:0.7436, TC:0.7844, WT:0.8693], best dice[ET:0.7500, TC:0.8056, WT:0.8605]
Current svls scale factor: 1.4
epoch:34/200, loss:0.0266, best epoch:30, best loss:0.0244, dice[ET:0.7109, TC:0.7538, WT:0.8357], best dice[ET:0.7500, TC:0.8056, WT:0.8605]
Current svls scale factor: 1.4
epoch:35/200, loss:0.0233, best epoch:35, best loss:0.0233, dice[ET:0.7457, TC:0.7855, WT:0.8747], best dice[ET:0.7457, TC:0.7855, WT:0.8747]
Current svls scale factor: 1.4
epoch:36/200, loss:0.0233, best epoch:36, best loss:0.0233, dice[ET:0.7705, TC:0.8088, WT:0.8705], best dice[ET:0.7705, TC:0.8088, WT:0.8705]
Current svls scale factor: 1.4
epoch:37/200, loss:0.0230, best epoch:37, best loss:0.0230, dice[ET:0.7609, TC:0.8318, WT:0.8697], best dice[ET:0.7609, TC:0.8318, WT:0.8697]
Current svls scale factor: 1.4
epoch:38/200, loss:0.0224, best epoch:38, best loss:0.0224, dice[ET:0.7468, TC:0.8075, WT:0.8701], best dice[ET:0.7468, TC:0.8075, WT:0.8701]
Current svls scale factor: 1.4
epoch:39/200, loss:0.0218, best epoch:39, best loss:0.0218, dice[ET:0.7624, TC:0.8095, WT:0.8725], best dice[ET:0.7624, TC:0.8095, WT:0.8725]
Current svls scale factor: 1.4
epoch:40/200, loss:0.0237, best epoch:39, best loss:0.0218, dice[ET:0.7410, TC:0.7702, WT:0.8684], best dice[ET:0.7624, TC:0.8095, WT:0.8725]
Current svls scale factor: 1.4
epoch:41/200, loss:0.0218, best epoch:41, best loss:0.0218, dice[ET:0.7628, TC:0.8191, WT:0.8714], best dice[ET:0.7628, TC:0.8191, WT:0.8714]
Current svls scale factor: 1.4
epoch:42/200, loss:0.0224, best epoch:41, best loss:0.0218, dice[ET:0.7370, TC:0.7952, WT:0.8705], best dice[ET:0.7628, TC:0.8191, WT:0.8714]
Current svls scale factor: 1.4
epoch:43/200, loss:0.0229, best epoch:41, best loss:0.0218, dice[ET:0.7626, TC:0.8055, WT:0.8580], best dice[ET:0.7628, TC:0.8191, WT:0.8714]
Current svls scale factor: 1.4
epoch:44/200, loss:0.0219, best epoch:41, best loss:0.0218, dice[ET:0.7272, TC:0.8182, WT:0.8683], best dice[ET:0.7628, TC:0.8191, WT:0.8714]
Current svls scale factor: 1.4
epoch:45/200, loss:0.0223, best epoch:41, best loss:0.0218, dice[ET:0.7634, TC:0.7954, WT:0.8670], best dice[ET:0.7628, TC:0.8191, WT:0.8714]
Current svls scale factor: 1.4
epoch:46/200, loss:0.0247, best epoch:41, best loss:0.0218, dice[ET:0.7360, TC:0.7901, WT:0.8626], best dice[ET:0.7628, TC:0.8191, WT:0.8714]
Current svls scale factor: 1.4
epoch:47/200, loss:0.0227, best epoch:41, best loss:0.0218, dice[ET:0.7470, TC:0.7960, WT:0.8714], best dice[ET:0.7628, TC:0.8191, WT:0.8714]
Current svls scale factor: 1.4
epoch:48/200, loss:0.0232, best epoch:41, best loss:0.0218, dice[ET:0.7427, TC:0.7673, WT:0.8712], best dice[ET:0.7628, TC:0.8191, WT:0.8714]
Current svls scale factor: 1.4
epoch:49/200, loss:0.0218, best epoch:49, best loss:0.0218, dice[ET:0.7729, TC:0.8207, WT:0.8619], best dice[ET:0.7729, TC:0.8207, WT:0.8619]
Current svls scale factor: 1.4
epoch:50/200, loss:0.0217, best epoch:50, best loss:0.0217, dice[ET:0.7508, TC:0.8127, WT:0.8689], best dice[ET:0.7508, TC:0.8127, WT:0.8689]
Current svls scale factor: 1.4
epoch:51/200, loss:0.0205, best epoch:51, best loss:0.0205, dice[ET:0.7576, TC:0.8285, WT:0.8771], best dice[ET:0.7576, TC:0.8285, WT:0.8771]
Current svls scale factor: 1.4
epoch:52/200, loss:0.0231, best epoch:51, best loss:0.0205, dice[ET:0.7736, TC:0.8313, WT:0.8350], best dice[ET:0.7576, TC:0.8285, WT:0.8771]
Current svls scale factor: 1.4
epoch:53/200, loss:0.0216, best epoch:51, best loss:0.0205, dice[ET:0.7427, TC:0.7842, WT:0.8791], best dice[ET:0.7576, TC:0.8285, WT:0.8771]
Current svls scale factor: 1.4
epoch:54/200, loss:0.0208, best epoch:51, best loss:0.0205, dice[ET:0.7600, TC:0.8254, WT:0.8784], best dice[ET:0.7576, TC:0.8285, WT:0.8771]
Current svls scale factor: 1.4
epoch:55/200, loss:0.0209, best epoch:51, best loss:0.0205, dice[ET:0.7683, TC:0.8086, WT:0.8739], best dice[ET:0.7576, TC:0.8285, WT:0.8771]
Current svls scale factor: 1.4
epoch:56/200, loss:0.0210, best epoch:51, best loss:0.0205, dice[ET:0.7580, TC:0.7912, WT:0.8754], best dice[ET:0.7576, TC:0.8285, WT:0.8771]
Current svls scale factor: 1.4
epoch:57/200, loss:0.0241, best epoch:51, best loss:0.0205, dice[ET:0.7163, TC:0.7252, WT:0.8709], best dice[ET:0.7576, TC:0.8285, WT:0.8771]
Current svls scale factor: 1.4
epoch:58/200, loss:0.0211, best epoch:51, best loss:0.0205, dice[ET:0.7499, TC:0.8389, WT:0.8789], best dice[ET:0.7576, TC:0.8285, WT:0.8771]
Current svls scale factor: 1.4
epoch:59/200, loss:0.0210, best epoch:51, best loss:0.0205, dice[ET:0.7702, TC:0.8130, WT:0.8743], best dice[ET:0.7576, TC:0.8285, WT:0.8771]
Current svls scale factor: 1.4
epoch:60/200, loss:0.0211, best epoch:51, best loss:0.0205, dice[ET:0.7572, TC:0.8281, WT:0.8718], best dice[ET:0.7576, TC:0.8285, WT:0.8771]
Current svls scale factor: 1.4
epoch:61/200, loss:0.0201, best epoch:61, best loss:0.0201, dice[ET:0.7828, TC:0.8374, WT:0.8714], best dice[ET:0.7828, TC:0.8374, WT:0.8714]
Current svls scale factor: 1.4
epoch:62/200, loss:0.0213, best epoch:61, best loss:0.0201, dice[ET:0.7803, TC:0.8411, WT:0.8757], best dice[ET:0.7828, TC:0.8374, WT:0.8714]
Current svls scale factor: 1.4
epoch:63/200, loss:0.0211, best epoch:61, best loss:0.0201, dice[ET:0.7595, TC:0.8203, WT:0.8614], best dice[ET:0.7828, TC:0.8374, WT:0.8714]
Current svls scale factor: 1.4
epoch:64/200, loss:0.0209, best epoch:61, best loss:0.0201, dice[ET:0.7806, TC:0.8250, WT:0.8675], best dice[ET:0.7828, TC:0.8374, WT:0.8714]
Current svls scale factor: 1.4
epoch:65/200, loss:0.0210, best epoch:61, best loss:0.0201, dice[ET:0.7617, TC:0.8092, WT:0.8773], best dice[ET:0.7828, TC:0.8374, WT:0.8714]
Current svls scale factor: 1.4
epoch:66/200, loss:0.0211, best epoch:61, best loss:0.0201, dice[ET:0.7598, TC:0.8136, WT:0.8728], best dice[ET:0.7828, TC:0.8374, WT:0.8714]
Current svls scale factor: 1.4
epoch:67/200, loss:0.0213, best epoch:61, best loss:0.0201, dice[ET:0.7692, TC:0.8141, WT:0.8723], best dice[ET:0.7828, TC:0.8374, WT:0.8714]
Current svls scale factor: 1.4
epoch:68/200, loss:0.0200, best epoch:68, best loss:0.0200, dice[ET:0.7714, TC:0.8215, WT:0.8811], best dice[ET:0.7714, TC:0.8215, WT:0.8811]
Current svls scale factor: 1.4
epoch:69/200, loss:0.0216, best epoch:68, best loss:0.0200, dice[ET:0.7652, TC:0.8131, WT:0.8794], best dice[ET:0.7714, TC:0.8215, WT:0.8811]
Current svls scale factor: 1.4
epoch:70/200, loss:0.0232, best epoch:68, best loss:0.0200, dice[ET:0.7720, TC:0.8177, WT:0.8755], best dice[ET:0.7714, TC:0.8215, WT:0.8811]
Current svls scale factor: 1.4
epoch:71/200, loss:0.0202, best epoch:68, best loss:0.0200, dice[ET:0.7786, TC:0.8314, WT:0.8828], best dice[ET:0.7714, TC:0.8215, WT:0.8811]
Current svls scale factor: 1.4
epoch:72/200, loss:0.0193, best epoch:72, best loss:0.0193, dice[ET:0.7515, TC:0.8116, WT:0.8683], best dice[ET:0.7515, TC:0.8116, WT:0.8683]
Current svls scale factor: 1.4
epoch:73/200, loss:0.0195, best epoch:72, best loss:0.0193, dice[ET:0.7634, TC:0.8060, WT:0.8760], best dice[ET:0.7515, TC:0.8116, WT:0.8683]
Current svls scale factor: 1.4
epoch:74/200, loss:0.0218, best epoch:72, best loss:0.0193, dice[ET:0.7639, TC:0.8257, WT:0.8684], best dice[ET:0.7515, TC:0.8116, WT:0.8683]
Current svls scale factor: 1.4
epoch:75/200, loss:0.0207, best epoch:72, best loss:0.0193, dice[ET:0.7866, TC:0.8470, WT:0.8762], best dice[ET:0.7515, TC:0.8116, WT:0.8683]
Current svls scale factor: 1.4
epoch:76/200, loss:0.0207, best epoch:72, best loss:0.0193, dice[ET:0.7651, TC:0.8055, WT:0.8816], best dice[ET:0.7515, TC:0.8116, WT:0.8683]
Current svls scale factor: 1.4
epoch:77/200, loss:0.0219, best epoch:72, best loss:0.0193, dice[ET:0.7747, TC:0.8198, WT:0.8621], best dice[ET:0.7515, TC:0.8116, WT:0.8683]
Current svls scale factor: 1.4
epoch:78/200, loss:0.0210, best epoch:72, best loss:0.0193, dice[ET:0.7636, TC:0.8171, WT:0.8804], best dice[ET:0.7515, TC:0.8116, WT:0.8683]
Current svls scale factor: 1.4
epoch:79/200, loss:0.0202, best epoch:72, best loss:0.0193, dice[ET:0.7835, TC:0.8393, WT:0.8643], best dice[ET:0.7515, TC:0.8116, WT:0.8683]
Current svls scale factor: 1.4
epoch:80/200, loss:0.0207, best epoch:72, best loss:0.0193, dice[ET:0.7539, TC:0.8223, WT:0.8748], best dice[ET:0.7515, TC:0.8116, WT:0.8683]
Current svls scale factor: 1.4
epoch:81/200, loss:0.0204, best epoch:72, best loss:0.0193, dice[ET:0.7670, TC:0.8477, WT:0.8807], best dice[ET:0.7515, TC:0.8116, WT:0.8683]
Current svls scale factor: 1.4
epoch:82/200, loss:0.0188, best epoch:82, best loss:0.0188, dice[ET:0.7883, TC:0.8388, WT:0.8782], best dice[ET:0.7883, TC:0.8388, WT:0.8782]
Current svls scale factor: 1.4
epoch:83/200, loss:0.0215, best epoch:82, best loss:0.0188, dice[ET:0.7799, TC:0.8001, WT:0.8790], best dice[ET:0.7883, TC:0.8388, WT:0.8782]
Current svls scale factor: 1.4
epoch:84/200, loss:0.0191, best epoch:82, best loss:0.0188, dice[ET:0.7569, TC:0.8113, WT:0.8802], best dice[ET:0.7883, TC:0.8388, WT:0.8782]
Current svls scale factor: 1.4
epoch:85/200, loss:0.0209, best epoch:82, best loss:0.0188, dice[ET:0.7834, TC:0.8294, WT:0.8779], best dice[ET:0.7883, TC:0.8388, WT:0.8782]
Current svls scale factor: 1.4
epoch:86/200, loss:0.0226, best epoch:82, best loss:0.0188, dice[ET:0.7693, TC:0.8203, WT:0.8748], best dice[ET:0.7883, TC:0.8388, WT:0.8782]
Current svls scale factor: 1.4
epoch:87/200, loss:0.0211, best epoch:82, best loss:0.0188, dice[ET:0.7848, TC:0.8359, WT:0.8710], best dice[ET:0.7883, TC:0.8388, WT:0.8782]
Current svls scale factor: 1.4
epoch:88/200, loss:0.0222, best epoch:82, best loss:0.0188, dice[ET:0.7548, TC:0.7989, WT:0.8723], best dice[ET:0.7883, TC:0.8388, WT:0.8782]
Current svls scale factor: 1.4
epoch:89/200, loss:0.0205, best epoch:82, best loss:0.0188, dice[ET:0.7802, TC:0.8221, WT:0.8802], best dice[ET:0.7883, TC:0.8388, WT:0.8782]
Current svls scale factor: 1.4
epoch:90/200, loss:0.0197, best epoch:82, best loss:0.0188, dice[ET:0.7771, TC:0.8235, WT:0.8802], best dice[ET:0.7883, TC:0.8388, WT:0.8782]
Current svls scale factor: 1.4
epoch:91/200, loss:0.0206, best epoch:82, best loss:0.0188, dice[ET:0.7836, TC:0.8299, WT:0.8775], best dice[ET:0.7883, TC:0.8388, WT:0.8782]
Current svls scale factor: 1.4
epoch:92/200, loss:0.0181, best epoch:92, best loss:0.0181, dice[ET:0.7820, TC:0.8316, WT:0.8878], best dice[ET:0.7820, TC:0.8316, WT:0.8878]
Current svls scale factor: 1.4
epoch:93/200, loss:0.0204, best epoch:92, best loss:0.0181, dice[ET:0.7869, TC:0.8379, WT:0.8821], best dice[ET:0.7820, TC:0.8316, WT:0.8878]
Current svls scale factor: 1.4
epoch:94/200, loss:0.0228, best epoch:92, best loss:0.0181, dice[ET:0.7857, TC:0.8134, WT:0.8660], best dice[ET:0.7820, TC:0.8316, WT:0.8878]
Current svls scale factor: 1.4
epoch:95/200, loss:0.0207, best epoch:92, best loss:0.0181, dice[ET:0.7618, TC:0.8320, WT:0.8736], best dice[ET:0.7820, TC:0.8316, WT:0.8878]
Current svls scale factor: 1.4
epoch:96/200, loss:0.0200, best epoch:92, best loss:0.0181, dice[ET:0.7672, TC:0.8316, WT:0.8816], best dice[ET:0.7820, TC:0.8316, WT:0.8878]
Current svls scale factor: 1.4
epoch:97/200, loss:0.0210, best epoch:92, best loss:0.0181, dice[ET:0.7851, TC:0.8316, WT:0.8775], best dice[ET:0.7820, TC:0.8316, WT:0.8878]
Current svls scale factor: 1.4
epoch:98/200, loss:0.0214, best epoch:92, best loss:0.0181, dice[ET:0.7338, TC:0.8168, WT:0.8756], best dice[ET:0.7820, TC:0.8316, WT:0.8878]
Current svls scale factor: 1.4
epoch:99/200, loss:0.0181, best epoch:99, best loss:0.0181, dice[ET:0.7896, TC:0.8422, WT:0.8851], best dice[ET:0.7896, TC:0.8422, WT:0.8851]
Current svls scale factor: 1.4
epoch:100/200, loss:0.0196, best epoch:99, best loss:0.0181, dice[ET:0.7866, TC:0.8418, WT:0.8782], best dice[ET:0.7896, TC:0.8422, WT:0.8851]
Current svls scale factor: 1.4
epoch:101/200, loss:0.0199, best epoch:99, best loss:0.0181, dice[ET:0.7805, TC:0.8306, WT:0.8785], best dice[ET:0.7896, TC:0.8422, WT:0.8851]
Current svls scale factor: 1.4
epoch:102/200, loss:0.0182, best epoch:99, best loss:0.0181, dice[ET:0.7861, TC:0.8391, WT:0.8873], best dice[ET:0.7896, TC:0.8422, WT:0.8851]
Current svls scale factor: 1.4
epoch:103/200, loss:0.0184, best epoch:99, best loss:0.0181, dice[ET:0.7884, TC:0.8366, WT:0.8856], best dice[ET:0.7896, TC:0.8422, WT:0.8851]
Current svls scale factor: 1.4
epoch:104/200, loss:0.0202, best epoch:99, best loss:0.0181, dice[ET:0.7844, TC:0.8280, WT:0.8785], best dice[ET:0.7896, TC:0.8422, WT:0.8851]
Current svls scale factor: 1.4
epoch:105/200, loss:0.0177, best epoch:105, best loss:0.0177, dice[ET:0.7797, TC:0.8312, WT:0.8902], best dice[ET:0.7797, TC:0.8312, WT:0.8902]
Current svls scale factor: 1.4
epoch:106/200, loss:0.0190, best epoch:105, best loss:0.0177, dice[ET:0.7843, TC:0.8235, WT:0.8868], best dice[ET:0.7797, TC:0.8312, WT:0.8902]
Current svls scale factor: 1.4
epoch:107/200, loss:0.0203, best epoch:105, best loss:0.0177, dice[ET:0.7531, TC:0.7998, WT:0.8744], best dice[ET:0.7797, TC:0.8312, WT:0.8902]
Current svls scale factor: 1.4
epoch:108/200, loss:0.0183, best epoch:105, best loss:0.0177, dice[ET:0.7563, TC:0.8342, WT:0.8786], best dice[ET:0.7797, TC:0.8312, WT:0.8902]
Current svls scale factor: 1.4
epoch:109/200, loss:0.0220, best epoch:105, best loss:0.0177, dice[ET:0.7477, TC:0.7781, WT:0.8654], best dice[ET:0.7797, TC:0.8312, WT:0.8902]
Current svls scale factor: 1.4
epoch:110/200, loss:0.0192, best epoch:105, best loss:0.0177, dice[ET:0.7882, TC:0.8327, WT:0.8800], best dice[ET:0.7797, TC:0.8312, WT:0.8902]
Current svls scale factor: 1.4
epoch:111/200, loss:0.0191, best epoch:105, best loss:0.0177, dice[ET:0.7898, TC:0.8323, WT:0.8785], best dice[ET:0.7797, TC:0.8312, WT:0.8902]
Current svls scale factor: 1.4
epoch:112/200, loss:0.0180, best epoch:105, best loss:0.0177, dice[ET:0.7918, TC:0.8326, WT:0.8886], best dice[ET:0.7797, TC:0.8312, WT:0.8902]
Current svls scale factor: 1.4
epoch:113/200, loss:0.0199, best epoch:105, best loss:0.0177, dice[ET:0.7671, TC:0.8430, WT:0.8828], best dice[ET:0.7797, TC:0.8312, WT:0.8902]
Current svls scale factor: 1.4
epoch:114/200, loss:0.0189, best epoch:105, best loss:0.0177, dice[ET:0.7812, TC:0.8270, WT:0.8816], best dice[ET:0.7797, TC:0.8312, WT:0.8902]
Current svls scale factor: 1.4
epoch:115/200, loss:0.0187, best epoch:105, best loss:0.0177, dice[ET:0.7936, TC:0.8404, WT:0.8832], best dice[ET:0.7797, TC:0.8312, WT:0.8902]
Current svls scale factor: 1.4
epoch:116/200, loss:0.0193, best epoch:105, best loss:0.0177, dice[ET:0.7894, TC:0.8255, WT:0.8763], best dice[ET:0.7797, TC:0.8312, WT:0.8902]
Current svls scale factor: 1.4
epoch:117/200, loss:0.0187, best epoch:105, best loss:0.0177, dice[ET:0.7760, TC:0.8462, WT:0.8878], best dice[ET:0.7797, TC:0.8312, WT:0.8902]
Current svls scale factor: 1.4
epoch:118/200, loss:0.0187, best epoch:105, best loss:0.0177, dice[ET:0.7822, TC:0.8128, WT:0.8857], best dice[ET:0.7797, TC:0.8312, WT:0.8902]
Current svls scale factor: 1.4
epoch:119/200, loss:0.0209, best epoch:105, best loss:0.0177, dice[ET:0.7927, TC:0.8245, WT:0.8694], best dice[ET:0.7797, TC:0.8312, WT:0.8902]
Current svls scale factor: 1.4
epoch:120/200, loss:0.0200, best epoch:105, best loss:0.0177, dice[ET:0.7713, TC:0.8302, WT:0.8815], best dice[ET:0.7797, TC:0.8312, WT:0.8902]
Current svls scale factor: 1.4
epoch:121/200, loss:0.0196, best epoch:105, best loss:0.0177, dice[ET:0.7802, TC:0.8436, WT:0.8821], best dice[ET:0.7797, TC:0.8312, WT:0.8902]
Current svls scale factor: 1.4
epoch:122/200, loss:0.0197, best epoch:105, best loss:0.0177, dice[ET:0.7944, TC:0.8405, WT:0.8735], best dice[ET:0.7797, TC:0.8312, WT:0.8902]
Current svls scale factor: 1.4
epoch:123/200, loss:0.0214, best epoch:105, best loss:0.0177, dice[ET:0.7866, TC:0.8307, WT:0.8816], best dice[ET:0.7797, TC:0.8312, WT:0.8902]
Current svls scale factor: 1.4
epoch:124/200, loss:0.0190, best epoch:105, best loss:0.0177, dice[ET:0.7819, TC:0.8481, WT:0.8858], best dice[ET:0.7797, TC:0.8312, WT:0.8902]
Current svls scale factor: 1.4
epoch:125/200, loss:0.0196, best epoch:105, best loss:0.0177, dice[ET:0.7820, TC:0.8494, WT:0.8802], best dice[ET:0.7797, TC:0.8312, WT:0.8902]
Current svls scale factor: 1.4
epoch:126/200, loss:0.0195, best epoch:105, best loss:0.0177, dice[ET:0.7889, TC:0.8169, WT:0.8817], best dice[ET:0.7797, TC:0.8312, WT:0.8902]
Current svls scale factor: 1.4
epoch:127/200, loss:0.0190, best epoch:105, best loss:0.0177, dice[ET:0.7868, TC:0.8321, WT:0.8807], best dice[ET:0.7797, TC:0.8312, WT:0.8902]
Current svls scale factor: 1.4
epoch:128/200, loss:0.0176, best epoch:128, best loss:0.0176, dice[ET:0.7806, TC:0.8165, WT:0.8883], best dice[ET:0.7806, TC:0.8165, WT:0.8883]
Current svls scale factor: 1.4
epoch:129/200, loss:0.0209, best epoch:128, best loss:0.0176, dice[ET:0.7863, TC:0.8198, WT:0.8779], best dice[ET:0.7806, TC:0.8165, WT:0.8883]
Current svls scale factor: 1.4
epoch:130/200, loss:0.0187, best epoch:128, best loss:0.0176, dice[ET:0.7877, TC:0.8555, WT:0.8859], best dice[ET:0.7806, TC:0.8165, WT:0.8883]
Current svls scale factor: 1.4
epoch:131/200, loss:0.0192, best epoch:128, best loss:0.0176, dice[ET:0.7818, TC:0.8461, WT:0.8762], best dice[ET:0.7806, TC:0.8165, WT:0.8883]
Current svls scale factor: 1.4
epoch:132/200, loss:0.0173, best epoch:132, best loss:0.0173, dice[ET:0.7812, TC:0.8381, WT:0.8906], best dice[ET:0.7812, TC:0.8381, WT:0.8906]
Current svls scale factor: 1.4
epoch:133/200, loss:0.0209, best epoch:132, best loss:0.0173, dice[ET:0.7976, TC:0.8245, WT:0.8731], best dice[ET:0.7812, TC:0.8381, WT:0.8906]
Current svls scale factor: 1.4
epoch:134/200, loss:0.0210, best epoch:132, best loss:0.0173, dice[ET:0.7832, TC:0.8383, WT:0.8809], best dice[ET:0.7812, TC:0.8381, WT:0.8906]
Current svls scale factor: 1.4
epoch:135/200, loss:0.0189, best epoch:132, best loss:0.0173, dice[ET:0.7830, TC:0.8341, WT:0.8855], best dice[ET:0.7812, TC:0.8381, WT:0.8906]
Current svls scale factor: 1.4
epoch:136/200, loss:0.0196, best epoch:132, best loss:0.0173, dice[ET:0.7820, TC:0.8340, WT:0.8829], best dice[ET:0.7812, TC:0.8381, WT:0.8906]
Current svls scale factor: 1.4
epoch:137/200, loss:0.0221, best epoch:132, best loss:0.0173, dice[ET:0.7690, TC:0.8360, WT:0.8679], best dice[ET:0.7812, TC:0.8381, WT:0.8906]
Current svls scale factor: 1.4
epoch:138/200, loss:0.0194, best epoch:132, best loss:0.0173, dice[ET:0.7846, TC:0.8468, WT:0.8810], best dice[ET:0.7812, TC:0.8381, WT:0.8906]
Current svls scale factor: 1.4
epoch:139/200, loss:0.0185, best epoch:132, best loss:0.0173, dice[ET:0.8071, TC:0.8507, WT:0.8781], best dice[ET:0.7812, TC:0.8381, WT:0.8906]
Current svls scale factor: 1.4
epoch:140/200, loss:0.0177, best epoch:132, best loss:0.0173, dice[ET:0.7880, TC:0.8560, WT:0.8885], best dice[ET:0.7812, TC:0.8381, WT:0.8906]
Current svls scale factor: 1.4
epoch:141/200, loss:0.0208, best epoch:132, best loss:0.0173, dice[ET:0.8025, TC:0.8543, WT:0.8828], best dice[ET:0.7812, TC:0.8381, WT:0.8906]
Current svls scale factor: 1.4
epoch:142/200, loss:0.0170, best epoch:142, best loss:0.0170, dice[ET:0.7836, TC:0.8464, WT:0.8885], best dice[ET:0.7836, TC:0.8464, WT:0.8885]
Current svls scale factor: 1.4
epoch:143/200, loss:0.0209, best epoch:142, best loss:0.0170, dice[ET:0.7845, TC:0.8448, WT:0.8723], best dice[ET:0.7836, TC:0.8464, WT:0.8885]
Current svls scale factor: 1.4
epoch:144/200, loss:0.0188, best epoch:142, best loss:0.0170, dice[ET:0.7987, TC:0.8341, WT:0.8796], best dice[ET:0.7836, TC:0.8464, WT:0.8885]
Current svls scale factor: 1.4
epoch:145/200, loss:0.0203, best epoch:142, best loss:0.0170, dice[ET:0.8049, TC:0.8505, WT:0.8832], best dice[ET:0.7836, TC:0.8464, WT:0.8885]
Current svls scale factor: 1.4
epoch:146/200, loss:0.0204, best epoch:142, best loss:0.0170, dice[ET:0.7822, TC:0.8343, WT:0.8812], best dice[ET:0.7836, TC:0.8464, WT:0.8885]
Current svls scale factor: 1.4
epoch:147/200, loss:0.0282, best epoch:142, best loss:0.0170, dice[ET:0.7824, TC:0.8453, WT:0.8844], best dice[ET:0.7836, TC:0.8464, WT:0.8885]
Current svls scale factor: 1.4
epoch:148/200, loss:0.0202, best epoch:142, best loss:0.0170, dice[ET:0.8067, TC:0.8436, WT:0.8811], best dice[ET:0.7836, TC:0.8464, WT:0.8885]
Current svls scale factor: 1.4
epoch:149/200, loss:0.0190, best epoch:142, best loss:0.0170, dice[ET:0.7822, TC:0.8428, WT:0.8866], best dice[ET:0.7836, TC:0.8464, WT:0.8885]
Current svls scale factor: 1.4
epoch:150/200, loss:0.0206, best epoch:142, best loss:0.0170, dice[ET:0.7884, TC:0.8604, WT:0.8826], best dice[ET:0.7836, TC:0.8464, WT:0.8885]
Current svls scale factor: 1.4
epoch:151/200, loss:0.0185, best epoch:142, best loss:0.0170, dice[ET:0.7884, TC:0.8493, WT:0.8874], best dice[ET:0.7836, TC:0.8464, WT:0.8885]
Current svls scale factor: 1.4
epoch:152/200, loss:0.0199, best epoch:142, best loss:0.0170, dice[ET:0.7837, TC:0.8467, WT:0.8793], best dice[ET:0.7836, TC:0.8464, WT:0.8885]
Current svls scale factor: 1.4
epoch:153/200, loss:0.0210, best epoch:142, best loss:0.0170, dice[ET:0.7883, TC:0.8439, WT:0.8809], best dice[ET:0.7836, TC:0.8464, WT:0.8885]
Current svls scale factor: 1.4
epoch:154/200, loss:0.0199, best epoch:142, best loss:0.0170, dice[ET:0.7917, TC:0.8547, WT:0.8861], best dice[ET:0.7836, TC:0.8464, WT:0.8885]
Current svls scale factor: 1.4
epoch:155/200, loss:0.0191, best epoch:142, best loss:0.0170, dice[ET:0.8042, TC:0.8478, WT:0.8821], best dice[ET:0.7836, TC:0.8464, WT:0.8885]
Current svls scale factor: 1.4
epoch:156/200, loss:0.0186, best epoch:142, best loss:0.0170, dice[ET:0.7642, TC:0.8272, WT:0.8782], best dice[ET:0.7836, TC:0.8464, WT:0.8885]
Current svls scale factor: 1.4
epoch:157/200, loss:0.0194, best epoch:142, best loss:0.0170, dice[ET:0.7874, TC:0.8602, WT:0.8868], best dice[ET:0.7836, TC:0.8464, WT:0.8885]
Current svls scale factor: 1.4
epoch:158/200, loss:0.0201, best epoch:142, best loss:0.0170, dice[ET:0.7173, TC:0.7563, WT:0.8795], best dice[ET:0.7836, TC:0.8464, WT:0.8885]
Current svls scale factor: 1.4
epoch:159/200, loss:0.0179, best epoch:142, best loss:0.0170, dice[ET:0.7898, TC:0.8537, WT:0.8875], best dice[ET:0.7836, TC:0.8464, WT:0.8885]
Current svls scale factor: 1.4
epoch:160/200, loss:0.0182, best epoch:142, best loss:0.0170, dice[ET:0.7874, TC:0.8465, WT:0.8781], best dice[ET:0.7836, TC:0.8464, WT:0.8885]
Current svls scale factor: 1.4
epoch:161/200, loss:0.0189, best epoch:142, best loss:0.0170, dice[ET:0.7820, TC:0.8342, WT:0.8811], best dice[ET:0.7836, TC:0.8464, WT:0.8885]
Current svls scale factor: 1.4
epoch:162/200, loss:0.0227, best epoch:142, best loss:0.0170, dice[ET:0.7468, TC:0.8173, WT:0.8755], best dice[ET:0.7836, TC:0.8464, WT:0.8885]
Current svls scale factor: 1.4
epoch:163/200, loss:0.0167, best epoch:163, best loss:0.0167, dice[ET:0.7747, TC:0.8430, WT:0.8922], best dice[ET:0.7747, TC:0.8430, WT:0.8922]
Current svls scale factor: 1.4
epoch:164/200, loss:0.0186, best epoch:163, best loss:0.0167, dice[ET:0.8053, TC:0.8407, WT:0.8854], best dice[ET:0.7747, TC:0.8430, WT:0.8922]
Current svls scale factor: 1.4
epoch:165/200, loss:0.0181, best epoch:163, best loss:0.0167, dice[ET:0.7876, TC:0.8431, WT:0.8879], best dice[ET:0.7747, TC:0.8430, WT:0.8922]
Current svls scale factor: 1.4
epoch:166/200, loss:0.0184, best epoch:163, best loss:0.0167, dice[ET:0.7907, TC:0.8461, WT:0.8872], best dice[ET:0.7747, TC:0.8430, WT:0.8922]
Current svls scale factor: 1.4
epoch:167/200, loss:0.0187, best epoch:163, best loss:0.0167, dice[ET:0.7916, TC:0.8240, WT:0.8822], best dice[ET:0.7747, TC:0.8430, WT:0.8922]
Current svls scale factor: 1.4
epoch:168/200, loss:0.0185, best epoch:163, best loss:0.0167, dice[ET:0.7960, TC:0.8525, WT:0.8799], best dice[ET:0.7747, TC:0.8430, WT:0.8922]
Current svls scale factor: 1.4
epoch:169/200, loss:0.0176, best epoch:163, best loss:0.0167, dice[ET:0.8080, TC:0.8372, WT:0.8839], best dice[ET:0.7747, TC:0.8430, WT:0.8922]
Current svls scale factor: 1.4
epoch:170/200, loss:0.0212, best epoch:163, best loss:0.0167, dice[ET:0.8026, TC:0.8368, WT:0.8762], best dice[ET:0.7747, TC:0.8430, WT:0.8922]
Current svls scale factor: 1.4
epoch:171/200, loss:0.0174, best epoch:163, best loss:0.0167, dice[ET:0.8082, TC:0.8539, WT:0.8877], best dice[ET:0.7747, TC:0.8430, WT:0.8922]
Current svls scale factor: 1.4
epoch:172/200, loss:0.0206, best epoch:163, best loss:0.0167, dice[ET:0.8004, TC:0.8430, WT:0.8872], best dice[ET:0.7747, TC:0.8430, WT:0.8922]
Current svls scale factor: 1.4
epoch:173/200, loss:0.0201, best epoch:163, best loss:0.0167, dice[ET:0.7873, TC:0.8334, WT:0.8720], best dice[ET:0.7747, TC:0.8430, WT:0.8922]
Current svls scale factor: 1.4
epoch:174/200, loss:0.0187, best epoch:163, best loss:0.0167, dice[ET:0.7884, TC:0.8564, WT:0.8779], best dice[ET:0.7747, TC:0.8430, WT:0.8922]
Current svls scale factor: 1.4
epoch:175/200, loss:0.0190, best epoch:163, best loss:0.0167, dice[ET:0.7896, TC:0.8447, WT:0.8822], best dice[ET:0.7747, TC:0.8430, WT:0.8922]
Current svls scale factor: 1.4
epoch:176/200, loss:0.0189, best epoch:163, best loss:0.0167, dice[ET:0.7930, TC:0.8360, WT:0.8845], best dice[ET:0.7747, TC:0.8430, WT:0.8922]
Current svls scale factor: 1.4
epoch:177/200, loss:0.0195, best epoch:163, best loss:0.0167, dice[ET:0.7969, TC:0.8480, WT:0.8814], best dice[ET:0.7747, TC:0.8430, WT:0.8922]
Current svls scale factor: 1.4
epoch:178/200, loss:0.0177, best epoch:163, best loss:0.0167, dice[ET:0.8069, TC:0.8593, WT:0.8850], best dice[ET:0.7747, TC:0.8430, WT:0.8922]
Current svls scale factor: 1.4
epoch:179/200, loss:0.0186, best epoch:163, best loss:0.0167, dice[ET:0.7868, TC:0.8349, WT:0.8854], best dice[ET:0.7747, TC:0.8430, WT:0.8922]
Current svls scale factor: 1.4
epoch:180/200, loss:0.0188, best epoch:163, best loss:0.0167, dice[ET:0.7876, TC:0.8532, WT:0.8819], best dice[ET:0.7747, TC:0.8430, WT:0.8922]
Current svls scale factor: 1.4
epoch:181/200, loss:0.0174, best epoch:163, best loss:0.0167, dice[ET:0.7974, TC:0.8574, WT:0.8870], best dice[ET:0.7747, TC:0.8430, WT:0.8922]
Current svls scale factor: 1.4
epoch:182/200, loss:0.0179, best epoch:163, best loss:0.0167, dice[ET:0.8027, TC:0.8367, WT:0.8871], best dice[ET:0.7747, TC:0.8430, WT:0.8922]
Current svls scale factor: 1.4
epoch:183/200, loss:0.0183, best epoch:163, best loss:0.0167, dice[ET:0.8052, TC:0.8510, WT:0.8785], best dice[ET:0.7747, TC:0.8430, WT:0.8922]
Current svls scale factor: 1.4
epoch:184/200, loss:0.0200, best epoch:163, best loss:0.0167, dice[ET:0.7345, TC:0.8165, WT:0.8757], best dice[ET:0.7747, TC:0.8430, WT:0.8922]
Current svls scale factor: 1.4
epoch:185/200, loss:0.0178, best epoch:163, best loss:0.0167, dice[ET:0.7894, TC:0.8571, WT:0.8852], best dice[ET:0.7747, TC:0.8430, WT:0.8922]
Current svls scale factor: 1.4
epoch:186/200, loss:0.0171, best epoch:163, best loss:0.0167, dice[ET:0.8043, TC:0.8448, WT:0.8904], best dice[ET:0.7747, TC:0.8430, WT:0.8922]
Current svls scale factor: 1.4
epoch:187/200, loss:0.0182, best epoch:163, best loss:0.0167, dice[ET:0.7858, TC:0.8304, WT:0.8833], best dice[ET:0.7747, TC:0.8430, WT:0.8922]
Current svls scale factor: 1.4
epoch:188/200, loss:0.0185, best epoch:163, best loss:0.0167, dice[ET:0.7903, TC:0.8488, WT:0.8844], best dice[ET:0.7747, TC:0.8430, WT:0.8922]
Current svls scale factor: 1.4
epoch:189/200, loss:0.0176, best epoch:163, best loss:0.0167, dice[ET:0.7864, TC:0.8495, WT:0.8877], best dice[ET:0.7747, TC:0.8430, WT:0.8922]
Current svls scale factor: 1.4
epoch:190/200, loss:0.0174, best epoch:163, best loss:0.0167, dice[ET:0.7997, TC:0.8649, WT:0.8912], best dice[ET:0.7747, TC:0.8430, WT:0.8922]
Current svls scale factor: 1.4
epoch:191/200, loss:0.0177, best epoch:163, best loss:0.0167, dice[ET:0.7858, TC:0.8369, WT:0.8839], best dice[ET:0.7747, TC:0.8430, WT:0.8922]
Current svls scale factor: 1.4
epoch:192/200, loss:0.0180, best epoch:163, best loss:0.0167, dice[ET:0.7972, TC:0.8657, WT:0.8842], best dice[ET:0.7747, TC:0.8430, WT:0.8922]
Current svls scale factor: 1.4
epoch:193/200, loss:0.0179, best epoch:163, best loss:0.0167, dice[ET:0.7988, TC:0.8359, WT:0.8902], best dice[ET:0.7747, TC:0.8430, WT:0.8922]
Current svls scale factor: 1.4
epoch:194/200, loss:0.0184, best epoch:163, best loss:0.0167, dice[ET:0.8001, TC:0.8417, WT:0.8849], best dice[ET:0.7747, TC:0.8430, WT:0.8922]
Current svls scale factor: 1.4
epoch:195/200, loss:0.0175, best epoch:163, best loss:0.0167, dice[ET:0.8120, TC:0.8584, WT:0.8849], best dice[ET:0.7747, TC:0.8430, WT:0.8922]
Current svls scale factor: 1.4
epoch:196/200, loss:0.0178, best epoch:163, best loss:0.0167, dice[ET:0.8009, TC:0.8541, WT:0.8906], best dice[ET:0.7747, TC:0.8430, WT:0.8922]
Current svls scale factor: 1.4
epoch:197/200, loss:0.0166, best epoch:197, best loss:0.0166, dice[ET:0.7978, TC:0.8642, WT:0.8906], best dice[ET:0.7978, TC:0.8642, WT:0.8906]
Current svls scale factor: 1.4
epoch:198/200, loss:0.0185, best epoch:197, best loss:0.0166, dice[ET:0.7980, TC:0.8569, WT:0.8859], best dice[ET:0.7978, TC:0.8642, WT:0.8906]
Current svls scale factor: 1.4
epoch:199/200, loss:0.0179, best epoch:197, best loss:0.0166, dice[ET:0.8068, TC:0.8534, WT:0.8833], best dice[ET:0.7978, TC:0.8642, WT:0.8906]
