train sample: 269 train minibatch: 135 valid sample: 66 valid minibatch: 33
train_option SVLS_V5
2.0
ckpt name: model_best_svls_v5.pth.tar
epoch:0/200, loss:0.3231, best epoch:0, best loss:0.3231, dice[ET:0.0308, TC:0.0258, WT:0.7141], best dice[ET:0.0308, TC:0.0258, WT:0.7141]
epoch:1/200, loss:0.2225, best epoch:1, best loss:0.2225, dice[ET:0.0341, TC:0.0289, WT:0.7730], best dice[ET:0.0341, TC:0.0289, WT:0.7730]
epoch:2/200, loss:0.1629, best epoch:2, best loss:0.1629, dice[ET:0.4789, TC:0.4637, WT:0.7552], best dice[ET:0.4789, TC:0.4637, WT:0.7552]
epoch:3/200, loss:0.1311, best epoch:3, best loss:0.1311, dice[ET:0.4552, TC:0.4532, WT:0.7879], best dice[ET:0.4552, TC:0.4532, WT:0.7879]
epoch:4/200, loss:0.1003, best epoch:4, best loss:0.1003, dice[ET:0.6103, TC:0.6132, WT:0.8035], best dice[ET:0.6103, TC:0.6132, WT:0.8035]
epoch:5/200, loss:0.0864, best epoch:5, best loss:0.0864, dice[ET:0.6286, TC:0.6162, WT:0.8131], best dice[ET:0.6286, TC:0.6162, WT:0.8131]
epoch:6/200, loss:0.0709, best epoch:6, best loss:0.0709, dice[ET:0.6823, TC:0.7217, WT:0.7947], best dice[ET:0.6823, TC:0.7217, WT:0.7947]
epoch:7/200, loss:0.0608, best epoch:7, best loss:0.0608, dice[ET:0.6517, TC:0.6491, WT:0.8255], best dice[ET:0.6517, TC:0.6491, WT:0.8255]
epoch:8/200, loss:0.0529, best epoch:8, best loss:0.0529, dice[ET:0.6983, TC:0.7412, WT:0.8236], best dice[ET:0.6983, TC:0.7412, WT:0.8236]
epoch:9/200, loss:0.0481, best epoch:9, best loss:0.0481, dice[ET:0.6981, TC:0.7327, WT:0.8356], best dice[ET:0.6981, TC:0.7327, WT:0.8356]
epoch:10/200, loss:0.0434, best epoch:10, best loss:0.0434, dice[ET:0.6952, TC:0.7343, WT:0.8597], best dice[ET:0.6952, TC:0.7343, WT:0.8597]
epoch:11/200, loss:0.0400, best epoch:11, best loss:0.0400, dice[ET:0.6773, TC:0.7594, WT:0.8457], best dice[ET:0.6773, TC:0.7594, WT:0.8457]
epoch:12/200, loss:0.0371, best epoch:12, best loss:0.0371, dice[ET:0.7185, TC:0.7466, WT:0.8502], best dice[ET:0.7185, TC:0.7466, WT:0.8502]
epoch:13/200, loss:0.0375, best epoch:12, best loss:0.0371, dice[ET:0.6322, TC:0.6590, WT:0.8463], best dice[ET:0.7185, TC:0.7466, WT:0.8502]
epoch:14/200, loss:0.0337, best epoch:14, best loss:0.0337, dice[ET:0.7068, TC:0.7575, WT:0.8370], best dice[ET:0.7068, TC:0.7575, WT:0.8370]
epoch:15/200, loss:0.0326, best epoch:15, best loss:0.0326, dice[ET:0.7180, TC:0.7260, WT:0.8586], best dice[ET:0.7180, TC:0.7260, WT:0.8586]
epoch:16/200, loss:0.0294, best epoch:16, best loss:0.0294, dice[ET:0.7396, TC:0.7849, WT:0.8584], best dice[ET:0.7396, TC:0.7849, WT:0.8584]
epoch:17/200, loss:0.0280, best epoch:17, best loss:0.0280, dice[ET:0.7405, TC:0.7987, WT:0.8694], best dice[ET:0.7405, TC:0.7987, WT:0.8694]
epoch:18/200, loss:0.0286, best epoch:17, best loss:0.0280, dice[ET:0.7418, TC:0.7713, WT:0.8551], best dice[ET:0.7405, TC:0.7987, WT:0.8694]
epoch:19/200, loss:0.0263, best epoch:19, best loss:0.0263, dice[ET:0.7304, TC:0.7953, WT:0.8668], best dice[ET:0.7304, TC:0.7953, WT:0.8668]
epoch:20/200, loss:0.0293, best epoch:19, best loss:0.0263, dice[ET:0.7298, TC:0.7184, WT:0.8635], best dice[ET:0.7304, TC:0.7953, WT:0.8668]
epoch:21/200, loss:0.0256, best epoch:21, best loss:0.0256, dice[ET:0.7511, TC:0.7992, WT:0.8619], best dice[ET:0.7511, TC:0.7992, WT:0.8619]
epoch:22/200, loss:0.0242, best epoch:22, best loss:0.0242, dice[ET:0.7188, TC:0.8055, WT:0.8661], best dice[ET:0.7188, TC:0.8055, WT:0.8661]
epoch:23/200, loss:0.0248, best epoch:22, best loss:0.0242, dice[ET:0.7603, TC:0.8106, WT:0.8446], best dice[ET:0.7188, TC:0.8055, WT:0.8661]
epoch:24/200, loss:0.0236, best epoch:24, best loss:0.0236, dice[ET:0.7595, TC:0.8041, WT:0.8683], best dice[ET:0.7595, TC:0.8041, WT:0.8683]
epoch:25/200, loss:0.0237, best epoch:24, best loss:0.0236, dice[ET:0.7344, TC:0.8079, WT:0.8673], best dice[ET:0.7595, TC:0.8041, WT:0.8683]
epoch:26/200, loss:0.0239, best epoch:24, best loss:0.0236, dice[ET:0.7513, TC:0.8055, WT:0.8489], best dice[ET:0.7595, TC:0.8041, WT:0.8683]
epoch:27/200, loss:0.0229, best epoch:27, best loss:0.0229, dice[ET:0.7527, TC:0.8070, WT:0.8538], best dice[ET:0.7527, TC:0.8070, WT:0.8538]
epoch:28/200, loss:0.0214, best epoch:28, best loss:0.0214, dice[ET:0.7585, TC:0.7992, WT:0.8741], best dice[ET:0.7585, TC:0.7992, WT:0.8741]
epoch:29/200, loss:0.0227, best epoch:28, best loss:0.0214, dice[ET:0.7605, TC:0.7915, WT:0.8613], best dice[ET:0.7585, TC:0.7992, WT:0.8741]
epoch:30/200, loss:0.0220, best epoch:28, best loss:0.0214, dice[ET:0.7670, TC:0.8023, WT:0.8620], best dice[ET:0.7585, TC:0.7992, WT:0.8741]
epoch:31/200, loss:0.0208, best epoch:31, best loss:0.0208, dice[ET:0.7631, TC:0.8059, WT:0.8679], best dice[ET:0.7631, TC:0.8059, WT:0.8679]
epoch:32/200, loss:0.0211, best epoch:31, best loss:0.0208, dice[ET:0.7723, TC:0.8174, WT:0.8690], best dice[ET:0.7631, TC:0.8059, WT:0.8679]
epoch:33/200, loss:0.0212, best epoch:31, best loss:0.0208, dice[ET:0.7022, TC:0.8118, WT:0.8773], best dice[ET:0.7631, TC:0.8059, WT:0.8679]
epoch:34/200, loss:0.0209, best epoch:31, best loss:0.0208, dice[ET:0.7241, TC:0.8013, WT:0.8606], best dice[ET:0.7631, TC:0.8059, WT:0.8679]
epoch:35/200, loss:0.0214, best epoch:31, best loss:0.0208, dice[ET:0.7386, TC:0.8140, WT:0.8572], best dice[ET:0.7631, TC:0.8059, WT:0.8679]
epoch:36/200, loss:0.0224, best epoch:31, best loss:0.0208, dice[ET:0.7474, TC:0.8205, WT:0.8534], best dice[ET:0.7631, TC:0.8059, WT:0.8679]
epoch:37/200, loss:0.0239, best epoch:31, best loss:0.0208, dice[ET:0.7384, TC:0.7713, WT:0.8423], best dice[ET:0.7631, TC:0.8059, WT:0.8679]
epoch:38/200, loss:0.0177, best epoch:38, best loss:0.0177, dice[ET:0.7782, TC:0.8415, WT:0.8765], best dice[ET:0.7782, TC:0.8415, WT:0.8765]
epoch:39/200, loss:0.0185, best epoch:38, best loss:0.0177, dice[ET:0.7692, TC:0.8426, WT:0.8766], best dice[ET:0.7782, TC:0.8415, WT:0.8765]
epoch:40/200, loss:0.0184, best epoch:38, best loss:0.0177, dice[ET:0.7797, TC:0.8313, WT:0.8757], best dice[ET:0.7782, TC:0.8415, WT:0.8765]
epoch:41/200, loss:0.0194, best epoch:38, best loss:0.0177, dice[ET:0.7761, TC:0.8145, WT:0.8677], best dice[ET:0.7782, TC:0.8415, WT:0.8765]
epoch:42/200, loss:0.0208, best epoch:38, best loss:0.0177, dice[ET:0.7476, TC:0.7852, WT:0.8482], best dice[ET:0.7782, TC:0.8415, WT:0.8765]
epoch:43/200, loss:0.0235, best epoch:38, best loss:0.0177, dice[ET:0.7249, TC:0.7777, WT:0.8549], best dice[ET:0.7782, TC:0.8415, WT:0.8765]
epoch:44/200, loss:0.0209, best epoch:38, best loss:0.0177, dice[ET:0.7607, TC:0.8141, WT:0.8635], best dice[ET:0.7782, TC:0.8415, WT:0.8765]
epoch:45/200, loss:0.0213, best epoch:38, best loss:0.0177, dice[ET:0.7461, TC:0.7939, WT:0.8718], best dice[ET:0.7782, TC:0.8415, WT:0.8765]
epoch:46/200, loss:0.0203, best epoch:38, best loss:0.0177, dice[ET:0.7685, TC:0.8288, WT:0.8660], best dice[ET:0.7782, TC:0.8415, WT:0.8765]
epoch:47/200, loss:0.0205, best epoch:38, best loss:0.0177, dice[ET:0.7883, TC:0.8334, WT:0.8597], best dice[ET:0.7782, TC:0.8415, WT:0.8765]
epoch:48/200, loss:0.0202, best epoch:38, best loss:0.0177, dice[ET:0.7676, TC:0.8326, WT:0.8694], best dice[ET:0.7782, TC:0.8415, WT:0.8765]
epoch:49/200, loss:0.0202, best epoch:38, best loss:0.0177, dice[ET:0.7742, TC:0.8192, WT:0.8728], best dice[ET:0.7782, TC:0.8415, WT:0.8765]
epoch:50/200, loss:0.0204, best epoch:38, best loss:0.0177, dice[ET:0.7687, TC:0.8108, WT:0.8588], best dice[ET:0.7782, TC:0.8415, WT:0.8765]
epoch:51/200, loss:0.0208, best epoch:38, best loss:0.0177, dice[ET:0.7898, TC:0.8330, WT:0.8546], best dice[ET:0.7782, TC:0.8415, WT:0.8765]
epoch:52/200, loss:0.0187, best epoch:38, best loss:0.0177, dice[ET:0.7740, TC:0.8060, WT:0.8618], best dice[ET:0.7782, TC:0.8415, WT:0.8765]
epoch:53/200, loss:0.0201, best epoch:38, best loss:0.0177, dice[ET:0.7869, TC:0.8397, WT:0.8677], best dice[ET:0.7782, TC:0.8415, WT:0.8765]
epoch:54/200, loss:0.0188, best epoch:38, best loss:0.0177, dice[ET:0.7710, TC:0.8260, WT:0.8772], best dice[ET:0.7782, TC:0.8415, WT:0.8765]
epoch:55/200, loss:0.0196, best epoch:38, best loss:0.0177, dice[ET:0.7790, TC:0.8195, WT:0.8701], best dice[ET:0.7782, TC:0.8415, WT:0.8765]
epoch:56/200, loss:0.0190, best epoch:38, best loss:0.0177, dice[ET:0.7880, TC:0.8378, WT:0.8732], best dice[ET:0.7782, TC:0.8415, WT:0.8765]
epoch:57/200, loss:0.0178, best epoch:38, best loss:0.0177, dice[ET:0.7892, TC:0.8388, WT:0.8818], best dice[ET:0.7782, TC:0.8415, WT:0.8765]
epoch:58/200, loss:0.0205, best epoch:38, best loss:0.0177, dice[ET:0.7857, TC:0.8308, WT:0.8571], best dice[ET:0.7782, TC:0.8415, WT:0.8765]
epoch:59/200, loss:0.0170, best epoch:59, best loss:0.0170, dice[ET:0.7845, TC:0.8374, WT:0.8808], best dice[ET:0.7845, TC:0.8374, WT:0.8808]
epoch:60/200, loss:0.0171, best epoch:59, best loss:0.0170, dice[ET:0.7926, TC:0.8476, WT:0.8830], best dice[ET:0.7845, TC:0.8374, WT:0.8808]
epoch:61/200, loss:0.0173, best epoch:59, best loss:0.0170, dice[ET:0.7727, TC:0.8521, WT:0.8789], best dice[ET:0.7845, TC:0.8374, WT:0.8808]
epoch:62/200, loss:0.0198, best epoch:59, best loss:0.0170, dice[ET:0.7617, TC:0.8232, WT:0.8727], best dice[ET:0.7845, TC:0.8374, WT:0.8808]
epoch:63/200, loss:0.0171, best epoch:59, best loss:0.0170, dice[ET:0.7827, TC:0.8429, WT:0.8829], best dice[ET:0.7845, TC:0.8374, WT:0.8808]
epoch:64/200, loss:0.0179, best epoch:59, best loss:0.0170, dice[ET:0.7883, TC:0.8177, WT:0.8743], best dice[ET:0.7845, TC:0.8374, WT:0.8808]
epoch:65/200, loss:0.0174, best epoch:59, best loss:0.0170, dice[ET:0.7864, TC:0.8254, WT:0.8807], best dice[ET:0.7845, TC:0.8374, WT:0.8808]
epoch:66/200, loss:0.0167, best epoch:66, best loss:0.0167, dice[ET:0.7841, TC:0.8408, WT:0.8819], best dice[ET:0.7841, TC:0.8408, WT:0.8819]
epoch:67/200, loss:0.0185, best epoch:66, best loss:0.0167, dice[ET:0.7636, TC:0.7922, WT:0.8708], best dice[ET:0.7841, TC:0.8408, WT:0.8819]
epoch:68/200, loss:0.0183, best epoch:66, best loss:0.0167, dice[ET:0.7763, TC:0.8354, WT:0.8788], best dice[ET:0.7841, TC:0.8408, WT:0.8819]
epoch:69/200, loss:0.0164, best epoch:69, best loss:0.0164, dice[ET:0.7705, TC:0.8363, WT:0.8804], best dice[ET:0.7705, TC:0.8363, WT:0.8804]
epoch:70/200, loss:0.0171, best epoch:69, best loss:0.0164, dice[ET:0.7985, TC:0.8433, WT:0.8840], best dice[ET:0.7705, TC:0.8363, WT:0.8804]
epoch:71/200, loss:0.0202, best epoch:69, best loss:0.0164, dice[ET:0.7333, TC:0.7841, WT:0.8626], best dice[ET:0.7705, TC:0.8363, WT:0.8804]
epoch:72/200, loss:0.0172, best epoch:69, best loss:0.0164, dice[ET:0.7909, TC:0.8528, WT:0.8841], best dice[ET:0.7705, TC:0.8363, WT:0.8804]
epoch:73/200, loss:0.0178, best epoch:69, best loss:0.0164, dice[ET:0.7918, TC:0.8355, WT:0.8870], best dice[ET:0.7705, TC:0.8363, WT:0.8804]
epoch:74/200, loss:0.0172, best epoch:69, best loss:0.0164, dice[ET:0.7926, TC:0.8481, WT:0.8885], best dice[ET:0.7705, TC:0.8363, WT:0.8804]
epoch:75/200, loss:0.0184, best epoch:69, best loss:0.0164, dice[ET:0.7965, TC:0.8427, WT:0.8807], best dice[ET:0.7705, TC:0.8363, WT:0.8804]
epoch:76/200, loss:0.0166, best epoch:69, best loss:0.0164, dice[ET:0.8001, TC:0.8539, WT:0.8856], best dice[ET:0.7705, TC:0.8363, WT:0.8804]
epoch:77/200, loss:0.0179, best epoch:69, best loss:0.0164, dice[ET:0.7636, TC:0.8352, WT:0.8808], best dice[ET:0.7705, TC:0.8363, WT:0.8804]
epoch:78/200, loss:0.0190, best epoch:69, best loss:0.0164, dice[ET:0.7866, TC:0.8356, WT:0.8823], best dice[ET:0.7705, TC:0.8363, WT:0.8804]
epoch:79/200, loss:0.0199, best epoch:69, best loss:0.0164, dice[ET:0.7780, TC:0.8292, WT:0.8763], best dice[ET:0.7705, TC:0.8363, WT:0.8804]
epoch:80/200, loss:0.0177, best epoch:69, best loss:0.0164, dice[ET:0.7861, TC:0.8365, WT:0.8777], best dice[ET:0.7705, TC:0.8363, WT:0.8804]
epoch:81/200, loss:0.0183, best epoch:69, best loss:0.0164, dice[ET:0.8012, TC:0.8517, WT:0.8825], best dice[ET:0.7705, TC:0.8363, WT:0.8804]
epoch:82/200, loss:0.0180, best epoch:69, best loss:0.0164, dice[ET:0.7986, TC:0.8424, WT:0.8755], best dice[ET:0.7705, TC:0.8363, WT:0.8804]
epoch:83/200, loss:0.0166, best epoch:69, best loss:0.0164, dice[ET:0.8012, TC:0.8514, WT:0.8877], best dice[ET:0.7705, TC:0.8363, WT:0.8804]
epoch:84/200, loss:0.0179, best epoch:69, best loss:0.0164, dice[ET:0.7943, TC:0.8545, WT:0.8831], best dice[ET:0.7705, TC:0.8363, WT:0.8804]
epoch:85/200, loss:0.0166, best epoch:69, best loss:0.0164, dice[ET:0.7993, TC:0.8547, WT:0.8818], best dice[ET:0.7705, TC:0.8363, WT:0.8804]
epoch:86/200, loss:0.0164, best epoch:86, best loss:0.0164, dice[ET:0.7919, TC:0.8394, WT:0.8852], best dice[ET:0.7919, TC:0.8394, WT:0.8852]
epoch:87/200, loss:0.0564, best epoch:86, best loss:0.0164, dice[ET:0.4854, TC:0.4931, WT:0.6375], best dice[ET:0.7919, TC:0.8394, WT:0.8852]
epoch:88/200, loss:0.0166, best epoch:86, best loss:0.0164, dice[ET:0.7952, TC:0.8505, WT:0.8829], best dice[ET:0.7919, TC:0.8394, WT:0.8852]
epoch:89/200, loss:0.0165, best epoch:86, best loss:0.0164, dice[ET:0.8004, TC:0.8403, WT:0.8854], best dice[ET:0.7919, TC:0.8394, WT:0.8852]
epoch:90/200, loss:0.0163, best epoch:90, best loss:0.0163, dice[ET:0.7728, TC:0.8463, WT:0.8902], best dice[ET:0.7728, TC:0.8463, WT:0.8902]
epoch:91/200, loss:0.0178, best epoch:90, best loss:0.0163, dice[ET:0.7992, TC:0.8184, WT:0.8885], best dice[ET:0.7728, TC:0.8463, WT:0.8902]
epoch:92/200, loss:0.0168, best epoch:90, best loss:0.0163, dice[ET:0.7957, TC:0.8463, WT:0.8873], best dice[ET:0.7728, TC:0.8463, WT:0.8902]
epoch:93/200, loss:0.0170, best epoch:90, best loss:0.0163, dice[ET:0.7737, TC:0.8414, WT:0.8869], best dice[ET:0.7728, TC:0.8463, WT:0.8902]
epoch:94/200, loss:0.0163, best epoch:90, best loss:0.0163, dice[ET:0.7960, TC:0.8470, WT:0.8814], best dice[ET:0.7728, TC:0.8463, WT:0.8902]
epoch:95/200, loss:0.0164, best epoch:90, best loss:0.0163, dice[ET:0.8047, TC:0.8553, WT:0.8864], best dice[ET:0.7728, TC:0.8463, WT:0.8902]
epoch:96/200, loss:0.0179, best epoch:90, best loss:0.0163, dice[ET:0.8055, TC:0.8573, WT:0.8688], best dice[ET:0.7728, TC:0.8463, WT:0.8902]
epoch:97/200, loss:0.0165, best epoch:90, best loss:0.0163, dice[ET:0.8068, TC:0.8560, WT:0.8860], best dice[ET:0.7728, TC:0.8463, WT:0.8902]
epoch:98/200, loss:0.0199, best epoch:90, best loss:0.0163, dice[ET:0.8030, TC:0.8451, WT:0.8533], best dice[ET:0.7728, TC:0.8463, WT:0.8902]
epoch:99/200, loss:0.0177, best epoch:90, best loss:0.0163, dice[ET:0.7744, TC:0.8372, WT:0.8874], best dice[ET:0.7728, TC:0.8463, WT:0.8902]
epoch:100/200, loss:0.0170, best epoch:90, best loss:0.0163, dice[ET:0.7859, TC:0.8396, WT:0.8900], best dice[ET:0.7728, TC:0.8463, WT:0.8902]
epoch:101/200, loss:0.0168, best epoch:90, best loss:0.0163, dice[ET:0.8001, TC:0.8500, WT:0.8815], best dice[ET:0.7728, TC:0.8463, WT:0.8902]
epoch:102/200, loss:0.0154, best epoch:102, best loss:0.0154, dice[ET:0.7941, TC:0.8459, WT:0.8884], best dice[ET:0.7941, TC:0.8459, WT:0.8884]
epoch:103/200, loss:0.0193, best epoch:102, best loss:0.0154, dice[ET:0.7602, TC:0.8209, WT:0.8707], best dice[ET:0.7941, TC:0.8459, WT:0.8884]
epoch:104/200, loss:0.0180, best epoch:102, best loss:0.0154, dice[ET:0.7879, TC:0.8320, WT:0.8755], best dice[ET:0.7941, TC:0.8459, WT:0.8884]
epoch:105/200, loss:0.0194, best epoch:102, best loss:0.0154, dice[ET:0.7864, TC:0.8428, WT:0.8789], best dice[ET:0.7941, TC:0.8459, WT:0.8884]
epoch:106/200, loss:0.0178, best epoch:102, best loss:0.0154, dice[ET:0.8006, TC:0.8509, WT:0.8825], best dice[ET:0.7941, TC:0.8459, WT:0.8884]
epoch:107/200, loss:0.0190, best epoch:102, best loss:0.0154, dice[ET:0.7842, TC:0.8289, WT:0.8819], best dice[ET:0.7941, TC:0.8459, WT:0.8884]
epoch:108/200, loss:0.0182, best epoch:102, best loss:0.0154, dice[ET:0.8002, TC:0.8426, WT:0.8819], best dice[ET:0.7941, TC:0.8459, WT:0.8884]
epoch:109/200, loss:0.0197, best epoch:102, best loss:0.0154, dice[ET:0.8042, TC:0.8343, WT:0.8789], best dice[ET:0.7941, TC:0.8459, WT:0.8884]
epoch:110/200, loss:0.0188, best epoch:102, best loss:0.0154, dice[ET:0.8005, TC:0.8445, WT:0.8718], best dice[ET:0.7941, TC:0.8459, WT:0.8884]
epoch:111/200, loss:0.0189, best epoch:102, best loss:0.0154, dice[ET:0.7984, TC:0.8388, WT:0.8766], best dice[ET:0.7941, TC:0.8459, WT:0.8884]
epoch:112/200, loss:0.0161, best epoch:102, best loss:0.0154, dice[ET:0.8014, TC:0.8580, WT:0.8938], best dice[ET:0.7941, TC:0.8459, WT:0.8884]
epoch:113/200, loss:0.0172, best epoch:102, best loss:0.0154, dice[ET:0.7921, TC:0.8412, WT:0.8826], best dice[ET:0.7941, TC:0.8459, WT:0.8884]
epoch:114/200, loss:0.0180, best epoch:102, best loss:0.0154, dice[ET:0.7956, TC:0.8451, WT:0.8813], best dice[ET:0.7941, TC:0.8459, WT:0.8884]
epoch:115/200, loss:0.0196, best epoch:102, best loss:0.0154, dice[ET:0.7948, TC:0.8338, WT:0.8787], best dice[ET:0.7941, TC:0.8459, WT:0.8884]
epoch:116/200, loss:0.0191, best epoch:102, best loss:0.0154, dice[ET:0.8059, TC:0.8472, WT:0.8766], best dice[ET:0.7941, TC:0.8459, WT:0.8884]
epoch:117/200, loss:0.0182, best epoch:102, best loss:0.0154, dice[ET:0.8002, TC:0.8430, WT:0.8838], best dice[ET:0.7941, TC:0.8459, WT:0.8884]
epoch:118/200, loss:0.0183, best epoch:102, best loss:0.0154, dice[ET:0.8087, TC:0.8534, WT:0.8824], best dice[ET:0.7941, TC:0.8459, WT:0.8884]
epoch:119/200, loss:0.0176, best epoch:102, best loss:0.0154, dice[ET:0.8086, TC:0.8530, WT:0.8871], best dice[ET:0.7941, TC:0.8459, WT:0.8884]
epoch:120/200, loss:0.0189, best epoch:102, best loss:0.0154, dice[ET:0.8024, TC:0.8303, WT:0.8831], best dice[ET:0.7941, TC:0.8459, WT:0.8884]
epoch:121/200, loss:0.0176, best epoch:102, best loss:0.0154, dice[ET:0.8000, TC:0.8540, WT:0.8791], best dice[ET:0.7941, TC:0.8459, WT:0.8884]
epoch:122/200, loss:0.0197, best epoch:102, best loss:0.0154, dice[ET:0.8098, TC:0.8576, WT:0.8850], best dice[ET:0.7941, TC:0.8459, WT:0.8884]
epoch:123/200, loss:0.0192, best epoch:102, best loss:0.0154, dice[ET:0.7995, TC:0.8374, WT:0.8745], best dice[ET:0.7941, TC:0.8459, WT:0.8884]
epoch:124/200, loss:0.0178, best epoch:102, best loss:0.0154, dice[ET:0.8079, TC:0.8512, WT:0.8856], best dice[ET:0.7941, TC:0.8459, WT:0.8884]
epoch:125/200, loss:0.0163, best epoch:102, best loss:0.0154, dice[ET:0.8084, TC:0.8629, WT:0.8921], best dice[ET:0.7941, TC:0.8459, WT:0.8884]
epoch:126/200, loss:0.0210, best epoch:102, best loss:0.0154, dice[ET:0.7909, TC:0.8260, WT:0.8656], best dice[ET:0.7941, TC:0.8459, WT:0.8884]
epoch:127/200, loss:0.0171, best epoch:102, best loss:0.0154, dice[ET:0.7921, TC:0.8476, WT:0.8860], best dice[ET:0.7941, TC:0.8459, WT:0.8884]
epoch:128/200, loss:0.0157, best epoch:102, best loss:0.0154, dice[ET:0.7926, TC:0.8590, WT:0.8878], best dice[ET:0.7941, TC:0.8459, WT:0.8884]
epoch:129/200, loss:0.0190, best epoch:102, best loss:0.0154, dice[ET:0.7772, TC:0.8247, WT:0.8761], best dice[ET:0.7941, TC:0.8459, WT:0.8884]
epoch:130/200, loss:0.0196, best epoch:102, best loss:0.0154, dice[ET:0.8029, TC:0.8439, WT:0.8833], best dice[ET:0.7941, TC:0.8459, WT:0.8884]
epoch:131/200, loss:0.0183, best epoch:102, best loss:0.0154, dice[ET:0.8100, TC:0.8533, WT:0.8854], best dice[ET:0.7941, TC:0.8459, WT:0.8884]
epoch:132/200, loss:0.0182, best epoch:102, best loss:0.0154, dice[ET:0.7986, TC:0.8611, WT:0.8885], best dice[ET:0.7941, TC:0.8459, WT:0.8884]
epoch:133/200, loss:0.0162, best epoch:102, best loss:0.0154, dice[ET:0.8158, TC:0.8535, WT:0.8929], best dice[ET:0.7941, TC:0.8459, WT:0.8884]
epoch:134/200, loss:0.0164, best epoch:102, best loss:0.0154, dice[ET:0.8109, TC:0.8550, WT:0.8928], best dice[ET:0.7941, TC:0.8459, WT:0.8884]
epoch:135/200, loss:0.0170, best epoch:102, best loss:0.0154, dice[ET:0.8138, TC:0.8567, WT:0.8839], best dice[ET:0.7941, TC:0.8459, WT:0.8884]
epoch:136/200, loss:0.0163, best epoch:102, best loss:0.0154, dice[ET:0.7866, TC:0.8290, WT:0.8865], best dice[ET:0.7941, TC:0.8459, WT:0.8884]
epoch:137/200, loss:0.0174, best epoch:102, best loss:0.0154, dice[ET:0.8181, TC:0.8650, WT:0.8799], best dice[ET:0.7941, TC:0.8459, WT:0.8884]
epoch:138/200, loss:0.0157, best epoch:102, best loss:0.0154, dice[ET:0.8130, TC:0.8590, WT:0.8967], best dice[ET:0.7941, TC:0.8459, WT:0.8884]
epoch:139/200, loss:0.0158, best epoch:102, best loss:0.0154, dice[ET:0.8061, TC:0.8576, WT:0.8985], best dice[ET:0.7941, TC:0.8459, WT:0.8884]
epoch:140/200, loss:0.0193, best epoch:102, best loss:0.0154, dice[ET:0.8034, TC:0.8379, WT:0.8813], best dice[ET:0.7941, TC:0.8459, WT:0.8884]
epoch:141/200, loss:0.0176, best epoch:102, best loss:0.0154, dice[ET:0.8033, TC:0.8412, WT:0.8808], best dice[ET:0.7941, TC:0.8459, WT:0.8884]
epoch:142/200, loss:0.0190, best epoch:102, best loss:0.0154, dice[ET:0.8055, TC:0.8402, WT:0.8750], best dice[ET:0.7941, TC:0.8459, WT:0.8884]
epoch:143/200, loss:0.0196, best epoch:102, best loss:0.0154, dice[ET:0.8065, TC:0.8328, WT:0.8827], best dice[ET:0.7941, TC:0.8459, WT:0.8884]
epoch:144/200, loss:0.0181, best epoch:102, best loss:0.0154, dice[ET:0.8069, TC:0.8540, WT:0.8510], best dice[ET:0.7941, TC:0.8459, WT:0.8884]
epoch:145/200, loss:0.0177, best epoch:102, best loss:0.0154, dice[ET:0.8022, TC:0.8452, WT:0.8862], best dice[ET:0.7941, TC:0.8459, WT:0.8884]
epoch:146/200, loss:0.0179, best epoch:102, best loss:0.0154, dice[ET:0.7989, TC:0.8519, WT:0.8869], best dice[ET:0.7941, TC:0.8459, WT:0.8884]
epoch:147/200, loss:0.0191, best epoch:102, best loss:0.0154, dice[ET:0.7936, TC:0.8293, WT:0.8800], best dice[ET:0.7941, TC:0.8459, WT:0.8884]
epoch:148/200, loss:0.0181, best epoch:102, best loss:0.0154, dice[ET:0.8109, TC:0.8553, WT:0.8808], best dice[ET:0.7941, TC:0.8459, WT:0.8884]
epoch:149/200, loss:0.0196, best epoch:102, best loss:0.0154, dice[ET:0.8116, TC:0.8442, WT:0.8831], best dice[ET:0.7941, TC:0.8459, WT:0.8884]
epoch:150/200, loss:0.0237, best epoch:102, best loss:0.0154, dice[ET:0.7660, TC:0.7776, WT:0.8416], best dice[ET:0.7941, TC:0.8459, WT:0.8884]
epoch:151/200, loss:0.0209, best epoch:102, best loss:0.0154, dice[ET:0.7867, TC:0.8199, WT:0.8723], best dice[ET:0.7941, TC:0.8459, WT:0.8884]
epoch:152/200, loss:0.0186, best epoch:102, best loss:0.0154, dice[ET:0.7851, TC:0.8280, WT:0.8801], best dice[ET:0.7941, TC:0.8459, WT:0.8884]
epoch:153/200, loss:0.0187, best epoch:102, best loss:0.0154, dice[ET:0.7956, TC:0.8379, WT:0.8822], best dice[ET:0.7941, TC:0.8459, WT:0.8884]
epoch:154/200, loss:0.0195, best epoch:102, best loss:0.0154, dice[ET:0.7996, TC:0.8444, WT:0.8784], best dice[ET:0.7941, TC:0.8459, WT:0.8884]
epoch:155/200, loss:0.0190, best epoch:102, best loss:0.0154, dice[ET:0.7943, TC:0.8380, WT:0.8762], best dice[ET:0.7941, TC:0.8459, WT:0.8884]
epoch:156/200, loss:0.0187, best epoch:102, best loss:0.0154, dice[ET:0.7646, TC:0.7996, WT:0.8684], best dice[ET:0.7941, TC:0.8459, WT:0.8884]
epoch:157/200, loss:0.0176, best epoch:102, best loss:0.0154, dice[ET:0.8058, TC:0.8433, WT:0.8867], best dice[ET:0.7941, TC:0.8459, WT:0.8884]
epoch:158/200, loss:0.0192, best epoch:102, best loss:0.0154, dice[ET:0.8022, TC:0.8490, WT:0.8770], best dice[ET:0.7941, TC:0.8459, WT:0.8884]
epoch:159/200, loss:0.0191, best epoch:102, best loss:0.0154, dice[ET:0.7998, TC:0.8511, WT:0.8822], best dice[ET:0.7941, TC:0.8459, WT:0.8884]
epoch:160/200, loss:0.0187, best epoch:102, best loss:0.0154, dice[ET:0.8026, TC:0.8463, WT:0.8840], best dice[ET:0.7941, TC:0.8459, WT:0.8884]
epoch:161/200, loss:0.0185, best epoch:102, best loss:0.0154, dice[ET:0.8072, TC:0.8494, WT:0.8846], best dice[ET:0.7941, TC:0.8459, WT:0.8884]
epoch:162/200, loss:0.0205, best epoch:102, best loss:0.0154, dice[ET:0.8043, TC:0.8415, WT:0.8638], best dice[ET:0.7941, TC:0.8459, WT:0.8884]
epoch:163/200, loss:0.0191, best epoch:102, best loss:0.0154, dice[ET:0.8089, TC:0.8522, WT:0.8862], best dice[ET:0.7941, TC:0.8459, WT:0.8884]
epoch:164/200, loss:0.0196, best epoch:102, best loss:0.0154, dice[ET:0.8040, TC:0.8595, WT:0.8751], best dice[ET:0.7941, TC:0.8459, WT:0.8884]
epoch:165/200, loss:0.0187, best epoch:102, best loss:0.0154, dice[ET:0.8086, TC:0.8444, WT:0.8801], best dice[ET:0.7941, TC:0.8459, WT:0.8884]
epoch:166/200, loss:0.0199, best epoch:102, best loss:0.0154, dice[ET:0.8014, TC:0.8343, WT:0.8808], best dice[ET:0.7941, TC:0.8459, WT:0.8884]
epoch:167/200, loss:0.0195, best epoch:102, best loss:0.0154, dice[ET:0.8042, TC:0.8586, WT:0.8774], best dice[ET:0.7941, TC:0.8459, WT:0.8884]
epoch:168/200, loss:0.0194, best epoch:102, best loss:0.0154, dice[ET:0.8039, TC:0.8323, WT:0.8821], best dice[ET:0.7941, TC:0.8459, WT:0.8884]
epoch:169/200, loss:0.0188, best epoch:102, best loss:0.0154, dice[ET:0.8021, TC:0.8445, WT:0.8843], best dice[ET:0.7941, TC:0.8459, WT:0.8884]
epoch:170/200, loss:0.0180, best epoch:102, best loss:0.0154, dice[ET:0.8099, TC:0.8501, WT:0.8875], best dice[ET:0.7941, TC:0.8459, WT:0.8884]
epoch:171/200, loss:0.0189, best epoch:102, best loss:0.0154, dice[ET:0.8060, TC:0.8487, WT:0.8823], best dice[ET:0.7941, TC:0.8459, WT:0.8884]
epoch:172/200, loss:0.0176, best epoch:102, best loss:0.0154, dice[ET:0.7871, TC:0.8385, WT:0.8868], best dice[ET:0.7941, TC:0.8459, WT:0.8884]
epoch:173/200, loss:0.0181, best epoch:102, best loss:0.0154, dice[ET:0.8077, TC:0.8398, WT:0.8852], best dice[ET:0.7941, TC:0.8459, WT:0.8884]
epoch:174/200, loss:0.0175, best epoch:102, best loss:0.0154, dice[ET:0.8104, TC:0.8428, WT:0.8878], best dice[ET:0.7941, TC:0.8459, WT:0.8884]
epoch:175/200, loss:0.0181, best epoch:102, best loss:0.0154, dice[ET:0.8052, TC:0.8467, WT:0.8850], best dice[ET:0.7941, TC:0.8459, WT:0.8884]
epoch:176/200, loss:0.0169, best epoch:102, best loss:0.0154, dice[ET:0.8086, TC:0.8579, WT:0.8878], best dice[ET:0.7941, TC:0.8459, WT:0.8884]
epoch:177/200, loss:0.0187, best epoch:102, best loss:0.0154, dice[ET:0.8061, TC:0.8563, WT:0.8856], best dice[ET:0.7941, TC:0.8459, WT:0.8884]
epoch:178/200, loss:0.0183, best epoch:102, best loss:0.0154, dice[ET:0.8107, TC:0.8443, WT:0.8837], best dice[ET:0.7941, TC:0.8459, WT:0.8884]
epoch:179/200, loss:0.0165, best epoch:102, best loss:0.0154, dice[ET:0.8097, TC:0.8454, WT:0.8887], best dice[ET:0.7941, TC:0.8459, WT:0.8884]
epoch:180/200, loss:0.0184, best epoch:102, best loss:0.0154, dice[ET:0.8091, TC:0.8492, WT:0.8832], best dice[ET:0.7941, TC:0.8459, WT:0.8884]
epoch:181/200, loss:0.0170, best epoch:102, best loss:0.0154, dice[ET:0.8057, TC:0.8449, WT:0.8898], best dice[ET:0.7941, TC:0.8459, WT:0.8884]
epoch:182/200, loss:0.0153, best epoch:182, best loss:0.0153, dice[ET:0.8125, TC:0.8581, WT:0.8946], best dice[ET:0.8125, TC:0.8581, WT:0.8946]
epoch:183/200, loss:0.0189, best epoch:182, best loss:0.0153, dice[ET:0.8058, TC:0.8364, WT:0.8743], best dice[ET:0.8125, TC:0.8581, WT:0.8946]
epoch:184/200, loss:0.0171, best epoch:182, best loss:0.0153, dice[ET:0.8161, TC:0.8579, WT:0.8791], best dice[ET:0.8125, TC:0.8581, WT:0.8946]
epoch:185/200, loss:0.0179, best epoch:182, best loss:0.0153, dice[ET:0.8011, TC:0.8367, WT:0.8867], best dice[ET:0.8125, TC:0.8581, WT:0.8946]
epoch:186/200, loss:0.0197, best epoch:182, best loss:0.0153, dice[ET:0.8112, TC:0.8589, WT:0.8799], best dice[ET:0.8125, TC:0.8581, WT:0.8946]
