train sample: 269 train minibatch: 135 valid sample: 66 valid minibatch: 33
train_option SVLS_V5
3.0
ckpt name: model_best_svls_v5.pth.tar
epoch:0/200, loss:0.3234, best epoch:0, best loss:0.3234, dice[ET:0.0308, TC:0.0261, WT:0.7163], best dice[ET:0.0308, TC:0.0261, WT:0.7163]
epoch:1/200, loss:0.2214, best epoch:1, best loss:0.2214, dice[ET:0.0773, TC:0.0640, WT:0.7747], best dice[ET:0.0773, TC:0.0640, WT:0.7747]
epoch:2/200, loss:0.1627, best epoch:2, best loss:0.1627, dice[ET:0.5097, TC:0.4911, WT:0.7621], best dice[ET:0.5097, TC:0.4911, WT:0.7621]
epoch:3/200, loss:0.1316, best epoch:3, best loss:0.1316, dice[ET:0.5187, TC:0.5178, WT:0.7869], best dice[ET:0.5187, TC:0.5178, WT:0.7869]
epoch:4/200, loss:0.1004, best epoch:4, best loss:0.1004, dice[ET:0.6228, TC:0.6286, WT:0.8006], best dice[ET:0.6228, TC:0.6286, WT:0.8006]
epoch:5/200, loss:0.0864, best epoch:5, best loss:0.0864, dice[ET:0.6435, TC:0.6210, WT:0.8146], best dice[ET:0.6435, TC:0.6210, WT:0.8146]
epoch:6/200, loss:0.0723, best epoch:6, best loss:0.0723, dice[ET:0.6752, TC:0.7018, WT:0.7664], best dice[ET:0.6752, TC:0.7018, WT:0.7664]
epoch:7/200, loss:0.0607, best epoch:7, best loss:0.0607, dice[ET:0.6547, TC:0.6577, WT:0.8274], best dice[ET:0.6547, TC:0.6577, WT:0.8274]
epoch:8/200, loss:0.0539, best epoch:8, best loss:0.0539, dice[ET:0.6812, TC:0.7308, WT:0.8089], best dice[ET:0.6812, TC:0.7308, WT:0.8089]
epoch:9/200, loss:0.0468, best epoch:9, best loss:0.0468, dice[ET:0.6927, TC:0.7494, WT:0.8541], best dice[ET:0.6927, TC:0.7494, WT:0.8541]
epoch:10/200, loss:0.0430, best epoch:10, best loss:0.0430, dice[ET:0.6903, TC:0.7183, WT:0.8613], best dice[ET:0.6903, TC:0.7183, WT:0.8613]
epoch:11/200, loss:0.0389, best epoch:11, best loss:0.0389, dice[ET:0.6798, TC:0.7580, WT:0.8555], best dice[ET:0.6798, TC:0.7580, WT:0.8555]
epoch:12/200, loss:0.0363, best epoch:12, best loss:0.0363, dice[ET:0.7125, TC:0.7411, WT:0.8601], best dice[ET:0.7125, TC:0.7411, WT:0.8601]
epoch:13/200, loss:0.0387, best epoch:12, best loss:0.0363, dice[ET:0.6284, TC:0.6427, WT:0.8397], best dice[ET:0.7125, TC:0.7411, WT:0.8601]
epoch:14/200, loss:0.0352, best epoch:14, best loss:0.0352, dice[ET:0.7013, TC:0.7580, WT:0.8213], best dice[ET:0.7013, TC:0.7580, WT:0.8213]
epoch:15/200, loss:0.0337, best epoch:15, best loss:0.0337, dice[ET:0.6947, TC:0.7153, WT:0.8421], best dice[ET:0.6947, TC:0.7153, WT:0.8421]
epoch:16/200, loss:0.0293, best epoch:16, best loss:0.0293, dice[ET:0.7394, TC:0.7872, WT:0.8606], best dice[ET:0.7394, TC:0.7872, WT:0.8606]
epoch:17/200, loss:0.0284, best epoch:17, best loss:0.0284, dice[ET:0.7366, TC:0.7915, WT:0.8661], best dice[ET:0.7366, TC:0.7915, WT:0.8661]
epoch:18/200, loss:0.0273, best epoch:18, best loss:0.0273, dice[ET:0.7297, TC:0.7608, WT:0.8708], best dice[ET:0.7297, TC:0.7608, WT:0.8708]
epoch:19/200, loss:0.0268, best epoch:19, best loss:0.0268, dice[ET:0.7483, TC:0.7965, WT:0.8590], best dice[ET:0.7483, TC:0.7965, WT:0.8590]
epoch:20/200, loss:0.0283, best epoch:19, best loss:0.0268, dice[ET:0.7344, TC:0.7397, WT:0.8640], best dice[ET:0.7483, TC:0.7965, WT:0.8590]
epoch:21/200, loss:0.0259, best epoch:21, best loss:0.0259, dice[ET:0.7390, TC:0.7889, WT:0.8566], best dice[ET:0.7390, TC:0.7889, WT:0.8566]
epoch:22/200, loss:0.0244, best epoch:22, best loss:0.0244, dice[ET:0.7157, TC:0.7986, WT:0.8654], best dice[ET:0.7157, TC:0.7986, WT:0.8654]
epoch:23/200, loss:0.0249, best epoch:22, best loss:0.0244, dice[ET:0.7582, TC:0.8042, WT:0.8475], best dice[ET:0.7157, TC:0.7986, WT:0.8654]
epoch:24/200, loss:0.0231, best epoch:24, best loss:0.0231, dice[ET:0.7627, TC:0.8087, WT:0.8708], best dice[ET:0.7627, TC:0.8087, WT:0.8708]
epoch:25/200, loss:0.0243, best epoch:24, best loss:0.0231, dice[ET:0.7425, TC:0.7955, WT:0.8479], best dice[ET:0.7627, TC:0.8087, WT:0.8708]
epoch:26/200, loss:0.0235, best epoch:24, best loss:0.0231, dice[ET:0.7544, TC:0.8084, WT:0.8511], best dice[ET:0.7627, TC:0.8087, WT:0.8708]
epoch:27/200, loss:0.0223, best epoch:27, best loss:0.0223, dice[ET:0.7479, TC:0.7994, WT:0.8578], best dice[ET:0.7479, TC:0.7994, WT:0.8578]
epoch:28/200, loss:0.0217, best epoch:28, best loss:0.0217, dice[ET:0.7629, TC:0.8078, WT:0.8720], best dice[ET:0.7629, TC:0.8078, WT:0.8720]
epoch:29/200, loss:0.0238, best epoch:28, best loss:0.0217, dice[ET:0.7508, TC:0.7675, WT:0.8578], best dice[ET:0.7629, TC:0.8078, WT:0.8720]
epoch:30/200, loss:0.0224, best epoch:28, best loss:0.0217, dice[ET:0.7601, TC:0.8059, WT:0.8516], best dice[ET:0.7629, TC:0.8078, WT:0.8720]
epoch:31/200, loss:0.0230, best epoch:28, best loss:0.0217, dice[ET:0.7675, TC:0.8023, WT:0.8484], best dice[ET:0.7629, TC:0.8078, WT:0.8720]
epoch:32/200, loss:0.0212, best epoch:32, best loss:0.0212, dice[ET:0.7576, TC:0.8102, WT:0.8724], best dice[ET:0.7576, TC:0.8102, WT:0.8724]
epoch:33/200, loss:0.0217, best epoch:32, best loss:0.0212, dice[ET:0.7404, TC:0.8082, WT:0.8735], best dice[ET:0.7576, TC:0.8102, WT:0.8724]
epoch:34/200, loss:0.0207, best epoch:34, best loss:0.0207, dice[ET:0.7674, TC:0.8185, WT:0.8716], best dice[ET:0.7674, TC:0.8185, WT:0.8716]
epoch:35/200, loss:0.0215, best epoch:34, best loss:0.0207, dice[ET:0.7474, TC:0.8047, WT:0.8655], best dice[ET:0.7674, TC:0.8185, WT:0.8716]
epoch:36/200, loss:0.0238, best epoch:34, best loss:0.0207, dice[ET:0.7480, TC:0.8017, WT:0.8486], best dice[ET:0.7674, TC:0.8185, WT:0.8716]
epoch:37/200, loss:0.0236, best epoch:34, best loss:0.0207, dice[ET:0.6829, TC:0.7281, WT:0.8423], best dice[ET:0.7674, TC:0.8185, WT:0.8716]
epoch:38/200, loss:0.0181, best epoch:38, best loss:0.0181, dice[ET:0.7720, TC:0.8333, WT:0.8776], best dice[ET:0.7720, TC:0.8333, WT:0.8776]
epoch:39/200, loss:0.0201, best epoch:38, best loss:0.0181, dice[ET:0.7655, TC:0.8224, WT:0.8612], best dice[ET:0.7720, TC:0.8333, WT:0.8776]
epoch:40/200, loss:0.0182, best epoch:38, best loss:0.0181, dice[ET:0.7660, TC:0.8281, WT:0.8787], best dice[ET:0.7720, TC:0.8333, WT:0.8776]
epoch:41/200, loss:0.0177, best epoch:41, best loss:0.0177, dice[ET:0.7725, TC:0.8108, WT:0.8837], best dice[ET:0.7725, TC:0.8108, WT:0.8837]
epoch:42/200, loss:0.0177, best epoch:41, best loss:0.0177, dice[ET:0.7798, TC:0.8431, WT:0.8849], best dice[ET:0.7725, TC:0.8108, WT:0.8837]
epoch:43/200, loss:0.0217, best epoch:41, best loss:0.0177, dice[ET:0.7659, TC:0.7942, WT:0.8642], best dice[ET:0.7725, TC:0.8108, WT:0.8837]
epoch:44/200, loss:0.0199, best epoch:41, best loss:0.0177, dice[ET:0.7690, TC:0.8295, WT:0.8707], best dice[ET:0.7725, TC:0.8108, WT:0.8837]
epoch:45/200, loss:0.0219, best epoch:41, best loss:0.0177, dice[ET:0.7689, TC:0.7979, WT:0.8718], best dice[ET:0.7725, TC:0.8108, WT:0.8837]
epoch:46/200, loss:0.0202, best epoch:41, best loss:0.0177, dice[ET:0.7821, TC:0.8295, WT:0.8693], best dice[ET:0.7725, TC:0.8108, WT:0.8837]
epoch:47/200, loss:0.0204, best epoch:41, best loss:0.0177, dice[ET:0.7891, TC:0.8402, WT:0.8575], best dice[ET:0.7725, TC:0.8108, WT:0.8837]
epoch:48/200, loss:0.0200, best epoch:41, best loss:0.0177, dice[ET:0.7744, TC:0.8376, WT:0.8729], best dice[ET:0.7725, TC:0.8108, WT:0.8837]
epoch:49/200, loss:0.0191, best epoch:41, best loss:0.0177, dice[ET:0.7761, TC:0.8320, WT:0.8753], best dice[ET:0.7725, TC:0.8108, WT:0.8837]
epoch:50/200, loss:0.0198, best epoch:41, best loss:0.0177, dice[ET:0.7564, TC:0.8010, WT:0.8654], best dice[ET:0.7725, TC:0.8108, WT:0.8837]
epoch:51/200, loss:0.0201, best epoch:41, best loss:0.0177, dice[ET:0.7854, TC:0.8250, WT:0.8576], best dice[ET:0.7725, TC:0.8108, WT:0.8837]
epoch:52/200, loss:0.0174, best epoch:52, best loss:0.0174, dice[ET:0.7835, TC:0.8386, WT:0.8853], best dice[ET:0.7835, TC:0.8386, WT:0.8853]
epoch:53/200, loss:0.0173, best epoch:53, best loss:0.0173, dice[ET:0.7866, TC:0.8415, WT:0.8800], best dice[ET:0.7866, TC:0.8415, WT:0.8800]
epoch:54/200, loss:0.0167, best epoch:54, best loss:0.0167, dice[ET:0.7734, TC:0.8379, WT:0.8878], best dice[ET:0.7734, TC:0.8379, WT:0.8878]
epoch:55/200, loss:0.0184, best epoch:54, best loss:0.0167, dice[ET:0.7813, TC:0.8315, WT:0.8774], best dice[ET:0.7734, TC:0.8379, WT:0.8878]
epoch:56/200, loss:0.0188, best epoch:54, best loss:0.0167, dice[ET:0.7917, TC:0.8330, WT:0.8739], best dice[ET:0.7734, TC:0.8379, WT:0.8878]
epoch:57/200, loss:0.0188, best epoch:54, best loss:0.0167, dice[ET:0.7864, TC:0.8379, WT:0.8797], best dice[ET:0.7734, TC:0.8379, WT:0.8878]
epoch:58/200, loss:0.0210, best epoch:54, best loss:0.0167, dice[ET:0.7907, TC:0.8355, WT:0.8621], best dice[ET:0.7734, TC:0.8379, WT:0.8878]
epoch:59/200, loss:0.0175, best epoch:54, best loss:0.0167, dice[ET:0.7891, TC:0.8465, WT:0.8822], best dice[ET:0.7734, TC:0.8379, WT:0.8878]
epoch:60/200, loss:0.0173, best epoch:54, best loss:0.0167, dice[ET:0.7964, TC:0.8497, WT:0.8827], best dice[ET:0.7734, TC:0.8379, WT:0.8878]
epoch:61/200, loss:0.0160, best epoch:61, best loss:0.0160, dice[ET:0.7935, TC:0.8587, WT:0.8903], best dice[ET:0.7935, TC:0.8587, WT:0.8903]
epoch:62/200, loss:0.0194, best epoch:61, best loss:0.0160, dice[ET:0.7660, TC:0.8338, WT:0.8739], best dice[ET:0.7935, TC:0.8587, WT:0.8903]
epoch:63/200, loss:0.0196, best epoch:61, best loss:0.0160, dice[ET:0.7727, TC:0.8294, WT:0.8745], best dice[ET:0.7935, TC:0.8587, WT:0.8903]
epoch:64/200, loss:0.0206, best epoch:61, best loss:0.0160, dice[ET:0.7874, TC:0.8194, WT:0.8688], best dice[ET:0.7935, TC:0.8587, WT:0.8903]
epoch:65/200, loss:0.0189, best epoch:61, best loss:0.0160, dice[ET:0.7876, TC:0.8273, WT:0.8742], best dice[ET:0.7935, TC:0.8587, WT:0.8903]
epoch:66/200, loss:0.0192, best epoch:61, best loss:0.0160, dice[ET:0.7929, TC:0.8435, WT:0.8726], best dice[ET:0.7935, TC:0.8587, WT:0.8903]
epoch:67/200, loss:0.0230, best epoch:61, best loss:0.0160, dice[ET:0.6405, TC:0.6901, WT:0.8155], best dice[ET:0.7935, TC:0.8587, WT:0.8903]
epoch:68/200, loss:0.0201, best epoch:61, best loss:0.0160, dice[ET:0.7752, TC:0.8274, WT:0.8460], best dice[ET:0.7935, TC:0.8587, WT:0.8903]
epoch:69/200, loss:0.0182, best epoch:61, best loss:0.0160, dice[ET:0.7689, TC:0.8100, WT:0.8707], best dice[ET:0.7935, TC:0.8587, WT:0.8903]
epoch:70/200, loss:0.0186, best epoch:61, best loss:0.0160, dice[ET:0.7817, TC:0.8246, WT:0.8750], best dice[ET:0.7935, TC:0.8587, WT:0.8903]
epoch:71/200, loss:0.0172, best epoch:61, best loss:0.0160, dice[ET:0.7408, TC:0.8135, WT:0.8880], best dice[ET:0.7935, TC:0.8587, WT:0.8903]
epoch:72/200, loss:0.0167, best epoch:61, best loss:0.0160, dice[ET:0.7816, TC:0.8495, WT:0.8869], best dice[ET:0.7935, TC:0.8587, WT:0.8903]
epoch:73/200, loss:0.0172, best epoch:61, best loss:0.0160, dice[ET:0.7903, TC:0.8398, WT:0.8830], best dice[ET:0.7935, TC:0.8587, WT:0.8903]
epoch:74/200, loss:0.0179, best epoch:61, best loss:0.0160, dice[ET:0.7884, TC:0.8397, WT:0.8756], best dice[ET:0.7935, TC:0.8587, WT:0.8903]
epoch:75/200, loss:0.0194, best epoch:61, best loss:0.0160, dice[ET:0.7942, TC:0.8286, WT:0.8722], best dice[ET:0.7935, TC:0.8587, WT:0.8903]
epoch:76/200, loss:0.0180, best epoch:61, best loss:0.0160, dice[ET:0.8019, TC:0.8526, WT:0.8763], best dice[ET:0.7935, TC:0.8587, WT:0.8903]
epoch:77/200, loss:0.0201, best epoch:61, best loss:0.0160, dice[ET:0.7703, TC:0.8406, WT:0.8753], best dice[ET:0.7935, TC:0.8587, WT:0.8903]
epoch:78/200, loss:0.0192, best epoch:61, best loss:0.0160, dice[ET:0.7944, TC:0.8483, WT:0.8794], best dice[ET:0.7935, TC:0.8587, WT:0.8903]
epoch:79/200, loss:0.0209, best epoch:61, best loss:0.0160, dice[ET:0.7681, TC:0.8081, WT:0.8741], best dice[ET:0.7935, TC:0.8587, WT:0.8903]
epoch:80/200, loss:0.0195, best epoch:61, best loss:0.0160, dice[ET:0.7897, TC:0.8299, WT:0.8777], best dice[ET:0.7935, TC:0.8587, WT:0.8903]
epoch:81/200, loss:0.0190, best epoch:61, best loss:0.0160, dice[ET:0.7927, TC:0.8534, WT:0.8782], best dice[ET:0.7935, TC:0.8587, WT:0.8903]
epoch:82/200, loss:0.0193, best epoch:61, best loss:0.0160, dice[ET:0.8032, TC:0.8461, WT:0.8755], best dice[ET:0.7935, TC:0.8587, WT:0.8903]
epoch:83/200, loss:0.0189, best epoch:61, best loss:0.0160, dice[ET:0.7975, TC:0.8442, WT:0.8807], best dice[ET:0.7935, TC:0.8587, WT:0.8903]
epoch:84/200, loss:0.0212, best epoch:61, best loss:0.0160, dice[ET:0.7829, TC:0.8260, WT:0.8698], best dice[ET:0.7935, TC:0.8587, WT:0.8903]
epoch:85/200, loss:0.0175, best epoch:61, best loss:0.0160, dice[ET:0.7995, TC:0.8516, WT:0.8753], best dice[ET:0.7935, TC:0.8587, WT:0.8903]
epoch:86/200, loss:0.0189, best epoch:61, best loss:0.0160, dice[ET:0.7924, TC:0.8307, WT:0.8757], best dice[ET:0.7935, TC:0.8587, WT:0.8903]
epoch:87/200, loss:0.0169, best epoch:61, best loss:0.0160, dice[ET:0.7938, TC:0.8484, WT:0.8848], best dice[ET:0.7935, TC:0.8587, WT:0.8903]
epoch:88/200, loss:0.0185, best epoch:61, best loss:0.0160, dice[ET:0.8067, TC:0.8492, WT:0.8780], best dice[ET:0.7935, TC:0.8587, WT:0.8903]
epoch:89/200, loss:0.0194, best epoch:61, best loss:0.0160, dice[ET:0.8043, TC:0.8276, WT:0.8793], best dice[ET:0.7935, TC:0.8587, WT:0.8903]
epoch:90/200, loss:0.0178, best epoch:61, best loss:0.0160, dice[ET:0.7787, TC:0.8360, WT:0.8794], best dice[ET:0.7935, TC:0.8587, WT:0.8903]
epoch:91/200, loss:0.0180, best epoch:61, best loss:0.0160, dice[ET:0.8039, TC:0.8332, WT:0.8820], best dice[ET:0.7935, TC:0.8587, WT:0.8903]
epoch:92/200, loss:0.0182, best epoch:61, best loss:0.0160, dice[ET:0.7984, TC:0.8435, WT:0.8791], best dice[ET:0.7935, TC:0.8587, WT:0.8903]
epoch:93/200, loss:0.0193, best epoch:61, best loss:0.0160, dice[ET:0.7667, TC:0.8358, WT:0.8804], best dice[ET:0.7935, TC:0.8587, WT:0.8903]
epoch:94/200, loss:0.0176, best epoch:61, best loss:0.0160, dice[ET:0.8025, TC:0.8485, WT:0.8781], best dice[ET:0.7935, TC:0.8587, WT:0.8903]
epoch:95/200, loss:0.0170, best epoch:61, best loss:0.0160, dice[ET:0.8027, TC:0.8469, WT:0.8824], best dice[ET:0.7935, TC:0.8587, WT:0.8903]
epoch:96/200, loss:0.0193, best epoch:61, best loss:0.0160, dice[ET:0.8020, TC:0.8542, WT:0.8686], best dice[ET:0.7935, TC:0.8587, WT:0.8903]
epoch:97/200, loss:0.0192, best epoch:61, best loss:0.0160, dice[ET:0.8043, TC:0.8444, WT:0.8757], best dice[ET:0.7935, TC:0.8587, WT:0.8903]
epoch:98/200, loss:0.0200, best epoch:61, best loss:0.0160, dice[ET:0.8087, TC:0.8554, WT:0.8496], best dice[ET:0.7935, TC:0.8587, WT:0.8903]
epoch:99/200, loss:0.0186, best epoch:61, best loss:0.0160, dice[ET:0.7876, TC:0.8269, WT:0.8803], best dice[ET:0.7935, TC:0.8587, WT:0.8903]
epoch:100/200, loss:0.0155, best epoch:100, best loss:0.0155, dice[ET:0.8058, TC:0.8635, WT:0.8914], best dice[ET:0.8058, TC:0.8635, WT:0.8914]
epoch:101/200, loss:0.0167, best epoch:100, best loss:0.0155, dice[ET:0.8081, TC:0.8516, WT:0.8831], best dice[ET:0.8058, TC:0.8635, WT:0.8914]
epoch:102/200, loss:0.0188, best epoch:100, best loss:0.0155, dice[ET:0.8014, TC:0.8570, WT:0.8731], best dice[ET:0.8058, TC:0.8635, WT:0.8914]
epoch:103/200, loss:0.0180, best epoch:100, best loss:0.0155, dice[ET:0.7928, TC:0.8299, WT:0.8804], best dice[ET:0.8058, TC:0.8635, WT:0.8914]
epoch:104/200, loss:0.0184, best epoch:100, best loss:0.0155, dice[ET:0.7898, TC:0.8401, WT:0.8787], best dice[ET:0.8058, TC:0.8635, WT:0.8914]
epoch:105/200, loss:0.0180, best epoch:100, best loss:0.0155, dice[ET:0.7932, TC:0.8558, WT:0.8831], best dice[ET:0.8058, TC:0.8635, WT:0.8914]
epoch:106/200, loss:0.0179, best epoch:100, best loss:0.0155, dice[ET:0.8064, TC:0.8414, WT:0.8814], best dice[ET:0.8058, TC:0.8635, WT:0.8914]
epoch:107/200, loss:0.0169, best epoch:100, best loss:0.0155, dice[ET:0.8010, TC:0.8383, WT:0.8858], best dice[ET:0.8058, TC:0.8635, WT:0.8914]
epoch:108/200, loss:0.0163, best epoch:100, best loss:0.0155, dice[ET:0.8136, TC:0.8534, WT:0.8862], best dice[ET:0.8058, TC:0.8635, WT:0.8914]
epoch:109/200, loss:0.0175, best epoch:100, best loss:0.0155, dice[ET:0.8130, TC:0.8512, WT:0.8854], best dice[ET:0.8058, TC:0.8635, WT:0.8914]
epoch:110/200, loss:0.0195, best epoch:100, best loss:0.0155, dice[ET:0.8139, TC:0.8565, WT:0.8753], best dice[ET:0.8058, TC:0.8635, WT:0.8914]
epoch:111/200, loss:0.0179, best epoch:100, best loss:0.0155, dice[ET:0.7945, TC:0.8454, WT:0.8825], best dice[ET:0.8058, TC:0.8635, WT:0.8914]
epoch:112/200, loss:0.0181, best epoch:100, best loss:0.0155, dice[ET:0.8094, TC:0.8599, WT:0.8841], best dice[ET:0.8058, TC:0.8635, WT:0.8914]
epoch:113/200, loss:0.0183, best epoch:100, best loss:0.0155, dice[ET:0.7888, TC:0.8269, WT:0.8815], best dice[ET:0.8058, TC:0.8635, WT:0.8914]
epoch:114/200, loss:0.0188, best epoch:100, best loss:0.0155, dice[ET:0.7981, TC:0.8331, WT:0.8863], best dice[ET:0.8058, TC:0.8635, WT:0.8914]
epoch:115/200, loss:0.0212, best epoch:100, best loss:0.0155, dice[ET:0.7741, TC:0.7911, WT:0.8746], best dice[ET:0.8058, TC:0.8635, WT:0.8914]
epoch:116/200, loss:0.0175, best epoch:100, best loss:0.0155, dice[ET:0.8100, TC:0.8600, WT:0.8852], best dice[ET:0.8058, TC:0.8635, WT:0.8914]
epoch:117/200, loss:0.0195, best epoch:100, best loss:0.0155, dice[ET:0.8046, TC:0.8489, WT:0.8829], best dice[ET:0.8058, TC:0.8635, WT:0.8914]
epoch:118/200, loss:0.0193, best epoch:100, best loss:0.0155, dice[ET:0.8079, TC:0.8413, WT:0.8834], best dice[ET:0.8058, TC:0.8635, WT:0.8914]
epoch:119/200, loss:0.0168, best epoch:100, best loss:0.0155, dice[ET:0.8143, TC:0.8457, WT:0.8894], best dice[ET:0.8058, TC:0.8635, WT:0.8914]
epoch:120/200, loss:0.0178, best epoch:100, best loss:0.0155, dice[ET:0.8055, TC:0.8378, WT:0.8871], best dice[ET:0.8058, TC:0.8635, WT:0.8914]
epoch:121/200, loss:0.0169, best epoch:100, best loss:0.0155, dice[ET:0.8116, TC:0.8560, WT:0.8880], best dice[ET:0.8058, TC:0.8635, WT:0.8914]
epoch:122/200, loss:0.0190, best epoch:100, best loss:0.0155, dice[ET:0.8176, TC:0.8610, WT:0.8895], best dice[ET:0.8058, TC:0.8635, WT:0.8914]
epoch:123/200, loss:0.0179, best epoch:100, best loss:0.0155, dice[ET:0.8135, TC:0.8499, WT:0.8854], best dice[ET:0.8058, TC:0.8635, WT:0.8914]
epoch:124/200, loss:0.0182, best epoch:100, best loss:0.0155, dice[ET:0.8168, TC:0.8459, WT:0.8859], best dice[ET:0.8058, TC:0.8635, WT:0.8914]
epoch:125/200, loss:0.0164, best epoch:100, best loss:0.0155, dice[ET:0.8149, TC:0.8543, WT:0.8908], best dice[ET:0.8058, TC:0.8635, WT:0.8914]
epoch:126/200, loss:0.0187, best epoch:100, best loss:0.0155, dice[ET:0.8143, TC:0.8420, WT:0.8818], best dice[ET:0.8058, TC:0.8635, WT:0.8914]
epoch:127/200, loss:0.0171, best epoch:100, best loss:0.0155, dice[ET:0.7997, TC:0.8399, WT:0.8869], best dice[ET:0.8058, TC:0.8635, WT:0.8914]
epoch:128/200, loss:0.0172, best epoch:100, best loss:0.0155, dice[ET:0.8155, TC:0.8509, WT:0.8872], best dice[ET:0.8058, TC:0.8635, WT:0.8914]
epoch:129/200, loss:0.0177, best epoch:100, best loss:0.0155, dice[ET:0.7708, TC:0.8323, WT:0.8838], best dice[ET:0.8058, TC:0.8635, WT:0.8914]
epoch:130/200, loss:0.0182, best epoch:100, best loss:0.0155, dice[ET:0.8180, TC:0.8590, WT:0.8872], best dice[ET:0.8058, TC:0.8635, WT:0.8914]
epoch:131/200, loss:0.0164, best epoch:100, best loss:0.0155, dice[ET:0.8189, TC:0.8550, WT:0.8871], best dice[ET:0.8058, TC:0.8635, WT:0.8914]
epoch:132/200, loss:0.0167, best epoch:100, best loss:0.0155, dice[ET:0.8024, TC:0.8668, WT:0.8922], best dice[ET:0.8058, TC:0.8635, WT:0.8914]
epoch:133/200, loss:0.0166, best epoch:100, best loss:0.0155, dice[ET:0.8094, TC:0.8484, WT:0.8913], best dice[ET:0.8058, TC:0.8635, WT:0.8914]
epoch:134/200, loss:0.0166, best epoch:100, best loss:0.0155, dice[ET:0.8177, TC:0.8458, WT:0.8898], best dice[ET:0.8058, TC:0.8635, WT:0.8914]
epoch:135/200, loss:0.0167, best epoch:100, best loss:0.0155, dice[ET:0.8178, TC:0.8567, WT:0.8844], best dice[ET:0.8058, TC:0.8635, WT:0.8914]
epoch:136/200, loss:0.0171, best epoch:100, best loss:0.0155, dice[ET:0.7952, TC:0.8322, WT:0.8873], best dice[ET:0.8058, TC:0.8635, WT:0.8914]
epoch:137/200, loss:0.0176, best epoch:100, best loss:0.0155, dice[ET:0.8226, TC:0.8565, WT:0.8804], best dice[ET:0.8058, TC:0.8635, WT:0.8914]
epoch:138/200, loss:0.0171, best epoch:100, best loss:0.0155, dice[ET:0.8126, TC:0.8536, WT:0.8846], best dice[ET:0.8058, TC:0.8635, WT:0.8914]
epoch:139/200, loss:0.0171, best epoch:100, best loss:0.0155, dice[ET:0.8046, TC:0.8308, WT:0.8941], best dice[ET:0.8058, TC:0.8635, WT:0.8914]
epoch:140/200, loss:0.0162, best epoch:100, best loss:0.0155, dice[ET:0.8149, TC:0.8478, WT:0.8911], best dice[ET:0.8058, TC:0.8635, WT:0.8914]
epoch:141/200, loss:0.0186, best epoch:100, best loss:0.0155, dice[ET:0.8114, TC:0.8338, WT:0.8848], best dice[ET:0.8058, TC:0.8635, WT:0.8914]
epoch:142/200, loss:0.0168, best epoch:100, best loss:0.0155, dice[ET:0.8155, TC:0.8535, WT:0.8860], best dice[ET:0.8058, TC:0.8635, WT:0.8914]
epoch:143/200, loss:0.0168, best epoch:100, best loss:0.0155, dice[ET:0.8133, TC:0.8537, WT:0.8818], best dice[ET:0.8058, TC:0.8635, WT:0.8914]
epoch:144/200, loss:0.0194, best epoch:100, best loss:0.0155, dice[ET:0.8127, TC:0.8491, WT:0.8507], best dice[ET:0.8058, TC:0.8635, WT:0.8914]
epoch:145/200, loss:0.0187, best epoch:100, best loss:0.0155, dice[ET:0.8121, TC:0.8407, WT:0.8862], best dice[ET:0.8058, TC:0.8635, WT:0.8914]
epoch:146/200, loss:0.0175, best epoch:100, best loss:0.0155, dice[ET:0.8147, TC:0.8468, WT:0.8868], best dice[ET:0.8058, TC:0.8635, WT:0.8914]
epoch:147/200, loss:0.0166, best epoch:100, best loss:0.0155, dice[ET:0.8045, TC:0.8306, WT:0.8878], best dice[ET:0.8058, TC:0.8635, WT:0.8914]
epoch:148/200, loss:0.0166, best epoch:100, best loss:0.0155, dice[ET:0.8206, TC:0.8593, WT:0.8857], best dice[ET:0.8058, TC:0.8635, WT:0.8914]
epoch:149/200, loss:0.0160, best epoch:100, best loss:0.0155, dice[ET:0.8151, TC:0.8352, WT:0.8914], best dice[ET:0.8058, TC:0.8635, WT:0.8914]
epoch:150/200, loss:0.0166, best epoch:100, best loss:0.0155, dice[ET:0.8064, TC:0.8268, WT:0.8864], best dice[ET:0.8058, TC:0.8635, WT:0.8914]
epoch:151/200, loss:0.0177, best epoch:100, best loss:0.0155, dice[ET:0.7992, TC:0.8399, WT:0.8855], best dice[ET:0.8058, TC:0.8635, WT:0.8914]
epoch:152/200, loss:0.0171, best epoch:100, best loss:0.0155, dice[ET:0.8021, TC:0.8381, WT:0.8883], best dice[ET:0.8058, TC:0.8635, WT:0.8914]
epoch:153/200, loss:0.0188, best epoch:100, best loss:0.0155, dice[ET:0.7848, TC:0.8214, WT:0.8630], best dice[ET:0.8058, TC:0.8635, WT:0.8914]
epoch:154/200, loss:0.0161, best epoch:100, best loss:0.0155, dice[ET:0.8182, TC:0.8613, WT:0.8901], best dice[ET:0.8058, TC:0.8635, WT:0.8914]
epoch:155/200, loss:0.0188, best epoch:100, best loss:0.0155, dice[ET:0.8071, TC:0.8288, WT:0.8705], best dice[ET:0.8058, TC:0.8635, WT:0.8914]
epoch:156/200, loss:0.0187, best epoch:100, best loss:0.0155, dice[ET:0.7914, TC:0.8222, WT:0.8713], best dice[ET:0.8058, TC:0.8635, WT:0.8914]
epoch:157/200, loss:0.0177, best epoch:100, best loss:0.0155, dice[ET:0.8205, TC:0.8527, WT:0.8889], best dice[ET:0.8058, TC:0.8635, WT:0.8914]
epoch:158/200, loss:0.0177, best epoch:100, best loss:0.0155, dice[ET:0.8131, TC:0.8494, WT:0.8829], best dice[ET:0.8058, TC:0.8635, WT:0.8914]
epoch:159/200, loss:0.0200, best epoch:100, best loss:0.0155, dice[ET:0.7858, TC:0.8378, WT:0.8828], best dice[ET:0.8058, TC:0.8635, WT:0.8914]
epoch:160/200, loss:0.0167, best epoch:100, best loss:0.0155, dice[ET:0.8100, TC:0.8416, WT:0.8887], best dice[ET:0.8058, TC:0.8635, WT:0.8914]
epoch:161/200, loss:0.0179, best epoch:100, best loss:0.0155, dice[ET:0.8049, TC:0.8378, WT:0.8868], best dice[ET:0.8058, TC:0.8635, WT:0.8914]
epoch:162/200, loss:0.0183, best epoch:100, best loss:0.0155, dice[ET:0.7918, TC:0.8122, WT:0.8691], best dice[ET:0.8058, TC:0.8635, WT:0.8914]
epoch:163/200, loss:0.0162, best epoch:100, best loss:0.0155, dice[ET:0.8109, TC:0.8501, WT:0.8870], best dice[ET:0.8058, TC:0.8635, WT:0.8914]
epoch:164/200, loss:0.0168, best epoch:100, best loss:0.0155, dice[ET:0.8171, TC:0.8638, WT:0.8813], best dice[ET:0.8058, TC:0.8635, WT:0.8914]
epoch:165/200, loss:0.0158, best epoch:100, best loss:0.0155, dice[ET:0.8179, TC:0.8608, WT:0.8903], best dice[ET:0.8058, TC:0.8635, WT:0.8914]
epoch:166/200, loss:0.0173, best epoch:100, best loss:0.0155, dice[ET:0.8164, TC:0.8588, WT:0.8837], best dice[ET:0.8058, TC:0.8635, WT:0.8914]
epoch:167/200, loss:0.0162, best epoch:100, best loss:0.0155, dice[ET:0.8185, TC:0.8650, WT:0.8877], best dice[ET:0.8058, TC:0.8635, WT:0.8914]
epoch:168/200, loss:0.0166, best epoch:100, best loss:0.0155, dice[ET:0.8145, TC:0.8378, WT:0.8880], best dice[ET:0.8058, TC:0.8635, WT:0.8914]
epoch:169/200, loss:0.0155, best epoch:100, best loss:0.0155, dice[ET:0.8217, TC:0.8530, WT:0.8955], best dice[ET:0.8058, TC:0.8635, WT:0.8914]
epoch:170/200, loss:0.0161, best epoch:100, best loss:0.0155, dice[ET:0.8197, TC:0.8510, WT:0.8930], best dice[ET:0.8058, TC:0.8635, WT:0.8914]
epoch:171/200, loss:0.0154, best epoch:171, best loss:0.0154, dice[ET:0.8221, TC:0.8648, WT:0.8925], best dice[ET:0.8221, TC:0.8648, WT:0.8925]
epoch:172/200, loss:0.0164, best epoch:171, best loss:0.0154, dice[ET:0.8028, TC:0.8552, WT:0.8910], best dice[ET:0.8221, TC:0.8648, WT:0.8925]
epoch:173/200, loss:0.0156, best epoch:171, best loss:0.0154, dice[ET:0.8231, TC:0.8525, WT:0.8956], best dice[ET:0.8221, TC:0.8648, WT:0.8925]
epoch:174/200, loss:0.0163, best epoch:171, best loss:0.0154, dice[ET:0.8251, TC:0.8575, WT:0.8921], best dice[ET:0.8221, TC:0.8648, WT:0.8925]
epoch:175/200, loss:0.0164, best epoch:171, best loss:0.0154, dice[ET:0.8175, TC:0.8480, WT:0.8879], best dice[ET:0.8221, TC:0.8648, WT:0.8925]
epoch:176/200, loss:0.0165, best epoch:171, best loss:0.0154, dice[ET:0.8097, TC:0.8472, WT:0.8929], best dice[ET:0.8221, TC:0.8648, WT:0.8925]
epoch:177/200, loss:0.0165, best epoch:171, best loss:0.0154, dice[ET:0.8210, TC:0.8567, WT:0.8953], best dice[ET:0.8221, TC:0.8648, WT:0.8925]
epoch:178/200, loss:0.0167, best epoch:171, best loss:0.0154, dice[ET:0.8232, TC:0.8553, WT:0.8888], best dice[ET:0.8221, TC:0.8648, WT:0.8925]
epoch:179/200, loss:0.0168, best epoch:171, best loss:0.0154, dice[ET:0.8016, TC:0.8296, WT:0.8871], best dice[ET:0.8221, TC:0.8648, WT:0.8925]
epoch:180/200, loss:0.0163, best epoch:171, best loss:0.0154, dice[ET:0.8126, TC:0.8417, WT:0.8917], best dice[ET:0.8221, TC:0.8648, WT:0.8925]
epoch:181/200, loss:0.0265, best epoch:171, best loss:0.0154, dice[ET:0.7054, TC:0.6841, WT:0.8370], best dice[ET:0.8221, TC:0.8648, WT:0.8925]
epoch:182/200, loss:0.0173, best epoch:171, best loss:0.0154, dice[ET:0.8111, TC:0.8511, WT:0.8822], best dice[ET:0.8221, TC:0.8648, WT:0.8925]
epoch:183/200, loss:0.0192, best epoch:171, best loss:0.0154, dice[ET:0.8004, TC:0.8327, WT:0.8766], best dice[ET:0.8221, TC:0.8648, WT:0.8925]
epoch:184/200, loss:0.0164, best epoch:171, best loss:0.0154, dice[ET:0.8266, TC:0.8597, WT:0.8899], best dice[ET:0.8221, TC:0.8648, WT:0.8925]
epoch:185/200, loss:0.0158, best epoch:171, best loss:0.0154, dice[ET:0.8179, TC:0.8476, WT:0.8940], best dice[ET:0.8221, TC:0.8648, WT:0.8925]
epoch:186/200, loss:0.0165, best epoch:171, best loss:0.0154, dice[ET:0.8236, TC:0.8602, WT:0.8846], best dice[ET:0.8221, TC:0.8648, WT:0.8925]
epoch:187/200, loss:0.0155, best epoch:171, best loss:0.0154, dice[ET:0.8205, TC:0.8690, WT:0.8925], best dice[ET:0.8221, TC:0.8648, WT:0.8925]
epoch:188/200, loss:0.0152, best epoch:188, best loss:0.0152, dice[ET:0.8197, TC:0.8506, WT:0.8916], best dice[ET:0.8197, TC:0.8506, WT:0.8916]
epoch:189/200, loss:0.0157, best epoch:188, best loss:0.0152, dice[ET:0.8238, TC:0.8580, WT:0.8901], best dice[ET:0.8197, TC:0.8506, WT:0.8916]
epoch:190/200, loss:0.0162, best epoch:188, best loss:0.0152, dice[ET:0.8206, TC:0.8516, WT:0.8941], best dice[ET:0.8197, TC:0.8506, WT:0.8916]
