batch_size = 2
ckpt_dir = ckpt/ckpt_brats19_svls_ve_0.1_1234
cosine_annealing_lr = False
data_root = MICCAI_BraTS_2019_Data_Training/HGG_LGG
end_scale_factor = 1.4
epochs = 200
in_channels = 4
lr = 0.0001
ls_smoothing = 0.1
num_classes = 4
start_scale_factor = 2.2
svls_alpha = 0.1
svls_ratio = 1.0
svls_sigma_diff = 0.1
svls_smoothing = 1.0
train_option = SVLS_VE
weight_decay = 0.0
train sample: 269 train minibatch: 135 valid sample: 66 valid minibatch: 33
train_option SVLS_VE
ckpt name: model_best_svls_ve.pth.tar
epoch:0/200, loss:0.3201, best epoch:0, best loss:0.3201, dice[ET:0.0178, TC:0.0195, WT:0.7421], best dice[ET:0.0178, TC:0.0195, WT:0.7421]
epoch:1/200, loss:0.2240, best epoch:1, best loss:0.2240, dice[ET:0.1754, TC:0.2460, WT:0.7828], best dice[ET:0.1754, TC:0.2460, WT:0.7828]
epoch:2/200, loss:0.1650, best epoch:2, best loss:0.1650, dice[ET:0.0423, TC:0.2656, WT:0.7271], best dice[ET:0.0423, TC:0.2656, WT:0.7271]
epoch:3/200, loss:0.1297, best epoch:3, best loss:0.1297, dice[ET:0.0014, TC:0.2753, WT:0.8014], best dice[ET:0.0014, TC:0.2753, WT:0.8014]
epoch:4/200, loss:0.1049, best epoch:4, best loss:0.1049, dice[ET:0.0036, TC:0.5308, WT:0.7857], best dice[ET:0.0036, TC:0.5308, WT:0.7857]
epoch:5/200, loss:0.0849, best epoch:5, best loss:0.0849, dice[ET:0.2316, TC:0.5041, WT:0.8341], best dice[ET:0.2316, TC:0.5041, WT:0.8341]
epoch:6/200, loss:0.0722, best epoch:6, best loss:0.0722, dice[ET:0.5231, TC:0.5405, WT:0.7850], best dice[ET:0.5231, TC:0.5405, WT:0.7850]
epoch:7/200, loss:0.0612, best epoch:7, best loss:0.0612, dice[ET:0.6172, TC:0.7005, WT:0.8282], best dice[ET:0.6172, TC:0.7005, WT:0.8282]
epoch:8/200, loss:0.0555, best epoch:8, best loss:0.0555, dice[ET:0.6335, TC:0.7213, WT:0.8279], best dice[ET:0.6335, TC:0.7213, WT:0.8279]
epoch:9/200, loss:0.0474, best epoch:9, best loss:0.0474, dice[ET:0.6418, TC:0.7420, WT:0.8612], best dice[ET:0.6418, TC:0.7420, WT:0.8612]
epoch:10/200, loss:0.0441, best epoch:10, best loss:0.0441, dice[ET:0.6941, TC:0.7221, WT:0.8471], best dice[ET:0.6941, TC:0.7221, WT:0.8471]
epoch:11/200, loss:0.0427, best epoch:11, best loss:0.0427, dice[ET:0.6929, TC:0.6980, WT:0.8537], best dice[ET:0.6929, TC:0.6980, WT:0.8537]
epoch:12/200, loss:0.0380, best epoch:12, best loss:0.0380, dice[ET:0.6721, TC:0.7519, WT:0.8376], best dice[ET:0.6721, TC:0.7519, WT:0.8376]
epoch:13/200, loss:0.0353, best epoch:13, best loss:0.0353, dice[ET:0.6122, TC:0.7280, WT:0.8610], best dice[ET:0.6122, TC:0.7280, WT:0.8610]
epoch:14/200, loss:0.0341, best epoch:14, best loss:0.0341, dice[ET:0.6527, TC:0.7342, WT:0.8569], best dice[ET:0.6527, TC:0.7342, WT:0.8569]
epoch:15/200, loss:0.0316, best epoch:15, best loss:0.0316, dice[ET:0.6876, TC:0.7535, WT:0.8530], best dice[ET:0.6876, TC:0.7535, WT:0.8530]
epoch:16/200, loss:0.0304, best epoch:16, best loss:0.0304, dice[ET:0.7490, TC:0.7415, WT:0.8656], best dice[ET:0.7490, TC:0.7415, WT:0.8656]
epoch:17/200, loss:0.0291, best epoch:17, best loss:0.0291, dice[ET:0.7139, TC:0.7762, WT:0.8653], best dice[ET:0.7139, TC:0.7762, WT:0.8653]
epoch:18/200, loss:0.0288, best epoch:18, best loss:0.0288, dice[ET:0.7219, TC:0.7552, WT:0.8589], best dice[ET:0.7219, TC:0.7552, WT:0.8589]
epoch:19/200, loss:0.0290, best epoch:18, best loss:0.0288, dice[ET:0.7224, TC:0.7458, WT:0.8596], best dice[ET:0.7219, TC:0.7552, WT:0.8589]
epoch:20/200, loss:0.0271, best epoch:20, best loss:0.0271, dice[ET:0.7408, TC:0.7911, WT:0.8525], best dice[ET:0.7408, TC:0.7911, WT:0.8525]
epoch:21/200, loss:0.0339, best epoch:20, best loss:0.0271, dice[ET:0.7444, TC:0.7440, WT:0.7944], best dice[ET:0.7408, TC:0.7911, WT:0.8525]
epoch:22/200, loss:0.0251, best epoch:22, best loss:0.0251, dice[ET:0.7530, TC:0.7897, WT:0.8678], best dice[ET:0.7530, TC:0.7897, WT:0.8678]
epoch:23/200, loss:0.0258, best epoch:22, best loss:0.0251, dice[ET:0.7462, TC:0.7720, WT:0.8650], best dice[ET:0.7530, TC:0.7897, WT:0.8678]
epoch:24/200, loss:0.0280, best epoch:22, best loss:0.0251, dice[ET:0.6889, TC:0.7667, WT:0.8356], best dice[ET:0.7530, TC:0.7897, WT:0.8678]
epoch:25/200, loss:0.0232, best epoch:25, best loss:0.0232, dice[ET:0.7461, TC:0.7871, WT:0.8621], best dice[ET:0.7461, TC:0.7871, WT:0.8621]
epoch:26/200, loss:0.0254, best epoch:25, best loss:0.0232, dice[ET:0.7622, TC:0.8075, WT:0.8427], best dice[ET:0.7461, TC:0.7871, WT:0.8621]
epoch:27/200, loss:0.0228, best epoch:27, best loss:0.0228, dice[ET:0.7631, TC:0.8157, WT:0.8676], best dice[ET:0.7631, TC:0.8157, WT:0.8676]
epoch:28/200, loss:0.0242, best epoch:27, best loss:0.0228, dice[ET:0.7449, TC:0.7401, WT:0.8691], best dice[ET:0.7631, TC:0.8157, WT:0.8676]
epoch:29/200, loss:0.0217, best epoch:29, best loss:0.0217, dice[ET:0.7456, TC:0.7914, WT:0.8647], best dice[ET:0.7456, TC:0.7914, WT:0.8647]
epoch:30/200, loss:0.0212, best epoch:30, best loss:0.0212, dice[ET:0.7763, TC:0.7951, WT:0.8789], best dice[ET:0.7763, TC:0.7951, WT:0.8789]
epoch:31/200, loss:0.0230, best epoch:30, best loss:0.0212, dice[ET:0.7459, TC:0.7450, WT:0.8712], best dice[ET:0.7763, TC:0.7951, WT:0.8789]
epoch:32/200, loss:0.0213, best epoch:30, best loss:0.0212, dice[ET:0.7756, TC:0.8165, WT:0.8620], best dice[ET:0.7763, TC:0.7951, WT:0.8789]
epoch:33/200, loss:0.0229, best epoch:30, best loss:0.0212, dice[ET:0.7133, TC:0.7806, WT:0.8711], best dice[ET:0.7763, TC:0.7951, WT:0.8789]
epoch:34/200, loss:0.0211, best epoch:34, best loss:0.0211, dice[ET:0.7366, TC:0.8024, WT:0.8650], best dice[ET:0.7366, TC:0.8024, WT:0.8650]
epoch:35/200, loss:0.0202, best epoch:35, best loss:0.0202, dice[ET:0.7437, TC:0.8146, WT:0.8775], best dice[ET:0.7437, TC:0.8146, WT:0.8775]
epoch:36/200, loss:0.0193, best epoch:36, best loss:0.0193, dice[ET:0.7725, TC:0.8146, WT:0.8781], best dice[ET:0.7725, TC:0.8146, WT:0.8781]
epoch:37/200, loss:0.0195, best epoch:36, best loss:0.0193, dice[ET:0.7423, TC:0.8254, WT:0.8747], best dice[ET:0.7725, TC:0.8146, WT:0.8781]
epoch:38/200, loss:0.0223, best epoch:36, best loss:0.0193, dice[ET:0.7584, TC:0.7424, WT:0.8725], best dice[ET:0.7725, TC:0.8146, WT:0.8781]
epoch:39/200, loss:0.0216, best epoch:36, best loss:0.0193, dice[ET:0.7783, TC:0.8048, WT:0.8688], best dice[ET:0.7725, TC:0.8146, WT:0.8781]
epoch:40/200, loss:0.0198, best epoch:36, best loss:0.0193, dice[ET:0.7695, TC:0.8317, WT:0.8716], best dice[ET:0.7725, TC:0.8146, WT:0.8781]
epoch:41/200, loss:0.0208, best epoch:36, best loss:0.0193, dice[ET:0.7702, TC:0.8120, WT:0.8614], best dice[ET:0.7725, TC:0.8146, WT:0.8781]
epoch:42/200, loss:0.0197, best epoch:36, best loss:0.0193, dice[ET:0.7808, TC:0.8271, WT:0.8765], best dice[ET:0.7725, TC:0.8146, WT:0.8781]
epoch:43/200, loss:0.0207, best epoch:36, best loss:0.0193, dice[ET:0.7595, TC:0.8245, WT:0.8594], best dice[ET:0.7725, TC:0.8146, WT:0.8781]
epoch:44/200, loss:0.0206, best epoch:36, best loss:0.0193, dice[ET:0.7621, TC:0.8213, WT:0.8655], best dice[ET:0.7725, TC:0.8146, WT:0.8781]
epoch:45/200, loss:0.0212, best epoch:36, best loss:0.0193, dice[ET:0.7464, TC:0.8039, WT:0.8531], best dice[ET:0.7725, TC:0.8146, WT:0.8781]
epoch:46/200, loss:0.0190, best epoch:46, best loss:0.0190, dice[ET:0.7694, TC:0.8084, WT:0.8783], best dice[ET:0.7694, TC:0.8084, WT:0.8783]
epoch:47/200, loss:0.0199, best epoch:46, best loss:0.0190, dice[ET:0.7493, TC:0.8180, WT:0.8641], best dice[ET:0.7694, TC:0.8084, WT:0.8783]
epoch:48/200, loss:0.0207, best epoch:46, best loss:0.0190, dice[ET:0.7707, TC:0.8033, WT:0.8722], best dice[ET:0.7694, TC:0.8084, WT:0.8783]
epoch:49/200, loss:0.0181, best epoch:49, best loss:0.0181, dice[ET:0.7851, TC:0.8310, WT:0.8832], best dice[ET:0.7851, TC:0.8310, WT:0.8832]
epoch:50/200, loss:0.0192, best epoch:49, best loss:0.0181, dice[ET:0.7586, TC:0.8052, WT:0.8555], best dice[ET:0.7851, TC:0.8310, WT:0.8832]
epoch:51/200, loss:0.0201, best epoch:49, best loss:0.0181, dice[ET:0.7398, TC:0.8141, WT:0.8802], best dice[ET:0.7851, TC:0.8310, WT:0.8832]
epoch:52/200, loss:0.0197, best epoch:49, best loss:0.0181, dice[ET:0.7737, TC:0.8272, WT:0.8745], best dice[ET:0.7851, TC:0.8310, WT:0.8832]
epoch:53/200, loss:0.0178, best epoch:53, best loss:0.0178, dice[ET:0.7504, TC:0.8186, WT:0.8805], best dice[ET:0.7504, TC:0.8186, WT:0.8805]
epoch:54/200, loss:0.0190, best epoch:53, best loss:0.0178, dice[ET:0.7540, TC:0.8211, WT:0.8741], best dice[ET:0.7504, TC:0.8186, WT:0.8805]
epoch:55/200, loss:0.0217, best epoch:53, best loss:0.0178, dice[ET:0.7634, TC:0.7755, WT:0.8688], best dice[ET:0.7504, TC:0.8186, WT:0.8805]
epoch:56/200, loss:0.0166, best epoch:56, best loss:0.0166, dice[ET:0.7906, TC:0.8503, WT:0.8866], best dice[ET:0.7906, TC:0.8503, WT:0.8866]
epoch:57/200, loss:0.0178, best epoch:56, best loss:0.0166, dice[ET:0.7872, TC:0.8368, WT:0.8790], best dice[ET:0.7906, TC:0.8503, WT:0.8866]
epoch:58/200, loss:0.0181, best epoch:56, best loss:0.0166, dice[ET:0.7817, TC:0.8355, WT:0.8745], best dice[ET:0.7906, TC:0.8503, WT:0.8866]
epoch:59/200, loss:0.0171, best epoch:56, best loss:0.0166, dice[ET:0.7772, TC:0.8235, WT:0.8846], best dice[ET:0.7906, TC:0.8503, WT:0.8866]
epoch:60/200, loss:0.0179, best epoch:56, best loss:0.0166, dice[ET:0.7915, TC:0.8382, WT:0.8860], best dice[ET:0.7906, TC:0.8503, WT:0.8866]
epoch:61/200, loss:0.0174, best epoch:56, best loss:0.0166, dice[ET:0.7825, TC:0.8308, WT:0.8853], best dice[ET:0.7906, TC:0.8503, WT:0.8866]
epoch:62/200, loss:0.0172, best epoch:56, best loss:0.0166, dice[ET:0.7866, TC:0.8364, WT:0.8845], best dice[ET:0.7906, TC:0.8503, WT:0.8866]
epoch:63/200, loss:0.0188, best epoch:56, best loss:0.0166, dice[ET:0.7761, TC:0.8028, WT:0.8837], best dice[ET:0.7906, TC:0.8503, WT:0.8866]
epoch:64/200, loss:0.0174, best epoch:56, best loss:0.0166, dice[ET:0.7985, TC:0.8360, WT:0.8777], best dice[ET:0.7906, TC:0.8503, WT:0.8866]
epoch:65/200, loss:0.0191, best epoch:56, best loss:0.0166, dice[ET:0.7996, TC:0.8247, WT:0.8597], best dice[ET:0.7906, TC:0.8503, WT:0.8866]
epoch:66/200, loss:0.0186, best epoch:56, best loss:0.0166, dice[ET:0.7463, TC:0.8258, WT:0.8816], best dice[ET:0.7906, TC:0.8503, WT:0.8866]
epoch:67/200, loss:0.0175, best epoch:56, best loss:0.0166, dice[ET:0.7673, TC:0.8255, WT:0.8855], best dice[ET:0.7906, TC:0.8503, WT:0.8866]
epoch:68/200, loss:0.0175, best epoch:56, best loss:0.0166, dice[ET:0.7764, TC:0.8255, WT:0.8848], best dice[ET:0.7906, TC:0.8503, WT:0.8866]
epoch:69/200, loss:0.0175, best epoch:56, best loss:0.0166, dice[ET:0.7896, TC:0.8290, WT:0.8762], best dice[ET:0.7906, TC:0.8503, WT:0.8866]
epoch:70/200, loss:0.0170, best epoch:56, best loss:0.0166, dice[ET:0.7740, TC:0.8313, WT:0.8880], best dice[ET:0.7906, TC:0.8503, WT:0.8866]
epoch:71/200, loss:0.0170, best epoch:56, best loss:0.0166, dice[ET:0.8012, TC:0.8543, WT:0.8796], best dice[ET:0.7906, TC:0.8503, WT:0.8866]
epoch:72/200, loss:0.0165, best epoch:72, best loss:0.0165, dice[ET:0.8021, TC:0.8599, WT:0.8851], best dice[ET:0.8021, TC:0.8599, WT:0.8851]
epoch:73/200, loss:0.0171, best epoch:72, best loss:0.0165, dice[ET:0.7830, TC:0.8433, WT:0.8825], best dice[ET:0.8021, TC:0.8599, WT:0.8851]
epoch:74/200, loss:0.0174, best epoch:72, best loss:0.0165, dice[ET:0.7759, TC:0.8542, WT:0.8810], best dice[ET:0.8021, TC:0.8599, WT:0.8851]
epoch:75/200, loss:0.0160, best epoch:75, best loss:0.0160, dice[ET:0.7819, TC:0.8426, WT:0.8896], best dice[ET:0.7819, TC:0.8426, WT:0.8896]
epoch:76/200, loss:0.0174, best epoch:75, best loss:0.0160, dice[ET:0.7847, TC:0.8644, WT:0.8748], best dice[ET:0.7819, TC:0.8426, WT:0.8896]
epoch:77/200, loss:0.0165, best epoch:75, best loss:0.0160, dice[ET:0.7849, TC:0.8595, WT:0.8761], best dice[ET:0.7819, TC:0.8426, WT:0.8896]
epoch:78/200, loss:0.0165, best epoch:75, best loss:0.0160, dice[ET:0.7921, TC:0.8471, WT:0.8790], best dice[ET:0.7819, TC:0.8426, WT:0.8896]
epoch:79/200, loss:0.0158, best epoch:79, best loss:0.0158, dice[ET:0.7849, TC:0.8606, WT:0.8886], best dice[ET:0.7849, TC:0.8606, WT:0.8886]
epoch:80/200, loss:0.0165, best epoch:79, best loss:0.0158, dice[ET:0.7599, TC:0.8413, WT:0.8816], best dice[ET:0.7849, TC:0.8606, WT:0.8886]
epoch:81/200, loss:0.0190, best epoch:79, best loss:0.0158, dice[ET:0.7796, TC:0.8207, WT:0.8771], best dice[ET:0.7849, TC:0.8606, WT:0.8886]
epoch:82/200, loss:0.0174, best epoch:79, best loss:0.0158, dice[ET:0.7874, TC:0.8362, WT:0.8881], best dice[ET:0.7849, TC:0.8606, WT:0.8886]
epoch:83/200, loss:0.0175, best epoch:79, best loss:0.0158, dice[ET:0.7794, TC:0.8254, WT:0.8810], best dice[ET:0.7849, TC:0.8606, WT:0.8886]
epoch:84/200, loss:0.0169, best epoch:79, best loss:0.0158, dice[ET:0.7844, TC:0.8424, WT:0.8832], best dice[ET:0.7849, TC:0.8606, WT:0.8886]
epoch:85/200, loss:0.0170, best epoch:79, best loss:0.0158, dice[ET:0.7759, TC:0.8414, WT:0.8810], best dice[ET:0.7849, TC:0.8606, WT:0.8886]
epoch:86/200, loss:0.0174, best epoch:79, best loss:0.0158, dice[ET:0.7886, TC:0.8489, WT:0.8852], best dice[ET:0.7849, TC:0.8606, WT:0.8886]
epoch:87/200, loss:0.0161, best epoch:79, best loss:0.0158, dice[ET:0.7588, TC:0.8267, WT:0.8840], best dice[ET:0.7849, TC:0.8606, WT:0.8886]
epoch:88/200, loss:0.0165, best epoch:79, best loss:0.0158, dice[ET:0.7894, TC:0.8437, WT:0.8908], best dice[ET:0.7849, TC:0.8606, WT:0.8886]
epoch:89/200, loss:0.0185, best epoch:79, best loss:0.0158, dice[ET:0.7395, TC:0.8107, WT:0.8816], best dice[ET:0.7849, TC:0.8606, WT:0.8886]
epoch:90/200, loss:0.0171, best epoch:79, best loss:0.0158, dice[ET:0.8033, TC:0.8569, WT:0.8847], best dice[ET:0.7849, TC:0.8606, WT:0.8886]
epoch:91/200, loss:0.0169, best epoch:79, best loss:0.0158, dice[ET:0.7950, TC:0.8488, WT:0.8857], best dice[ET:0.7849, TC:0.8606, WT:0.8886]
epoch:92/200, loss:0.0177, best epoch:79, best loss:0.0158, dice[ET:0.7707, TC:0.8365, WT:0.8857], best dice[ET:0.7849, TC:0.8606, WT:0.8886]
epoch:93/200, loss:0.0175, best epoch:79, best loss:0.0158, dice[ET:0.7838, TC:0.8405, WT:0.8807], best dice[ET:0.7849, TC:0.8606, WT:0.8886]
epoch:94/200, loss:0.0166, best epoch:79, best loss:0.0158, dice[ET:0.7858, TC:0.8541, WT:0.8838], best dice[ET:0.7849, TC:0.8606, WT:0.8886]
epoch:95/200, loss:0.0170, best epoch:79, best loss:0.0158, dice[ET:0.7638, TC:0.8400, WT:0.8830], best dice[ET:0.7849, TC:0.8606, WT:0.8886]
epoch:96/200, loss:0.0162, best epoch:79, best loss:0.0158, dice[ET:0.8007, TC:0.8501, WT:0.8924], best dice[ET:0.7849, TC:0.8606, WT:0.8886]
epoch:97/200, loss:0.0179, best epoch:79, best loss:0.0158, dice[ET:0.7720, TC:0.8305, WT:0.8889], best dice[ET:0.7849, TC:0.8606, WT:0.8886]
epoch:98/200, loss:0.0174, best epoch:79, best loss:0.0158, dice[ET:0.7708, TC:0.8332, WT:0.8801], best dice[ET:0.7849, TC:0.8606, WT:0.8886]
epoch:99/200, loss:0.0157, best epoch:99, best loss:0.0157, dice[ET:0.7891, TC:0.8514, WT:0.8905], best dice[ET:0.7891, TC:0.8514, WT:0.8905]
epoch:100/200, loss:0.0171, best epoch:99, best loss:0.0157, dice[ET:0.7998, TC:0.8340, WT:0.8775], best dice[ET:0.7891, TC:0.8514, WT:0.8905]
epoch:101/200, loss:0.0169, best epoch:99, best loss:0.0157, dice[ET:0.7809, TC:0.8474, WT:0.8834], best dice[ET:0.7891, TC:0.8514, WT:0.8905]
epoch:102/200, loss:0.0180, best epoch:99, best loss:0.0157, dice[ET:0.7769, TC:0.8332, WT:0.8870], best dice[ET:0.7891, TC:0.8514, WT:0.8905]
epoch:103/200, loss:0.0150, best epoch:103, best loss:0.0150, dice[ET:0.8034, TC:0.8693, WT:0.8962], best dice[ET:0.8034, TC:0.8693, WT:0.8962]
epoch:104/200, loss:0.0159, best epoch:103, best loss:0.0150, dice[ET:0.7860, TC:0.8504, WT:0.8875], best dice[ET:0.8034, TC:0.8693, WT:0.8962]
epoch:105/200, loss:0.0164, best epoch:103, best loss:0.0150, dice[ET:0.7961, TC:0.8453, WT:0.8874], best dice[ET:0.8034, TC:0.8693, WT:0.8962]
epoch:106/200, loss:0.0168, best epoch:103, best loss:0.0150, dice[ET:0.7895, TC:0.8560, WT:0.8900], best dice[ET:0.8034, TC:0.8693, WT:0.8962]
epoch:107/200, loss:0.0163, best epoch:103, best loss:0.0150, dice[ET:0.7885, TC:0.8384, WT:0.8895], best dice[ET:0.8034, TC:0.8693, WT:0.8962]
epoch:108/200, loss:0.0162, best epoch:103, best loss:0.0150, dice[ET:0.7768, TC:0.8334, WT:0.8949], best dice[ET:0.8034, TC:0.8693, WT:0.8962]
epoch:109/200, loss:0.0158, best epoch:103, best loss:0.0150, dice[ET:0.7869, TC:0.8396, WT:0.8916], best dice[ET:0.8034, TC:0.8693, WT:0.8962]
epoch:110/200, loss:0.0160, best epoch:103, best loss:0.0150, dice[ET:0.7897, TC:0.8560, WT:0.8929], best dice[ET:0.8034, TC:0.8693, WT:0.8962]
epoch:111/200, loss:0.0157, best epoch:103, best loss:0.0150, dice[ET:0.7702, TC:0.8417, WT:0.8949], best dice[ET:0.8034, TC:0.8693, WT:0.8962]
epoch:112/200, loss:0.0153, best epoch:103, best loss:0.0150, dice[ET:0.7978, TC:0.8475, WT:0.8918], best dice[ET:0.8034, TC:0.8693, WT:0.8962]
epoch:113/200, loss:0.0154, best epoch:103, best loss:0.0150, dice[ET:0.8058, TC:0.8450, WT:0.8934], best dice[ET:0.8034, TC:0.8693, WT:0.8962]
epoch:114/200, loss:0.0165, best epoch:103, best loss:0.0150, dice[ET:0.7940, TC:0.8391, WT:0.8831], best dice[ET:0.8034, TC:0.8693, WT:0.8962]
epoch:115/200, loss:0.0151, best epoch:103, best loss:0.0150, dice[ET:0.8000, TC:0.8625, WT:0.8952], best dice[ET:0.8034, TC:0.8693, WT:0.8962]
epoch:116/200, loss:0.0172, best epoch:103, best loss:0.0150, dice[ET:0.7920, TC:0.8509, WT:0.8593], best dice[ET:0.8034, TC:0.8693, WT:0.8962]
epoch:117/200, loss:0.0176, best epoch:103, best loss:0.0150, dice[ET:0.7651, TC:0.8355, WT:0.8905], best dice[ET:0.8034, TC:0.8693, WT:0.8962]
epoch:118/200, loss:0.0152, best epoch:103, best loss:0.0150, dice[ET:0.7950, TC:0.8581, WT:0.8943], best dice[ET:0.8034, TC:0.8693, WT:0.8962]
epoch:119/200, loss:0.0163, best epoch:103, best loss:0.0150, dice[ET:0.7977, TC:0.8662, WT:0.8823], best dice[ET:0.8034, TC:0.8693, WT:0.8962]
epoch:120/200, loss:0.0161, best epoch:103, best loss:0.0150, dice[ET:0.7904, TC:0.8398, WT:0.8886], best dice[ET:0.8034, TC:0.8693, WT:0.8962]
epoch:121/200, loss:0.0204, best epoch:103, best loss:0.0150, dice[ET:0.7764, TC:0.8167, WT:0.8679], best dice[ET:0.8034, TC:0.8693, WT:0.8962]
epoch:122/200, loss:0.0180, best epoch:103, best loss:0.0150, dice[ET:0.7878, TC:0.8223, WT:0.8756], best dice[ET:0.8034, TC:0.8693, WT:0.8962]
epoch:123/200, loss:0.0171, best epoch:103, best loss:0.0150, dice[ET:0.8024, TC:0.8547, WT:0.8861], best dice[ET:0.8034, TC:0.8693, WT:0.8962]
epoch:124/200, loss:0.0173, best epoch:103, best loss:0.0150, dice[ET:0.8018, TC:0.8484, WT:0.8845], best dice[ET:0.8034, TC:0.8693, WT:0.8962]
epoch:125/200, loss:0.0166, best epoch:103, best loss:0.0150, dice[ET:0.7982, TC:0.8335, WT:0.8874], best dice[ET:0.8034, TC:0.8693, WT:0.8962]
epoch:126/200, loss:0.0163, best epoch:103, best loss:0.0150, dice[ET:0.8112, TC:0.8579, WT:0.8868], best dice[ET:0.8034, TC:0.8693, WT:0.8962]
epoch:127/200, loss:0.0166, best epoch:103, best loss:0.0150, dice[ET:0.8107, TC:0.8549, WT:0.8871], best dice[ET:0.8034, TC:0.8693, WT:0.8962]
epoch:128/200, loss:0.0162, best epoch:103, best loss:0.0150, dice[ET:0.8114, TC:0.8646, WT:0.8827], best dice[ET:0.8034, TC:0.8693, WT:0.8962]
epoch:129/200, loss:0.0187, best epoch:103, best loss:0.0150, dice[ET:0.7642, TC:0.8030, WT:0.8848], best dice[ET:0.8034, TC:0.8693, WT:0.8962]
epoch:130/200, loss:0.0159, best epoch:103, best loss:0.0150, dice[ET:0.8062, TC:0.8640, WT:0.8931], best dice[ET:0.8034, TC:0.8693, WT:0.8962]
epoch:131/200, loss:0.0157, best epoch:103, best loss:0.0150, dice[ET:0.8095, TC:0.8644, WT:0.8924], best dice[ET:0.8034, TC:0.8693, WT:0.8962]
epoch:132/200, loss:0.0168, best epoch:103, best loss:0.0150, dice[ET:0.8013, TC:0.8524, WT:0.8936], best dice[ET:0.8034, TC:0.8693, WT:0.8962]
epoch:133/200, loss:0.0180, best epoch:103, best loss:0.0150, dice[ET:0.7984, TC:0.8322, WT:0.8781], best dice[ET:0.8034, TC:0.8693, WT:0.8962]
epoch:134/200, loss:0.0171, best epoch:103, best loss:0.0150, dice[ET:0.7998, TC:0.8538, WT:0.8832], best dice[ET:0.8034, TC:0.8693, WT:0.8962]
epoch:135/200, loss:0.0168, best epoch:103, best loss:0.0150, dice[ET:0.7976, TC:0.8460, WT:0.8881], best dice[ET:0.8034, TC:0.8693, WT:0.8962]
epoch:136/200, loss:0.0161, best epoch:103, best loss:0.0150, dice[ET:0.8070, TC:0.8625, WT:0.8861], best dice[ET:0.8034, TC:0.8693, WT:0.8962]
epoch:137/200, loss:0.0172, best epoch:103, best loss:0.0150, dice[ET:0.8089, TC:0.8432, WT:0.8742], best dice[ET:0.8034, TC:0.8693, WT:0.8962]
epoch:138/200, loss:0.0160, best epoch:103, best loss:0.0150, dice[ET:0.8134, TC:0.8525, WT:0.8925], best dice[ET:0.8034, TC:0.8693, WT:0.8962]
epoch:139/200, loss:0.0153, best epoch:103, best loss:0.0150, dice[ET:0.8192, TC:0.8669, WT:0.8975], best dice[ET:0.8034, TC:0.8693, WT:0.8962]
epoch:140/200, loss:0.0157, best epoch:103, best loss:0.0150, dice[ET:0.8207, TC:0.8741, WT:0.8918], best dice[ET:0.8034, TC:0.8693, WT:0.8962]
epoch:141/200, loss:0.0162, best epoch:103, best loss:0.0150, dice[ET:0.8104, TC:0.8510, WT:0.8817], best dice[ET:0.8034, TC:0.8693, WT:0.8962]
epoch:142/200, loss:0.0158, best epoch:103, best loss:0.0150, dice[ET:0.8023, TC:0.8556, WT:0.8904], best dice[ET:0.8034, TC:0.8693, WT:0.8962]
epoch:143/200, loss:0.0154, best epoch:103, best loss:0.0150, dice[ET:0.8216, TC:0.8696, WT:0.8959], best dice[ET:0.8034, TC:0.8693, WT:0.8962]
epoch:144/200, loss:0.0152, best epoch:103, best loss:0.0150, dice[ET:0.7998, TC:0.8546, WT:0.8970], best dice[ET:0.8034, TC:0.8693, WT:0.8962]
epoch:145/200, loss:0.0154, best epoch:103, best loss:0.0150, dice[ET:0.7989, TC:0.8616, WT:0.8957], best dice[ET:0.8034, TC:0.8693, WT:0.8962]
epoch:146/200, loss:0.0158, best epoch:103, best loss:0.0150, dice[ET:0.8106, TC:0.8640, WT:0.8912], best dice[ET:0.8034, TC:0.8693, WT:0.8962]
epoch:147/200, loss:0.0157, best epoch:103, best loss:0.0150, dice[ET:0.7658, TC:0.8347, WT:0.8935], best dice[ET:0.8034, TC:0.8693, WT:0.8962]
epoch:148/200, loss:0.0160, best epoch:103, best loss:0.0150, dice[ET:0.8101, TC:0.8482, WT:0.8916], best dice[ET:0.8034, TC:0.8693, WT:0.8962]
epoch:149/200, loss:0.0151, best epoch:103, best loss:0.0150, dice[ET:0.8027, TC:0.8503, WT:0.8960], best dice[ET:0.8034, TC:0.8693, WT:0.8962]
epoch:150/200, loss:0.0152, best epoch:103, best loss:0.0150, dice[ET:0.7968, TC:0.8650, WT:0.8979], best dice[ET:0.8034, TC:0.8693, WT:0.8962]
epoch:151/200, loss:0.0152, best epoch:103, best loss:0.0150, dice[ET:0.7996, TC:0.8521, WT:0.8962], best dice[ET:0.8034, TC:0.8693, WT:0.8962]
epoch:152/200, loss:0.0157, best epoch:103, best loss:0.0150, dice[ET:0.8014, TC:0.8471, WT:0.8910], best dice[ET:0.8034, TC:0.8693, WT:0.8962]
epoch:153/200, loss:0.0156, best epoch:103, best loss:0.0150, dice[ET:0.7911, TC:0.8587, WT:0.8927], best dice[ET:0.8034, TC:0.8693, WT:0.8962]
epoch:154/200, loss:0.0150, best epoch:154, best loss:0.0150, dice[ET:0.8166, TC:0.8617, WT:0.8954], best dice[ET:0.8166, TC:0.8617, WT:0.8954]
epoch:155/200, loss:0.0168, best epoch:154, best loss:0.0150, dice[ET:0.8176, TC:0.8524, WT:0.8806], best dice[ET:0.8166, TC:0.8617, WT:0.8954]
epoch:156/200, loss:0.0158, best epoch:154, best loss:0.0150, dice[ET:0.8006, TC:0.8583, WT:0.8932], best dice[ET:0.8166, TC:0.8617, WT:0.8954]
epoch:157/200, loss:0.0150, best epoch:154, best loss:0.0150, dice[ET:0.8068, TC:0.8701, WT:0.8947], best dice[ET:0.8166, TC:0.8617, WT:0.8954]
epoch:158/200, loss:0.0175, best epoch:154, best loss:0.0150, dice[ET:0.7932, TC:0.8266, WT:0.8840], best dice[ET:0.8166, TC:0.8617, WT:0.8954]
epoch:159/200, loss:0.0156, best epoch:154, best loss:0.0150, dice[ET:0.7990, TC:0.8325, WT:0.8908], best dice[ET:0.8166, TC:0.8617, WT:0.8954]
epoch:160/200, loss:0.0159, best epoch:154, best loss:0.0150, dice[ET:0.7974, TC:0.8507, WT:0.8875], best dice[ET:0.8166, TC:0.8617, WT:0.8954]
epoch:161/200, loss:0.0152, best epoch:154, best loss:0.0150, dice[ET:0.8162, TC:0.8606, WT:0.8922], best dice[ET:0.8166, TC:0.8617, WT:0.8954]
epoch:162/200, loss:0.0174, best epoch:154, best loss:0.0150, dice[ET:0.8116, TC:0.8668, WT:0.8480], best dice[ET:0.8166, TC:0.8617, WT:0.8954]
epoch:163/200, loss:0.0154, best epoch:154, best loss:0.0150, dice[ET:0.7951, TC:0.8530, WT:0.8926], best dice[ET:0.8166, TC:0.8617, WT:0.8954]
epoch:164/200, loss:0.0152, best epoch:154, best loss:0.0150, dice[ET:0.7997, TC:0.8603, WT:0.8984], best dice[ET:0.8166, TC:0.8617, WT:0.8954]
epoch:165/200, loss:0.0154, best epoch:154, best loss:0.0150, dice[ET:0.7866, TC:0.8403, WT:0.8949], best dice[ET:0.8166, TC:0.8617, WT:0.8954]
epoch:166/200, loss:0.0163, best epoch:154, best loss:0.0150, dice[ET:0.8005, TC:0.8568, WT:0.8841], best dice[ET:0.8166, TC:0.8617, WT:0.8954]
epoch:167/200, loss:0.0151, best epoch:154, best loss:0.0150, dice[ET:0.7999, TC:0.8585, WT:0.8993], best dice[ET:0.8166, TC:0.8617, WT:0.8954]
epoch:168/200, loss:0.0160, best epoch:154, best loss:0.0150, dice[ET:0.7985, TC:0.8507, WT:0.8889], best dice[ET:0.8166, TC:0.8617, WT:0.8954]
epoch:169/200, loss:0.0165, best epoch:154, best loss:0.0150, dice[ET:0.8015, TC:0.8558, WT:0.8889], best dice[ET:0.8166, TC:0.8617, WT:0.8954]
epoch:170/200, loss:0.0151, best epoch:154, best loss:0.0150, dice[ET:0.7951, TC:0.8515, WT:0.9016], best dice[ET:0.8166, TC:0.8617, WT:0.8954]
epoch:171/200, loss:0.0156, best epoch:154, best loss:0.0150, dice[ET:0.8141, TC:0.8652, WT:0.8906], best dice[ET:0.8166, TC:0.8617, WT:0.8954]
epoch:172/200, loss:0.0161, best epoch:154, best loss:0.0150, dice[ET:0.8111, TC:0.8513, WT:0.8852], best dice[ET:0.8166, TC:0.8617, WT:0.8954]
epoch:173/200, loss:0.0161, best epoch:154, best loss:0.0150, dice[ET:0.7947, TC:0.8466, WT:0.8835], best dice[ET:0.8166, TC:0.8617, WT:0.8954]
epoch:174/200, loss:0.0153, best epoch:154, best loss:0.0150, dice[ET:0.7944, TC:0.8338, WT:0.8892], best dice[ET:0.8166, TC:0.8617, WT:0.8954]
epoch:175/200, loss:0.0149, best epoch:175, best loss:0.0149, dice[ET:0.8031, TC:0.8571, WT:0.8995], best dice[ET:0.8031, TC:0.8571, WT:0.8995]
epoch:176/200, loss:0.0153, best epoch:175, best loss:0.0149, dice[ET:0.8060, TC:0.8574, WT:0.8912], best dice[ET:0.8031, TC:0.8571, WT:0.8995]
epoch:177/200, loss:0.0152, best epoch:175, best loss:0.0149, dice[ET:0.8164, TC:0.8704, WT:0.8960], best dice[ET:0.8031, TC:0.8571, WT:0.8995]
epoch:178/200, loss:0.0149, best epoch:175, best loss:0.0149, dice[ET:0.8048, TC:0.8576, WT:0.8982], best dice[ET:0.8031, TC:0.8571, WT:0.8995]
epoch:179/200, loss:0.0167, best epoch:175, best loss:0.0149, dice[ET:0.8013, TC:0.8211, WT:0.8904], best dice[ET:0.8031, TC:0.8571, WT:0.8995]
epoch:180/200, loss:0.0162, best epoch:175, best loss:0.0149, dice[ET:0.7858, TC:0.8321, WT:0.8863], best dice[ET:0.8031, TC:0.8571, WT:0.8995]
epoch:181/200, loss:0.0161, best epoch:175, best loss:0.0149, dice[ET:0.7824, TC:0.8446, WT:0.8898], best dice[ET:0.8031, TC:0.8571, WT:0.8995]
epoch:182/200, loss:0.0151, best epoch:175, best loss:0.0149, dice[ET:0.8181, TC:0.8706, WT:0.8871], best dice[ET:0.8031, TC:0.8571, WT:0.8995]
epoch:183/200, loss:0.0152, best epoch:175, best loss:0.0149, dice[ET:0.8152, TC:0.8646, WT:0.8913], best dice[ET:0.8031, TC:0.8571, WT:0.8995]
epoch:184/200, loss:0.0147, best epoch:184, best loss:0.0147, dice[ET:0.8090, TC:0.8524, WT:0.8977], best dice[ET:0.8090, TC:0.8524, WT:0.8977]
epoch:185/200, loss:0.0146, best epoch:185, best loss:0.0146, dice[ET:0.8208, TC:0.8642, WT:0.8980], best dice[ET:0.8208, TC:0.8642, WT:0.8980]
epoch:186/200, loss:0.0151, best epoch:185, best loss:0.0146, dice[ET:0.8119, TC:0.8489, WT:0.8962], best dice[ET:0.8208, TC:0.8642, WT:0.8980]
epoch:187/200, loss:0.0147, best epoch:185, best loss:0.0146, dice[ET:0.8200, TC:0.8624, WT:0.8995], best dice[ET:0.8208, TC:0.8642, WT:0.8980]
epoch:188/200, loss:0.0148, best epoch:185, best loss:0.0146, dice[ET:0.8175, TC:0.8500, WT:0.8968], best dice[ET:0.8208, TC:0.8642, WT:0.8980]
epoch:189/200, loss:0.0148, best epoch:185, best loss:0.0146, dice[ET:0.8204, TC:0.8665, WT:0.8945], best dice[ET:0.8208, TC:0.8642, WT:0.8980]
epoch:190/200, loss:0.0158, best epoch:185, best loss:0.0146, dice[ET:0.7917, TC:0.8560, WT:0.8935], best dice[ET:0.8208, TC:0.8642, WT:0.8980]
epoch:191/200, loss:0.0148, best epoch:185, best loss:0.0146, dice[ET:0.8225, TC:0.8671, WT:0.8940], best dice[ET:0.8208, TC:0.8642, WT:0.8980]
epoch:192/200, loss:0.0152, best epoch:185, best loss:0.0146, dice[ET:0.8016, TC:0.8555, WT:0.8911], best dice[ET:0.8208, TC:0.8642, WT:0.8980]
epoch:193/200, loss:0.0148, best epoch:185, best loss:0.0146, dice[ET:0.8208, TC:0.8614, WT:0.8977], best dice[ET:0.8208, TC:0.8642, WT:0.8980]
epoch:194/200, loss:0.0147, best epoch:185, best loss:0.0146, dice[ET:0.8207, TC:0.8645, WT:0.8995], best dice[ET:0.8208, TC:0.8642, WT:0.8980]
epoch:195/200, loss:0.0148, best epoch:185, best loss:0.0146, dice[ET:0.8147, TC:0.8684, WT:0.8969], best dice[ET:0.8208, TC:0.8642, WT:0.8980]
epoch:196/200, loss:0.0148, best epoch:185, best loss:0.0146, dice[ET:0.8181, TC:0.8660, WT:0.8950], best dice[ET:0.8208, TC:0.8642, WT:0.8980]
epoch:197/200, loss:0.0157, best epoch:185, best loss:0.0146, dice[ET:0.8179, TC:0.8593, WT:0.8855], best dice[ET:0.8208, TC:0.8642, WT:0.8980]
epoch:198/200, loss:0.0147, best epoch:185, best loss:0.0146, dice[ET:0.8041, TC:0.8600, WT:0.8978], best dice[ET:0.8208, TC:0.8642, WT:0.8980]
epoch:199/200, loss:0.0146, best epoch:199, best loss:0.0146, dice[ET:0.8201, TC:0.8673, WT:0.8984], best dice[ET:0.8201, TC:0.8673, WT:0.8984]
