batch_size = 2
ckpt_dir = ckpt/0111_ckpt_brats19_svls_v4_0.1_1234
cosine_annealing_lr = False
data_root = MICCAI_BraTS_2019_Data_Training/HGG_LGG
end_scale_factor = 1.4
epochs = 200
in_channels = 4
lr = 0.0001
ls_smoothing = 0.1
num_classes = 4
start_scale_factor = 2.2
svls_alpha = 0.1
svls_ratio = 1.0
svls_sigma_diff = 1.0
svls_smoothing = 1.0
train_option = SVLS_V4
weight_decay = 0.0
train sample: 269 train minibatch: 135 valid sample: 66 valid minibatch: 33
train_option SVLS_V4
ckpt name: model_best_svls_v4.pth.tar
epoch:0/200, loss:0.3228, best epoch:0, best loss:0.3228, dice[ET:0.0339, TC:0.0283, WT:0.7133], best dice[ET:0.0339, TC:0.0283, WT:0.7133]
epoch:1/200, loss:0.2218, best epoch:1, best loss:0.2218, dice[ET:0.2128, TC:0.1873, WT:0.7762], best dice[ET:0.2128, TC:0.1873, WT:0.7762]
epoch:2/200, loss:0.1629, best epoch:2, best loss:0.1629, dice[ET:0.4951, TC:0.4752, WT:0.7625], best dice[ET:0.4951, TC:0.4752, WT:0.7625]
epoch:3/200, loss:0.1304, best epoch:3, best loss:0.1304, dice[ET:0.4983, TC:0.5070, WT:0.7947], best dice[ET:0.4983, TC:0.5070, WT:0.7947]
epoch:4/200, loss:0.1008, best epoch:4, best loss:0.1008, dice[ET:0.6364, TC:0.6384, WT:0.7964], best dice[ET:0.6364, TC:0.6384, WT:0.7964]
epoch:5/200, loss:0.0866, best epoch:5, best loss:0.0866, dice[ET:0.6298, TC:0.6361, WT:0.8104], best dice[ET:0.6298, TC:0.6361, WT:0.8104]
epoch:6/200, loss:0.0711, best epoch:6, best loss:0.0711, dice[ET:0.6814, TC:0.7130, WT:0.7979], best dice[ET:0.6814, TC:0.7130, WT:0.7979]
epoch:7/200, loss:0.0609, best epoch:7, best loss:0.0609, dice[ET:0.6427, TC:0.6357, WT:0.8268], best dice[ET:0.6427, TC:0.6357, WT:0.8268]
epoch:8/200, loss:0.0541, best epoch:8, best loss:0.0541, dice[ET:0.6935, TC:0.7278, WT:0.8097], best dice[ET:0.6935, TC:0.7278, WT:0.8097]
epoch:9/200, loss:0.0480, best epoch:9, best loss:0.0480, dice[ET:0.7042, TC:0.7373, WT:0.8443], best dice[ET:0.7042, TC:0.7373, WT:0.8443]
epoch:10/200, loss:0.0438, best epoch:10, best loss:0.0438, dice[ET:0.6991, TC:0.7273, WT:0.8549], best dice[ET:0.6991, TC:0.7273, WT:0.8549]
epoch:11/200, loss:0.0397, best epoch:11, best loss:0.0397, dice[ET:0.6850, TC:0.7673, WT:0.8485], best dice[ET:0.6850, TC:0.7673, WT:0.8485]
epoch:12/200, loss:0.0369, best epoch:12, best loss:0.0369, dice[ET:0.7138, TC:0.7412, WT:0.8538], best dice[ET:0.7138, TC:0.7412, WT:0.8538]
epoch:13/200, loss:0.0365, best epoch:13, best loss:0.0365, dice[ET:0.6756, TC:0.7108, WT:0.8572], best dice[ET:0.6756, TC:0.7108, WT:0.8572]
epoch:14/200, loss:0.0343, best epoch:14, best loss:0.0343, dice[ET:0.7198, TC:0.7406, WT:0.8427], best dice[ET:0.7198, TC:0.7406, WT:0.8427]
epoch:15/200, loss:0.0338, best epoch:15, best loss:0.0338, dice[ET:0.6994, TC:0.7161, WT:0.8595], best dice[ET:0.6994, TC:0.7161, WT:0.8595]
epoch:16/200, loss:0.0283, best epoch:16, best loss:0.0283, dice[ET:0.7396, TC:0.7840, WT:0.8686], best dice[ET:0.7396, TC:0.7840, WT:0.8686]
epoch:17/200, loss:0.0285, best epoch:16, best loss:0.0283, dice[ET:0.7387, TC:0.7875, WT:0.8650], best dice[ET:0.7396, TC:0.7840, WT:0.8686]
epoch:18/200, loss:0.0267, best epoch:18, best loss:0.0267, dice[ET:0.7497, TC:0.7656, WT:0.8798], best dice[ET:0.7497, TC:0.7656, WT:0.8798]
epoch:19/200, loss:0.0273, best epoch:18, best loss:0.0267, dice[ET:0.7459, TC:0.7973, WT:0.8624], best dice[ET:0.7497, TC:0.7656, WT:0.8798]
epoch:20/200, loss:0.0283, best epoch:18, best loss:0.0267, dice[ET:0.7372, TC:0.7476, WT:0.8607], best dice[ET:0.7497, TC:0.7656, WT:0.8798]
epoch:21/200, loss:0.0265, best epoch:21, best loss:0.0265, dice[ET:0.7424, TC:0.7841, WT:0.8596], best dice[ET:0.7424, TC:0.7841, WT:0.8596]
epoch:22/200, loss:0.0243, best epoch:22, best loss:0.0243, dice[ET:0.7212, TC:0.8058, WT:0.8650], best dice[ET:0.7212, TC:0.8058, WT:0.8650]
epoch:23/200, loss:0.0260, best epoch:22, best loss:0.0243, dice[ET:0.7591, TC:0.8041, WT:0.8502], best dice[ET:0.7212, TC:0.8058, WT:0.8650]
epoch:24/200, loss:0.0239, best epoch:24, best loss:0.0239, dice[ET:0.7605, TC:0.8035, WT:0.8711], best dice[ET:0.7605, TC:0.8035, WT:0.8711]
epoch:25/200, loss:0.0239, best epoch:24, best loss:0.0239, dice[ET:0.7237, TC:0.8006, WT:0.8658], best dice[ET:0.7605, TC:0.8035, WT:0.8711]
epoch:26/200, loss:0.0227, best epoch:26, best loss:0.0227, dice[ET:0.7564, TC:0.8030, WT:0.8631], best dice[ET:0.7564, TC:0.8030, WT:0.8631]
epoch:27/200, loss:0.0217, best epoch:27, best loss:0.0217, dice[ET:0.7529, TC:0.8064, WT:0.8637], best dice[ET:0.7529, TC:0.8064, WT:0.8637]
epoch:28/200, loss:0.0203, best epoch:28, best loss:0.0203, dice[ET:0.7588, TC:0.8081, WT:0.8835], best dice[ET:0.7588, TC:0.8081, WT:0.8835]
epoch:29/200, loss:0.0224, best epoch:28, best loss:0.0203, dice[ET:0.7451, TC:0.7813, WT:0.8714], best dice[ET:0.7588, TC:0.8081, WT:0.8835]
epoch:30/200, loss:0.0228, best epoch:28, best loss:0.0203, dice[ET:0.7586, TC:0.7849, WT:0.8637], best dice[ET:0.7588, TC:0.8081, WT:0.8835]
epoch:31/200, loss:0.0198, best epoch:31, best loss:0.0198, dice[ET:0.7678, TC:0.8187, WT:0.8831], best dice[ET:0.7678, TC:0.8187, WT:0.8831]
epoch:32/200, loss:0.0203, best epoch:31, best loss:0.0198, dice[ET:0.7784, TC:0.8330, WT:0.8751], best dice[ET:0.7678, TC:0.8187, WT:0.8831]
epoch:33/200, loss:0.0200, best epoch:31, best loss:0.0198, dice[ET:0.7182, TC:0.8163, WT:0.8882], best dice[ET:0.7678, TC:0.8187, WT:0.8831]
epoch:34/200, loss:0.0197, best epoch:34, best loss:0.0197, dice[ET:0.7543, TC:0.8249, WT:0.8778], best dice[ET:0.7543, TC:0.8249, WT:0.8778]
epoch:35/200, loss:0.0224, best epoch:34, best loss:0.0197, dice[ET:0.7481, TC:0.7965, WT:0.8525], best dice[ET:0.7543, TC:0.8249, WT:0.8778]
epoch:36/200, loss:0.0298, best epoch:34, best loss:0.0197, dice[ET:0.7310, TC:0.7690, WT:0.7918], best dice[ET:0.7543, TC:0.8249, WT:0.8778]
epoch:37/200, loss:0.0265, best epoch:34, best loss:0.0197, dice[ET:0.7041, TC:0.7311, WT:0.8321], best dice[ET:0.7543, TC:0.8249, WT:0.8778]
epoch:38/200, loss:0.0187, best epoch:38, best loss:0.0187, dice[ET:0.7810, TC:0.8314, WT:0.8769], best dice[ET:0.7810, TC:0.8314, WT:0.8769]
epoch:39/200, loss:0.0187, best epoch:38, best loss:0.0187, dice[ET:0.7702, TC:0.8299, WT:0.8731], best dice[ET:0.7810, TC:0.8314, WT:0.8769]
epoch:40/200, loss:0.0198, best epoch:38, best loss:0.0187, dice[ET:0.7206, TC:0.8099, WT:0.8748], best dice[ET:0.7810, TC:0.8314, WT:0.8769]
epoch:41/200, loss:0.0210, best epoch:38, best loss:0.0187, dice[ET:0.7762, TC:0.7971, WT:0.8745], best dice[ET:0.7810, TC:0.8314, WT:0.8769]
epoch:42/200, loss:0.0197, best epoch:38, best loss:0.0187, dice[ET:0.7780, TC:0.8231, WT:0.8744], best dice[ET:0.7810, TC:0.8314, WT:0.8769]
epoch:43/200, loss:0.0241, best epoch:38, best loss:0.0187, dice[ET:0.7447, TC:0.7607, WT:0.8400], best dice[ET:0.7810, TC:0.8314, WT:0.8769]
epoch:44/200, loss:0.0211, best epoch:38, best loss:0.0187, dice[ET:0.7731, TC:0.8123, WT:0.8650], best dice[ET:0.7810, TC:0.8314, WT:0.8769]
epoch:45/200, loss:0.0230, best epoch:38, best loss:0.0187, dice[ET:0.7780, TC:0.7737, WT:0.8685], best dice[ET:0.7810, TC:0.8314, WT:0.8769]
epoch:46/200, loss:0.0206, best epoch:38, best loss:0.0187, dice[ET:0.7770, TC:0.8127, WT:0.8636], best dice[ET:0.7810, TC:0.8314, WT:0.8769]
epoch:47/200, loss:0.0214, best epoch:38, best loss:0.0187, dice[ET:0.7912, TC:0.8359, WT:0.8510], best dice[ET:0.7810, TC:0.8314, WT:0.8769]
epoch:48/200, loss:0.0210, best epoch:38, best loss:0.0187, dice[ET:0.7714, TC:0.8342, WT:0.8668], best dice[ET:0.7810, TC:0.8314, WT:0.8769]
epoch:49/200, loss:0.0188, best epoch:38, best loss:0.0187, dice[ET:0.7679, TC:0.8386, WT:0.8777], best dice[ET:0.7810, TC:0.8314, WT:0.8769]
epoch:50/200, loss:0.0192, best epoch:38, best loss:0.0187, dice[ET:0.7637, TC:0.8106, WT:0.8763], best dice[ET:0.7810, TC:0.8314, WT:0.8769]
epoch:51/200, loss:0.0211, best epoch:38, best loss:0.0187, dice[ET:0.7888, TC:0.8301, WT:0.8512], best dice[ET:0.7810, TC:0.8314, WT:0.8769]
epoch:52/200, loss:0.0176, best epoch:52, best loss:0.0176, dice[ET:0.7650, TC:0.8254, WT:0.8836], best dice[ET:0.7650, TC:0.8254, WT:0.8836]
epoch:53/200, loss:0.0196, best epoch:52, best loss:0.0176, dice[ET:0.7916, TC:0.8331, WT:0.8737], best dice[ET:0.7650, TC:0.8254, WT:0.8836]
epoch:54/200, loss:0.0173, best epoch:54, best loss:0.0173, dice[ET:0.7531, TC:0.8356, WT:0.8890], best dice[ET:0.7531, TC:0.8356, WT:0.8890]
epoch:55/200, loss:0.0184, best epoch:54, best loss:0.0173, dice[ET:0.7828, TC:0.8258, WT:0.8811], best dice[ET:0.7531, TC:0.8356, WT:0.8890]
epoch:56/200, loss:0.0210, best epoch:54, best loss:0.0173, dice[ET:0.7734, TC:0.7955, WT:0.8643], best dice[ET:0.7531, TC:0.8356, WT:0.8890]
epoch:57/200, loss:0.0173, best epoch:54, best loss:0.0173, dice[ET:0.7921, TC:0.8402, WT:0.8894], best dice[ET:0.7531, TC:0.8356, WT:0.8890]
epoch:58/200, loss:0.0184, best epoch:54, best loss:0.0173, dice[ET:0.7759, TC:0.8419, WT:0.8810], best dice[ET:0.7531, TC:0.8356, WT:0.8890]
epoch:59/200, loss:0.0172, best epoch:59, best loss:0.0172, dice[ET:0.7865, TC:0.8406, WT:0.8844], best dice[ET:0.7865, TC:0.8406, WT:0.8844]
epoch:60/200, loss:0.0170, best epoch:60, best loss:0.0170, dice[ET:0.7823, TC:0.8500, WT:0.8857], best dice[ET:0.7823, TC:0.8500, WT:0.8857]
epoch:61/200, loss:0.0177, best epoch:60, best loss:0.0170, dice[ET:0.7682, TC:0.8526, WT:0.8722], best dice[ET:0.7823, TC:0.8500, WT:0.8857]
epoch:62/200, loss:0.0196, best epoch:60, best loss:0.0170, dice[ET:0.7741, TC:0.8294, WT:0.8742], best dice[ET:0.7823, TC:0.8500, WT:0.8857]
epoch:63/200, loss:0.0174, best epoch:60, best loss:0.0170, dice[ET:0.7724, TC:0.8491, WT:0.8876], best dice[ET:0.7823, TC:0.8500, WT:0.8857]
epoch:64/200, loss:0.0187, best epoch:60, best loss:0.0170, dice[ET:0.7798, TC:0.8303, WT:0.8810], best dice[ET:0.7823, TC:0.8500, WT:0.8857]
epoch:65/200, loss:0.0177, best epoch:60, best loss:0.0170, dice[ET:0.7742, TC:0.8245, WT:0.8821], best dice[ET:0.7823, TC:0.8500, WT:0.8857]
epoch:66/200, loss:0.0200, best epoch:60, best loss:0.0170, dice[ET:0.7748, TC:0.8074, WT:0.8639], best dice[ET:0.7823, TC:0.8500, WT:0.8857]
epoch:67/200, loss:0.0181, best epoch:60, best loss:0.0170, dice[ET:0.7837, TC:0.8258, WT:0.8789], best dice[ET:0.7823, TC:0.8500, WT:0.8857]
epoch:68/200, loss:0.0182, best epoch:60, best loss:0.0170, dice[ET:0.7651, TC:0.8383, WT:0.8796], best dice[ET:0.7823, TC:0.8500, WT:0.8857]
epoch:69/200, loss:0.0173, best epoch:60, best loss:0.0170, dice[ET:0.7611, TC:0.8203, WT:0.8829], best dice[ET:0.7823, TC:0.8500, WT:0.8857]
epoch:70/200, loss:0.0171, best epoch:60, best loss:0.0170, dice[ET:0.7865, TC:0.8415, WT:0.8866], best dice[ET:0.7823, TC:0.8500, WT:0.8857]
epoch:71/200, loss:0.0174, best epoch:60, best loss:0.0170, dice[ET:0.7588, TC:0.8352, WT:0.8892], best dice[ET:0.7823, TC:0.8500, WT:0.8857]
epoch:72/200, loss:0.0173, best epoch:60, best loss:0.0170, dice[ET:0.7747, TC:0.8494, WT:0.8796], best dice[ET:0.7823, TC:0.8500, WT:0.8857]
epoch:73/200, loss:0.0182, best epoch:60, best loss:0.0170, dice[ET:0.7808, TC:0.8292, WT:0.8825], best dice[ET:0.7823, TC:0.8500, WT:0.8857]
epoch:74/200, loss:0.0167, best epoch:74, best loss:0.0167, dice[ET:0.7956, TC:0.8439, WT:0.8838], best dice[ET:0.7956, TC:0.8439, WT:0.8838]
epoch:75/200, loss:0.0179, best epoch:74, best loss:0.0167, dice[ET:0.7765, TC:0.8374, WT:0.8808], best dice[ET:0.7956, TC:0.8439, WT:0.8838]
epoch:76/200, loss:0.0169, best epoch:74, best loss:0.0167, dice[ET:0.8038, TC:0.8454, WT:0.8810], best dice[ET:0.7956, TC:0.8439, WT:0.8838]
epoch:77/200, loss:0.0178, best epoch:74, best loss:0.0167, dice[ET:0.7733, TC:0.8346, WT:0.8801], best dice[ET:0.7956, TC:0.8439, WT:0.8838]
epoch:78/200, loss:0.0183, best epoch:74, best loss:0.0167, dice[ET:0.7779, TC:0.8240, WT:0.8822], best dice[ET:0.7956, TC:0.8439, WT:0.8838]
epoch:79/200, loss:0.0210, best epoch:74, best loss:0.0167, dice[ET:0.7797, TC:0.8315, WT:0.8716], best dice[ET:0.7956, TC:0.8439, WT:0.8838]
epoch:80/200, loss:0.0175, best epoch:74, best loss:0.0167, dice[ET:0.7817, TC:0.8336, WT:0.8799], best dice[ET:0.7956, TC:0.8439, WT:0.8838]
epoch:81/200, loss:0.0172, best epoch:74, best loss:0.0167, dice[ET:0.7984, TC:0.8427, WT:0.8831], best dice[ET:0.7956, TC:0.8439, WT:0.8838]
epoch:82/200, loss:0.0201, best epoch:74, best loss:0.0167, dice[ET:0.8060, TC:0.8349, WT:0.8660], best dice[ET:0.7956, TC:0.8439, WT:0.8838]
epoch:83/200, loss:0.0208, best epoch:74, best loss:0.0167, dice[ET:0.7657, TC:0.8247, WT:0.8727], best dice[ET:0.7956, TC:0.8439, WT:0.8838]
epoch:84/200, loss:0.0284, best epoch:74, best loss:0.0167, dice[ET:0.7112, TC:0.7008, WT:0.8246], best dice[ET:0.7956, TC:0.8439, WT:0.8838]
epoch:85/200, loss:0.0189, best epoch:74, best loss:0.0167, dice[ET:0.7755, TC:0.8140, WT:0.8582], best dice[ET:0.7956, TC:0.8439, WT:0.8838]
epoch:86/200, loss:0.0183, best epoch:74, best loss:0.0167, dice[ET:0.7909, TC:0.8255, WT:0.8729], best dice[ET:0.7956, TC:0.8439, WT:0.8838]
epoch:87/200, loss:0.0166, best epoch:87, best loss:0.0166, dice[ET:0.7874, TC:0.8388, WT:0.8868], best dice[ET:0.7874, TC:0.8388, WT:0.8868]
epoch:88/200, loss:0.0180, best epoch:87, best loss:0.0166, dice[ET:0.7921, TC:0.8279, WT:0.8769], best dice[ET:0.7874, TC:0.8388, WT:0.8868]
epoch:89/200, loss:0.0176, best epoch:87, best loss:0.0166, dice[ET:0.7982, TC:0.8322, WT:0.8825], best dice[ET:0.7874, TC:0.8388, WT:0.8868]
epoch:90/200, loss:0.0166, best epoch:87, best loss:0.0166, dice[ET:0.7791, TC:0.8301, WT:0.8881], best dice[ET:0.7874, TC:0.8388, WT:0.8868]
epoch:91/200, loss:0.0185, best epoch:87, best loss:0.0166, dice[ET:0.7843, TC:0.8323, WT:0.8851], best dice[ET:0.7874, TC:0.8388, WT:0.8868]
epoch:92/200, loss:0.0186, best epoch:87, best loss:0.0166, dice[ET:0.7728, TC:0.8180, WT:0.8828], best dice[ET:0.7874, TC:0.8388, WT:0.8868]
epoch:93/200, loss:0.0192, best epoch:87, best loss:0.0166, dice[ET:0.7655, TC:0.8198, WT:0.8817], best dice[ET:0.7874, TC:0.8388, WT:0.8868]
epoch:94/200, loss:0.0175, best epoch:87, best loss:0.0166, dice[ET:0.7841, TC:0.8405, WT:0.8791], best dice[ET:0.7874, TC:0.8388, WT:0.8868]
epoch:95/200, loss:0.0172, best epoch:87, best loss:0.0166, dice[ET:0.8075, TC:0.8429, WT:0.8845], best dice[ET:0.7874, TC:0.8388, WT:0.8868]
epoch:96/200, loss:0.0186, best epoch:87, best loss:0.0166, dice[ET:0.7958, TC:0.8524, WT:0.8748], best dice[ET:0.7874, TC:0.8388, WT:0.8868]
epoch:97/200, loss:0.0163, best epoch:97, best loss:0.0163, dice[ET:0.7927, TC:0.8550, WT:0.8872], best dice[ET:0.7927, TC:0.8550, WT:0.8872]
epoch:98/200, loss:0.0187, best epoch:97, best loss:0.0163, dice[ET:0.7922, TC:0.8488, WT:0.8486], best dice[ET:0.7927, TC:0.8550, WT:0.8872]
epoch:99/200, loss:0.0173, best epoch:97, best loss:0.0163, dice[ET:0.7833, TC:0.8472, WT:0.8836], best dice[ET:0.7927, TC:0.8550, WT:0.8872]
epoch:100/200, loss:0.0161, best epoch:100, best loss:0.0161, dice[ET:0.7885, TC:0.8486, WT:0.8903], best dice[ET:0.7885, TC:0.8486, WT:0.8903]
epoch:101/200, loss:0.0166, best epoch:100, best loss:0.0161, dice[ET:0.7932, TC:0.8470, WT:0.8814], best dice[ET:0.7885, TC:0.8486, WT:0.8903]
epoch:102/200, loss:0.0173, best epoch:100, best loss:0.0161, dice[ET:0.7910, TC:0.8444, WT:0.8805], best dice[ET:0.7885, TC:0.8486, WT:0.8903]
epoch:103/200, loss:0.0167, best epoch:100, best loss:0.0161, dice[ET:0.7844, TC:0.8422, WT:0.8856], best dice[ET:0.7885, TC:0.8486, WT:0.8903]
epoch:104/200, loss:0.0164, best epoch:100, best loss:0.0161, dice[ET:0.7997, TC:0.8450, WT:0.8890], best dice[ET:0.7885, TC:0.8486, WT:0.8903]
epoch:105/200, loss:0.0167, best epoch:100, best loss:0.0161, dice[ET:0.7842, TC:0.8503, WT:0.8903], best dice[ET:0.7885, TC:0.8486, WT:0.8903]
epoch:106/200, loss:0.0169, best epoch:100, best loss:0.0161, dice[ET:0.8072, TC:0.8475, WT:0.8859], best dice[ET:0.7885, TC:0.8486, WT:0.8903]
epoch:107/200, loss:0.0158, best epoch:107, best loss:0.0158, dice[ET:0.7878, TC:0.8452, WT:0.8921], best dice[ET:0.7878, TC:0.8452, WT:0.8921]
epoch:108/200, loss:0.0163, best epoch:107, best loss:0.0158, dice[ET:0.8011, TC:0.8319, WT:0.8877], best dice[ET:0.7878, TC:0.8452, WT:0.8921]
epoch:109/200, loss:0.0172, best epoch:107, best loss:0.0158, dice[ET:0.8042, TC:0.8383, WT:0.8919], best dice[ET:0.7878, TC:0.8452, WT:0.8921]
epoch:110/200, loss:0.0166, best epoch:107, best loss:0.0158, dice[ET:0.8196, TC:0.8612, WT:0.8808], best dice[ET:0.7878, TC:0.8452, WT:0.8921]
epoch:111/200, loss:0.0168, best epoch:107, best loss:0.0158, dice[ET:0.8060, TC:0.8353, WT:0.8868], best dice[ET:0.7878, TC:0.8452, WT:0.8921]
epoch:112/200, loss:0.0157, best epoch:112, best loss:0.0157, dice[ET:0.7924, TC:0.8611, WT:0.8935], best dice[ET:0.7924, TC:0.8611, WT:0.8935]
epoch:113/200, loss:0.0172, best epoch:112, best loss:0.0157, dice[ET:0.7698, TC:0.8212, WT:0.8804], best dice[ET:0.7924, TC:0.8611, WT:0.8935]
epoch:114/200, loss:0.0183, best epoch:112, best loss:0.0157, dice[ET:0.7744, TC:0.8385, WT:0.8784], best dice[ET:0.7924, TC:0.8611, WT:0.8935]
epoch:115/200, loss:0.0178, best epoch:112, best loss:0.0157, dice[ET:0.7969, TC:0.8380, WT:0.8788], best dice[ET:0.7924, TC:0.8611, WT:0.8935]
epoch:116/200, loss:0.0160, best epoch:112, best loss:0.0157, dice[ET:0.8128, TC:0.8478, WT:0.8912], best dice[ET:0.7924, TC:0.8611, WT:0.8935]
epoch:117/200, loss:0.0168, best epoch:112, best loss:0.0157, dice[ET:0.7630, TC:0.8278, WT:0.8926], best dice[ET:0.7924, TC:0.8611, WT:0.8935]
epoch:118/200, loss:0.0173, best epoch:112, best loss:0.0157, dice[ET:0.8061, TC:0.8489, WT:0.8809], best dice[ET:0.7924, TC:0.8611, WT:0.8935]
epoch:119/200, loss:0.0165, best epoch:112, best loss:0.0157, dice[ET:0.8158, TC:0.8450, WT:0.8893], best dice[ET:0.7924, TC:0.8611, WT:0.8935]
epoch:120/200, loss:0.0170, best epoch:112, best loss:0.0157, dice[ET:0.8018, TC:0.8426, WT:0.8875], best dice[ET:0.7924, TC:0.8611, WT:0.8935]
epoch:121/200, loss:0.0174, best epoch:112, best loss:0.0157, dice[ET:0.7730, TC:0.8182, WT:0.8797], best dice[ET:0.7924, TC:0.8611, WT:0.8935]
epoch:122/200, loss:0.0196, best epoch:112, best loss:0.0157, dice[ET:0.8013, TC:0.8461, WT:0.8810], best dice[ET:0.7924, TC:0.8611, WT:0.8935]
epoch:123/200, loss:0.0170, best epoch:112, best loss:0.0157, dice[ET:0.7940, TC:0.8476, WT:0.8798], best dice[ET:0.7924, TC:0.8611, WT:0.8935]
epoch:124/200, loss:0.0166, best epoch:112, best loss:0.0157, dice[ET:0.7987, TC:0.8457, WT:0.8859], best dice[ET:0.7924, TC:0.8611, WT:0.8935]
epoch:125/200, loss:0.0157, best epoch:112, best loss:0.0157, dice[ET:0.8143, TC:0.8555, WT:0.8884], best dice[ET:0.7924, TC:0.8611, WT:0.8935]
epoch:126/200, loss:0.0168, best epoch:112, best loss:0.0157, dice[ET:0.7896, TC:0.8418, WT:0.8886], best dice[ET:0.7924, TC:0.8611, WT:0.8935]
epoch:127/200, loss:0.0164, best epoch:112, best loss:0.0157, dice[ET:0.7867, TC:0.8445, WT:0.8873], best dice[ET:0.7924, TC:0.8611, WT:0.8935]
epoch:128/200, loss:0.0161, best epoch:112, best loss:0.0157, dice[ET:0.8007, TC:0.8539, WT:0.8895], best dice[ET:0.7924, TC:0.8611, WT:0.8935]
epoch:129/200, loss:0.0169, best epoch:112, best loss:0.0157, dice[ET:0.7813, TC:0.8344, WT:0.8823], best dice[ET:0.7924, TC:0.8611, WT:0.8935]
epoch:130/200, loss:0.0167, best epoch:112, best loss:0.0157, dice[ET:0.7919, TC:0.8420, WT:0.8915], best dice[ET:0.7924, TC:0.8611, WT:0.8935]
epoch:131/200, loss:0.0157, best epoch:112, best loss:0.0157, dice[ET:0.8048, TC:0.8624, WT:0.8915], best dice[ET:0.7924, TC:0.8611, WT:0.8935]
epoch:132/200, loss:0.0161, best epoch:112, best loss:0.0157, dice[ET:0.7934, TC:0.8630, WT:0.8922], best dice[ET:0.7924, TC:0.8611, WT:0.8935]
epoch:133/200, loss:0.0168, best epoch:112, best loss:0.0157, dice[ET:0.8030, TC:0.8488, WT:0.8904], best dice[ET:0.7924, TC:0.8611, WT:0.8935]
epoch:134/200, loss:0.0163, best epoch:112, best loss:0.0157, dice[ET:0.7904, TC:0.8516, WT:0.8905], best dice[ET:0.7924, TC:0.8611, WT:0.8935]
epoch:135/200, loss:0.0163, best epoch:112, best loss:0.0157, dice[ET:0.8008, TC:0.8578, WT:0.8846], best dice[ET:0.7924, TC:0.8611, WT:0.8935]
epoch:136/200, loss:0.0175, best epoch:112, best loss:0.0157, dice[ET:0.7866, TC:0.8366, WT:0.8794], best dice[ET:0.7924, TC:0.8611, WT:0.8935]
epoch:137/200, loss:0.0170, best epoch:112, best loss:0.0157, dice[ET:0.7958, TC:0.8295, WT:0.8882], best dice[ET:0.7924, TC:0.8611, WT:0.8935]
epoch:138/200, loss:0.0162, best epoch:112, best loss:0.0157, dice[ET:0.7985, TC:0.8589, WT:0.8908], best dice[ET:0.7924, TC:0.8611, WT:0.8935]
epoch:139/200, loss:0.0155, best epoch:139, best loss:0.0155, dice[ET:0.8031, TC:0.8625, WT:0.8929], best dice[ET:0.8031, TC:0.8625, WT:0.8929]
epoch:140/200, loss:0.0161, best epoch:139, best loss:0.0155, dice[ET:0.8083, TC:0.8534, WT:0.8915], best dice[ET:0.8031, TC:0.8625, WT:0.8929]
epoch:141/200, loss:0.0168, best epoch:139, best loss:0.0155, dice[ET:0.7924, TC:0.8510, WT:0.8797], best dice[ET:0.8031, TC:0.8625, WT:0.8929]
epoch:142/200, loss:0.0176, best epoch:139, best loss:0.0155, dice[ET:0.7929, TC:0.8453, WT:0.8797], best dice[ET:0.8031, TC:0.8625, WT:0.8929]
epoch:143/200, loss:0.0195, best epoch:139, best loss:0.0155, dice[ET:0.7911, TC:0.8411, WT:0.8719], best dice[ET:0.8031, TC:0.8625, WT:0.8929]
epoch:144/200, loss:0.0174, best epoch:139, best loss:0.0155, dice[ET:0.7988, TC:0.8568, WT:0.8608], best dice[ET:0.8031, TC:0.8625, WT:0.8929]
epoch:145/200, loss:0.0169, best epoch:139, best loss:0.0155, dice[ET:0.7843, TC:0.8415, WT:0.8855], best dice[ET:0.8031, TC:0.8625, WT:0.8929]
epoch:146/200, loss:0.0173, best epoch:139, best loss:0.0155, dice[ET:0.7902, TC:0.8467, WT:0.8887], best dice[ET:0.8031, TC:0.8625, WT:0.8929]
epoch:147/200, loss:0.0178, best epoch:139, best loss:0.0155, dice[ET:0.7672, TC:0.8164, WT:0.8849], best dice[ET:0.8031, TC:0.8625, WT:0.8929]
epoch:148/200, loss:0.0163, best epoch:139, best loss:0.0155, dice[ET:0.8046, TC:0.8644, WT:0.8855], best dice[ET:0.8031, TC:0.8625, WT:0.8929]
epoch:149/200, loss:0.0160, best epoch:139, best loss:0.0155, dice[ET:0.8014, TC:0.8432, WT:0.8924], best dice[ET:0.8031, TC:0.8625, WT:0.8929]
epoch:150/200, loss:0.0166, best epoch:139, best loss:0.0155, dice[ET:0.7978, TC:0.8344, WT:0.8917], best dice[ET:0.8031, TC:0.8625, WT:0.8929]
epoch:151/200, loss:0.0166, best epoch:139, best loss:0.0155, dice[ET:0.7884, TC:0.8410, WT:0.8944], best dice[ET:0.8031, TC:0.8625, WT:0.8929]
epoch:152/200, loss:0.0165, best epoch:139, best loss:0.0155, dice[ET:0.7938, TC:0.8502, WT:0.8915], best dice[ET:0.8031, TC:0.8625, WT:0.8929]
epoch:153/200, loss:0.0166, best epoch:139, best loss:0.0155, dice[ET:0.7936, TC:0.8447, WT:0.8903], best dice[ET:0.8031, TC:0.8625, WT:0.8929]
epoch:154/200, loss:0.0160, best epoch:139, best loss:0.0155, dice[ET:0.8115, TC:0.8425, WT:0.8903], best dice[ET:0.8031, TC:0.8625, WT:0.8929]
epoch:155/200, loss:0.0174, best epoch:139, best loss:0.0155, dice[ET:0.7947, TC:0.8476, WT:0.8715], best dice[ET:0.8031, TC:0.8625, WT:0.8929]
epoch:156/200, loss:0.0169, best epoch:139, best loss:0.0155, dice[ET:0.7721, TC:0.8177, WT:0.8732], best dice[ET:0.8031, TC:0.8625, WT:0.8929]
epoch:157/200, loss:0.0157, best epoch:139, best loss:0.0155, dice[ET:0.8009, TC:0.8566, WT:0.8951], best dice[ET:0.8031, TC:0.8625, WT:0.8929]
epoch:158/200, loss:0.0169, best epoch:139, best loss:0.0155, dice[ET:0.7738, TC:0.8309, WT:0.8831], best dice[ET:0.8031, TC:0.8625, WT:0.8929]
epoch:159/200, loss:0.0206, best epoch:139, best loss:0.0155, dice[ET:0.7891, TC:0.8309, WT:0.8721], best dice[ET:0.8031, TC:0.8625, WT:0.8929]
epoch:160/200, loss:0.0156, best epoch:139, best loss:0.0155, dice[ET:0.8006, TC:0.8603, WT:0.8945], best dice[ET:0.8031, TC:0.8625, WT:0.8929]
epoch:161/200, loss:0.0160, best epoch:139, best loss:0.0155, dice[ET:0.7972, TC:0.8575, WT:0.8916], best dice[ET:0.8031, TC:0.8625, WT:0.8929]
epoch:162/200, loss:0.0171, best epoch:139, best loss:0.0155, dice[ET:0.8018, TC:0.8605, WT:0.8712], best dice[ET:0.8031, TC:0.8625, WT:0.8929]
epoch:163/200, loss:0.0159, best epoch:139, best loss:0.0155, dice[ET:0.7920, TC:0.8530, WT:0.8936], best dice[ET:0.8031, TC:0.8625, WT:0.8929]
epoch:164/200, loss:0.0169, best epoch:139, best loss:0.0155, dice[ET:0.7923, TC:0.8531, WT:0.8795], best dice[ET:0.8031, TC:0.8625, WT:0.8929]
epoch:165/200, loss:0.0164, best epoch:139, best loss:0.0155, dice[ET:0.8066, TC:0.8633, WT:0.8885], best dice[ET:0.8031, TC:0.8625, WT:0.8929]
epoch:166/200, loss:0.0189, best epoch:139, best loss:0.0155, dice[ET:0.8008, TC:0.8537, WT:0.8822], best dice[ET:0.8031, TC:0.8625, WT:0.8929]
epoch:167/200, loss:0.0170, best epoch:139, best loss:0.0155, dice[ET:0.8061, TC:0.8541, WT:0.8820], best dice[ET:0.8031, TC:0.8625, WT:0.8929]
epoch:168/200, loss:0.0178, best epoch:139, best loss:0.0155, dice[ET:0.7892, TC:0.8394, WT:0.8775], best dice[ET:0.8031, TC:0.8625, WT:0.8929]
epoch:169/200, loss:0.0175, best epoch:139, best loss:0.0155, dice[ET:0.7967, TC:0.8313, WT:0.8844], best dice[ET:0.8031, TC:0.8625, WT:0.8929]
epoch:170/200, loss:0.0156, best epoch:139, best loss:0.0155, dice[ET:0.7966, TC:0.8523, WT:0.8923], best dice[ET:0.8031, TC:0.8625, WT:0.8929]
epoch:171/200, loss:0.0158, best epoch:139, best loss:0.0155, dice[ET:0.7931, TC:0.8556, WT:0.8910], best dice[ET:0.8031, TC:0.8625, WT:0.8929]
epoch:172/200, loss:0.0171, best epoch:139, best loss:0.0155, dice[ET:0.7883, TC:0.8523, WT:0.8824], best dice[ET:0.8031, TC:0.8625, WT:0.8929]
epoch:173/200, loss:0.0181, best epoch:139, best loss:0.0155, dice[ET:0.7928, TC:0.8327, WT:0.8810], best dice[ET:0.8031, TC:0.8625, WT:0.8929]
epoch:174/200, loss:0.0161, best epoch:139, best loss:0.0155, dice[ET:0.7904, TC:0.8378, WT:0.8911], best dice[ET:0.8031, TC:0.8625, WT:0.8929]
epoch:175/200, loss:0.0156, best epoch:139, best loss:0.0155, dice[ET:0.8032, TC:0.8641, WT:0.8935], best dice[ET:0.8031, TC:0.8625, WT:0.8929]
epoch:176/200, loss:0.0162, best epoch:139, best loss:0.0155, dice[ET:0.7994, TC:0.8521, WT:0.8913], best dice[ET:0.8031, TC:0.8625, WT:0.8929]
epoch:177/200, loss:0.0162, best epoch:139, best loss:0.0155, dice[ET:0.8023, TC:0.8500, WT:0.8937], best dice[ET:0.8031, TC:0.8625, WT:0.8929]
epoch:178/200, loss:0.0159, best epoch:139, best loss:0.0155, dice[ET:0.8009, TC:0.8547, WT:0.8898], best dice[ET:0.8031, TC:0.8625, WT:0.8929]
epoch:179/200, loss:0.0168, best epoch:139, best loss:0.0155, dice[ET:0.8014, TC:0.8439, WT:0.8799], best dice[ET:0.8031, TC:0.8625, WT:0.8929]
epoch:180/200, loss:0.0157, best epoch:139, best loss:0.0155, dice[ET:0.8012, TC:0.8548, WT:0.8940], best dice[ET:0.8031, TC:0.8625, WT:0.8929]
epoch:181/200, loss:0.0158, best epoch:139, best loss:0.0155, dice[ET:0.8007, TC:0.8594, WT:0.8928], best dice[ET:0.8031, TC:0.8625, WT:0.8929]
epoch:182/200, loss:0.0163, best epoch:139, best loss:0.0155, dice[ET:0.7981, TC:0.8574, WT:0.8858], best dice[ET:0.8031, TC:0.8625, WT:0.8929]
epoch:183/200, loss:0.0205, best epoch:139, best loss:0.0155, dice[ET:0.7563, TC:0.8194, WT:0.8473], best dice[ET:0.8031, TC:0.8625, WT:0.8929]
epoch:184/200, loss:0.0166, best epoch:139, best loss:0.0155, dice[ET:0.8045, TC:0.8572, WT:0.8826], best dice[ET:0.8031, TC:0.8625, WT:0.8929]
epoch:185/200, loss:0.0162, best epoch:139, best loss:0.0155, dice[ET:0.8058, TC:0.8591, WT:0.8885], best dice[ET:0.8031, TC:0.8625, WT:0.8929]
epoch:186/200, loss:0.0170, best epoch:139, best loss:0.0155, dice[ET:0.8059, TC:0.8576, WT:0.8864], best dice[ET:0.8031, TC:0.8625, WT:0.8929]
epoch:187/200, loss:0.0158, best epoch:139, best loss:0.0155, dice[ET:0.8076, TC:0.8720, WT:0.8938], best dice[ET:0.8031, TC:0.8625, WT:0.8929]
epoch:188/200, loss:0.0162, best epoch:139, best loss:0.0155, dice[ET:0.8015, TC:0.8538, WT:0.8910], best dice[ET:0.8031, TC:0.8625, WT:0.8929]
epoch:189/200, loss:0.0166, best epoch:139, best loss:0.0155, dice[ET:0.7943, TC:0.8518, WT:0.8836], best dice[ET:0.8031, TC:0.8625, WT:0.8929]
epoch:190/200, loss:0.0165, best epoch:139, best loss:0.0155, dice[ET:0.7955, TC:0.8492, WT:0.8895], best dice[ET:0.8031, TC:0.8625, WT:0.8929]
epoch:191/200, loss:0.0167, best epoch:139, best loss:0.0155, dice[ET:0.7907, TC:0.8485, WT:0.8793], best dice[ET:0.8031, TC:0.8625, WT:0.8929]
epoch:192/200, loss:0.0166, best epoch:139, best loss:0.0155, dice[ET:0.7969, TC:0.8509, WT:0.8882], best dice[ET:0.8031, TC:0.8625, WT:0.8929]
epoch:193/200, loss:0.0170, best epoch:139, best loss:0.0155, dice[ET:0.8068, TC:0.8604, WT:0.8783], best dice[ET:0.8031, TC:0.8625, WT:0.8929]
epoch:194/200, loss:0.0176, best epoch:139, best loss:0.0155, dice[ET:0.7932, TC:0.8416, WT:0.8823], best dice[ET:0.8031, TC:0.8625, WT:0.8929]
epoch:195/200, loss:0.0178, best epoch:139, best loss:0.0155, dice[ET:0.7965, TC:0.8425, WT:0.8841], best dice[ET:0.8031, TC:0.8625, WT:0.8929]
epoch:196/200, loss:0.0159, best epoch:139, best loss:0.0155, dice[ET:0.8002, TC:0.8363, WT:0.8931], best dice[ET:0.8031, TC:0.8625, WT:0.8929]
epoch:197/200, loss:0.0159, best epoch:139, best loss:0.0155, dice[ET:0.8039, TC:0.8515, WT:0.8955], best dice[ET:0.8031, TC:0.8625, WT:0.8929]
epoch:198/200, loss:0.0169, best epoch:139, best loss:0.0155, dice[ET:0.8052, TC:0.8611, WT:0.8826], best dice[ET:0.8031, TC:0.8625, WT:0.8929]
epoch:199/200, loss:0.0183, best epoch:139, best loss:0.0155, dice[ET:0.7947, TC:0.8344, WT:0.8830], best dice[ET:0.8031, TC:0.8625, WT:0.8929]
