batch_size = 2
ckpt_dir = ckpt/ckpt_brats19_svls_1234_cos
cosine_annealing_lr = True
data_root = MICCAI_BraTS_2019_Data_Training/HGG_LGG
end_scale_factor = 1.4
epochs = 200
in_channels = 4
lr = 0.0001
ls_smoothing = 0.1
num_classes = 4
start_scale_factor = 2.2
svls_alpha = 0.1
svls_ratio = 1.0
svls_sigma_diff = 1.0
svls_smoothing = 1.0
train_option = SVLS
weight_decay = 0.0
train sample: 269 train minibatch: 135 valid sample: 66 valid minibatch: 33
train_option SVLS
ckpt name: model_best_svls.pth.tar
Using cosine annealing lr...
epoch:0/200, loss:0.3220, best epoch:0, best loss:0.3220, dice[ET:0.0332, TC:0.0290, WT:0.7234], best dice[ET:0.0332, TC:0.0290, WT:0.7234]
epoch:1/200, loss:0.2223, best epoch:1, best loss:0.2223, dice[ET:0.1340, TC:0.1037, WT:0.7746], best dice[ET:0.1340, TC:0.1037, WT:0.7746]
epoch:2/200, loss:0.1632, best epoch:2, best loss:0.1632, dice[ET:0.4825, TC:0.4557, WT:0.7548], best dice[ET:0.4825, TC:0.4557, WT:0.7548]
epoch:3/200, loss:0.1321, best epoch:3, best loss:0.1321, dice[ET:0.4986, TC:0.5210, WT:0.7841], best dice[ET:0.4986, TC:0.5210, WT:0.7841]
epoch:4/200, loss:0.1005, best epoch:4, best loss:0.1005, dice[ET:0.6368, TC:0.6671, WT:0.7976], best dice[ET:0.6368, TC:0.6671, WT:0.7976]
epoch:5/200, loss:0.0850, best epoch:5, best loss:0.0850, dice[ET:0.6119, TC:0.6386, WT:0.8212], best dice[ET:0.6119, TC:0.6386, WT:0.8212]
epoch:6/200, loss:0.0702, best epoch:6, best loss:0.0702, dice[ET:0.6772, TC:0.7352, WT:0.7972], best dice[ET:0.6772, TC:0.7352, WT:0.7972]
epoch:7/200, loss:0.0596, best epoch:7, best loss:0.0596, dice[ET:0.6627, TC:0.6758, WT:0.8294], best dice[ET:0.6627, TC:0.6758, WT:0.8294]
epoch:8/200, loss:0.0539, best epoch:8, best loss:0.0539, dice[ET:0.6899, TC:0.7221, WT:0.8186], best dice[ET:0.6899, TC:0.7221, WT:0.8186]
epoch:9/200, loss:0.0472, best epoch:9, best loss:0.0472, dice[ET:0.6945, TC:0.7508, WT:0.8532], best dice[ET:0.6945, TC:0.7508, WT:0.8532]
epoch:10/200, loss:0.0427, best epoch:10, best loss:0.0427, dice[ET:0.6838, TC:0.7353, WT:0.8652], best dice[ET:0.6838, TC:0.7353, WT:0.8652]
epoch:11/200, loss:0.0394, best epoch:11, best loss:0.0394, dice[ET:0.6858, TC:0.7609, WT:0.8486], best dice[ET:0.6858, TC:0.7609, WT:0.8486]
epoch:12/200, loss:0.0363, best epoch:12, best loss:0.0363, dice[ET:0.7180, TC:0.7540, WT:0.8620], best dice[ET:0.7180, TC:0.7540, WT:0.8620]
epoch:13/200, loss:0.0362, best epoch:13, best loss:0.0362, dice[ET:0.6723, TC:0.6855, WT:0.8521], best dice[ET:0.6723, TC:0.6855, WT:0.8521]
epoch:14/200, loss:0.0334, best epoch:14, best loss:0.0334, dice[ET:0.7124, TC:0.7744, WT:0.8413], best dice[ET:0.7124, TC:0.7744, WT:0.8413]
epoch:15/200, loss:0.0323, best epoch:15, best loss:0.0323, dice[ET:0.7145, TC:0.7470, WT:0.8622], best dice[ET:0.7145, TC:0.7470, WT:0.8622]
epoch:16/200, loss:0.0300, best epoch:16, best loss:0.0300, dice[ET:0.7239, TC:0.7722, WT:0.8542], best dice[ET:0.7239, TC:0.7722, WT:0.8542]
epoch:17/200, loss:0.0286, best epoch:17, best loss:0.0286, dice[ET:0.7236, TC:0.8068, WT:0.8634], best dice[ET:0.7236, TC:0.8068, WT:0.8634]
epoch:18/200, loss:0.0285, best epoch:18, best loss:0.0285, dice[ET:0.7332, TC:0.7599, WT:0.8669], best dice[ET:0.7332, TC:0.7599, WT:0.8669]
epoch:19/200, loss:0.0263, best epoch:19, best loss:0.0263, dice[ET:0.7467, TC:0.8010, WT:0.8632], best dice[ET:0.7467, TC:0.8010, WT:0.8632]
epoch:20/200, loss:0.0285, best epoch:19, best loss:0.0263, dice[ET:0.7208, TC:0.7515, WT:0.8610], best dice[ET:0.7467, TC:0.8010, WT:0.8632]
epoch:21/200, loss:0.0253, best epoch:21, best loss:0.0253, dice[ET:0.7369, TC:0.7888, WT:0.8636], best dice[ET:0.7369, TC:0.7888, WT:0.8636]
epoch:22/200, loss:0.0241, best epoch:22, best loss:0.0241, dice[ET:0.7280, TC:0.8095, WT:0.8665], best dice[ET:0.7280, TC:0.8095, WT:0.8665]
epoch:23/200, loss:0.0249, best epoch:22, best loss:0.0241, dice[ET:0.7555, TC:0.8086, WT:0.8548], best dice[ET:0.7280, TC:0.8095, WT:0.8665]
epoch:24/200, loss:0.0229, best epoch:24, best loss:0.0229, dice[ET:0.7621, TC:0.8139, WT:0.8732], best dice[ET:0.7621, TC:0.8139, WT:0.8732]
epoch:25/200, loss:0.0240, best epoch:24, best loss:0.0229, dice[ET:0.7386, TC:0.8101, WT:0.8623], best dice[ET:0.7621, TC:0.8139, WT:0.8732]
epoch:26/200, loss:0.0239, best epoch:24, best loss:0.0229, dice[ET:0.7448, TC:0.8060, WT:0.8467], best dice[ET:0.7621, TC:0.8139, WT:0.8732]
epoch:27/200, loss:0.0206, best epoch:27, best loss:0.0206, dice[ET:0.7556, TC:0.8271, WT:0.8793], best dice[ET:0.7556, TC:0.8271, WT:0.8793]
epoch:28/200, loss:0.0200, best epoch:28, best loss:0.0200, dice[ET:0.7522, TC:0.8078, WT:0.8861], best dice[ET:0.7522, TC:0.8078, WT:0.8861]
epoch:29/200, loss:0.0210, best epoch:28, best loss:0.0200, dice[ET:0.7584, TC:0.8074, WT:0.8746], best dice[ET:0.7522, TC:0.8078, WT:0.8861]
epoch:30/200, loss:0.0210, best epoch:28, best loss:0.0200, dice[ET:0.7685, TC:0.8190, WT:0.8703], best dice[ET:0.7522, TC:0.8078, WT:0.8861]
epoch:31/200, loss:0.0198, best epoch:31, best loss:0.0198, dice[ET:0.7646, TC:0.8184, WT:0.8830], best dice[ET:0.7646, TC:0.8184, WT:0.8830]
epoch:32/200, loss:0.0196, best epoch:32, best loss:0.0196, dice[ET:0.7755, TC:0.8425, WT:0.8777], best dice[ET:0.7755, TC:0.8425, WT:0.8777]
epoch:33/200, loss:0.0212, best epoch:32, best loss:0.0196, dice[ET:0.6875, TC:0.7985, WT:0.8754], best dice[ET:0.7755, TC:0.8425, WT:0.8777]
epoch:34/200, loss:0.0195, best epoch:34, best loss:0.0195, dice[ET:0.7704, TC:0.8413, WT:0.8804], best dice[ET:0.7704, TC:0.8413, WT:0.8804]
epoch:35/200, loss:0.0224, best epoch:34, best loss:0.0195, dice[ET:0.7124, TC:0.8033, WT:0.8548], best dice[ET:0.7704, TC:0.8413, WT:0.8804]
epoch:36/200, loss:0.0221, best epoch:34, best loss:0.0195, dice[ET:0.7466, TC:0.7833, WT:0.8649], best dice[ET:0.7704, TC:0.8413, WT:0.8804]
epoch:37/200, loss:0.0230, best epoch:34, best loss:0.0195, dice[ET:0.7146, TC:0.7471, WT:0.8456], best dice[ET:0.7704, TC:0.8413, WT:0.8804]
epoch:38/200, loss:0.0191, best epoch:38, best loss:0.0191, dice[ET:0.7714, TC:0.8315, WT:0.8774], best dice[ET:0.7714, TC:0.8315, WT:0.8774]
epoch:39/200, loss:0.0195, best epoch:38, best loss:0.0191, dice[ET:0.7665, TC:0.8336, WT:0.8725], best dice[ET:0.7714, TC:0.8315, WT:0.8774]
epoch:40/200, loss:0.0182, best epoch:40, best loss:0.0182, dice[ET:0.7701, TC:0.8372, WT:0.8845], best dice[ET:0.7701, TC:0.8372, WT:0.8845]
epoch:41/200, loss:0.0183, best epoch:40, best loss:0.0182, dice[ET:0.7645, TC:0.8153, WT:0.8842], best dice[ET:0.7701, TC:0.8372, WT:0.8845]
epoch:42/200, loss:0.0180, best epoch:42, best loss:0.0180, dice[ET:0.7743, TC:0.8385, WT:0.8896], best dice[ET:0.7743, TC:0.8385, WT:0.8896]
epoch:43/200, loss:0.0215, best epoch:42, best loss:0.0180, dice[ET:0.7627, TC:0.8178, WT:0.8665], best dice[ET:0.7743, TC:0.8385, WT:0.8896]
epoch:44/200, loss:0.0204, best epoch:42, best loss:0.0180, dice[ET:0.7652, TC:0.8161, WT:0.8755], best dice[ET:0.7743, TC:0.8385, WT:0.8896]
epoch:45/200, loss:0.0205, best epoch:42, best loss:0.0180, dice[ET:0.7752, TC:0.8224, WT:0.8731], best dice[ET:0.7743, TC:0.8385, WT:0.8896]
epoch:46/200, loss:0.0205, best epoch:42, best loss:0.0180, dice[ET:0.7791, TC:0.8275, WT:0.8674], best dice[ET:0.7743, TC:0.8385, WT:0.8896]
epoch:47/200, loss:0.0182, best epoch:42, best loss:0.0180, dice[ET:0.7879, TC:0.8527, WT:0.8774], best dice[ET:0.7743, TC:0.8385, WT:0.8896]
epoch:48/200, loss:0.0193, best epoch:42, best loss:0.0180, dice[ET:0.7705, TC:0.8410, WT:0.8768], best dice[ET:0.7743, TC:0.8385, WT:0.8896]
epoch:49/200, loss:0.0176, best epoch:49, best loss:0.0176, dice[ET:0.7697, TC:0.8400, WT:0.8876], best dice[ET:0.7697, TC:0.8400, WT:0.8876]
epoch:50/200, loss:0.0179, best epoch:49, best loss:0.0176, dice[ET:0.7693, TC:0.8212, WT:0.8824], best dice[ET:0.7697, TC:0.8400, WT:0.8876]
epoch:51/200, loss:0.0193, best epoch:49, best loss:0.0176, dice[ET:0.7879, TC:0.8377, WT:0.8580], best dice[ET:0.7697, TC:0.8400, WT:0.8876]
epoch:52/200, loss:0.0173, best epoch:52, best loss:0.0173, dice[ET:0.7665, TC:0.8456, WT:0.8886], best dice[ET:0.7665, TC:0.8456, WT:0.8886]
epoch:53/200, loss:0.0202, best epoch:52, best loss:0.0173, dice[ET:0.7673, TC:0.8098, WT:0.8694], best dice[ET:0.7665, TC:0.8456, WT:0.8886]
epoch:54/200, loss:0.0171, best epoch:54, best loss:0.0171, dice[ET:0.7673, TC:0.8333, WT:0.8882], best dice[ET:0.7673, TC:0.8333, WT:0.8882]
epoch:55/200, loss:0.0184, best epoch:54, best loss:0.0171, dice[ET:0.7703, TC:0.8295, WT:0.8741], best dice[ET:0.7673, TC:0.8333, WT:0.8882]
epoch:56/200, loss:0.0184, best epoch:54, best loss:0.0171, dice[ET:0.7787, TC:0.8314, WT:0.8746], best dice[ET:0.7673, TC:0.8333, WT:0.8882]
epoch:57/200, loss:0.0173, best epoch:54, best loss:0.0171, dice[ET:0.7824, TC:0.8376, WT:0.8890], best dice[ET:0.7673, TC:0.8333, WT:0.8882]
epoch:58/200, loss:0.0188, best epoch:54, best loss:0.0171, dice[ET:0.7835, TC:0.8372, WT:0.8694], best dice[ET:0.7673, TC:0.8333, WT:0.8882]
epoch:59/200, loss:0.0172, best epoch:54, best loss:0.0171, dice[ET:0.7783, TC:0.8370, WT:0.8820], best dice[ET:0.7673, TC:0.8333, WT:0.8882]
epoch:60/200, loss:0.0171, best epoch:54, best loss:0.0171, dice[ET:0.7872, TC:0.8424, WT:0.8839], best dice[ET:0.7673, TC:0.8333, WT:0.8882]
epoch:61/200, loss:0.0170, best epoch:61, best loss:0.0170, dice[ET:0.7811, TC:0.8441, WT:0.8870], best dice[ET:0.7811, TC:0.8441, WT:0.8870]
epoch:62/200, loss:0.0200, best epoch:61, best loss:0.0170, dice[ET:0.7507, TC:0.8287, WT:0.8746], best dice[ET:0.7811, TC:0.8441, WT:0.8870]
epoch:63/200, loss:0.0174, best epoch:61, best loss:0.0170, dice[ET:0.7828, TC:0.8463, WT:0.8874], best dice[ET:0.7811, TC:0.8441, WT:0.8870]
epoch:64/200, loss:0.0191, best epoch:61, best loss:0.0170, dice[ET:0.7804, TC:0.8230, WT:0.8722], best dice[ET:0.7811, TC:0.8441, WT:0.8870]
epoch:65/200, loss:0.0179, best epoch:61, best loss:0.0170, dice[ET:0.7802, TC:0.8291, WT:0.8774], best dice[ET:0.7811, TC:0.8441, WT:0.8870]
epoch:66/200, loss:0.0176, best epoch:61, best loss:0.0170, dice[ET:0.7776, TC:0.8274, WT:0.8731], best dice[ET:0.7811, TC:0.8441, WT:0.8870]
epoch:67/200, loss:0.0172, best epoch:61, best loss:0.0170, dice[ET:0.7640, TC:0.8363, WT:0.8842], best dice[ET:0.7811, TC:0.8441, WT:0.8870]
epoch:68/200, loss:0.0173, best epoch:61, best loss:0.0170, dice[ET:0.7851, TC:0.8461, WT:0.8850], best dice[ET:0.7811, TC:0.8441, WT:0.8870]
epoch:69/200, loss:0.0178, best epoch:61, best loss:0.0170, dice[ET:0.7304, TC:0.8098, WT:0.8807], best dice[ET:0.7811, TC:0.8441, WT:0.8870]
epoch:70/200, loss:0.0174, best epoch:61, best loss:0.0170, dice[ET:0.7727, TC:0.8327, WT:0.8859], best dice[ET:0.7811, TC:0.8441, WT:0.8870]
epoch:71/200, loss:0.0188, best epoch:61, best loss:0.0170, dice[ET:0.7399, TC:0.8126, WT:0.8697], best dice[ET:0.7811, TC:0.8441, WT:0.8870]
epoch:72/200, loss:0.0211, best epoch:61, best loss:0.0170, dice[ET:0.7537, TC:0.8197, WT:0.8641], best dice[ET:0.7811, TC:0.8441, WT:0.8870]
epoch:73/200, loss:0.0220, best epoch:61, best loss:0.0170, dice[ET:0.7558, TC:0.8074, WT:0.8656], best dice[ET:0.7811, TC:0.8441, WT:0.8870]
epoch:74/200, loss:0.0201, best epoch:61, best loss:0.0170, dice[ET:0.7767, TC:0.8271, WT:0.8739], best dice[ET:0.7811, TC:0.8441, WT:0.8870]
epoch:75/200, loss:0.0204, best epoch:61, best loss:0.0170, dice[ET:0.7787, TC:0.8328, WT:0.8757], best dice[ET:0.7811, TC:0.8441, WT:0.8870]
epoch:76/200, loss:0.0200, best epoch:61, best loss:0.0170, dice[ET:0.7620, TC:0.8233, WT:0.8673], best dice[ET:0.7811, TC:0.8441, WT:0.8870]
epoch:77/200, loss:0.0194, best epoch:61, best loss:0.0170, dice[ET:0.7703, TC:0.8309, WT:0.8809], best dice[ET:0.7811, TC:0.8441, WT:0.8870]
epoch:78/200, loss:0.0197, best epoch:61, best loss:0.0170, dice[ET:0.7735, TC:0.8177, WT:0.8813], best dice[ET:0.7811, TC:0.8441, WT:0.8870]
epoch:79/200, loss:0.0196, best epoch:61, best loss:0.0170, dice[ET:0.7718, TC:0.8310, WT:0.8806], best dice[ET:0.7811, TC:0.8441, WT:0.8870]
epoch:80/200, loss:0.0197, best epoch:61, best loss:0.0170, dice[ET:0.7760, TC:0.8347, WT:0.8750], best dice[ET:0.7811, TC:0.8441, WT:0.8870]
epoch:81/200, loss:0.0171, best epoch:61, best loss:0.0170, dice[ET:0.7849, TC:0.8402, WT:0.8859], best dice[ET:0.7811, TC:0.8441, WT:0.8870]
epoch:82/200, loss:0.0188, best epoch:61, best loss:0.0170, dice[ET:0.7886, TC:0.8300, WT:0.8775], best dice[ET:0.7811, TC:0.8441, WT:0.8870]
epoch:83/200, loss:0.0178, best epoch:61, best loss:0.0170, dice[ET:0.7871, TC:0.8364, WT:0.8803], best dice[ET:0.7811, TC:0.8441, WT:0.8870]
epoch:84/200, loss:0.0175, best epoch:61, best loss:0.0170, dice[ET:0.7870, TC:0.8440, WT:0.8810], best dice[ET:0.7811, TC:0.8441, WT:0.8870]
epoch:85/200, loss:0.0170, best epoch:85, best loss:0.0170, dice[ET:0.7902, TC:0.8399, WT:0.8838], best dice[ET:0.7902, TC:0.8399, WT:0.8838]
epoch:86/200, loss:0.0171, best epoch:85, best loss:0.0170, dice[ET:0.7932, TC:0.8332, WT:0.8829], best dice[ET:0.7902, TC:0.8399, WT:0.8838]
epoch:87/200, loss:0.0160, best epoch:87, best loss:0.0160, dice[ET:0.7946, TC:0.8488, WT:0.8910], best dice[ET:0.7946, TC:0.8488, WT:0.8910]
epoch:88/200, loss:0.0174, best epoch:87, best loss:0.0160, dice[ET:0.7907, TC:0.8319, WT:0.8767], best dice[ET:0.7946, TC:0.8488, WT:0.8910]
epoch:89/200, loss:0.0179, best epoch:87, best loss:0.0160, dice[ET:0.7926, TC:0.8179, WT:0.8807], best dice[ET:0.7946, TC:0.8488, WT:0.8910]
epoch:90/200, loss:0.0162, best epoch:87, best loss:0.0160, dice[ET:0.7866, TC:0.8419, WT:0.8907], best dice[ET:0.7946, TC:0.8488, WT:0.8910]
epoch:91/200, loss:0.0170, best epoch:87, best loss:0.0160, dice[ET:0.7955, TC:0.8384, WT:0.8882], best dice[ET:0.7946, TC:0.8488, WT:0.8910]
epoch:92/200, loss:0.0171, best epoch:87, best loss:0.0160, dice[ET:0.7887, TC:0.8412, WT:0.8860], best dice[ET:0.7946, TC:0.8488, WT:0.8910]
epoch:93/200, loss:0.0184, best epoch:87, best loss:0.0160, dice[ET:0.7574, TC:0.8147, WT:0.8798], best dice[ET:0.7946, TC:0.8488, WT:0.8910]
epoch:94/200, loss:0.0163, best epoch:87, best loss:0.0160, dice[ET:0.7821, TC:0.8523, WT:0.8886], best dice[ET:0.7946, TC:0.8488, WT:0.8910]
epoch:95/200, loss:0.0169, best epoch:87, best loss:0.0160, dice[ET:0.7983, TC:0.8461, WT:0.8863], best dice[ET:0.7946, TC:0.8488, WT:0.8910]
epoch:96/200, loss:0.0171, best epoch:87, best loss:0.0160, dice[ET:0.7967, TC:0.8554, WT:0.8796], best dice[ET:0.7946, TC:0.8488, WT:0.8910]
epoch:97/200, loss:0.0168, best epoch:87, best loss:0.0160, dice[ET:0.7894, TC:0.8566, WT:0.8901], best dice[ET:0.7946, TC:0.8488, WT:0.8910]
epoch:98/200, loss:0.0178, best epoch:87, best loss:0.0160, dice[ET:0.8035, TC:0.8438, WT:0.8731], best dice[ET:0.7946, TC:0.8488, WT:0.8910]
epoch:99/200, loss:0.0166, best epoch:87, best loss:0.0160, dice[ET:0.7775, TC:0.8525, WT:0.8899], best dice[ET:0.7946, TC:0.8488, WT:0.8910]
epoch:100/200, loss:0.0164, best epoch:87, best loss:0.0160, dice[ET:0.7859, TC:0.8527, WT:0.8922], best dice[ET:0.7946, TC:0.8488, WT:0.8910]
epoch:101/200, loss:0.0164, best epoch:87, best loss:0.0160, dice[ET:0.7972, TC:0.8451, WT:0.8878], best dice[ET:0.7946, TC:0.8488, WT:0.8910]
epoch:102/200, loss:0.0165, best epoch:87, best loss:0.0160, dice[ET:0.7918, TC:0.8417, WT:0.8872], best dice[ET:0.7946, TC:0.8488, WT:0.8910]
epoch:103/200, loss:0.0165, best epoch:87, best loss:0.0160, dice[ET:0.7830, TC:0.8279, WT:0.8898], best dice[ET:0.7946, TC:0.8488, WT:0.8910]
epoch:104/200, loss:0.0166, best epoch:87, best loss:0.0160, dice[ET:0.7936, TC:0.8434, WT:0.8875], best dice[ET:0.7946, TC:0.8488, WT:0.8910]
epoch:105/200, loss:0.0161, best epoch:87, best loss:0.0160, dice[ET:0.7979, TC:0.8522, WT:0.8903], best dice[ET:0.7946, TC:0.8488, WT:0.8910]
epoch:106/200, loss:0.0164, best epoch:87, best loss:0.0160, dice[ET:0.8055, TC:0.8504, WT:0.8908], best dice[ET:0.7946, TC:0.8488, WT:0.8910]
epoch:107/200, loss:0.0161, best epoch:87, best loss:0.0160, dice[ET:0.7944, TC:0.8409, WT:0.8909], best dice[ET:0.7946, TC:0.8488, WT:0.8910]
epoch:108/200, loss:0.0160, best epoch:108, best loss:0.0160, dice[ET:0.7902, TC:0.8555, WT:0.8912], best dice[ET:0.7902, TC:0.8555, WT:0.8912]
epoch:109/200, loss:0.0167, best epoch:108, best loss:0.0160, dice[ET:0.8051, TC:0.8507, WT:0.8876], best dice[ET:0.7902, TC:0.8555, WT:0.8912]
epoch:110/200, loss:0.0163, best epoch:108, best loss:0.0160, dice[ET:0.8045, TC:0.8523, WT:0.8826], best dice[ET:0.7902, TC:0.8555, WT:0.8912]
epoch:111/200, loss:0.0172, best epoch:108, best loss:0.0160, dice[ET:0.8018, TC:0.8399, WT:0.8820], best dice[ET:0.7902, TC:0.8555, WT:0.8912]
epoch:112/200, loss:0.0159, best epoch:112, best loss:0.0159, dice[ET:0.8003, TC:0.8600, WT:0.8945], best dice[ET:0.8003, TC:0.8600, WT:0.8945]
epoch:113/200, loss:0.0158, best epoch:113, best loss:0.0158, dice[ET:0.7977, TC:0.8484, WT:0.8922], best dice[ET:0.7977, TC:0.8484, WT:0.8922]
epoch:114/200, loss:0.0166, best epoch:113, best loss:0.0158, dice[ET:0.7790, TC:0.8390, WT:0.8900], best dice[ET:0.7977, TC:0.8484, WT:0.8922]
epoch:115/200, loss:0.0163, best epoch:113, best loss:0.0158, dice[ET:0.7814, TC:0.8514, WT:0.8929], best dice[ET:0.7977, TC:0.8484, WT:0.8922]
epoch:116/200, loss:0.0172, best epoch:113, best loss:0.0158, dice[ET:0.7990, TC:0.8352, WT:0.8849], best dice[ET:0.7977, TC:0.8484, WT:0.8922]
epoch:117/200, loss:0.0168, best epoch:113, best loss:0.0158, dice[ET:0.7975, TC:0.8389, WT:0.8880], best dice[ET:0.7977, TC:0.8484, WT:0.8922]
epoch:118/200, loss:0.0166, best epoch:113, best loss:0.0158, dice[ET:0.7999, TC:0.8471, WT:0.8885], best dice[ET:0.7977, TC:0.8484, WT:0.8922]
epoch:119/200, loss:0.0164, best epoch:113, best loss:0.0158, dice[ET:0.8067, TC:0.8437, WT:0.8911], best dice[ET:0.7977, TC:0.8484, WT:0.8922]
epoch:120/200, loss:0.0167, best epoch:113, best loss:0.0158, dice[ET:0.8043, TC:0.8387, WT:0.8870], best dice[ET:0.7977, TC:0.8484, WT:0.8922]
epoch:121/200, loss:0.0164, best epoch:113, best loss:0.0158, dice[ET:0.7831, TC:0.8503, WT:0.8888], best dice[ET:0.7977, TC:0.8484, WT:0.8922]
epoch:122/200, loss:0.0161, best epoch:113, best loss:0.0158, dice[ET:0.8019, TC:0.8527, WT:0.8921], best dice[ET:0.7977, TC:0.8484, WT:0.8922]
epoch:123/200, loss:0.0165, best epoch:113, best loss:0.0158, dice[ET:0.8011, TC:0.8489, WT:0.8866], best dice[ET:0.7977, TC:0.8484, WT:0.8922]
epoch:124/200, loss:0.0166, best epoch:113, best loss:0.0158, dice[ET:0.7913, TC:0.8535, WT:0.8900], best dice[ET:0.7977, TC:0.8484, WT:0.8922]
epoch:125/200, loss:0.0163, best epoch:113, best loss:0.0158, dice[ET:0.8029, TC:0.8480, WT:0.8913], best dice[ET:0.7977, TC:0.8484, WT:0.8922]
epoch:126/200, loss:0.0168, best epoch:113, best loss:0.0158, dice[ET:0.8001, TC:0.8395, WT:0.8864], best dice[ET:0.7977, TC:0.8484, WT:0.8922]
epoch:127/200, loss:0.0162, best epoch:113, best loss:0.0158, dice[ET:0.8081, TC:0.8542, WT:0.8915], best dice[ET:0.7977, TC:0.8484, WT:0.8922]
epoch:128/200, loss:0.0163, best epoch:113, best loss:0.0158, dice[ET:0.7921, TC:0.8535, WT:0.8915], best dice[ET:0.7977, TC:0.8484, WT:0.8922]
epoch:129/200, loss:0.0165, best epoch:113, best loss:0.0158, dice[ET:0.7847, TC:0.8487, WT:0.8899], best dice[ET:0.7977, TC:0.8484, WT:0.8922]
epoch:130/200, loss:0.0162, best epoch:113, best loss:0.0158, dice[ET:0.8081, TC:0.8514, WT:0.8917], best dice[ET:0.7977, TC:0.8484, WT:0.8922]
epoch:131/200, loss:0.0168, best epoch:113, best loss:0.0158, dice[ET:0.8050, TC:0.8516, WT:0.8852], best dice[ET:0.7977, TC:0.8484, WT:0.8922]
epoch:132/200, loss:0.0167, best epoch:113, best loss:0.0158, dice[ET:0.8058, TC:0.8551, WT:0.8894], best dice[ET:0.7977, TC:0.8484, WT:0.8922]
epoch:133/200, loss:0.0168, best epoch:113, best loss:0.0158, dice[ET:0.8023, TC:0.8446, WT:0.8872], best dice[ET:0.7977, TC:0.8484, WT:0.8922]
epoch:134/200, loss:0.0167, best epoch:113, best loss:0.0158, dice[ET:0.7876, TC:0.8439, WT:0.8881], best dice[ET:0.7977, TC:0.8484, WT:0.8922]
epoch:135/200, loss:0.0162, best epoch:113, best loss:0.0158, dice[ET:0.8071, TC:0.8574, WT:0.8931], best dice[ET:0.7977, TC:0.8484, WT:0.8922]
epoch:136/200, loss:0.0164, best epoch:113, best loss:0.0158, dice[ET:0.8015, TC:0.8433, WT:0.8881], best dice[ET:0.7977, TC:0.8484, WT:0.8922]
epoch:137/200, loss:0.0167, best epoch:113, best loss:0.0158, dice[ET:0.8090, TC:0.8486, WT:0.8896], best dice[ET:0.7977, TC:0.8484, WT:0.8922]
epoch:138/200, loss:0.0163, best epoch:113, best loss:0.0158, dice[ET:0.8041, TC:0.8531, WT:0.8929], best dice[ET:0.7977, TC:0.8484, WT:0.8922]
epoch:139/200, loss:0.0161, best epoch:113, best loss:0.0158, dice[ET:0.8118, TC:0.8527, WT:0.8925], best dice[ET:0.7977, TC:0.8484, WT:0.8922]
epoch:140/200, loss:0.0166, best epoch:113, best loss:0.0158, dice[ET:0.8032, TC:0.8401, WT:0.8896], best dice[ET:0.7977, TC:0.8484, WT:0.8922]
epoch:141/200, loss:0.0164, best epoch:113, best loss:0.0158, dice[ET:0.8040, TC:0.8457, WT:0.8896], best dice[ET:0.7977, TC:0.8484, WT:0.8922]
epoch:142/200, loss:0.0166, best epoch:113, best loss:0.0158, dice[ET:0.8078, TC:0.8509, WT:0.8886], best dice[ET:0.7977, TC:0.8484, WT:0.8922]
epoch:143/200, loss:0.0165, best epoch:113, best loss:0.0158, dice[ET:0.8049, TC:0.8441, WT:0.8905], best dice[ET:0.7977, TC:0.8484, WT:0.8922]
epoch:144/200, loss:0.0167, best epoch:113, best loss:0.0158, dice[ET:0.8040, TC:0.8438, WT:0.8838], best dice[ET:0.7977, TC:0.8484, WT:0.8922]
epoch:145/200, loss:0.0162, best epoch:113, best loss:0.0158, dice[ET:0.8014, TC:0.8421, WT:0.8922], best dice[ET:0.7977, TC:0.8484, WT:0.8922]
epoch:146/200, loss:0.0166, best epoch:113, best loss:0.0158, dice[ET:0.8064, TC:0.8494, WT:0.8908], best dice[ET:0.7977, TC:0.8484, WT:0.8922]
epoch:147/200, loss:0.0166, best epoch:113, best loss:0.0158, dice[ET:0.7973, TC:0.8372, WT:0.8910], best dice[ET:0.7977, TC:0.8484, WT:0.8922]
epoch:148/200, loss:0.0165, best epoch:113, best loss:0.0158, dice[ET:0.8103, TC:0.8475, WT:0.8891], best dice[ET:0.7977, TC:0.8484, WT:0.8922]
epoch:149/200, loss:0.0166, best epoch:113, best loss:0.0158, dice[ET:0.8091, TC:0.8442, WT:0.8904], best dice[ET:0.7977, TC:0.8484, WT:0.8922]
epoch:150/200, loss:0.0166, best epoch:113, best loss:0.0158, dice[ET:0.8044, TC:0.8441, WT:0.8878], best dice[ET:0.7977, TC:0.8484, WT:0.8922]
epoch:151/200, loss:0.0166, best epoch:113, best loss:0.0158, dice[ET:0.8015, TC:0.8452, WT:0.8910], best dice[ET:0.7977, TC:0.8484, WT:0.8922]
epoch:152/200, loss:0.0164, best epoch:113, best loss:0.0158, dice[ET:0.8038, TC:0.8440, WT:0.8932], best dice[ET:0.7977, TC:0.8484, WT:0.8922]
epoch:153/200, loss:0.0170, best epoch:113, best loss:0.0158, dice[ET:0.8064, TC:0.8498, WT:0.8871], best dice[ET:0.7977, TC:0.8484, WT:0.8922]
epoch:154/200, loss:0.0166, best epoch:113, best loss:0.0158, dice[ET:0.8048, TC:0.8428, WT:0.8917], best dice[ET:0.7977, TC:0.8484, WT:0.8922]
epoch:155/200, loss:0.0172, best epoch:113, best loss:0.0158, dice[ET:0.8015, TC:0.8422, WT:0.8855], best dice[ET:0.7977, TC:0.8484, WT:0.8922]
epoch:156/200, loss:0.0166, best epoch:113, best loss:0.0158, dice[ET:0.8020, TC:0.8447, WT:0.8907], best dice[ET:0.7977, TC:0.8484, WT:0.8922]
epoch:157/200, loss:0.0168, best epoch:113, best loss:0.0158, dice[ET:0.8035, TC:0.8418, WT:0.8909], best dice[ET:0.7977, TC:0.8484, WT:0.8922]
epoch:158/200, loss:0.0170, best epoch:113, best loss:0.0158, dice[ET:0.8076, TC:0.8443, WT:0.8907], best dice[ET:0.7977, TC:0.8484, WT:0.8922]
epoch:159/200, loss:0.0167, best epoch:113, best loss:0.0158, dice[ET:0.8045, TC:0.8471, WT:0.8896], best dice[ET:0.7977, TC:0.8484, WT:0.8922]
epoch:160/200, loss:0.0167, best epoch:113, best loss:0.0158, dice[ET:0.7995, TC:0.8379, WT:0.8909], best dice[ET:0.7977, TC:0.8484, WT:0.8922]
epoch:161/200, loss:0.0169, best epoch:113, best loss:0.0158, dice[ET:0.8037, TC:0.8424, WT:0.8883], best dice[ET:0.7977, TC:0.8484, WT:0.8922]
epoch:162/200, loss:0.0169, best epoch:113, best loss:0.0158, dice[ET:0.8085, TC:0.8418, WT:0.8898], best dice[ET:0.7977, TC:0.8484, WT:0.8922]
epoch:163/200, loss:0.0168, best epoch:113, best loss:0.0158, dice[ET:0.8017, TC:0.8437, WT:0.8896], best dice[ET:0.7977, TC:0.8484, WT:0.8922]
epoch:164/200, loss:0.0169, best epoch:113, best loss:0.0158, dice[ET:0.8067, TC:0.8475, WT:0.8873], best dice[ET:0.7977, TC:0.8484, WT:0.8922]
epoch:165/200, loss:0.0167, best epoch:113, best loss:0.0158, dice[ET:0.8077, TC:0.8502, WT:0.8898], best dice[ET:0.7977, TC:0.8484, WT:0.8922]
epoch:166/200, loss:0.0168, best epoch:113, best loss:0.0158, dice[ET:0.8048, TC:0.8462, WT:0.8909], best dice[ET:0.7977, TC:0.8484, WT:0.8922]
epoch:167/200, loss:0.0168, best epoch:113, best loss:0.0158, dice[ET:0.8035, TC:0.8431, WT:0.8902], best dice[ET:0.7977, TC:0.8484, WT:0.8922]
epoch:168/200, loss:0.0167, best epoch:113, best loss:0.0158, dice[ET:0.8075, TC:0.8453, WT:0.8921], best dice[ET:0.7977, TC:0.8484, WT:0.8922]
epoch:169/200, loss:0.0169, best epoch:113, best loss:0.0158, dice[ET:0.8020, TC:0.8433, WT:0.8903], best dice[ET:0.7977, TC:0.8484, WT:0.8922]
epoch:170/200, loss:0.0168, best epoch:113, best loss:0.0158, dice[ET:0.8060, TC:0.8445, WT:0.8903], best dice[ET:0.7977, TC:0.8484, WT:0.8922]
epoch:171/200, loss:0.0169, best epoch:113, best loss:0.0158, dice[ET:0.8059, TC:0.8481, WT:0.8877], best dice[ET:0.7977, TC:0.8484, WT:0.8922]
epoch:172/200, loss:0.0167, best epoch:113, best loss:0.0158, dice[ET:0.8081, TC:0.8482, WT:0.8906], best dice[ET:0.7977, TC:0.8484, WT:0.8922]
epoch:173/200, loss:0.0170, best epoch:113, best loss:0.0158, dice[ET:0.8036, TC:0.8453, WT:0.8877], best dice[ET:0.7977, TC:0.8484, WT:0.8922]
epoch:174/200, loss:0.0168, best epoch:113, best loss:0.0158, dice[ET:0.8025, TC:0.8441, WT:0.8902], best dice[ET:0.7977, TC:0.8484, WT:0.8922]
epoch:175/200, loss:0.0168, best epoch:113, best loss:0.0158, dice[ET:0.8023, TC:0.8447, WT:0.8901], best dice[ET:0.7977, TC:0.8484, WT:0.8922]
epoch:176/200, loss:0.0169, best epoch:113, best loss:0.0158, dice[ET:0.8073, TC:0.8482, WT:0.8912], best dice[ET:0.7977, TC:0.8484, WT:0.8922]
epoch:177/200, loss:0.0168, best epoch:113, best loss:0.0158, dice[ET:0.8090, TC:0.8482, WT:0.8892], best dice[ET:0.7977, TC:0.8484, WT:0.8922]
epoch:178/200, loss:0.0168, best epoch:113, best loss:0.0158, dice[ET:0.8084, TC:0.8473, WT:0.8899], best dice[ET:0.7977, TC:0.8484, WT:0.8922]
epoch:179/200, loss:0.0167, best epoch:113, best loss:0.0158, dice[ET:0.8055, TC:0.8481, WT:0.8907], best dice[ET:0.7977, TC:0.8484, WT:0.8922]
epoch:180/200, loss:0.0167, best epoch:113, best loss:0.0158, dice[ET:0.8038, TC:0.8465, WT:0.8900], best dice[ET:0.7977, TC:0.8484, WT:0.8922]
epoch:181/200, loss:0.0168, best epoch:113, best loss:0.0158, dice[ET:0.8023, TC:0.8441, WT:0.8891], best dice[ET:0.7977, TC:0.8484, WT:0.8922]
epoch:182/200, loss:0.0165, best epoch:113, best loss:0.0158, dice[ET:0.8033, TC:0.8450, WT:0.8921], best dice[ET:0.7977, TC:0.8484, WT:0.8922]
epoch:183/200, loss:0.0169, best epoch:113, best loss:0.0158, dice[ET:0.8032, TC:0.8431, WT:0.8895], best dice[ET:0.7977, TC:0.8484, WT:0.8922]
epoch:184/200, loss:0.0168, best epoch:113, best loss:0.0158, dice[ET:0.8067, TC:0.8462, WT:0.8905], best dice[ET:0.7977, TC:0.8484, WT:0.8922]
epoch:185/200, loss:0.0168, best epoch:113, best loss:0.0158, dice[ET:0.8032, TC:0.8436, WT:0.8896], best dice[ET:0.7977, TC:0.8484, WT:0.8922]
epoch:186/200, loss:0.0169, best epoch:113, best loss:0.0158, dice[ET:0.8081, TC:0.8443, WT:0.8896], best dice[ET:0.7977, TC:0.8484, WT:0.8922]
epoch:187/200, loss:0.0170, best epoch:113, best loss:0.0158, dice[ET:0.8055, TC:0.8450, WT:0.8893], best dice[ET:0.7977, TC:0.8484, WT:0.8922]
epoch:188/200, loss:0.0168, best epoch:113, best loss:0.0158, dice[ET:0.8045, TC:0.8447, WT:0.8908], best dice[ET:0.7977, TC:0.8484, WT:0.8922]
epoch:189/200, loss:0.0169, best epoch:113, best loss:0.0158, dice[ET:0.8058, TC:0.8431, WT:0.8900], best dice[ET:0.7977, TC:0.8484, WT:0.8922]
epoch:190/200, loss:0.0167, best epoch:113, best loss:0.0158, dice[ET:0.8048, TC:0.8458, WT:0.8909], best dice[ET:0.7977, TC:0.8484, WT:0.8922]
epoch:191/200, loss:0.0168, best epoch:113, best loss:0.0158, dice[ET:0.8041, TC:0.8445, WT:0.8902], best dice[ET:0.7977, TC:0.8484, WT:0.8922]
epoch:192/200, loss:0.0168, best epoch:113, best loss:0.0158, dice[ET:0.8046, TC:0.8461, WT:0.8894], best dice[ET:0.7977, TC:0.8484, WT:0.8922]
epoch:193/200, loss:0.0166, best epoch:113, best loss:0.0158, dice[ET:0.8049, TC:0.8445, WT:0.8911], best dice[ET:0.7977, TC:0.8484, WT:0.8922]
epoch:194/200, loss:0.0168, best epoch:113, best loss:0.0158, dice[ET:0.8038, TC:0.8440, WT:0.8903], best dice[ET:0.7977, TC:0.8484, WT:0.8922]
epoch:195/200, loss:0.0169, best epoch:113, best loss:0.0158, dice[ET:0.8063, TC:0.8446, WT:0.8899], best dice[ET:0.7977, TC:0.8484, WT:0.8922]
epoch:196/200, loss:0.0167, best epoch:113, best loss:0.0158, dice[ET:0.8043, TC:0.8438, WT:0.8905], best dice[ET:0.7977, TC:0.8484, WT:0.8922]
epoch:197/200, loss:0.0167, best epoch:113, best loss:0.0158, dice[ET:0.8035, TC:0.8429, WT:0.8907], best dice[ET:0.7977, TC:0.8484, WT:0.8922]
epoch:198/200, loss:0.0168, best epoch:113, best loss:0.0158, dice[ET:0.8078, TC:0.8458, WT:0.8904], best dice[ET:0.7977, TC:0.8484, WT:0.8922]
epoch:199/200, loss:0.0168, best epoch:113, best loss:0.0158, dice[ET:0.8046, TC:0.8439, WT:0.8900], best dice[ET:0.7977, TC:0.8484, WT:0.8922]
