batch_size = 2
ckpt_dir = ckpt/ckpt_brats19_ls_0.1_1234
cosine_annealing_lr = False
data_root = MICCAI_BraTS_2019_Data_Training/HGG_LGG
end_scale_factor = 1.4
epochs = 200
in_channels = 4
lr = 0.0001
ls_smoothing = 0.1
num_classes = 4
start_scale_factor = 2.2
svls_alpha = 0.1
svls_ratio = 1.0
svls_sigma_diff = 1.0
svls_smoothing = 1.0
train_option = LS
weight_decay = 0.0
train sample: 269 train minibatch: 135 valid sample: 66 valid minibatch: 33
train_option LS
ckpt name: model_best_ls0.1
epoch:0/200, loss:0.4871, best epoch:0, best loss:0.4871, dice[ET:0.0066, TC:0.0119, WT:0.6681], best dice[ET:0.0066, TC:0.0119, WT:0.6681]
epoch:1/200, loss:0.4274, best epoch:1, best loss:0.4274, dice[ET:0.0806, TC:0.2379, WT:0.7747], best dice[ET:0.0806, TC:0.2379, WT:0.7747]
epoch:2/200, loss:0.3988, best epoch:2, best loss:0.3988, dice[ET:0.0106, TC:0.1282, WT:0.7144], best dice[ET:0.0106, TC:0.1282, WT:0.7144]
epoch:3/200, loss:0.3861, best epoch:3, best loss:0.3861, dice[ET:0.2846, TC:0.3561, WT:0.8062], best dice[ET:0.2846, TC:0.3561, WT:0.8062]
epoch:4/200, loss:0.3779, best epoch:4, best loss:0.3779, dice[ET:0.4354, TC:0.4951, WT:0.7909], best dice[ET:0.4354, TC:0.4951, WT:0.7909]
epoch:5/200, loss:0.3722, best epoch:5, best loss:0.3722, dice[ET:0.5479, TC:0.6848, WT:0.8314], best dice[ET:0.5479, TC:0.6848, WT:0.8314]
epoch:6/200, loss:0.3687, best epoch:6, best loss:0.3687, dice[ET:0.5890, TC:0.7176, WT:0.8173], best dice[ET:0.5890, TC:0.7176, WT:0.8173]
epoch:7/200, loss:0.3686, best epoch:7, best loss:0.3686, dice[ET:0.6732, TC:0.7467, WT:0.8170], best dice[ET:0.6732, TC:0.7467, WT:0.8170]
epoch:8/200, loss:0.3661, best epoch:8, best loss:0.3661, dice[ET:0.6775, TC:0.7482, WT:0.8347], best dice[ET:0.6775, TC:0.7482, WT:0.8347]
epoch:9/200, loss:0.3649, best epoch:9, best loss:0.3649, dice[ET:0.6905, TC:0.7593, WT:0.8583], best dice[ET:0.6905, TC:0.7593, WT:0.8583]
epoch:10/200, loss:0.3656, best epoch:9, best loss:0.3649, dice[ET:0.7095, TC:0.7469, WT:0.8479], best dice[ET:0.6905, TC:0.7593, WT:0.8583]
epoch:11/200, loss:0.3650, best epoch:9, best loss:0.3649, dice[ET:0.7048, TC:0.7633, WT:0.8568], best dice[ET:0.6905, TC:0.7593, WT:0.8583]
epoch:12/200, loss:0.3640, best epoch:12, best loss:0.3640, dice[ET:0.7103, TC:0.7809, WT:0.8494], best dice[ET:0.7103, TC:0.7809, WT:0.8494]
epoch:13/200, loss:0.3641, best epoch:12, best loss:0.3640, dice[ET:0.6683, TC:0.7582, WT:0.8578], best dice[ET:0.7103, TC:0.7809, WT:0.8494]
epoch:14/200, loss:0.3640, best epoch:12, best loss:0.3640, dice[ET:0.7147, TC:0.7782, WT:0.8622], best dice[ET:0.7103, TC:0.7809, WT:0.8494]
epoch:15/200, loss:0.3631, best epoch:15, best loss:0.3631, dice[ET:0.7258, TC:0.7699, WT:0.8621], best dice[ET:0.7258, TC:0.7699, WT:0.8621]
epoch:16/200, loss:0.3627, best epoch:16, best loss:0.3627, dice[ET:0.7350, TC:0.7481, WT:0.8718], best dice[ET:0.7350, TC:0.7481, WT:0.8718]
epoch:17/200, loss:0.3627, best epoch:17, best loss:0.3627, dice[ET:0.7356, TC:0.8030, WT:0.8712], best dice[ET:0.7356, TC:0.8030, WT:0.8712]
epoch:18/200, loss:0.3630, best epoch:17, best loss:0.3627, dice[ET:0.7360, TC:0.7667, WT:0.8652], best dice[ET:0.7356, TC:0.8030, WT:0.8712]
epoch:19/200, loss:0.3625, best epoch:19, best loss:0.3625, dice[ET:0.7369, TC:0.7910, WT:0.8722], best dice[ET:0.7369, TC:0.7910, WT:0.8722]
epoch:20/200, loss:0.3628, best epoch:19, best loss:0.3625, dice[ET:0.7654, TC:0.8051, WT:0.8553], best dice[ET:0.7369, TC:0.7910, WT:0.8722]
epoch:21/200, loss:0.3642, best epoch:19, best loss:0.3625, dice[ET:0.7090, TC:0.7759, WT:0.8340], best dice[ET:0.7369, TC:0.7910, WT:0.8722]
epoch:22/200, loss:0.3613, best epoch:22, best loss:0.3613, dice[ET:0.7841, TC:0.8196, WT:0.8727], best dice[ET:0.7841, TC:0.8196, WT:0.8727]
epoch:23/200, loss:0.3622, best epoch:22, best loss:0.3613, dice[ET:0.7487, TC:0.8052, WT:0.8626], best dice[ET:0.7841, TC:0.8196, WT:0.8727]
epoch:24/200, loss:0.3633, best epoch:22, best loss:0.3613, dice[ET:0.7102, TC:0.8058, WT:0.8414], best dice[ET:0.7841, TC:0.8196, WT:0.8727]
epoch:25/200, loss:0.3614, best epoch:22, best loss:0.3613, dice[ET:0.7661, TC:0.8122, WT:0.8719], best dice[ET:0.7841, TC:0.8196, WT:0.8727]
epoch:26/200, loss:0.3620, best epoch:22, best loss:0.3613, dice[ET:0.7685, TC:0.8038, WT:0.8571], best dice[ET:0.7841, TC:0.8196, WT:0.8727]
epoch:27/200, loss:0.3612, best epoch:27, best loss:0.3612, dice[ET:0.7676, TC:0.8233, WT:0.8734], best dice[ET:0.7676, TC:0.8233, WT:0.8734]
epoch:28/200, loss:0.3622, best epoch:27, best loss:0.3612, dice[ET:0.7620, TC:0.7880, WT:0.8755], best dice[ET:0.7676, TC:0.8233, WT:0.8734]
epoch:29/200, loss:0.3613, best epoch:27, best loss:0.3612, dice[ET:0.7480, TC:0.8064, WT:0.8684], best dice[ET:0.7676, TC:0.8233, WT:0.8734]
epoch:30/200, loss:0.3613, best epoch:27, best loss:0.3612, dice[ET:0.7640, TC:0.8236, WT:0.8663], best dice[ET:0.7676, TC:0.8233, WT:0.8734]
epoch:31/200, loss:0.3630, best epoch:27, best loss:0.3612, dice[ET:0.7618, TC:0.7452, WT:0.8653], best dice[ET:0.7676, TC:0.8233, WT:0.8734]
epoch:32/200, loss:0.3623, best epoch:27, best loss:0.3612, dice[ET:0.7622, TC:0.8120, WT:0.8578], best dice[ET:0.7676, TC:0.8233, WT:0.8734]
epoch:33/200, loss:0.3617, best epoch:27, best loss:0.3612, dice[ET:0.7612, TC:0.8113, WT:0.8692], best dice[ET:0.7676, TC:0.8233, WT:0.8734]
epoch:34/200, loss:0.3612, best epoch:34, best loss:0.3612, dice[ET:0.7357, TC:0.8156, WT:0.8671], best dice[ET:0.7357, TC:0.8156, WT:0.8671]
epoch:35/200, loss:0.3612, best epoch:34, best loss:0.3612, dice[ET:0.7383, TC:0.8301, WT:0.8675], best dice[ET:0.7357, TC:0.8156, WT:0.8671]
epoch:36/200, loss:0.3609, best epoch:36, best loss:0.3609, dice[ET:0.7679, TC:0.8148, WT:0.8728], best dice[ET:0.7679, TC:0.8148, WT:0.8728]
epoch:37/200, loss:0.3611, best epoch:36, best loss:0.3609, dice[ET:0.7710, TC:0.8313, WT:0.8646], best dice[ET:0.7679, TC:0.8148, WT:0.8728]
epoch:38/200, loss:0.3626, best epoch:36, best loss:0.3609, dice[ET:0.7435, TC:0.7680, WT:0.8820], best dice[ET:0.7679, TC:0.8148, WT:0.8728]
epoch:39/200, loss:0.3615, best epoch:36, best loss:0.3609, dice[ET:0.7821, TC:0.8217, WT:0.8672], best dice[ET:0.7679, TC:0.8148, WT:0.8728]
epoch:40/200, loss:0.3606, best epoch:40, best loss:0.3606, dice[ET:0.7593, TC:0.8324, WT:0.8793], best dice[ET:0.7593, TC:0.8324, WT:0.8793]
epoch:41/200, loss:0.3614, best epoch:40, best loss:0.3606, dice[ET:0.7578, TC:0.8104, WT:0.8661], best dice[ET:0.7593, TC:0.8324, WT:0.8793]
epoch:42/200, loss:0.3603, best epoch:42, best loss:0.3603, dice[ET:0.7797, TC:0.8414, WT:0.8811], best dice[ET:0.7797, TC:0.8414, WT:0.8811]
epoch:43/200, loss:0.3610, best epoch:42, best loss:0.3603, dice[ET:0.7565, TC:0.8222, WT:0.8713], best dice[ET:0.7797, TC:0.8414, WT:0.8811]
epoch:44/200, loss:0.3605, best epoch:42, best loss:0.3603, dice[ET:0.7543, TC:0.8309, WT:0.8787], best dice[ET:0.7797, TC:0.8414, WT:0.8811]
epoch:45/200, loss:0.3611, best epoch:42, best loss:0.3603, dice[ET:0.7849, TC:0.8129, WT:0.8658], best dice[ET:0.7797, TC:0.8414, WT:0.8811]
epoch:46/200, loss:0.3598, best epoch:46, best loss:0.3598, dice[ET:0.7697, TC:0.8069, WT:0.8861], best dice[ET:0.7697, TC:0.8069, WT:0.8861]
epoch:47/200, loss:0.3610, best epoch:46, best loss:0.3598, dice[ET:0.7786, TC:0.8087, WT:0.8722], best dice[ET:0.7697, TC:0.8069, WT:0.8861]
epoch:48/200, loss:0.3607, best epoch:46, best loss:0.3598, dice[ET:0.7842, TC:0.8067, WT:0.8847], best dice[ET:0.7697, TC:0.8069, WT:0.8861]
epoch:49/200, loss:0.3604, best epoch:46, best loss:0.3598, dice[ET:0.7774, TC:0.8359, WT:0.8758], best dice[ET:0.7697, TC:0.8069, WT:0.8861]
epoch:50/200, loss:0.3603, best epoch:46, best loss:0.3598, dice[ET:0.7686, TC:0.8426, WT:0.8853], best dice[ET:0.7697, TC:0.8069, WT:0.8861]
epoch:51/200, loss:0.3608, best epoch:46, best loss:0.3598, dice[ET:0.7430, TC:0.8209, WT:0.8883], best dice[ET:0.7697, TC:0.8069, WT:0.8861]
epoch:52/200, loss:0.3602, best epoch:46, best loss:0.3598, dice[ET:0.7729, TC:0.8386, WT:0.8855], best dice[ET:0.7697, TC:0.8069, WT:0.8861]
epoch:53/200, loss:0.3603, best epoch:46, best loss:0.3598, dice[ET:0.7776, TC:0.8273, WT:0.8810], best dice[ET:0.7697, TC:0.8069, WT:0.8861]
epoch:54/200, loss:0.3605, best epoch:46, best loss:0.3598, dice[ET:0.7898, TC:0.8413, WT:0.8799], best dice[ET:0.7697, TC:0.8069, WT:0.8861]
epoch:55/200, loss:0.3600, best epoch:46, best loss:0.3598, dice[ET:0.7772, TC:0.8448, WT:0.8866], best dice[ET:0.7697, TC:0.8069, WT:0.8861]
epoch:56/200, loss:0.3600, best epoch:46, best loss:0.3598, dice[ET:0.7873, TC:0.8325, WT:0.8847], best dice[ET:0.7697, TC:0.8069, WT:0.8861]
epoch:57/200, loss:0.3602, best epoch:46, best loss:0.3598, dice[ET:0.7885, TC:0.8429, WT:0.8780], best dice[ET:0.7697, TC:0.8069, WT:0.8861]
epoch:58/200, loss:0.3605, best epoch:46, best loss:0.3598, dice[ET:0.7807, TC:0.8377, WT:0.8728], best dice[ET:0.7697, TC:0.8069, WT:0.8861]
epoch:59/200, loss:0.3611, best epoch:46, best loss:0.3598, dice[ET:0.7848, TC:0.8113, WT:0.8736], best dice[ET:0.7697, TC:0.8069, WT:0.8861]
epoch:60/200, loss:0.3597, best epoch:60, best loss:0.3597, dice[ET:0.7773, TC:0.8455, WT:0.8871], best dice[ET:0.7773, TC:0.8455, WT:0.8871]
epoch:61/200, loss:0.3610, best epoch:60, best loss:0.3597, dice[ET:0.7737, TC:0.8159, WT:0.8696], best dice[ET:0.7773, TC:0.8455, WT:0.8871]
epoch:62/200, loss:0.3604, best epoch:60, best loss:0.3597, dice[ET:0.7910, TC:0.8354, WT:0.8748], best dice[ET:0.7773, TC:0.8455, WT:0.8871]
epoch:63/200, loss:0.3614, best epoch:60, best loss:0.3597, dice[ET:0.7979, TC:0.8009, WT:0.8736], best dice[ET:0.7773, TC:0.8455, WT:0.8871]
epoch:64/200, loss:0.3603, best epoch:60, best loss:0.3597, dice[ET:0.7855, TC:0.8433, WT:0.8729], best dice[ET:0.7773, TC:0.8455, WT:0.8871]
epoch:65/200, loss:0.3606, best epoch:60, best loss:0.3597, dice[ET:0.7933, TC:0.8580, WT:0.8644], best dice[ET:0.7773, TC:0.8455, WT:0.8871]
epoch:66/200, loss:0.3611, best epoch:60, best loss:0.3597, dice[ET:0.7835, TC:0.8477, WT:0.8736], best dice[ET:0.7773, TC:0.8455, WT:0.8871]
epoch:67/200, loss:0.3599, best epoch:60, best loss:0.3597, dice[ET:0.7927, TC:0.8359, WT:0.8841], best dice[ET:0.7773, TC:0.8455, WT:0.8871]
epoch:68/200, loss:0.3597, best epoch:60, best loss:0.3597, dice[ET:0.7845, TC:0.8416, WT:0.8820], best dice[ET:0.7773, TC:0.8455, WT:0.8871]
epoch:69/200, loss:0.3599, best epoch:60, best loss:0.3597, dice[ET:0.7872, TC:0.8469, WT:0.8748], best dice[ET:0.7773, TC:0.8455, WT:0.8871]
epoch:70/200, loss:0.3595, best epoch:70, best loss:0.3595, dice[ET:0.7951, TC:0.8368, WT:0.8886], best dice[ET:0.7951, TC:0.8368, WT:0.8886]
epoch:71/200, loss:0.3600, best epoch:70, best loss:0.3595, dice[ET:0.7934, TC:0.8524, WT:0.8766], best dice[ET:0.7951, TC:0.8368, WT:0.8886]
epoch:72/200, loss:0.3592, best epoch:72, best loss:0.3592, dice[ET:0.7867, TC:0.8495, WT:0.8887], best dice[ET:0.7867, TC:0.8495, WT:0.8887]
epoch:73/200, loss:0.3600, best epoch:72, best loss:0.3592, dice[ET:0.7649, TC:0.8329, WT:0.8810], best dice[ET:0.7867, TC:0.8495, WT:0.8887]
epoch:74/200, loss:0.3597, best epoch:72, best loss:0.3592, dice[ET:0.8109, TC:0.8470, WT:0.8834], best dice[ET:0.7867, TC:0.8495, WT:0.8887]
epoch:75/200, loss:0.3591, best epoch:75, best loss:0.3591, dice[ET:0.8060, TC:0.8508, WT:0.8874], best dice[ET:0.8060, TC:0.8508, WT:0.8874]
epoch:76/200, loss:0.3599, best epoch:75, best loss:0.3591, dice[ET:0.7848, TC:0.8496, WT:0.8775], best dice[ET:0.8060, TC:0.8508, WT:0.8874]
epoch:77/200, loss:0.3597, best epoch:75, best loss:0.3591, dice[ET:0.7945, TC:0.8426, WT:0.8856], best dice[ET:0.8060, TC:0.8508, WT:0.8874]
epoch:78/200, loss:0.3595, best epoch:75, best loss:0.3591, dice[ET:0.7967, TC:0.8512, WT:0.8820], best dice[ET:0.8060, TC:0.8508, WT:0.8874]
epoch:79/200, loss:0.3595, best epoch:75, best loss:0.3591, dice[ET:0.7910, TC:0.8626, WT:0.8834], best dice[ET:0.8060, TC:0.8508, WT:0.8874]
epoch:80/200, loss:0.3601, best epoch:75, best loss:0.3591, dice[ET:0.7709, TC:0.8425, WT:0.8768], best dice[ET:0.8060, TC:0.8508, WT:0.8874]
epoch:81/200, loss:0.3602, best epoch:75, best loss:0.3591, dice[ET:0.7920, TC:0.8560, WT:0.8815], best dice[ET:0.8060, TC:0.8508, WT:0.8874]
epoch:82/200, loss:0.3595, best epoch:75, best loss:0.3591, dice[ET:0.7846, TC:0.8483, WT:0.8858], best dice[ET:0.8060, TC:0.8508, WT:0.8874]
epoch:83/200, loss:0.3597, best epoch:75, best loss:0.3591, dice[ET:0.8051, TC:0.8289, WT:0.8871], best dice[ET:0.8060, TC:0.8508, WT:0.8874]
epoch:84/200, loss:0.3600, best epoch:75, best loss:0.3591, dice[ET:0.7800, TC:0.8351, WT:0.8721], best dice[ET:0.8060, TC:0.8508, WT:0.8874]
epoch:85/200, loss:0.3597, best epoch:75, best loss:0.3591, dice[ET:0.7777, TC:0.8486, WT:0.8834], best dice[ET:0.8060, TC:0.8508, WT:0.8874]
epoch:86/200, loss:0.3602, best epoch:75, best loss:0.3591, dice[ET:0.7934, TC:0.8587, WT:0.8734], best dice[ET:0.8060, TC:0.8508, WT:0.8874]
epoch:87/200, loss:0.3593, best epoch:75, best loss:0.3591, dice[ET:0.7936, TC:0.8589, WT:0.8853], best dice[ET:0.8060, TC:0.8508, WT:0.8874]
epoch:88/200, loss:0.3595, best epoch:75, best loss:0.3591, dice[ET:0.7993, TC:0.8549, WT:0.8869], best dice[ET:0.8060, TC:0.8508, WT:0.8874]
epoch:89/200, loss:0.3601, best epoch:75, best loss:0.3591, dice[ET:0.7771, TC:0.8424, WT:0.8869], best dice[ET:0.8060, TC:0.8508, WT:0.8874]
epoch:90/200, loss:0.3593, best epoch:75, best loss:0.3591, dice[ET:0.7932, TC:0.8519, WT:0.8899], best dice[ET:0.8060, TC:0.8508, WT:0.8874]
epoch:91/200, loss:0.3596, best epoch:75, best loss:0.3591, dice[ET:0.8004, TC:0.8550, WT:0.8894], best dice[ET:0.8060, TC:0.8508, WT:0.8874]
epoch:92/200, loss:0.3595, best epoch:75, best loss:0.3591, dice[ET:0.7915, TC:0.8510, WT:0.8868], best dice[ET:0.8060, TC:0.8508, WT:0.8874]
epoch:93/200, loss:0.3599, best epoch:75, best loss:0.3591, dice[ET:0.7951, TC:0.8498, WT:0.8825], best dice[ET:0.8060, TC:0.8508, WT:0.8874]
epoch:94/200, loss:0.3593, best epoch:75, best loss:0.3591, dice[ET:0.8024, TC:0.8648, WT:0.8869], best dice[ET:0.8060, TC:0.8508, WT:0.8874]
epoch:95/200, loss:0.3599, best epoch:75, best loss:0.3591, dice[ET:0.7771, TC:0.8329, WT:0.8849], best dice[ET:0.8060, TC:0.8508, WT:0.8874]
epoch:96/200, loss:0.3593, best epoch:75, best loss:0.3591, dice[ET:0.7970, TC:0.8653, WT:0.8884], best dice[ET:0.8060, TC:0.8508, WT:0.8874]
epoch:97/200, loss:0.3605, best epoch:75, best loss:0.3591, dice[ET:0.7955, TC:0.8341, WT:0.8878], best dice[ET:0.8060, TC:0.8508, WT:0.8874]
epoch:98/200, loss:0.3604, best epoch:75, best loss:0.3591, dice[ET:0.7963, TC:0.8477, WT:0.8738], best dice[ET:0.8060, TC:0.8508, WT:0.8874]
epoch:99/200, loss:0.3594, best epoch:75, best loss:0.3591, dice[ET:0.8119, TC:0.8621, WT:0.8884], best dice[ET:0.8060, TC:0.8508, WT:0.8874]
epoch:100/200, loss:0.3595, best epoch:75, best loss:0.3591, dice[ET:0.7931, TC:0.8412, WT:0.8819], best dice[ET:0.8060, TC:0.8508, WT:0.8874]
epoch:101/200, loss:0.3592, best epoch:75, best loss:0.3591, dice[ET:0.7959, TC:0.8503, WT:0.8890], best dice[ET:0.8060, TC:0.8508, WT:0.8874]
epoch:102/200, loss:0.3604, best epoch:75, best loss:0.3591, dice[ET:0.7850, TC:0.8348, WT:0.8860], best dice[ET:0.8060, TC:0.8508, WT:0.8874]
epoch:103/200, loss:0.3590, best epoch:103, best loss:0.3590, dice[ET:0.8015, TC:0.8588, WT:0.8927], best dice[ET:0.8015, TC:0.8588, WT:0.8927]
epoch:104/200, loss:0.3593, best epoch:103, best loss:0.3590, dice[ET:0.7914, TC:0.8519, WT:0.8835], best dice[ET:0.8015, TC:0.8588, WT:0.8927]
epoch:105/200, loss:0.3592, best epoch:103, best loss:0.3590, dice[ET:0.8017, TC:0.8665, WT:0.8885], best dice[ET:0.8015, TC:0.8588, WT:0.8927]
epoch:106/200, loss:0.3590, best epoch:106, best loss:0.3590, dice[ET:0.8020, TC:0.8641, WT:0.8898], best dice[ET:0.8020, TC:0.8641, WT:0.8898]
epoch:107/200, loss:0.3598, best epoch:106, best loss:0.3590, dice[ET:0.8119, TC:0.8248, WT:0.8873], best dice[ET:0.8020, TC:0.8641, WT:0.8898]
epoch:108/200, loss:0.3590, best epoch:106, best loss:0.3590, dice[ET:0.7689, TC:0.8504, WT:0.8928], best dice[ET:0.8020, TC:0.8641, WT:0.8898]
epoch:109/200, loss:0.3594, best epoch:106, best loss:0.3590, dice[ET:0.7953, TC:0.8452, WT:0.8914], best dice[ET:0.8020, TC:0.8641, WT:0.8898]
epoch:110/200, loss:0.3591, best epoch:106, best loss:0.3590, dice[ET:0.7987, TC:0.8653, WT:0.8930], best dice[ET:0.8020, TC:0.8641, WT:0.8898]
epoch:111/200, loss:0.3600, best epoch:106, best loss:0.3590, dice[ET:0.7422, TC:0.8245, WT:0.8866], best dice[ET:0.8020, TC:0.8641, WT:0.8898]
epoch:112/200, loss:0.3588, best epoch:112, best loss:0.3588, dice[ET:0.7999, TC:0.8562, WT:0.8916], best dice[ET:0.7999, TC:0.8562, WT:0.8916]
epoch:113/200, loss:0.3592, best epoch:112, best loss:0.3588, dice[ET:0.8012, TC:0.8555, WT:0.8893], best dice[ET:0.7999, TC:0.8562, WT:0.8916]
epoch:114/200, loss:0.3592, best epoch:112, best loss:0.3588, dice[ET:0.8058, TC:0.8669, WT:0.8861], best dice[ET:0.7999, TC:0.8562, WT:0.8916]
epoch:115/200, loss:0.3591, best epoch:112, best loss:0.3588, dice[ET:0.7967, TC:0.8628, WT:0.8893], best dice[ET:0.7999, TC:0.8562, WT:0.8916]
epoch:116/200, loss:0.3594, best epoch:112, best loss:0.3588, dice[ET:0.8088, TC:0.8642, WT:0.8750], best dice[ET:0.7999, TC:0.8562, WT:0.8916]
epoch:117/200, loss:0.3619, best epoch:112, best loss:0.3588, dice[ET:0.7435, TC:0.8088, WT:0.8654], best dice[ET:0.7999, TC:0.8562, WT:0.8916]
epoch:118/200, loss:0.3592, best epoch:112, best loss:0.3588, dice[ET:0.7935, TC:0.8632, WT:0.8854], best dice[ET:0.7999, TC:0.8562, WT:0.8916]
epoch:119/200, loss:0.3593, best epoch:112, best loss:0.3588, dice[ET:0.8059, TC:0.8640, WT:0.8849], best dice[ET:0.7999, TC:0.8562, WT:0.8916]
epoch:120/200, loss:0.3588, best epoch:112, best loss:0.3588, dice[ET:0.7913, TC:0.8580, WT:0.8937], best dice[ET:0.7999, TC:0.8562, WT:0.8916]
epoch:121/200, loss:0.3588, best epoch:112, best loss:0.3588, dice[ET:0.7982, TC:0.8554, WT:0.8919], best dice[ET:0.7999, TC:0.8562, WT:0.8916]
epoch:122/200, loss:0.3590, best epoch:112, best loss:0.3588, dice[ET:0.7932, TC:0.8572, WT:0.8915], best dice[ET:0.7999, TC:0.8562, WT:0.8916]
epoch:123/200, loss:0.3594, best epoch:112, best loss:0.3588, dice[ET:0.7954, TC:0.8679, WT:0.8860], best dice[ET:0.7999, TC:0.8562, WT:0.8916]
epoch:124/200, loss:0.3590, best epoch:112, best loss:0.3588, dice[ET:0.8079, TC:0.8616, WT:0.8863], best dice[ET:0.7999, TC:0.8562, WT:0.8916]
epoch:125/200, loss:0.3587, best epoch:125, best loss:0.3587, dice[ET:0.8081, TC:0.8466, WT:0.8922], best dice[ET:0.8081, TC:0.8466, WT:0.8922]
epoch:126/200, loss:0.3586, best epoch:126, best loss:0.3586, dice[ET:0.8104, TC:0.8672, WT:0.8935], best dice[ET:0.8104, TC:0.8672, WT:0.8935]
epoch:127/200, loss:0.3586, best epoch:126, best loss:0.3586, dice[ET:0.8232, TC:0.8625, WT:0.8925], best dice[ET:0.8104, TC:0.8672, WT:0.8935]
epoch:128/200, loss:0.3594, best epoch:126, best loss:0.3586, dice[ET:0.8196, TC:0.8491, WT:0.8846], best dice[ET:0.8104, TC:0.8672, WT:0.8935]
epoch:129/200, loss:0.3593, best epoch:126, best loss:0.3586, dice[ET:0.7865, TC:0.8303, WT:0.8911], best dice[ET:0.8104, TC:0.8672, WT:0.8935]
epoch:130/200, loss:0.3588, best epoch:126, best loss:0.3586, dice[ET:0.8020, TC:0.8587, WT:0.8910], best dice[ET:0.8104, TC:0.8672, WT:0.8935]
epoch:131/200, loss:0.3588, best epoch:126, best loss:0.3586, dice[ET:0.8230, TC:0.8616, WT:0.8926], best dice[ET:0.8104, TC:0.8672, WT:0.8935]
epoch:132/200, loss:0.3587, best epoch:126, best loss:0.3586, dice[ET:0.8084, TC:0.8547, WT:0.8958], best dice[ET:0.8104, TC:0.8672, WT:0.8935]
epoch:133/200, loss:0.3594, best epoch:126, best loss:0.3586, dice[ET:0.8180, TC:0.8529, WT:0.8872], best dice[ET:0.8104, TC:0.8672, WT:0.8935]
epoch:134/200, loss:0.3588, best epoch:126, best loss:0.3586, dice[ET:0.8055, TC:0.8681, WT:0.8918], best dice[ET:0.8104, TC:0.8672, WT:0.8935]
epoch:135/200, loss:0.3588, best epoch:126, best loss:0.3586, dice[ET:0.8148, TC:0.8589, WT:0.8944], best dice[ET:0.8104, TC:0.8672, WT:0.8935]
epoch:136/200, loss:0.3586, best epoch:126, best loss:0.3586, dice[ET:0.8240, TC:0.8693, WT:0.8909], best dice[ET:0.8104, TC:0.8672, WT:0.8935]
epoch:137/200, loss:0.3588, best epoch:126, best loss:0.3586, dice[ET:0.8087, TC:0.8589, WT:0.8901], best dice[ET:0.8104, TC:0.8672, WT:0.8935]
epoch:138/200, loss:0.3589, best epoch:126, best loss:0.3586, dice[ET:0.8262, TC:0.8661, WT:0.8884], best dice[ET:0.8104, TC:0.8672, WT:0.8935]
epoch:139/200, loss:0.3588, best epoch:126, best loss:0.3586, dice[ET:0.8199, TC:0.8637, WT:0.8923], best dice[ET:0.8104, TC:0.8672, WT:0.8935]
epoch:140/200, loss:0.3584, best epoch:140, best loss:0.3584, dice[ET:0.8117, TC:0.8737, WT:0.8940], best dice[ET:0.8117, TC:0.8737, WT:0.8940]
epoch:141/200, loss:0.3590, best epoch:140, best loss:0.3584, dice[ET:0.8244, TC:0.8513, WT:0.8833], best dice[ET:0.8117, TC:0.8737, WT:0.8940]
epoch:142/200, loss:0.3584, best epoch:142, best loss:0.3584, dice[ET:0.8135, TC:0.8670, WT:0.8957], best dice[ET:0.8135, TC:0.8670, WT:0.8957]
epoch:143/200, loss:0.3589, best epoch:142, best loss:0.3584, dice[ET:0.8085, TC:0.8603, WT:0.8907], best dice[ET:0.8135, TC:0.8670, WT:0.8957]
epoch:144/200, loss:0.3586, best epoch:142, best loss:0.3584, dice[ET:0.8087, TC:0.8666, WT:0.8942], best dice[ET:0.8135, TC:0.8670, WT:0.8957]
epoch:145/200, loss:0.3590, best epoch:142, best loss:0.3584, dice[ET:0.7912, TC:0.8518, WT:0.8907], best dice[ET:0.8135, TC:0.8670, WT:0.8957]
epoch:146/200, loss:0.3589, best epoch:142, best loss:0.3584, dice[ET:0.8087, TC:0.8682, WT:0.8887], best dice[ET:0.8135, TC:0.8670, WT:0.8957]
epoch:147/200, loss:0.3587, best epoch:142, best loss:0.3584, dice[ET:0.8139, TC:0.8467, WT:0.8926], best dice[ET:0.8135, TC:0.8670, WT:0.8957]
epoch:148/200, loss:0.3596, best epoch:142, best loss:0.3584, dice[ET:0.7791, TC:0.8441, WT:0.8843], best dice[ET:0.8135, TC:0.8670, WT:0.8957]
epoch:149/200, loss:0.3586, best epoch:142, best loss:0.3584, dice[ET:0.8057, TC:0.8631, WT:0.8931], best dice[ET:0.8135, TC:0.8670, WT:0.8957]
epoch:150/200, loss:0.3590, best epoch:142, best loss:0.3584, dice[ET:0.7999, TC:0.8660, WT:0.8915], best dice[ET:0.8135, TC:0.8670, WT:0.8957]
epoch:151/200, loss:0.3589, best epoch:142, best loss:0.3584, dice[ET:0.8091, TC:0.8465, WT:0.8895], best dice[ET:0.8135, TC:0.8670, WT:0.8957]
epoch:152/200, loss:0.3584, best epoch:142, best loss:0.3584, dice[ET:0.8099, TC:0.8687, WT:0.8926], best dice[ET:0.8135, TC:0.8670, WT:0.8957]
epoch:153/200, loss:0.3585, best epoch:142, best loss:0.3584, dice[ET:0.8242, TC:0.8629, WT:0.8922], best dice[ET:0.8135, TC:0.8670, WT:0.8957]
epoch:154/200, loss:0.3583, best epoch:154, best loss:0.3583, dice[ET:0.7940, TC:0.8508, WT:0.8957], best dice[ET:0.7940, TC:0.8508, WT:0.8957]
epoch:155/200, loss:0.3587, best epoch:154, best loss:0.3583, dice[ET:0.8089, TC:0.8594, WT:0.8854], best dice[ET:0.7940, TC:0.8508, WT:0.8957]
epoch:156/200, loss:0.3585, best epoch:154, best loss:0.3583, dice[ET:0.8027, TC:0.8660, WT:0.8944], best dice[ET:0.7940, TC:0.8508, WT:0.8957]
epoch:157/200, loss:0.3594, best epoch:154, best loss:0.3583, dice[ET:0.8013, TC:0.8489, WT:0.8890], best dice[ET:0.7940, TC:0.8508, WT:0.8957]
epoch:158/200, loss:0.3603, best epoch:154, best loss:0.3583, dice[ET:0.8069, TC:0.8095, WT:0.8875], best dice[ET:0.7940, TC:0.8508, WT:0.8957]
epoch:159/200, loss:0.3591, best epoch:154, best loss:0.3583, dice[ET:0.8037, TC:0.8449, WT:0.8925], best dice[ET:0.7940, TC:0.8508, WT:0.8957]
epoch:160/200, loss:0.3583, best epoch:160, best loss:0.3583, dice[ET:0.8060, TC:0.8644, WT:0.8951], best dice[ET:0.8060, TC:0.8644, WT:0.8951]
epoch:161/200, loss:0.3583, best epoch:161, best loss:0.3583, dice[ET:0.8292, TC:0.8740, WT:0.8932], best dice[ET:0.8292, TC:0.8740, WT:0.8932]
epoch:162/200, loss:0.3593, best epoch:161, best loss:0.3583, dice[ET:0.8138, TC:0.8684, WT:0.8742], best dice[ET:0.8292, TC:0.8740, WT:0.8932]
epoch:163/200, loss:0.3587, best epoch:161, best loss:0.3583, dice[ET:0.8204, TC:0.8555, WT:0.8927], best dice[ET:0.8292, TC:0.8740, WT:0.8932]
epoch:164/200, loss:0.3589, best epoch:161, best loss:0.3583, dice[ET:0.8245, TC:0.8663, WT:0.8937], best dice[ET:0.8292, TC:0.8740, WT:0.8932]
epoch:165/200, loss:0.3585, best epoch:161, best loss:0.3583, dice[ET:0.8242, TC:0.8544, WT:0.8940], best dice[ET:0.8292, TC:0.8740, WT:0.8932]
epoch:166/200, loss:0.3584, best epoch:161, best loss:0.3583, dice[ET:0.8183, TC:0.8759, WT:0.8942], best dice[ET:0.8292, TC:0.8740, WT:0.8932]
epoch:167/200, loss:0.3587, best epoch:161, best loss:0.3583, dice[ET:0.8322, TC:0.8579, WT:0.8959], best dice[ET:0.8292, TC:0.8740, WT:0.8932]
epoch:168/200, loss:0.3588, best epoch:161, best loss:0.3583, dice[ET:0.8177, TC:0.8566, WT:0.8921], best dice[ET:0.8292, TC:0.8740, WT:0.8932]
epoch:169/200, loss:0.3594, best epoch:161, best loss:0.3583, dice[ET:0.8191, TC:0.8621, WT:0.8874], best dice[ET:0.8292, TC:0.8740, WT:0.8932]
epoch:170/200, loss:0.3586, best epoch:161, best loss:0.3583, dice[ET:0.8283, TC:0.8616, WT:0.8963], best dice[ET:0.8292, TC:0.8740, WT:0.8932]
epoch:171/200, loss:0.3592, best epoch:161, best loss:0.3583, dice[ET:0.8250, TC:0.8522, WT:0.8815], best dice[ET:0.8292, TC:0.8740, WT:0.8932]
epoch:172/200, loss:0.3586, best epoch:161, best loss:0.3583, dice[ET:0.8229, TC:0.8631, WT:0.8926], best dice[ET:0.8292, TC:0.8740, WT:0.8932]
epoch:173/200, loss:0.3595, best epoch:161, best loss:0.3583, dice[ET:0.8264, TC:0.8472, WT:0.8836], best dice[ET:0.8292, TC:0.8740, WT:0.8932]
epoch:174/200, loss:0.3588, best epoch:161, best loss:0.3583, dice[ET:0.7998, TC:0.8528, WT:0.8875], best dice[ET:0.8292, TC:0.8740, WT:0.8932]
epoch:175/200, loss:0.3586, best epoch:161, best loss:0.3583, dice[ET:0.8162, TC:0.8652, WT:0.8925], best dice[ET:0.8292, TC:0.8740, WT:0.8932]
epoch:176/200, loss:0.3589, best epoch:161, best loss:0.3583, dice[ET:0.8187, TC:0.8559, WT:0.8902], best dice[ET:0.8292, TC:0.8740, WT:0.8932]
epoch:177/200, loss:0.3589, best epoch:161, best loss:0.3583, dice[ET:0.8187, TC:0.8766, WT:0.8920], best dice[ET:0.8292, TC:0.8740, WT:0.8932]
epoch:178/200, loss:0.3588, best epoch:161, best loss:0.3583, dice[ET:0.8269, TC:0.8538, WT:0.8894], best dice[ET:0.8292, TC:0.8740, WT:0.8932]
epoch:179/200, loss:0.3584, best epoch:161, best loss:0.3583, dice[ET:0.8291, TC:0.8539, WT:0.8960], best dice[ET:0.8292, TC:0.8740, WT:0.8932]
epoch:180/200, loss:0.3593, best epoch:161, best loss:0.3583, dice[ET:0.8260, TC:0.8575, WT:0.8794], best dice[ET:0.8292, TC:0.8740, WT:0.8932]
epoch:181/200, loss:0.3590, best epoch:161, best loss:0.3583, dice[ET:0.8160, TC:0.8652, WT:0.8892], best dice[ET:0.8292, TC:0.8740, WT:0.8932]
epoch:182/200, loss:0.3588, best epoch:161, best loss:0.3583, dice[ET:0.8302, TC:0.8727, WT:0.8864], best dice[ET:0.8292, TC:0.8740, WT:0.8932]
epoch:183/200, loss:0.3587, best epoch:161, best loss:0.3583, dice[ET:0.8329, TC:0.8595, WT:0.8903], best dice[ET:0.8292, TC:0.8740, WT:0.8932]
epoch:184/200, loss:0.3590, best epoch:161, best loss:0.3583, dice[ET:0.8156, TC:0.8539, WT:0.8882], best dice[ET:0.8292, TC:0.8740, WT:0.8932]
epoch:185/200, loss:0.3586, best epoch:161, best loss:0.3583, dice[ET:0.8308, TC:0.8736, WT:0.8938], best dice[ET:0.8292, TC:0.8740, WT:0.8932]
epoch:186/200, loss:0.3586, best epoch:161, best loss:0.3583, dice[ET:0.8263, TC:0.8574, WT:0.8934], best dice[ET:0.8292, TC:0.8740, WT:0.8932]
epoch:187/200, loss:0.3584, best epoch:161, best loss:0.3583, dice[ET:0.8328, TC:0.8715, WT:0.8950], best dice[ET:0.8292, TC:0.8740, WT:0.8932]
epoch:188/200, loss:0.3588, best epoch:161, best loss:0.3583, dice[ET:0.8275, TC:0.8459, WT:0.8926], best dice[ET:0.8292, TC:0.8740, WT:0.8932]
epoch:189/200, loss:0.3585, best epoch:161, best loss:0.3583, dice[ET:0.8123, TC:0.8705, WT:0.8916], best dice[ET:0.8292, TC:0.8740, WT:0.8932]
epoch:190/200, loss:0.3591, best epoch:161, best loss:0.3583, dice[ET:0.7926, TC:0.8666, WT:0.8887], best dice[ET:0.8292, TC:0.8740, WT:0.8932]
epoch:191/200, loss:0.3588, best epoch:161, best loss:0.3583, dice[ET:0.8292, TC:0.8673, WT:0.8867], best dice[ET:0.8292, TC:0.8740, WT:0.8932]
epoch:192/200, loss:0.3586, best epoch:161, best loss:0.3583, dice[ET:0.8311, TC:0.8715, WT:0.8919], best dice[ET:0.8292, TC:0.8740, WT:0.8932]
epoch:193/200, loss:0.3583, best epoch:193, best loss:0.3583, dice[ET:0.8349, TC:0.8768, WT:0.8950], best dice[ET:0.8349, TC:0.8768, WT:0.8950]
epoch:194/200, loss:0.3588, best epoch:193, best loss:0.3583, dice[ET:0.8234, TC:0.8637, WT:0.8942], best dice[ET:0.8349, TC:0.8768, WT:0.8950]
epoch:195/200, loss:0.3596, best epoch:193, best loss:0.3583, dice[ET:0.8112, TC:0.8329, WT:0.8940], best dice[ET:0.8349, TC:0.8768, WT:0.8950]
epoch:196/200, loss:0.3590, best epoch:193, best loss:0.3583, dice[ET:0.8174, TC:0.8413, WT:0.8875], best dice[ET:0.8349, TC:0.8768, WT:0.8950]
epoch:197/200, loss:0.3588, best epoch:193, best loss:0.3583, dice[ET:0.8268, TC:0.8634, WT:0.8906], best dice[ET:0.8349, TC:0.8768, WT:0.8950]
epoch:198/200, loss:0.3584, best epoch:193, best loss:0.3583, dice[ET:0.8284, TC:0.8700, WT:0.8943], best dice[ET:0.8349, TC:0.8768, WT:0.8950]
epoch:199/200, loss:0.3587, best epoch:193, best loss:0.3583, dice[ET:0.8201, TC:0.8631, WT:0.8883], best dice[ET:0.8349, TC:0.8768, WT:0.8950]
