(base) s2018013343@5db24198c107:~/project/exp4_dl/SVLS$ CUDA_VISIBLE_DEVICES=2 python main.py --train_option SVLS_V2 --ckpt_dir ckpt_brats19_svls_v2_1111
train sample: 269 train minibatch: 135 valid sample: 66 valid minibatch: 33
train_option SVLS_V2
ckpt name: model_best_svls_v2.pth.tar
epoch:0/200, loss:0.6369, best epoch:0, best loss:0.6369, dice[ET:0.0161, TC:0.0009, WT:0.7158], best dice[ET:0.0161, TC:0.0009, WT:0.7158]
epoch:1/200, loss:0.4341, best epoch:1, best loss:0.4341, dice[ET:0.0275, TC:0.0122, WT:0.7764], best dice[ET:0.0275, TC:0.0122, WT:0.7764]
epoch:2/200, loss:0.3161, best epoch:2, best loss:0.3161, dice[ET:0.1863, TC:0.1626, WT:0.7683], best dice[ET:0.1863, TC:0.1626, WT:0.7683]
epoch:3/200, loss:0.2363, best epoch:3, best loss:0.2363, dice[ET:0.4810, TC:0.4794, WT:0.8036], best dice[ET:0.4810, TC:0.4794, WT:0.8036]
epoch:4/200, loss:0.1815, best epoch:4, best loss:0.1815, dice[ET:0.5887, TC:0.5885, WT:0.8387], best dice[ET:0.5887, TC:0.5885, WT:0.8387]
epoch:5/200, loss:0.1463, best epoch:5, best loss:0.1463, dice[ET:0.2467, TC:0.3568, WT:0.8353], best dice[ET:0.2467, TC:0.3568, WT:0.8353]
epoch:6/200, loss:0.1245, best epoch:6, best loss:0.1245, dice[ET:0.5808, TC:0.6003, WT:0.7981], best dice[ET:0.5808, TC:0.6003, WT:0.7981]
epoch:7/200, loss:0.0997, best epoch:7, best loss:0.0997, dice[ET:0.6477, TC:0.7110, WT:0.8467], best dice[ET:0.6477, TC:0.7110, WT:0.8467]
epoch:8/200, loss:0.0875, best epoch:8, best loss:0.0875, dice[ET:0.6372, TC:0.6797, WT:0.8421], best dice[ET:0.6372, TC:0.6797, WT:0.8421]
epoch:9/200, loss:0.0743, best epoch:9, best loss:0.0743, dice[ET:0.6695, TC:0.7189, WT:0.8428], best dice[ET:0.6695, TC:0.7189, WT:0.8428]
epoch:10/200, loss:0.0676, best epoch:10, best loss:0.0676, dice[ET:0.6768, TC:0.7215, WT:0.8230], best dice[ET:0.6768, TC:0.7215, WT:0.8230]
epoch:11/200, loss:0.0585, best epoch:11, best loss:0.0585, dice[ET:0.6986, TC:0.7468, WT:0.8625], best dice[ET:0.6986, TC:0.7468, WT:0.8625]
epoch:12/200, loss:0.0532, best epoch:12, best loss:0.0532, dice[ET:0.6849, TC:0.7194, WT:0.8510], best dice[ET:0.6849, TC:0.7194, WT:0.8510]
epoch:13/200, loss:0.0482, best epoch:13, best loss:0.0482, dice[ET:0.7150, TC:0.7673, WT:0.8575], best dice[ET:0.7150, TC:0.7673, WT:0.8575]
epoch:14/200, loss:0.0441, best epoch:14, best loss:0.0441, dice[ET:0.7195, TC:0.7601, WT:0.8729], best dice[ET:0.7195, TC:0.7601, WT:0.8729]
epoch:15/200, loss:0.0411, best epoch:15, best loss:0.0411, dice[ET:0.7258, TC:0.7588, WT:0.8696], best dice[ET:0.7258, TC:0.7588, WT:0.8696]
epoch:16/200, loss:0.0398, best epoch:16, best loss:0.0398, dice[ET:0.7051, TC:0.7544, WT:0.8646], best dice[ET:0.7051, TC:0.7544, WT:0.8646]
epoch:17/200, loss:0.0370, best epoch:17, best loss:0.0370, dice[ET:0.6361, TC:0.6935, WT:0.8739], best dice[ET:0.6361, TC:0.6935, WT:0.8739]
epoch:18/200, loss:0.0406, best epoch:17, best loss:0.0370, dice[ET:0.6932, TC:0.7330, WT:0.8256], best dice[ET:0.6361, TC:0.6935, WT:0.8739]
epoch:19/200, loss:0.0356, best epoch:19, best loss:0.0356, dice[ET:0.6591, TC:0.7306, WT:0.8082], best dice[ET:0.6591, TC:0.7306, WT:0.8082]
epoch:20/200, loss:0.0318, best epoch:20, best loss:0.0318, dice[ET:0.7206, TC:0.7577, WT:0.8497], best dice[ET:0.7206, TC:0.7577, WT:0.8497]
epoch:21/200, loss:0.0300, best epoch:21, best loss:0.0300, dice[ET:0.7083, TC:0.7575, WT:0.8761], best dice[ET:0.7083, TC:0.7575, WT:0.8761]
epoch:22/200, loss:0.0277, best epoch:22, best loss:0.0277, dice[ET:0.7253, TC:0.7922, WT:0.8791], best dice[ET:0.7253, TC:0.7922, WT:0.8791]
epoch:23/200, loss:0.0279, best epoch:22, best loss:0.0277, dice[ET:0.6998, TC:0.7452, WT:0.8568], best dice[ET:0.7253, TC:0.7922, WT:0.8791]
epoch:24/200, loss:0.0262, best epoch:24, best loss:0.0262, dice[ET:0.7370, TC:0.7914, WT:0.8785], best dice[ET:0.7370, TC:0.7914, WT:0.8785]
epoch:25/200, loss:0.0267, best epoch:24, best loss:0.0262, dice[ET:0.7365, TC:0.7772, WT:0.8724], best dice[ET:0.7370, TC:0.7914, WT:0.8785]
epoch:26/200, loss:0.0251, best epoch:26, best loss:0.0251, dice[ET:0.7481, TC:0.7838, WT:0.8680], best dice[ET:0.7481, TC:0.7838, WT:0.8680]
epoch:27/200, loss:0.0250, best epoch:27, best loss:0.0250, dice[ET:0.7436, TC:0.7874, WT:0.8681], best dice[ET:0.7436, TC:0.7874, WT:0.8681]
epoch:28/200, loss:0.0237, best epoch:28, best loss:0.0237, dice[ET:0.7525, TC:0.8135, WT:0.8797], best dice[ET:0.7525, TC:0.8135, WT:0.8797]
epoch:29/200, loss:0.0234, best epoch:29, best loss:0.0234, dice[ET:0.7653, TC:0.8170, WT:0.8745], best dice[ET:0.7653, TC:0.8170, WT:0.8745]
epoch:30/200, loss:0.0232, best epoch:30, best loss:0.0232, dice[ET:0.7343, TC:0.8029, WT:0.8818], best dice[ET:0.7343, TC:0.8029, WT:0.8818]
epoch:31/200, loss:0.0227, best epoch:31, best loss:0.0227, dice[ET:0.7708, TC:0.8127, WT:0.8716], best dice[ET:0.7708, TC:0.8127, WT:0.8716]
epoch:32/200, loss:0.0226, best epoch:32, best loss:0.0226, dice[ET:0.7155, TC:0.7786, WT:0.8774], best dice[ET:0.7155, TC:0.7786, WT:0.8774]
epoch:33/200, loss:0.0218, best epoch:33, best loss:0.0218, dice[ET:0.7225, TC:0.7881, WT:0.8822], best dice[ET:0.7225, TC:0.7881, WT:0.8822]
epoch:34/200, loss:0.0217, best epoch:34, best loss:0.0217, dice[ET:0.7384, TC:0.8075, WT:0.8708], best dice[ET:0.7384, TC:0.8075, WT:0.8708]
epoch:35/200, loss:0.0229, best epoch:34, best loss:0.0217, dice[ET:0.7352, TC:0.8048, WT:0.8476], best dice[ET:0.7384, TC:0.8075, WT:0.8708]
epoch:36/200, loss:0.0238, best epoch:34, best loss:0.0217, dice[ET:0.7431, TC:0.8054, WT:0.8460], best dice[ET:0.7384, TC:0.8075, WT:0.8708]
epoch:37/200, loss:0.0200, best epoch:37, best loss:0.0200, dice[ET:0.7628, TC:0.8002, WT:0.8840], best dice[ET:0.7628, TC:0.8002, WT:0.8840]
epoch:38/200, loss:0.0206, best epoch:37, best loss:0.0200, dice[ET:0.7596, TC:0.7959, WT:0.8833], best dice[ET:0.7628, TC:0.8002, WT:0.8840]
epoch:39/200, loss:0.0199, best epoch:39, best loss:0.0199, dice[ET:0.7431, TC:0.8184, WT:0.8843], best dice[ET:0.7431, TC:0.8184, WT:0.8843]
epoch:40/200, loss:0.0191, best epoch:40, best loss:0.0191, dice[ET:0.7502, TC:0.8079, WT:0.8840], best dice[ET:0.7502, TC:0.8079, WT:0.8840]
epoch:41/200, loss:0.0202, best epoch:40, best loss:0.0191, dice[ET:0.7166, TC:0.7693, WT:0.8842], best dice[ET:0.7502, TC:0.8079, WT:0.8840]
epoch:42/200, loss:0.0198, best epoch:40, best loss:0.0191, dice[ET:0.7504, TC:0.8242, WT:0.8791], best dice[ET:0.7502, TC:0.8079, WT:0.8840]
epoch:43/200, loss:0.0202, best epoch:40, best loss:0.0191, dice[ET:0.7259, TC:0.8017, WT:0.8792], best dice[ET:0.7502, TC:0.8079, WT:0.8840]
epoch:44/200, loss:0.0200, best epoch:40, best loss:0.0191, dice[ET:0.7646, TC:0.8240, WT:0.8786], best dice[ET:0.7502, TC:0.8079, WT:0.8840]
epoch:45/200, loss:0.0215, best epoch:40, best loss:0.0191, dice[ET:0.7406, TC:0.8066, WT:0.8694], best dice[ET:0.7502, TC:0.8079, WT:0.8840]
epoch:46/200, loss:0.0255, best epoch:40, best loss:0.0191, dice[ET:0.7431, TC:0.7455, WT:0.8255], best dice[ET:0.7502, TC:0.8079, WT:0.8840]
epoch:47/200, loss:0.0212, best epoch:40, best loss:0.0191, dice[ET:0.7434, TC:0.8008, WT:0.8596], best dice[ET:0.7502, TC:0.8079, WT:0.8840]
epoch:48/200, loss:0.0194, best epoch:40, best loss:0.0191, dice[ET:0.7559, TC:0.8178, WT:0.8801], best dice[ET:0.7502, TC:0.8079, WT:0.8840]
epoch:49/200, loss:0.0331, best epoch:40, best loss:0.0191, dice[ET:0.7509, TC:0.8054, WT:0.7241], best dice[ET:0.7502, TC:0.8079, WT:0.8840]
epoch:50/200, loss:0.0191, best epoch:50, best loss:0.0191, dice[ET:0.7492, TC:0.8135, WT:0.8774], best dice[ET:0.7492, TC:0.8135, WT:0.8774]
epoch:51/200, loss:0.0192, best epoch:50, best loss:0.0191, dice[ET:0.7679, TC:0.8139, WT:0.8780], best dice[ET:0.7492, TC:0.8135, WT:0.8774]
epoch:52/200, loss:0.0206, best epoch:50, best loss:0.0191, dice[ET:0.7406, TC:0.7825, WT:0.8728], best dice[ET:0.7492, TC:0.8135, WT:0.8774]
epoch:53/200, loss:0.0178, best epoch:53, best loss:0.0178, dice[ET:0.7788, TC:0.8166, WT:0.8891], best dice[ET:0.7788, TC:0.8166, WT:0.8891]
epoch:54/200, loss:0.0195, best epoch:53, best loss:0.0178, dice[ET:0.7591, TC:0.7885, WT:0.8749], best dice[ET:0.7788, TC:0.8166, WT:0.8891]
epoch:55/200, loss:0.0193, best epoch:53, best loss:0.0178, dice[ET:0.7502, TC:0.8174, WT:0.8839], best dice[ET:0.7788, TC:0.8166, WT:0.8891]
epoch:56/200, loss:0.0197, best epoch:53, best loss:0.0178, dice[ET:0.7782, TC:0.8205, WT:0.8706], best dice[ET:0.7788, TC:0.8166, WT:0.8891]
epoch:57/200, loss:0.0182, best epoch:53, best loss:0.0178, dice[ET:0.7623, TC:0.8251, WT:0.8862], best dice[ET:0.7788, TC:0.8166, WT:0.8891]
epoch:58/200, loss:0.0178, best epoch:58, best loss:0.0178, dice[ET:0.7760, TC:0.8215, WT:0.8845], best dice[ET:0.7760, TC:0.8215, WT:0.8845]
epoch:59/200, loss:0.0198, best epoch:58, best loss:0.0178, dice[ET:0.7625, TC:0.8129, WT:0.8707], best dice[ET:0.7760, TC:0.8215, WT:0.8845]
epoch:60/200, loss:0.0189, best epoch:58, best loss:0.0178, dice[ET:0.7530, TC:0.8104, WT:0.8849], best dice[ET:0.7760, TC:0.8215, WT:0.8845]
epoch:61/200, loss:0.0202, best epoch:58, best loss:0.0178, dice[ET:0.7393, TC:0.8151, WT:0.8513], best dice[ET:0.7760, TC:0.8215, WT:0.8845]
epoch:62/200, loss:0.0177, best epoch:62, best loss:0.0177, dice[ET:0.7778, TC:0.8150, WT:0.8890], best dice[ET:0.7778, TC:0.8150, WT:0.8890]
epoch:63/200, loss:0.0180, best epoch:62, best loss:0.0177, dice[ET:0.7792, TC:0.8239, WT:0.8807], best dice[ET:0.7778, TC:0.8150, WT:0.8890]
epoch:64/200, loss:0.0179, best epoch:62, best loss:0.0177, dice[ET:0.7744, TC:0.8279, WT:0.8850], best dice[ET:0.7778, TC:0.8150, WT:0.8890]
epoch:65/200, loss:0.0178, best epoch:62, best loss:0.0177, dice[ET:0.7622, TC:0.8119, WT:0.8873], best dice[ET:0.7778, TC:0.8150, WT:0.8890]
epoch:66/200, loss:0.0177, best epoch:66, best loss:0.0177, dice[ET:0.7600, TC:0.8109, WT:0.8921], best dice[ET:0.7600, TC:0.8109, WT:0.8921]
epoch:67/200, loss:0.0186, best epoch:66, best loss:0.0177, dice[ET:0.7636, TC:0.8284, WT:0.8799], best dice[ET:0.7600, TC:0.8109, WT:0.8921]
epoch:68/200, loss:0.0189, best epoch:66, best loss:0.0177, dice[ET:0.7798, TC:0.8251, WT:0.8621], best dice[ET:0.7600, TC:0.8109, WT:0.8921]
epoch:69/200, loss:0.0174, best epoch:69, best loss:0.0174, dice[ET:0.7808, TC:0.8413, WT:0.8865], best dice[ET:0.7808, TC:0.8413, WT:0.8865]
epoch:70/200, loss:0.0180, best epoch:69, best loss:0.0174, dice[ET:0.7817, TC:0.8239, WT:0.8819], best dice[ET:0.7808, TC:0.8413, WT:0.8865]
epoch:71/200, loss:0.0186, best epoch:69, best loss:0.0174, dice[ET:0.7776, TC:0.8280, WT:0.8837], best dice[ET:0.7808, TC:0.8413, WT:0.8865]
epoch:72/200, loss:0.0181, best epoch:69, best loss:0.0174, dice[ET:0.7865, TC:0.8382, WT:0.8898], best dice[ET:0.7808, TC:0.8413, WT:0.8865]
epoch:73/200, loss:0.0198, best epoch:69, best loss:0.0174, dice[ET:0.7849, TC:0.8201, WT:0.8741], best dice[ET:0.7808, TC:0.8413, WT:0.8865]
epoch:74/200, loss:0.0194, best epoch:69, best loss:0.0174, dice[ET:0.7686, TC:0.8076, WT:0.8815], best dice[ET:0.7808, TC:0.8413, WT:0.8865]
epoch:75/200, loss:0.0216, best epoch:69, best loss:0.0174, dice[ET:0.7460, TC:0.8094, WT:0.8436], best dice[ET:0.7808, TC:0.8413, WT:0.8865]
epoch:76/200, loss:0.0171, best epoch:76, best loss:0.0171, dice[ET:0.7758, TC:0.8282, WT:0.8873], best dice[ET:0.7758, TC:0.8282, WT:0.8873]
epoch:77/200, loss:0.0179, best epoch:76, best loss:0.0171, dice[ET:0.7556, TC:0.8245, WT:0.8869], best dice[ET:0.7758, TC:0.8282, WT:0.8873]
epoch:78/200, loss:0.0183, best epoch:76, best loss:0.0171, dice[ET:0.7705, TC:0.8329, WT:0.8819], best dice[ET:0.7758, TC:0.8282, WT:0.8873]
epoch:79/200, loss:0.0181, best epoch:76, best loss:0.0171, dice[ET:0.7350, TC:0.8003, WT:0.8809], best dice[ET:0.7758, TC:0.8282, WT:0.8873]
epoch:80/200, loss:0.0203, best epoch:76, best loss:0.0171, dice[ET:0.7225, TC:0.7723, WT:0.8707], best dice[ET:0.7758, TC:0.8282, WT:0.8873]
epoch:81/200, loss:0.0172, best epoch:76, best loss:0.0171, dice[ET:0.7835, TC:0.8335, WT:0.8872], best dice[ET:0.7758, TC:0.8282, WT:0.8873]
epoch:82/200, loss:0.0192, best epoch:76, best loss:0.0171, dice[ET:0.7449, TC:0.8000, WT:0.8662], best dice[ET:0.7758, TC:0.8282, WT:0.8873]
epoch:83/200, loss:0.0170, best epoch:83, best loss:0.0170, dice[ET:0.7877, TC:0.8279, WT:0.8872], best dice[ET:0.7877, TC:0.8279, WT:0.8872]
epoch:84/200, loss:0.0169, best epoch:84, best loss:0.0169, dice[ET:0.7863, TC:0.8207, WT:0.8947], best dice[ET:0.7863, TC:0.8207, WT:0.8947]
epoch:85/200, loss:0.0169, best epoch:85, best loss:0.0169, dice[ET:0.7834, TC:0.8185, WT:0.8904], best dice[ET:0.7834, TC:0.8185, WT:0.8904]
epoch:86/200, loss:0.0165, best epoch:86, best loss:0.0165, dice[ET:0.7936, TC:0.8383, WT:0.8938], best dice[ET:0.7936, TC:0.8383, WT:0.8938]
epoch:87/200, loss:0.0171, best epoch:86, best loss:0.0165, dice[ET:0.7798, TC:0.8260, WT:0.8933], best dice[ET:0.7936, TC:0.8383, WT:0.8938]
epoch:88/200, loss:0.0179, best epoch:86, best loss:0.0165, dice[ET:0.7780, TC:0.8033, WT:0.8815], best dice[ET:0.7936, TC:0.8383, WT:0.8938]
epoch:89/200, loss:0.0180, best epoch:86, best loss:0.0165, dice[ET:0.7645, TC:0.8289, WT:0.8753], best dice[ET:0.7936, TC:0.8383, WT:0.8938]
epoch:90/200, loss:0.0183, best epoch:86, best loss:0.0165, dice[ET:0.7818, TC:0.8200, WT:0.8767], best dice[ET:0.7936, TC:0.8383, WT:0.8938]
epoch:91/200, loss:0.0168, best epoch:86, best loss:0.0165, dice[ET:0.7988, TC:0.8391, WT:0.8874], best dice[ET:0.7936, TC:0.8383, WT:0.8938]
epoch:92/200, loss:0.0170, best epoch:86, best loss:0.0165, dice[ET:0.7767, TC:0.8256, WT:0.8753], best dice[ET:0.7936, TC:0.8383, WT:0.8938]
epoch:93/200, loss:0.0164, best epoch:93, best loss:0.0164, dice[ET:0.7757, TC:0.8306, WT:0.8866], best dice[ET:0.7757, TC:0.8306, WT:0.8866]
epoch:94/200, loss:0.0173, best epoch:93, best loss:0.0164, dice[ET:0.7594, TC:0.8303, WT:0.8897], best dice[ET:0.7757, TC:0.8306, WT:0.8866]
epoch:95/200, loss:0.0183, best epoch:93, best loss:0.0164, dice[ET:0.7657, TC:0.8190, WT:0.8754], best dice[ET:0.7757, TC:0.8306, WT:0.8866]
epoch:96/200, loss:0.0177, best epoch:93, best loss:0.0164, dice[ET:0.7717, TC:0.8403, WT:0.8860], best dice[ET:0.7757, TC:0.8306, WT:0.8866]
epoch:97/200, loss:0.0171, best epoch:93, best loss:0.0164, dice[ET:0.7998, TC:0.8504, WT:0.8896], best dice[ET:0.7757, TC:0.8306, WT:0.8866]
epoch:98/200, loss:0.0173, best epoch:93, best loss:0.0164, dice[ET:0.7716, TC:0.8310, WT:0.8893], best dice[ET:0.7757, TC:0.8306, WT:0.8866]
epoch:99/200, loss:0.0179, best epoch:93, best loss:0.0164, dice[ET:0.7990, TC:0.8375, WT:0.8815], best dice[ET:0.7757, TC:0.8306, WT:0.8866]
epoch:100/200, loss:0.0169, best epoch:93, best loss:0.0164, dice[ET:0.7986, TC:0.8410, WT:0.8874], best dice[ET:0.7757, TC:0.8306, WT:0.8866]
epoch:101/200, loss:0.0173, best epoch:93, best loss:0.0164, dice[ET:0.7753, TC:0.8134, WT:0.8885], best dice[ET:0.7757, TC:0.8306, WT:0.8866]
epoch:102/200, loss:0.0170, best epoch:93, best loss:0.0164, dice[ET:0.7992, TC:0.8374, WT:0.8850], best dice[ET:0.7757, TC:0.8306, WT:0.8866]
epoch:103/200, loss:0.0176, best epoch:93, best loss:0.0164, dice[ET:0.7836, TC:0.8272, WT:0.8851], best dice[ET:0.7757, TC:0.8306, WT:0.8866]
epoch:104/200, loss:0.0164, best epoch:104, best loss:0.0164, dice[ET:0.7830, TC:0.8543, WT:0.8919], best dice[ET:0.7830, TC:0.8543, WT:0.8919]
epoch:105/200, loss:0.0173, best epoch:104, best loss:0.0164, dice[ET:0.7918, TC:0.8525, WT:0.8873], best dice[ET:0.7830, TC:0.8543, WT:0.8919]
epoch:106/200, loss:0.0164, best epoch:104, best loss:0.0164, dice[ET:0.7986, TC:0.8497, WT:0.8882], best dice[ET:0.7830, TC:0.8543, WT:0.8919]
epoch:107/200, loss:0.0170, best epoch:104, best loss:0.0164, dice[ET:0.7883, TC:0.8277, WT:0.8919], best dice[ET:0.7830, TC:0.8543, WT:0.8919]
epoch:108/200, loss:0.0175, best epoch:104, best loss:0.0164, dice[ET:0.7846, TC:0.8170, WT:0.8842], best dice[ET:0.7830, TC:0.8543, WT:0.8919]
epoch:109/200, loss:0.0191, best epoch:104, best loss:0.0164, dice[ET:0.7902, TC:0.8356, WT:0.8602], best dice[ET:0.7830, TC:0.8543, WT:0.8919]
epoch:110/200, loss:0.0181, best epoch:104, best loss:0.0164, dice[ET:0.7830, TC:0.8141, WT:0.8791], best dice[ET:0.7830, TC:0.8543, WT:0.8919]
epoch:111/200, loss:0.0171, best epoch:104, best loss:0.0164, dice[ET:0.8035, TC:0.8372, WT:0.8866], best dice[ET:0.7830, TC:0.8543, WT:0.8919]
epoch:112/200, loss:0.0173, best epoch:104, best loss:0.0164, dice[ET:0.7879, TC:0.8159, WT:0.8850], best dice[ET:0.7830, TC:0.8543, WT:0.8919]
epoch:113/200, loss:0.0180, best epoch:104, best loss:0.0164, dice[ET:0.7866, TC:0.8150, WT:0.8842], best dice[ET:0.7830, TC:0.8543, WT:0.8919]
epoch:114/200, loss:0.0166, best epoch:104, best loss:0.0164, dice[ET:0.7874, TC:0.8297, WT:0.8923], best dice[ET:0.7830, TC:0.8543, WT:0.8919]
epoch:115/200, loss:0.0205, best epoch:104, best loss:0.0164, dice[ET:0.7764, TC:0.8166, WT:0.8682], best dice[ET:0.7830, TC:0.8543, WT:0.8919]
epoch:116/200, loss:0.0181, best epoch:104, best loss:0.0164, dice[ET:0.7766, TC:0.8167, WT:0.8843], best dice[ET:0.7830, TC:0.8543, WT:0.8919]
epoch:117/200, loss:0.0175, best epoch:104, best loss:0.0164, dice[ET:0.7949, TC:0.8356, WT:0.8867], best dice[ET:0.7830, TC:0.8543, WT:0.8919]
epoch:118/200, loss:0.0177, best epoch:104, best loss:0.0164, dice[ET:0.7851, TC:0.8444, WT:0.8818], best dice[ET:0.7830, TC:0.8543, WT:0.8919]
epoch:119/200, loss:0.0169, best epoch:104, best loss:0.0164, dice[ET:0.7599, TC:0.8290, WT:0.8883], best dice[ET:0.7830, TC:0.8543, WT:0.8919]
epoch:120/200, loss:0.0178, best epoch:104, best loss:0.0164, dice[ET:0.8008, TC:0.8356, WT:0.8864], best dice[ET:0.7830, TC:0.8543, WT:0.8919]
epoch:121/200, loss:0.0166, best epoch:104, best loss:0.0164, dice[ET:0.8060, TC:0.8449, WT:0.8867], best dice[ET:0.7830, TC:0.8543, WT:0.8919]
epoch:122/200, loss:0.0172, best epoch:104, best loss:0.0164, dice[ET:0.7612, TC:0.8318, WT:0.8834], best dice[ET:0.7830, TC:0.8543, WT:0.8919]
epoch:123/200, loss:0.0168, best epoch:104, best loss:0.0164, dice[ET:0.7963, TC:0.8581, WT:0.8909], best dice[ET:0.7830, TC:0.8543, WT:0.8919]
epoch:124/200, loss:0.0173, best epoch:104, best loss:0.0164, dice[ET:0.8062, TC:0.8373, WT:0.8891], best dice[ET:0.7830, TC:0.8543, WT:0.8919]
epoch:125/200, loss:0.0184, best epoch:104, best loss:0.0164, dice[ET:0.7840, TC:0.8427, WT:0.8752], best dice[ET:0.7830, TC:0.8543, WT:0.8919]
epoch:126/200, loss:0.0175, best epoch:104, best loss:0.0164, dice[ET:0.7926, TC:0.8446, WT:0.8896], best dice[ET:0.7830, TC:0.8543, WT:0.8919]
epoch:127/200, loss:0.0172, best epoch:104, best loss:0.0164, dice[ET:0.7923, TC:0.8336, WT:0.8861], best dice[ET:0.7830, TC:0.8543, WT:0.8919]
epoch:128/200, loss:0.0164, best epoch:128, best loss:0.0164, dice[ET:0.7897, TC:0.8415, WT:0.8909], best dice[ET:0.7897, TC:0.8415, WT:0.8909]
epoch:129/200, loss:0.0173, best epoch:128, best loss:0.0164, dice[ET:0.7863, TC:0.8317, WT:0.8914], best dice[ET:0.7897, TC:0.8415, WT:0.8909]
epoch:130/200, loss:0.0192, best epoch:128, best loss:0.0164, dice[ET:0.7686, TC:0.8104, WT:0.8650], best dice[ET:0.7897, TC:0.8415, WT:0.8909]
epoch:131/200, loss:0.0201, best epoch:128, best loss:0.0164, dice[ET:0.7769, TC:0.7968, WT:0.8771], best dice[ET:0.7897, TC:0.8415, WT:0.8909]
epoch:132/200, loss:0.0191, best epoch:128, best loss:0.0164, dice[ET:0.8048, TC:0.8452, WT:0.8793], best dice[ET:0.7897, TC:0.8415, WT:0.8909]
epoch:133/200, loss:0.0199, best epoch:128, best loss:0.0164, dice[ET:0.7843, TC:0.8489, WT:0.8770], best dice[ET:0.7897, TC:0.8415, WT:0.8909]
epoch:134/200, loss:0.0176, best epoch:128, best loss:0.0164, dice[ET:0.8006, TC:0.8456, WT:0.8809], best dice[ET:0.7897, TC:0.8415, WT:0.8909]
epoch:135/200, loss:0.0171, best epoch:128, best loss:0.0164, dice[ET:0.7907, TC:0.8518, WT:0.8861], best dice[ET:0.7897, TC:0.8415, WT:0.8909]
epoch:136/200, loss:0.0175, best epoch:128, best loss:0.0164, dice[ET:0.7929, TC:0.8327, WT:0.8867], best dice[ET:0.7897, TC:0.8415, WT:0.8909]
epoch:137/200, loss:0.0185, best epoch:128, best loss:0.0164, dice[ET:0.8095, TC:0.8527, WT:0.8676], best dice[ET:0.7897, TC:0.8415, WT:0.8909]
epoch:138/200, loss:0.0176, best epoch:128, best loss:0.0164, dice[ET:0.7885, TC:0.8367, WT:0.8886], best dice[ET:0.7897, TC:0.8415, WT:0.8909]
epoch:139/200, loss:0.0173, best epoch:128, best loss:0.0164, dice[ET:0.7958, TC:0.8478, WT:0.8901], best dice[ET:0.7897, TC:0.8415, WT:0.8909]
epoch:140/200, loss:0.0187, best epoch:128, best loss:0.0164, dice[ET:0.7974, TC:0.8071, WT:0.8879], best dice[ET:0.7897, TC:0.8415, WT:0.8909]
epoch:141/200, loss:0.0173, best epoch:128, best loss:0.0164, dice[ET:0.7988, TC:0.8336, WT:0.8863], best dice[ET:0.7897, TC:0.8415, WT:0.8909]
epoch:142/200, loss:0.0166, best epoch:128, best loss:0.0164, dice[ET:0.7920, TC:0.8463, WT:0.8902], best dice[ET:0.7897, TC:0.8415, WT:0.8909]
epoch:143/200, loss:0.0191, best epoch:128, best loss:0.0164, dice[ET:0.8026, TC:0.8307, WT:0.8835], best dice[ET:0.7897, TC:0.8415, WT:0.8909]
epoch:144/200, loss:0.0176, best epoch:128, best loss:0.0164, dice[ET:0.7885, TC:0.8384, WT:0.8881], best dice[ET:0.7897, TC:0.8415, WT:0.8909]
epoch:145/200, loss:0.0174, best epoch:128, best loss:0.0164, dice[ET:0.8010, TC:0.8374, WT:0.8857], best dice[ET:0.7897, TC:0.8415, WT:0.8909]
epoch:146/200, loss:0.0165, best epoch:128, best loss:0.0164, dice[ET:0.7919, TC:0.8404, WT:0.8906], best dice[ET:0.7897, TC:0.8415, WT:0.8909]
epoch:147/200, loss:0.0171, best epoch:128, best loss:0.0164, dice[ET:0.8006, TC:0.8304, WT:0.8867], best dice[ET:0.7897, TC:0.8415, WT:0.8909]
epoch:148/200, loss:0.0165, best epoch:128, best loss:0.0164, dice[ET:0.7932, TC:0.8416, WT:0.8946], best dice[ET:0.7897, TC:0.8415, WT:0.8909]
epoch:149/200, loss:0.0172, best epoch:128, best loss:0.0164, dice[ET:0.8006, TC:0.8322, WT:0.8891], best dice[ET:0.7897, TC:0.8415, WT:0.8909]
epoch:150/200, loss:0.0167, best epoch:128, best loss:0.0164, dice[ET:0.7892, TC:0.8316, WT:0.8933], best dice[ET:0.7897, TC:0.8415, WT:0.8909]
epoch:151/200, loss:0.0164, best epoch:128, best loss:0.0164, dice[ET:0.7938, TC:0.8442, WT:0.8936], best dice[ET:0.7897, TC:0.8415, WT:0.8909]
epoch:152/200, loss:0.0167, best epoch:128, best loss:0.0164, dice[ET:0.8124, TC:0.8556, WT:0.8896], best dice[ET:0.7897, TC:0.8415, WT:0.8909]
epoch:153/200, loss:0.0161, best epoch:153, best loss:0.0161, dice[ET:0.8151, TC:0.8550, WT:0.8934], best dice[ET:0.8151, TC:0.8550, WT:0.8934]
epoch:154/200, loss:0.0163, best epoch:153, best loss:0.0161, dice[ET:0.8041, TC:0.8305, WT:0.8975], best dice[ET:0.8151, TC:0.8550, WT:0.8934]
epoch:155/200, loss:0.0165, best epoch:153, best loss:0.0161, dice[ET:0.8078, TC:0.8415, WT:0.8921], best dice[ET:0.8151, TC:0.8550, WT:0.8934]
epoch:156/200, loss:0.0170, best epoch:153, best loss:0.0161, dice[ET:0.7971, TC:0.8466, WT:0.8895], best dice[ET:0.8151, TC:0.8550, WT:0.8934]
epoch:157/200, loss:0.0170, best epoch:153, best loss:0.0161, dice[ET:0.8138, TC:0.8524, WT:0.8911], best dice[ET:0.8151, TC:0.8550, WT:0.8934]
epoch:158/200, loss:0.0167, best epoch:153, best loss:0.0161, dice[ET:0.7879, TC:0.8509, WT:0.8879], best dice[ET:0.8151, TC:0.8550, WT:0.8934]
epoch:159/200, loss:0.0182, best epoch:153, best loss:0.0161, dice[ET:0.7912, TC:0.8294, WT:0.8887], best dice[ET:0.8151, TC:0.8550, WT:0.8934]
epoch:160/200, loss:0.0181, best epoch:153, best loss:0.0161, dice[ET:0.7755, TC:0.8329, WT:0.8803], best dice[ET:0.8151, TC:0.8550, WT:0.8934]
epoch:161/200, loss:0.0175, best epoch:153, best loss:0.0161, dice[ET:0.8046, TC:0.8439, WT:0.8798], best dice[ET:0.8151, TC:0.8550, WT:0.8934]
epoch:162/200, loss:0.0168, best epoch:153, best loss:0.0161, dice[ET:0.8155, TC:0.8552, WT:0.8899], best dice[ET:0.8151, TC:0.8550, WT:0.8934]
epoch:163/200, loss:0.0168, best epoch:153, best loss:0.0161, dice[ET:0.8102, TC:0.8524, WT:0.8913], best dice[ET:0.8151, TC:0.8550, WT:0.8934]
epoch:164/200, loss:0.0180, best epoch:153, best loss:0.0161, dice[ET:0.8164, TC:0.8586, WT:0.8881], best dice[ET:0.8151, TC:0.8550, WT:0.8934]
epoch:165/200, loss:0.0173, best epoch:153, best loss:0.0161, dice[ET:0.8137, TC:0.8478, WT:0.8892], best dice[ET:0.8151, TC:0.8550, WT:0.8934]
epoch:166/200, loss:0.0170, best epoch:153, best loss:0.0161, dice[ET:0.8002, TC:0.8485, WT:0.8938], best dice[ET:0.8151, TC:0.8550, WT:0.8934]
epoch:167/200, loss:0.0168, best epoch:153, best loss:0.0161, dice[ET:0.7938, TC:0.8411, WT:0.8913], best dice[ET:0.8151, TC:0.8550, WT:0.8934]
epoch:168/200, loss:0.0169, best epoch:153, best loss:0.0161, dice[ET:0.8156, TC:0.8519, WT:0.8901], best dice[ET:0.8151, TC:0.8550, WT:0.8934]
epoch:169/200, loss:0.0177, best epoch:153, best loss:0.0161, dice[ET:0.7907, TC:0.8384, WT:0.8891], best dice[ET:0.8151, TC:0.8550, WT:0.8934]
epoch:170/200, loss:0.0165, best epoch:153, best loss:0.0161, dice[ET:0.7983, TC:0.8558, WT:0.8952], best dice[ET:0.8151, TC:0.8550, WT:0.8934]
epoch:171/200, loss:0.0235, best epoch:153, best loss:0.0161, dice[ET:0.7646, TC:0.7988, WT:0.8169], best dice[ET:0.8151, TC:0.8550, WT:0.8934]
epoch:172/200, loss:0.0163, best epoch:153, best loss:0.0161, dice[ET:0.7992, TC:0.8579, WT:0.8843], best dice[ET:0.8151, TC:0.8550, WT:0.8934]
epoch:173/200, loss:0.0159, best epoch:173, best loss:0.0159, dice[ET:0.8199, TC:0.8537, WT:0.8948], best dice[ET:0.8199, TC:0.8537, WT:0.8948]
epoch:174/200, loss:0.0171, best epoch:173, best loss:0.0159, dice[ET:0.8050, TC:0.8605, WT:0.8883], best dice[ET:0.8199, TC:0.8537, WT:0.8948]
epoch:175/200, loss:0.0164, best epoch:173, best loss:0.0159, dice[ET:0.8178, TC:0.8575, WT:0.8948], best dice[ET:0.8199, TC:0.8537, WT:0.8948]
epoch:176/200, loss:0.0169, best epoch:173, best loss:0.0159, dice[ET:0.8208, TC:0.8615, WT:0.8882], best dice[ET:0.8199, TC:0.8537, WT:0.8948]
epoch:177/200, loss:0.0173, best epoch:173, best loss:0.0159, dice[ET:0.8167, TC:0.8527, WT:0.8853], best dice[ET:0.8199, TC:0.8537, WT:0.8948]
epoch:178/200, loss:0.0171, best epoch:173, best loss:0.0159, dice[ET:0.7961, TC:0.8410, WT:0.8950], best dice[ET:0.8199, TC:0.8537, WT:0.8948]
epoch:179/200, loss:0.0176, best epoch:173, best loss:0.0159, dice[ET:0.8172, TC:0.8589, WT:0.8910], best dice[ET:0.8199, TC:0.8537, WT:0.8948]
epoch:180/200, loss:0.0167, best epoch:173, best loss:0.0159, dice[ET:0.8006, TC:0.8618, WT:0.8905], best dice[ET:0.8199, TC:0.8537, WT:0.8948]
epoch:181/200, loss:0.0174, best epoch:173, best loss:0.0159, dice[ET:0.8002, TC:0.8488, WT:0.8862], best dice[ET:0.8199, TC:0.8537, WT:0.8948]
epoch:182/200, loss:0.0172, best epoch:173, best loss:0.0159, dice[ET:0.8069, TC:0.8348, WT:0.8955], best dice[ET:0.8199, TC:0.8537, WT:0.8948]
epoch:183/200, loss:0.0169, best epoch:173, best loss:0.0159, dice[ET:0.8000, TC:0.8546, WT:0.8920], best dice[ET:0.8199, TC:0.8537, WT:0.8948]
epoch:184/200, loss:0.0166, best epoch:173, best loss:0.0159, dice[ET:0.8178, TC:0.8592, WT:0.8905], best dice[ET:0.8199, TC:0.8537, WT:0.8948]
epoch:185/200, loss:0.0167, best epoch:173, best loss:0.0159, dice[ET:0.7981, TC:0.8503, WT:0.8925], best dice[ET:0.8199, TC:0.8537, WT:0.8948]
epoch:186/200, loss:0.0166, best epoch:173, best loss:0.0159, dice[ET:0.8147, TC:0.8603, WT:0.8939], best dice[ET:0.8199, TC:0.8537, WT:0.8948]
epoch:187/200, loss:0.0168, best epoch:173, best loss:0.0159, dice[ET:0.8123, TC:0.8407, WT:0.8907], best dice[ET:0.8199, TC:0.8537, WT:0.8948]
epoch:188/200, loss:0.0192, best epoch:173, best loss:0.0159, dice[ET:0.8020, TC:0.8635, WT:0.8619], best dice[ET:0.8199, TC:0.8537, WT:0.8948]
epoch:189/200, loss:0.0163, best epoch:173, best loss:0.0159, dice[ET:0.8171, TC:0.8412, WT:0.8931], best dice[ET:0.8199, TC:0.8537, WT:0.8948]
epoch:190/200, loss:0.0168, best epoch:173, best loss:0.0159, dice[ET:0.8153, TC:0.8559, WT:0.8887], best dice[ET:0.8199, TC:0.8537, WT:0.8948]
epoch:191/200, loss:0.0165, best epoch:173, best loss:0.0159, dice[ET:0.8222, TC:0.8586, WT:0.8926], best dice[ET:0.8199, TC:0.8537, WT:0.8948]
epoch:192/200, loss:0.0164, best epoch:173, best loss:0.0159, dice[ET:0.8212, TC:0.8537, WT:0.8933], best dice[ET:0.8199, TC:0.8537, WT:0.8948]
epoch:193/200, loss:0.0163, best epoch:173, best loss:0.0159, dice[ET:0.8037, TC:0.8649, WT:0.8945], best dice[ET:0.8199, TC:0.8537, WT:0.8948]
epoch:194/200, loss:0.0168, best epoch:173, best loss:0.0159, dice[ET:0.8081, TC:0.8657, WT:0.8922], best dice[ET:0.8199, TC:0.8537, WT:0.8948]
epoch:195/200, loss:0.0171, best epoch:173, best loss:0.0159, dice[ET:0.8061, TC:0.8580, WT:0.8908], best dice[ET:0.8199, TC:0.8537, WT:0.8948]
epoch:196/200, loss:0.0171, best epoch:173, best loss:0.0159, dice[ET:0.8181, TC:0.8583, WT:0.8914], best dice[ET:0.8199, TC:0.8537, WT:0.8948]
epoch:197/200, loss:0.0166, best epoch:173, best loss:0.0159, dice[ET:0.8207, TC:0.8601, WT:0.8913], best dice[ET:0.8199, TC:0.8537, WT:0.8948]
epoch:198/200, loss:0.0177, best epoch:173, best loss:0.0159, dice[ET:0.8007, TC:0.8363, WT:0.8869], best dice[ET:0.8199, TC:0.8537, WT:0.8948]
epoch:199/200, loss:0.0171, best epoch:173, best loss:0.0159, dice[ET:0.8163, TC:0.8506, WT:0.8870], best dice[ET:0.8199, TC:0.8537, WT:0.8948]