(base) s2018013343@5db24198c107:~/project/exp4_dl/SVLS$ CUDA_VISIBLE_DEVICES=1 python main.py --train_option SVLS_V2 --ckpt_dir ckpt_brats19_svls_v2_1234
train sample: 269 train minibatch: 135 valid sample: 66 valid minibatch: 33
train_option SVLS_V2
ckpt name: model_best_svls_v2.pth.tar
epoch:0/200, loss:0.3215, best epoch:0, best loss:0.3215, dice[ET:0.0340, TC:0.0295, WT:0.7206], best dice[ET:0.0340, TC:0.0295, WT:0.7206]
epoch:1/200, loss:0.2222, best epoch:1, best loss:0.2222, dice[ET:0.0330, TC:0.0275, WT:0.7723], best dice[ET:0.0330, TC:0.0275, WT:0.7723]
epoch:2/200, loss:0.1633, best epoch:2, best loss:0.1633, dice[ET:0.5555, TC:0.5442, WT:0.7484], best dice[ET:0.5555, TC:0.5442, WT:0.7484]
epoch:3/200, loss:0.1298, best epoch:3, best loss:0.1298, dice[ET:0.4736, TC:0.4954, WT:0.8046], best dice[ET:0.4736, TC:0.4954, WT:0.8046]
epoch:4/200, loss:0.1002, best epoch:4, best loss:0.1002, dice[ET:0.6391, TC:0.6635, WT:0.8125], best dice[ET:0.6391, TC:0.6635, WT:0.8125]
epoch:5/200, loss:0.0847, best epoch:5, best loss:0.0847, dice[ET:0.6364, TC:0.6387, WT:0.8258], best dice[ET:0.6364, TC:0.6387, WT:0.8258]
epoch:6/200, loss:0.0715, best epoch:6, best loss:0.0715, dice[ET:0.6802, TC:0.7241, WT:0.7851], best dice[ET:0.6802, TC:0.7241, WT:0.7851]
epoch:7/200, loss:0.0603, best epoch:7, best loss:0.0603, dice[ET:0.6594, TC:0.6547, WT:0.8333], best dice[ET:0.6594, TC:0.6547, WT:0.8333]
epoch:8/200, loss:0.0536, best epoch:8, best loss:0.0536, dice[ET:0.6868, TC:0.7321, WT:0.8215], best dice[ET:0.6868, TC:0.7321, WT:0.8215]
epoch:9/200, loss:0.0468, best epoch:9, best loss:0.0468, dice[ET:0.6999, TC:0.7664, WT:0.8541], best dice[ET:0.6999, TC:0.7664, WT:0.8541]
epoch:10/200, loss:0.0436, best epoch:10, best loss:0.0436, dice[ET:0.6692, TC:0.7087, WT:0.8657], best dice[ET:0.6692, TC:0.7087, WT:0.8657]
epoch:11/200, loss:0.0391, best epoch:11, best loss:0.0391, dice[ET:0.6863, TC:0.7746, WT:0.8537], best dice[ET:0.6863, TC:0.7746, WT:0.8537]
epoch:12/200, loss:0.0361, best epoch:12, best loss:0.0361, dice[ET:0.7204, TC:0.7520, WT:0.8590], best dice[ET:0.7204, TC:0.7520, WT:0.8590]
epoch:13/200, loss:0.0366, best epoch:12, best loss:0.0361, dice[ET:0.6862, TC:0.7024, WT:0.8560], best dice[ET:0.7204, TC:0.7520, WT:0.8590]
epoch:14/200, loss:0.0336, best epoch:14, best loss:0.0336, dice[ET:0.7126, TC:0.7779, WT:0.8405], best dice[ET:0.7126, TC:0.7779, WT:0.8405]
epoch:15/200, loss:0.0322, best epoch:15, best loss:0.0322, dice[ET:0.7298, TC:0.7644, WT:0.8566], best dice[ET:0.7298, TC:0.7644, WT:0.8566]
epoch:16/200, loss:0.0296, best epoch:16, best loss:0.0296, dice[ET:0.7421, TC:0.7973, WT:0.8585], best dice[ET:0.7421, TC:0.7973, WT:0.8585]
epoch:17/200, loss:0.0284, best epoch:17, best loss:0.0284, dice[ET:0.7415, TC:0.8039, WT:0.8654], best dice[ET:0.7415, TC:0.8039, WT:0.8654]
epoch:18/200, loss:0.0280, best epoch:18, best loss:0.0280, dice[ET:0.7225, TC:0.7841, WT:0.8561], best dice[ET:0.7225, TC:0.7841, WT:0.8561]
epoch:19/200, loss:0.0270, best epoch:19, best loss:0.0270, dice[ET:0.7336, TC:0.8068, WT:0.8615], best dice[ET:0.7336, TC:0.8068, WT:0.8615]
epoch:20/200, loss:0.0263, best epoch:20, best loss:0.0263, dice[ET:0.7193, TC:0.7696, WT:0.8745], best dice[ET:0.7193, TC:0.7696, WT:0.8745]
epoch:21/200, loss:0.0300, best epoch:20, best loss:0.0263, dice[ET:0.6821, TC:0.7735, WT:0.8252], best dice[ET:0.7193, TC:0.7696, WT:0.8745]
epoch:22/200, loss:0.0251, best epoch:22, best loss:0.0251, dice[ET:0.7133, TC:0.8038, WT:0.8627], best dice[ET:0.7133, TC:0.8038, WT:0.8627]
epoch:23/200, loss:0.0258, best epoch:22, best loss:0.0251, dice[ET:0.7641, TC:0.8180, WT:0.8403], best dice[ET:0.7133, TC:0.8038, WT:0.8627]
epoch:24/200, loss:0.0239, best epoch:24, best loss:0.0239, dice[ET:0.7666, TC:0.8170, WT:0.8720], best dice[ET:0.7666, TC:0.8170, WT:0.8720]
epoch:25/200, loss:0.0237, best epoch:25, best loss:0.0237, dice[ET:0.7574, TC:0.8264, WT:0.8660], best dice[ET:0.7574, TC:0.8264, WT:0.8660]
epoch:26/200, loss:0.0301, best epoch:25, best loss:0.0237, dice[ET:0.6074, TC:0.6641, WT:0.8115], best dice[ET:0.7574, TC:0.8264, WT:0.8660]
epoch:27/200, loss:0.0220, best epoch:27, best loss:0.0220, dice[ET:0.7563, TC:0.8062, WT:0.8636], best dice[ET:0.7563, TC:0.8062, WT:0.8636]
epoch:28/200, loss:0.0212, best epoch:28, best loss:0.0212, dice[ET:0.7462, TC:0.8101, WT:0.8679], best dice[ET:0.7462, TC:0.8101, WT:0.8679]
epoch:29/200, loss:0.0211, best epoch:29, best loss:0.0211, dice[ET:0.7656, TC:0.8106, WT:0.8715], best dice[ET:0.7656, TC:0.8106, WT:0.8715]
epoch:30/200, loss:0.0203, best epoch:30, best loss:0.0203, dice[ET:0.7673, TC:0.8176, WT:0.8760], best dice[ET:0.7673, TC:0.8176, WT:0.8760]
epoch:31/200, loss:0.0189, best epoch:31, best loss:0.0189, dice[ET:0.7692, TC:0.8324, WT:0.8810], best dice[ET:0.7692, TC:0.8324, WT:0.8810]
epoch:32/200, loss:0.0195, best epoch:31, best loss:0.0189, dice[ET:0.7788, TC:0.8408, WT:0.8805], best dice[ET:0.7692, TC:0.8324, WT:0.8810]
epoch:33/200, loss:0.0216, best epoch:31, best loss:0.0189, dice[ET:0.6702, TC:0.7927, WT:0.8690], best dice[ET:0.7692, TC:0.8324, WT:0.8810]
epoch:34/200, loss:0.0192, best epoch:31, best loss:0.0189, dice[ET:0.7627, TC:0.8361, WT:0.8841], best dice[ET:0.7692, TC:0.8324, WT:0.8810]
epoch:35/200, loss:0.0225, best epoch:31, best loss:0.0189, dice[ET:0.7192, TC:0.8055, WT:0.8543], best dice[ET:0.7692, TC:0.8324, WT:0.8810]
epoch:36/200, loss:0.0205, best epoch:31, best loss:0.0189, dice[ET:0.7624, TC:0.8348, WT:0.8692], best dice[ET:0.7692, TC:0.8324, WT:0.8810]
epoch:37/200, loss:0.0300, best epoch:31, best loss:0.0189, dice[ET:0.6701, TC:0.7203, WT:0.7815], best dice[ET:0.7692, TC:0.8324, WT:0.8810]
epoch:38/200, loss:0.0201, best epoch:31, best loss:0.0189, dice[ET:0.7684, TC:0.8363, WT:0.8636], best dice[ET:0.7692, TC:0.8324, WT:0.8810]
epoch:39/200, loss:0.0219, best epoch:31, best loss:0.0189, dice[ET:0.7657, TC:0.8362, WT:0.8533], best dice[ET:0.7692, TC:0.8324, WT:0.8810]
epoch:40/200, loss:0.0222, best epoch:31, best loss:0.0189, dice[ET:0.7304, TC:0.7928, WT:0.8606], best dice[ET:0.7692, TC:0.8324, WT:0.8810]
epoch:41/200, loss:0.0189, best epoch:41, best loss:0.0189, dice[ET:0.7744, TC:0.8158, WT:0.8741], best dice[ET:0.7744, TC:0.8158, WT:0.8741]
epoch:42/200, loss:0.0186, best epoch:42, best loss:0.0186, dice[ET:0.7840, TC:0.8457, WT:0.8790], best dice[ET:0.7840, TC:0.8457, WT:0.8790]
epoch:43/200, loss:0.0205, best epoch:42, best loss:0.0186, dice[ET:0.7716, TC:0.8238, WT:0.8735], best dice[ET:0.7840, TC:0.8457, WT:0.8790]
epoch:44/200, loss:0.0195, best epoch:42, best loss:0.0186, dice[ET:0.7724, TC:0.8338, WT:0.8763], best dice[ET:0.7840, TC:0.8457, WT:0.8790]
epoch:45/200, loss:0.0191, best epoch:42, best loss:0.0186, dice[ET:0.7782, TC:0.8247, WT:0.8818], best dice[ET:0.7840, TC:0.8457, WT:0.8790]
epoch:46/200, loss:0.0205, best epoch:42, best loss:0.0186, dice[ET:0.7781, TC:0.8303, WT:0.8689], best dice[ET:0.7840, TC:0.8457, WT:0.8790]
epoch:47/200, loss:0.0180, best epoch:47, best loss:0.0180, dice[ET:0.7891, TC:0.8519, WT:0.8724], best dice[ET:0.7891, TC:0.8519, WT:0.8724]
epoch:48/200, loss:0.0199, best epoch:47, best loss:0.0180, dice[ET:0.7723, TC:0.8384, WT:0.8762], best dice[ET:0.7891, TC:0.8519, WT:0.8724]
epoch:49/200, loss:0.0182, best epoch:47, best loss:0.0180, dice[ET:0.7717, TC:0.8443, WT:0.8801], best dice[ET:0.7891, TC:0.8519, WT:0.8724]
epoch:50/200, loss:0.0188, best epoch:47, best loss:0.0180, dice[ET:0.7797, TC:0.8089, WT:0.8799], best dice[ET:0.7891, TC:0.8519, WT:0.8724]
epoch:51/200, loss:0.0181, best epoch:47, best loss:0.0180, dice[ET:0.7827, TC:0.8317, WT:0.8695], best dice[ET:0.7891, TC:0.8519, WT:0.8724]
epoch:52/200, loss:0.0169, best epoch:52, best loss:0.0169, dice[ET:0.7784, TC:0.8503, WT:0.8893], best dice[ET:0.7784, TC:0.8503, WT:0.8893]
epoch:53/200, loss:0.0174, best epoch:52, best loss:0.0169, dice[ET:0.7864, TC:0.8542, WT:0.8835], best dice[ET:0.7784, TC:0.8503, WT:0.8893]
epoch:54/200, loss:0.0170, best epoch:52, best loss:0.0169, dice[ET:0.7672, TC:0.8363, WT:0.8889], best dice[ET:0.7784, TC:0.8503, WT:0.8893]
epoch:55/200, loss:0.0200, best epoch:52, best loss:0.0169, dice[ET:0.7710, TC:0.8017, WT:0.8678], best dice[ET:0.7784, TC:0.8503, WT:0.8893]
epoch:56/200, loss:0.0201, best epoch:52, best loss:0.0169, dice[ET:0.7780, TC:0.8101, WT:0.8606], best dice[ET:0.7784, TC:0.8503, WT:0.8893]
epoch:57/200, loss:0.0178, best epoch:52, best loss:0.0169, dice[ET:0.7858, TC:0.8513, WT:0.8876], best dice[ET:0.7784, TC:0.8503, WT:0.8893]
epoch:58/200, loss:0.0185, best epoch:52, best loss:0.0169, dice[ET:0.7912, TC:0.8462, WT:0.8773], best dice[ET:0.7784, TC:0.8503, WT:0.8893]
epoch:59/200, loss:0.0182, best epoch:52, best loss:0.0169, dice[ET:0.7860, TC:0.8283, WT:0.8817], best dice[ET:0.7784, TC:0.8503, WT:0.8893]
epoch:60/200, loss:0.0168, best epoch:60, best loss:0.0168, dice[ET:0.7948, TC:0.8494, WT:0.8882], best dice[ET:0.7948, TC:0.8494, WT:0.8882]
epoch:61/200, loss:0.0332, best epoch:60, best loss:0.0168, dice[ET:0.6910, TC:0.7341, WT:0.7587], best dice[ET:0.7948, TC:0.8494, WT:0.8882]
epoch:62/200, loss:0.0180, best epoch:60, best loss:0.0168, dice[ET:0.7729, TC:0.8370, WT:0.8756], best dice[ET:0.7948, TC:0.8494, WT:0.8882]
epoch:63/200, loss:0.0171, best epoch:60, best loss:0.0168, dice[ET:0.7858, TC:0.8507, WT:0.8836], best dice[ET:0.7948, TC:0.8494, WT:0.8882]
epoch:64/200, loss:0.0175, best epoch:60, best loss:0.0168, dice[ET:0.7856, TC:0.8303, WT:0.8811], best dice[ET:0.7948, TC:0.8494, WT:0.8882]
epoch:65/200, loss:0.0176, best epoch:60, best loss:0.0168, dice[ET:0.7800, TC:0.8261, WT:0.8811], best dice[ET:0.7948, TC:0.8494, WT:0.8882]
epoch:66/200, loss:0.0170, best epoch:60, best loss:0.0168, dice[ET:0.7775, TC:0.8393, WT:0.8753], best dice[ET:0.7948, TC:0.8494, WT:0.8882]
epoch:67/200, loss:0.0170, best epoch:60, best loss:0.0168, dice[ET:0.7885, TC:0.8512, WT:0.8851], best dice[ET:0.7948, TC:0.8494, WT:0.8882]
epoch:68/200, loss:0.0174, best epoch:60, best loss:0.0168, dice[ET:0.7851, TC:0.8361, WT:0.8864], best dice[ET:0.7948, TC:0.8494, WT:0.8882]
epoch:69/200, loss:0.0168, best epoch:60, best loss:0.0168, dice[ET:0.7775, TC:0.8330, WT:0.8862], best dice[ET:0.7948, TC:0.8494, WT:0.8882]
epoch:70/200, loss:0.0168, best epoch:70, best loss:0.0168, dice[ET:0.8016, TC:0.8498, WT:0.8864], best dice[ET:0.8016, TC:0.8498, WT:0.8864]
epoch:71/200, loss:0.0198, best epoch:70, best loss:0.0168, dice[ET:0.7043, TC:0.7762, WT:0.8594], best dice[ET:0.8016, TC:0.8498, WT:0.8864]
epoch:72/200, loss:0.0179, best epoch:70, best loss:0.0168, dice[ET:0.7984, TC:0.8499, WT:0.8677], best dice[ET:0.8016, TC:0.8498, WT:0.8864]
epoch:73/200, loss:0.0175, best epoch:70, best loss:0.0168, dice[ET:0.7960, TC:0.8402, WT:0.8875], best dice[ET:0.8016, TC:0.8498, WT:0.8864]
epoch:74/200, loss:0.0164, best epoch:74, best loss:0.0164, dice[ET:0.8008, TC:0.8505, WT:0.8866], best dice[ET:0.8008, TC:0.8505, WT:0.8866]
epoch:75/200, loss:0.0175, best epoch:74, best loss:0.0164, dice[ET:0.7994, TC:0.8477, WT:0.8825], best dice[ET:0.8008, TC:0.8505, WT:0.8866]
epoch:76/200, loss:0.0161, best epoch:76, best loss:0.0161, dice[ET:0.7956, TC:0.8551, WT:0.8910], best dice[ET:0.7956, TC:0.8551, WT:0.8910]
epoch:77/200, loss:0.0176, best epoch:76, best loss:0.0161, dice[ET:0.7542, TC:0.8374, WT:0.8801], best dice[ET:0.7956, TC:0.8551, WT:0.8910]
epoch:78/200, loss:0.0166, best epoch:76, best loss:0.0161, dice[ET:0.7921, TC:0.8434, WT:0.8933], best dice[ET:0.7956, TC:0.8551, WT:0.8910]
epoch:79/200, loss:0.0179, best epoch:76, best loss:0.0161, dice[ET:0.7907, TC:0.8350, WT:0.8892], best dice[ET:0.7956, TC:0.8551, WT:0.8910]
epoch:80/200, loss:0.0176, best epoch:76, best loss:0.0161, dice[ET:0.7858, TC:0.8448, WT:0.8790], best dice[ET:0.7956, TC:0.8551, WT:0.8910]
epoch:81/200, loss:0.0162, best epoch:76, best loss:0.0161, dice[ET:0.8034, TC:0.8533, WT:0.8924], best dice[ET:0.7956, TC:0.8551, WT:0.8910]
epoch:82/200, loss:0.0168, best epoch:76, best loss:0.0161, dice[ET:0.8141, TC:0.8588, WT:0.8814], best dice[ET:0.7956, TC:0.8551, WT:0.8910]
epoch:83/200, loss:0.0166, best epoch:76, best loss:0.0161, dice[ET:0.7977, TC:0.8443, WT:0.8896], best dice[ET:0.7956, TC:0.8551, WT:0.8910]
epoch:84/200, loss:0.0176, best epoch:76, best loss:0.0161, dice[ET:0.7937, TC:0.8484, WT:0.8896], best dice[ET:0.7956, TC:0.8551, WT:0.8910]
epoch:85/200, loss:0.0179, best epoch:76, best loss:0.0161, dice[ET:0.7953, TC:0.8445, WT:0.8749], best dice[ET:0.7956, TC:0.8551, WT:0.8910]
epoch:86/200, loss:0.0185, best epoch:76, best loss:0.0161, dice[ET:0.7953, TC:0.8360, WT:0.8712], best dice[ET:0.7956, TC:0.8551, WT:0.8910]
epoch:87/200, loss:0.0171, best epoch:76, best loss:0.0161, dice[ET:0.7843, TC:0.8371, WT:0.8916], best dice[ET:0.7956, TC:0.8551, WT:0.8910]
epoch:88/200, loss:0.0163, best epoch:76, best loss:0.0161, dice[ET:0.8115, TC:0.8573, WT:0.8910], best dice[ET:0.7956, TC:0.8551, WT:0.8910]
epoch:89/200, loss:0.0168, best epoch:76, best loss:0.0161, dice[ET:0.8050, TC:0.8339, WT:0.8897], best dice[ET:0.7956, TC:0.8551, WT:0.8910]
epoch:90/200, loss:0.0162, best epoch:76, best loss:0.0161, dice[ET:0.7747, TC:0.8513, WT:0.8912], best dice[ET:0.7956, TC:0.8551, WT:0.8910]
epoch:91/200, loss:0.0171, best epoch:76, best loss:0.0161, dice[ET:0.8006, TC:0.8364, WT:0.8923], best dice[ET:0.7956, TC:0.8551, WT:0.8910]
epoch:92/200, loss:0.0171, best epoch:76, best loss:0.0161, dice[ET:0.7981, TC:0.8480, WT:0.8878], best dice[ET:0.7956, TC:0.8551, WT:0.8910]
epoch:93/200, loss:0.0170, best epoch:76, best loss:0.0161, dice[ET:0.7449, TC:0.8320, WT:0.8942], best dice[ET:0.7956, TC:0.8551, WT:0.8910]
epoch:94/200, loss:0.0160, best epoch:94, best loss:0.0160, dice[ET:0.8088, TC:0.8641, WT:0.8922], best dice[ET:0.8088, TC:0.8641, WT:0.8922]
epoch:95/200, loss:0.0161, best epoch:94, best loss:0.0160, dice[ET:0.8051, TC:0.8619, WT:0.8936], best dice[ET:0.8088, TC:0.8641, WT:0.8922]
epoch:96/200, loss:0.0168, best epoch:94, best loss:0.0160, dice[ET:0.8161, TC:0.8682, WT:0.8812], best dice[ET:0.8088, TC:0.8641, WT:0.8922]
epoch:97/200, loss:0.0160, best epoch:97, best loss:0.0160, dice[ET:0.8141, TC:0.8644, WT:0.8924], best dice[ET:0.8141, TC:0.8644, WT:0.8924]
epoch:98/200, loss:0.0174, best epoch:97, best loss:0.0160, dice[ET:0.8141, TC:0.8595, WT:0.8664], best dice[ET:0.8141, TC:0.8644, WT:0.8924]
epoch:99/200, loss:0.0168, best epoch:97, best loss:0.0160, dice[ET:0.8017, TC:0.8569, WT:0.8907], best dice[ET:0.8141, TC:0.8644, WT:0.8924]
epoch:100/200, loss:0.0159, best epoch:100, best loss:0.0159, dice[ET:0.8100, TC:0.8661, WT:0.8962], best dice[ET:0.8100, TC:0.8661, WT:0.8962]
epoch:101/200, loss:0.0219, best epoch:100, best loss:0.0159, dice[ET:0.7345, TC:0.7936, WT:0.8361], best dice[ET:0.8100, TC:0.8661, WT:0.8962]
epoch:102/200, loss:0.0201, best epoch:100, best loss:0.0159, dice[ET:0.8033, TC:0.8514, WT:0.8725], best dice[ET:0.8100, TC:0.8661, WT:0.8962]
epoch:103/200, loss:0.0177, best epoch:100, best loss:0.0159, dice[ET:0.7776, TC:0.8252, WT:0.8793], best dice[ET:0.8100, TC:0.8661, WT:0.8962]
epoch:104/200, loss:0.0194, best epoch:100, best loss:0.0159, dice[ET:0.8033, TC:0.8505, WT:0.8765], best dice[ET:0.8100, TC:0.8661, WT:0.8962]
epoch:105/200, loss:0.0205, best epoch:100, best loss:0.0159, dice[ET:0.7938, TC:0.8449, WT:0.8767], best dice[ET:0.8100, TC:0.8661, WT:0.8962]
epoch:106/200, loss:0.0161, best epoch:100, best loss:0.0159, dice[ET:0.8106, TC:0.8590, WT:0.8925], best dice[ET:0.8100, TC:0.8661, WT:0.8962]
epoch:107/200, loss:0.0160, best epoch:100, best loss:0.0159, dice[ET:0.8069, TC:0.8516, WT:0.8924], best dice[ET:0.8100, TC:0.8661, WT:0.8962]
epoch:108/200, loss:0.0159, best epoch:108, best loss:0.0159, dice[ET:0.8157, TC:0.8637, WT:0.8910], best dice[ET:0.8157, TC:0.8637, WT:0.8910]
epoch:109/200, loss:0.0158, best epoch:109, best loss:0.0158, dice[ET:0.8169, TC:0.8618, WT:0.8934], best dice[ET:0.8169, TC:0.8618, WT:0.8934]
epoch:110/200, loss:0.0159, best epoch:109, best loss:0.0158, dice[ET:0.8200, TC:0.8684, WT:0.8873], best dice[ET:0.8169, TC:0.8618, WT:0.8934]
epoch:111/200, loss:0.0169, best epoch:109, best loss:0.0158, dice[ET:0.8077, TC:0.8444, WT:0.8923], best dice[ET:0.8169, TC:0.8618, WT:0.8934]
epoch:112/200, loss:0.0158, best epoch:112, best loss:0.0158, dice[ET:0.8094, TC:0.8687, WT:0.8950], best dice[ET:0.8094, TC:0.8687, WT:0.8950]
epoch:113/200, loss:0.0159, best epoch:112, best loss:0.0158, dice[ET:0.7996, TC:0.8426, WT:0.8930], best dice[ET:0.8094, TC:0.8687, WT:0.8950]
epoch:114/200, loss:0.0171, best epoch:112, best loss:0.0158, dice[ET:0.7876, TC:0.8471, WT:0.8880], best dice[ET:0.8094, TC:0.8687, WT:0.8950]
epoch:115/200, loss:0.0199, best epoch:112, best loss:0.0158, dice[ET:0.7894, TC:0.8312, WT:0.8740], best dice[ET:0.8094, TC:0.8687, WT:0.8950]
epoch:116/200, loss:0.0156, best epoch:116, best loss:0.0156, dice[ET:0.8179, TC:0.8637, WT:0.8919], best dice[ET:0.8179, TC:0.8637, WT:0.8919]
epoch:117/200, loss:0.0165, best epoch:116, best loss:0.0156, dice[ET:0.7942, TC:0.8516, WT:0.8890], best dice[ET:0.8179, TC:0.8637, WT:0.8919]
epoch:118/200, loss:0.0173, best epoch:116, best loss:0.0156, dice[ET:0.8104, TC:0.8461, WT:0.8849], best dice[ET:0.8179, TC:0.8637, WT:0.8919]
epoch:119/200, loss:0.0155, best epoch:119, best loss:0.0155, dice[ET:0.8163, TC:0.8587, WT:0.8959], best dice[ET:0.8163, TC:0.8587, WT:0.8959]
epoch:120/200, loss:0.0159, best epoch:119, best loss:0.0155, dice[ET:0.8186, TC:0.8588, WT:0.8946], best dice[ET:0.8163, TC:0.8587, WT:0.8959]
epoch:121/200, loss:0.0156, best epoch:119, best loss:0.0155, dice[ET:0.8162, TC:0.8654, WT:0.8925], best dice[ET:0.8163, TC:0.8587, WT:0.8959]
epoch:122/200, loss:0.0169, best epoch:119, best loss:0.0155, dice[ET:0.8151, TC:0.8622, WT:0.8851], best dice[ET:0.8163, TC:0.8587, WT:0.8959]
epoch:123/200, loss:0.0165, best epoch:119, best loss:0.0155, dice[ET:0.8177, TC:0.8656, WT:0.8806], best dice[ET:0.8163, TC:0.8587, WT:0.8959]
epoch:124/200, loss:0.0162, best epoch:119, best loss:0.0155, dice[ET:0.8178, TC:0.8582, WT:0.8901], best dice[ET:0.8163, TC:0.8587, WT:0.8959]
epoch:125/200, loss:0.0157, best epoch:119, best loss:0.0155, dice[ET:0.8157, TC:0.8739, WT:0.8961], best dice[ET:0.8163, TC:0.8587, WT:0.8959]
epoch:126/200, loss:0.0173, best epoch:119, best loss:0.0155, dice[ET:0.8151, TC:0.8497, WT:0.8840], best dice[ET:0.8163, TC:0.8587, WT:0.8959]
epoch:127/200, loss:0.0168, best epoch:119, best loss:0.0155, dice[ET:0.8079, TC:0.8576, WT:0.8873], best dice[ET:0.8163, TC:0.8587, WT:0.8959]
epoch:128/200, loss:0.0155, best epoch:119, best loss:0.0155, dice[ET:0.8215, TC:0.8708, WT:0.8918], best dice[ET:0.8163, TC:0.8587, WT:0.8959]
epoch:129/200, loss:0.0164, best epoch:119, best loss:0.0155, dice[ET:0.7926, TC:0.8427, WT:0.8891], best dice[ET:0.8163, TC:0.8587, WT:0.8959]
epoch:130/200, loss:0.0159, best epoch:119, best loss:0.0155, dice[ET:0.8142, TC:0.8454, WT:0.8955], best dice[ET:0.8163, TC:0.8587, WT:0.8959]
epoch:131/200, loss:0.0158, best epoch:119, best loss:0.0155, dice[ET:0.8231, TC:0.8633, WT:0.8911], best dice[ET:0.8163, TC:0.8587, WT:0.8959]
epoch:132/200, loss:0.0169, best epoch:119, best loss:0.0155, dice[ET:0.8158, TC:0.8605, WT:0.8932], best dice[ET:0.8163, TC:0.8587, WT:0.8959]
epoch:133/200, loss:0.0166, best epoch:119, best loss:0.0155, dice[ET:0.8066, TC:0.8563, WT:0.8935], best dice[ET:0.8163, TC:0.8587, WT:0.8959]
epoch:134/200, loss:0.0156, best epoch:119, best loss:0.0155, dice[ET:0.8035, TC:0.8551, WT:0.8957], best dice[ET:0.8163, TC:0.8587, WT:0.8959]
epoch:135/200, loss:0.0158, best epoch:119, best loss:0.0155, dice[ET:0.8024, TC:0.8665, WT:0.8892], best dice[ET:0.8163, TC:0.8587, WT:0.8959]
epoch:136/200, loss:0.0154, best epoch:136, best loss:0.0154, dice[ET:0.8018, TC:0.8583, WT:0.8890], best dice[ET:0.8018, TC:0.8583, WT:0.8890]
epoch:137/200, loss:0.0179, best epoch:136, best loss:0.0154, dice[ET:0.8117, TC:0.8549, WT:0.8845], best dice[ET:0.8018, TC:0.8583, WT:0.8890]
epoch:138/200, loss:0.0159, best epoch:136, best loss:0.0154, dice[ET:0.8023, TC:0.8626, WT:0.8957], best dice[ET:0.8018, TC:0.8583, WT:0.8890]
epoch:139/200, loss:0.0160, best epoch:136, best loss:0.0154, dice[ET:0.8039, TC:0.8550, WT:0.8935], best dice[ET:0.8018, TC:0.8583, WT:0.8890]
epoch:140/200, loss:0.0160, best epoch:136, best loss:0.0154, dice[ET:0.8188, TC:0.8661, WT:0.8900], best dice[ET:0.8018, TC:0.8583, WT:0.8890]
epoch:141/200, loss:0.0158, best epoch:136, best loss:0.0154, dice[ET:0.8142, TC:0.8520, WT:0.8939], best dice[ET:0.8018, TC:0.8583, WT:0.8890]
epoch:142/200, loss:0.0156, best epoch:136, best loss:0.0154, dice[ET:0.8206, TC:0.8605, WT:0.8949], best dice[ET:0.8018, TC:0.8583, WT:0.8890]
epoch:143/200, loss:0.0241, best epoch:136, best loss:0.0154, dice[ET:0.7464, TC:0.7421, WT:0.8564], best dice[ET:0.8018, TC:0.8583, WT:0.8890]
epoch:144/200, loss:0.0184, best epoch:136, best loss:0.0154, dice[ET:0.7985, TC:0.8557, WT:0.8319], best dice[ET:0.8018, TC:0.8583, WT:0.8890]
epoch:145/200, loss:0.0159, best epoch:136, best loss:0.0154, dice[ET:0.8131, TC:0.8631, WT:0.8898], best dice[ET:0.8018, TC:0.8583, WT:0.8890]
epoch:146/200, loss:0.0153, best epoch:146, best loss:0.0153, dice[ET:0.8123, TC:0.8747, WT:0.8945], best dice[ET:0.8123, TC:0.8747, WT:0.8945]
epoch:147/200, loss:0.0166, best epoch:146, best loss:0.0153, dice[ET:0.7957, TC:0.8152, WT:0.8891], best dice[ET:0.8123, TC:0.8747, WT:0.8945]
epoch:148/200, loss:0.0156, best epoch:146, best loss:0.0153, dice[ET:0.8199, TC:0.8721, WT:0.8928], best dice[ET:0.8123, TC:0.8747, WT:0.8945]
epoch:149/200, loss:0.0161, best epoch:146, best loss:0.0153, dice[ET:0.8177, TC:0.8443, WT:0.8927], best dice[ET:0.8123, TC:0.8747, WT:0.8945]
epoch:150/200, loss:0.0165, best epoch:146, best loss:0.0153, dice[ET:0.8135, TC:0.8393, WT:0.8904], best dice[ET:0.8123, TC:0.8747, WT:0.8945]
epoch:151/200, loss:0.0175, best epoch:146, best loss:0.0153, dice[ET:0.7889, TC:0.8381, WT:0.8933], best dice[ET:0.8123, TC:0.8747, WT:0.8945]
epoch:152/200, loss:0.0155, best epoch:146, best loss:0.0153, dice[ET:0.8181, TC:0.8664, WT:0.8965], best dice[ET:0.8123, TC:0.8747, WT:0.8945]
epoch:153/200, loss:0.0157, best epoch:146, best loss:0.0153, dice[ET:0.8207, TC:0.8722, WT:0.8943], best dice[ET:0.8123, TC:0.8747, WT:0.8945]
epoch:154/200, loss:0.0156, best epoch:146, best loss:0.0153, dice[ET:0.8249, TC:0.8667, WT:0.8917], best dice[ET:0.8123, TC:0.8747, WT:0.8945]
epoch:155/200, loss:0.0184, best epoch:146, best loss:0.0153, dice[ET:0.7749, TC:0.8053, WT:0.8880], best dice[ET:0.8123, TC:0.8747, WT:0.8945]
epoch:156/200, loss:0.0159, best epoch:146, best loss:0.0153, dice[ET:0.8105, TC:0.8600, WT:0.8840], best dice[ET:0.8123, TC:0.8747, WT:0.8945]
epoch:157/200, loss:0.0153, best epoch:157, best loss:0.0153, dice[ET:0.8246, TC:0.8714, WT:0.8972], best dice[ET:0.8246, TC:0.8714, WT:0.8972]
epoch:158/200, loss:0.0163, best epoch:157, best loss:0.0153, dice[ET:0.8220, TC:0.8570, WT:0.8925], best dice[ET:0.8246, TC:0.8714, WT:0.8972]
epoch:159/200, loss:0.0159, best epoch:157, best loss:0.0153, dice[ET:0.8200, TC:0.8829, WT:0.8912], best dice[ET:0.8246, TC:0.8714, WT:0.8972]
epoch:160/200, loss:0.0153, best epoch:157, best loss:0.0153, dice[ET:0.8230, TC:0.8736, WT:0.8910], best dice[ET:0.8246, TC:0.8714, WT:0.8972]
epoch:161/200, loss:0.0158, best epoch:157, best loss:0.0153, dice[ET:0.8212, TC:0.8515, WT:0.8960], best dice[ET:0.8246, TC:0.8714, WT:0.8972]
epoch:162/200, loss:0.0166, best epoch:157, best loss:0.0153, dice[ET:0.8208, TC:0.8600, WT:0.8783], best dice[ET:0.8246, TC:0.8714, WT:0.8972]
epoch:163/200, loss:0.0153, best epoch:157, best loss:0.0153, dice[ET:0.8241, TC:0.8649, WT:0.8970], best dice[ET:0.8246, TC:0.8714, WT:0.8972]
epoch:164/200, loss:0.0159, best epoch:157, best loss:0.0153, dice[ET:0.8266, TC:0.8761, WT:0.8836], best dice[ET:0.8246, TC:0.8714, WT:0.8972]
epoch:165/200, loss:0.0173, best epoch:157, best loss:0.0153, dice[ET:0.8103, TC:0.8750, WT:0.8606], best dice[ET:0.8246, TC:0.8714, WT:0.8972]
epoch:166/200, loss:0.0174, best epoch:157, best loss:0.0153, dice[ET:0.8157, TC:0.8553, WT:0.8836], best dice[ET:0.8246, TC:0.8714, WT:0.8972]
epoch:167/200, loss:0.0157, best epoch:157, best loss:0.0153, dice[ET:0.8212, TC:0.8698, WT:0.8915], best dice[ET:0.8246, TC:0.8714, WT:0.8972]
epoch:168/200, loss:0.0155, best epoch:157, best loss:0.0153, dice[ET:0.8220, TC:0.8594, WT:0.8949], best dice[ET:0.8246, TC:0.8714, WT:0.8972]
epoch:169/200, loss:0.0157, best epoch:157, best loss:0.0153, dice[ET:0.8086, TC:0.8434, WT:0.8912], best dice[ET:0.8246, TC:0.8714, WT:0.8972]
epoch:170/200, loss:0.0157, best epoch:157, best loss:0.0153, dice[ET:0.8258, TC:0.8682, WT:0.8935], best dice[ET:0.8246, TC:0.8714, WT:0.8972]
epoch:171/200, loss:0.0160, best epoch:157, best loss:0.0153, dice[ET:0.8176, TC:0.8572, WT:0.8930], best dice[ET:0.8246, TC:0.8714, WT:0.8972]
epoch:172/200, loss:0.0163, best epoch:157, best loss:0.0153, dice[ET:0.8159, TC:0.8688, WT:0.8885], best dice[ET:0.8246, TC:0.8714, WT:0.8972]
epoch:173/200, loss:0.0151, best epoch:173, best loss:0.0151, dice[ET:0.8280, TC:0.8646, WT:0.8979], best dice[ET:0.8280, TC:0.8646, WT:0.8979]
epoch:174/200, loss:0.0169, best epoch:173, best loss:0.0151, dice[ET:0.8035, TC:0.8212, WT:0.8834], best dice[ET:0.8280, TC:0.8646, WT:0.8979]
epoch:175/200, loss:0.0159, best epoch:173, best loss:0.0151, dice[ET:0.8220, TC:0.8669, WT:0.8934], best dice[ET:0.8280, TC:0.8646, WT:0.8979]
epoch:176/200, loss:0.0157, best epoch:173, best loss:0.0151, dice[ET:0.8207, TC:0.8569, WT:0.8972], best dice[ET:0.8280, TC:0.8646, WT:0.8979]
epoch:177/200, loss:0.0156, best epoch:173, best loss:0.0151, dice[ET:0.8281, TC:0.8651, WT:0.8966], best dice[ET:0.8280, TC:0.8646, WT:0.8979]
epoch:178/200, loss:0.0158, best epoch:173, best loss:0.0151, dice[ET:0.8252, TC:0.8547, WT:0.8948], best dice[ET:0.8280, TC:0.8646, WT:0.8979]
epoch:179/200, loss:0.0163, best epoch:173, best loss:0.0151, dice[ET:0.8194, TC:0.8490, WT:0.8916], best dice[ET:0.8280, TC:0.8646, WT:0.8979]
epoch:180/200, loss:0.0152, best epoch:173, best loss:0.0151, dice[ET:0.8310, TC:0.8636, WT:0.8975], best dice[ET:0.8280, TC:0.8646, WT:0.8979]
epoch:181/200, loss:0.0163, best epoch:173, best loss:0.0151, dice[ET:0.8208, TC:0.8453, WT:0.8943], best dice[ET:0.8280, TC:0.8646, WT:0.8979]
epoch:182/200, loss:0.0151, best epoch:173, best loss:0.0151, dice[ET:0.8296, TC:0.8744, WT:0.8988], best dice[ET:0.8280, TC:0.8646, WT:0.8979]
epoch:183/200, loss:0.0178, best epoch:173, best loss:0.0151, dice[ET:0.8132, TC:0.8615, WT:0.8706], best dice[ET:0.8280, TC:0.8646, WT:0.8979]
epoch:184/200, loss:0.0160, best epoch:173, best loss:0.0151, dice[ET:0.8249, TC:0.8750, WT:0.8919], best dice[ET:0.8280, TC:0.8646, WT:0.8979]
epoch:185/200, loss:0.0163, best epoch:173, best loss:0.0151, dice[ET:0.8212, TC:0.8546, WT:0.8898], best dice[ET:0.8280, TC:0.8646, WT:0.8979]
epoch:186/200, loss:0.0166, best epoch:173, best loss:0.0151, dice[ET:0.8288, TC:0.8684, WT:0.8906], best dice[ET:0.8280, TC:0.8646, WT:0.8979]
epoch:187/200, loss:0.0159, best epoch:173, best loss:0.0151, dice[ET:0.8209, TC:0.8573, WT:0.8908], best dice[ET:0.8280, TC:0.8646, WT:0.8979]
epoch:188/200, loss:0.0155, best epoch:173, best loss:0.0151, dice[ET:0.8290, TC:0.8686, WT:0.8939], best dice[ET:0.8280, TC:0.8646, WT:0.8979]
epoch:189/200, loss:0.0159, best epoch:173, best loss:0.0151, dice[ET:0.8254, TC:0.8633, WT:0.8934], best dice[ET:0.8280, TC:0.8646, WT:0.8979]
epoch:190/200, loss:0.0163, best epoch:173, best loss:0.0151, dice[ET:0.8290, TC:0.8587, WT:0.8939], best dice[ET:0.8280, TC:0.8646, WT:0.8979]
epoch:191/200, loss:0.0172, best epoch:173, best loss:0.0151, dice[ET:0.8165, TC:0.8561, WT:0.8780], best dice[ET:0.8280, TC:0.8646, WT:0.8979]
epoch:192/200, loss:0.0164, best epoch:173, best loss:0.0151, dice[ET:0.8235, TC:0.8524, WT:0.8875], best dice[ET:0.8280, TC:0.8646, WT:0.8979]
epoch:193/200, loss:0.0159, best epoch:173, best loss:0.0151, dice[ET:0.8250, TC:0.8690, WT:0.8908], best dice[ET:0.8280, TC:0.8646, WT:0.8979]
epoch:194/200, loss:0.0158, best epoch:173, best loss:0.0151, dice[ET:0.8171, TC:0.8531, WT:0.8971], best dice[ET:0.8280, TC:0.8646, WT:0.8979]
epoch:195/200, loss:0.0156, best epoch:173, best loss:0.0151, dice[ET:0.8172, TC:0.8569, WT:0.8981], best dice[ET:0.8280, TC:0.8646, WT:0.8979]
epoch:196/200, loss:0.0169, best epoch:173, best loss:0.0151, dice[ET:0.8259, TC:0.8541, WT:0.8939], best dice[ET:0.8280, TC:0.8646, WT:0.8979]
epoch:197/200, loss:0.0160, best epoch:173, best loss:0.0151, dice[ET:0.8264, TC:0.8617, WT:0.8994], best dice[ET:0.8280, TC:0.8646, WT:0.8979]
epoch:198/200, loss:0.0164, best epoch:173, best loss:0.0151, dice[ET:0.8229, TC:0.8720, WT:0.8942], best dice[ET:0.8280, TC:0.8646, WT:0.8979]
epoch:199/200, loss:0.0167, best epoch:173, best loss:0.0151, dice[ET:0.8202, TC:0.8493, WT:0.8953], best dice[ET:0.8280, TC:0.8646, WT:0.8979]